5.4868752864042385
0.41426745387132313
4.930640027478843
4.231842136832918
4.433189372765112
0.2560038740762234
3.9858441555624355
0.09045338590795504
3.5815165869343715
0.6587188362019493
3.2143708300628067
1.4197454858261365
7.7374936895166435
5.513242889908248
6.992798924561793
5.801075295549049
6.31488998682927
1.6039297979322726
5.695524389417583
3.040506633910653
5.127697442443442
3.155315861794781
4.605431357650967
3.4025658152954756
4.123603301344028
0.5527336627839363
3.6778048433999952
2.8536192413647767
3.2642267527467848
2.4365737194176305
7.8275225912316415
7.465932678489862
7.141100941168663
3.9644855912680743
6.4956777607368705
5.834099472800122
5.887866168637242
5.755910542175776
5.3146195759001245
0.7891933780375064
4.773193106476192
1.534304810855101
4.261109714606119
2.456271242942946
3.7761304056783236
3.0055835122717416
3.3162280431885107
0.6502620553172167
7.910601994834364
0.9428238707057464
7.282375368340453
2.792662636082013
6.673189033473419
0.7204925656234646
6.082241506862447
2.3179356757860874
5.508772254682387
4.397052083812372
4.9520593493893585
0.46391471540250917
4.411417268856043
2.5242921610034497
3.886194829042617
2.6654097004403003
3.3757732418911646
1.326029317942068
7.99079888595308
1.9738591183376233
7.422883930919255
0.46236952377512597
6.854968975885431
0.01285844626884769
6.287054020851606
1.22361679155278
5.719139065817785
2.4884023994055795
5.15122411078396
0.6032665237475308
4.583309155750135
0.9214120324392558
4.015394200716303
1.5601691873373884
3.447479245682488
0.1928963545897111
8.07020724284223
3.127920660043091
7.566105530983197
0.4085169703905178
7.045710446796207
4.348855867017993
6.5082860236883455
6.055145765998107
5.953056349564661
2.349932749761588
5.379203191902319
3.1674778263180166
4.785863477011539
3.80882472993431
4.172126614571477
0.44859648018801845
3.5370316579991794
0.06275866875636615
8.150133924491623
5.5784201332245225
7.714454122689352
4.735397270699914
7.2491382952611945
6.140053580948132
6.751365511891422
5.399831072846876
6.217995359677392
2.265936626513586
5.645528943772194
5.379975993918157
5.030065056145055
1.9283420082453797
4.3672509257474115
1.6657537791441928
3.652226894900761
3.1239782168075263
8.231513216058621
3.5339173278719405
7.869885920195884
6.193835841549378
7.468697711642157
5.866788895945067
7.021904824434538
1.7466784983301444
6.522382270939689
0.6526935461943348
5.963123903633019
5.023629781292039
5.366359076610142
3.1717039055866483
4.626548855374766
0.9061201608931464
3.8040920649024015
0.6278958037655782
8.315086369145668
2.355740538853294
8.034169004827364
6.785849831794348
7.707882748121072
4.1080790150788875
7.3261112178050505
1.9183831755715683
6.876167065541936
6.532290784995287
6.440262490616184
0.9292985449742015
5.900582631505469
5.429427555151512
5.120042503462068
0.6536269011481375
4.0112759347619775
2.1353723778393086
7.777076121808001
2.295463190214557
7.081665232443126
6.599854382770942
6.459551556676993
5.229277075953818
5.900142333451422
1.858890341330107
5.3947055017507335
3.8550126204348985
4.935998365763132
0.15906925340691647
4.517976866541865
0.4650063142906238
4.135566995113126
0.0032826539379327
3.784484249114377
1.4914802094172068
7.8548429275536344
2.5653522098939474
7.207358295292372
4.419036997573757
6.610089528361746
0.0735852740327192
6.057679522664635
0.9950272874958166
5.545464327679493
3.095974151294752
5.069371979223746
2.961351614724762
4.6258372132598
0.003295703115815396
4.211729466795073
3.8042572212780867
3.8242920025155143
0.9750680342422383
7.921892014724529
1.9771768499203284
7.319013553148885
1.6318559796669665
6.747597729907449
2.710550925301019
6.205381736004043
2.7983719203465793
5.6902993786172935
3.538559158409708
5.200461983059315
4.340690522806172
4.734141264845212
2.926150818031922
4.289753963473688
0.1506130631275766
3.8658480515875664
0.026338884597773227
7.985642841479429
6.136302308172373
7.428063514796653
0.10495534009777363
6.885399846340578
0.0033478919817355735
6.357101475367432
0.48610758189738434
5.842642435010585
2.1878957174918465
5.341519956973441
2.5557107974735707
4.853253337544164
3.6785597787452957
4.377382861755016
1.7167877987271873
3.913468782671382
1.4395523510052393
8.048951492183212
0.5473021914483462
7.53918914337952
3.9777887300036716
7.029426794575828
2.854724425299871
6.519664445772136
4.064859195479563
6.009902096968442
0.730228665194603
5.500139748164753
0.06978772573002323
4.99037739936106
3.658367186975579
4.480615050557371
1.8822941114695102
3.970852701753678
1.491399837430352
8.113404504671122
1.1780559878720858
7.655256142046691
4.547107380047569
7.183757174132218
5.268164073932599
6.6983719126325685
6.388346697921451
6.19853933798208
4.064387470407997
5.683671814587566
0.8545211465709066
5.153153740110667
0.42763343763368233
4.60634012547683
1.8082513387100816
4.042555102138069
0.026339852311426215
8.180104234204705
5.506270986652536
7.778504680721072
7.4136429746593056
7.35198412140018
4.347087756023701
6.898421792828307
1.3556999111260568
6.415487535734183
2.357185608640002
5.900620068411352
0.23277478785038963
5.3510030224873635
4.4858082399696535
4.763538519260209
2.4556818461594756
4.134818043999459
1.6894059255747642
8.249947126850644
6.121419485503133
7.910983673572114
0.36198648135073386
7.5377471741178645
6.82064692689204
7.125528951456663
1.1593441068091694
6.668886650017955
0.5204828345271277
6.161527104465485
4.982539026597474
5.596171044039678
1.6909470511014977
4.964396966442551
4.323101289023352
4.256461149133001
4.111021531165148
8.323748034602595
6.264937955982898
8.054757980392225
2.262151970710526
7.745020067504015
4.143204901066719
7.386328110645804
2.1942661189776183
6.9686658971762485
4.754603651664112
6.4798109133125745
2.6153738495441416
5.904855781933406
5.683170952772098
5.225631509155862
0.9030156559081717
4.4200137950679075
3.5881797225954095
7.90628019837923
6.995707755182719
7.314299504467501
5.566409508862283
6.775132586390059
6.16465662292992
6.2823044377067765
0.04848320481443236
5.8303045755066485
4.734530662343288
5.414424250048977
0.32543918600919364
5.030623403997406
0.44884432331968827
4.675421677261353
1.7973252828512183
4.345808875198964
3.0399719241465917
7.961298054556767
3.392901688651795
7.404603125035814
1.2032397597257758
6.884838682325942
0.8826467159330709
6.398637990080873
1.4286422576402722
5.943005166325613
4.292729762468131
5.515269388558613
1.759281477568356
5.11304513330236
0.2348282655875158
4.7341976299192705
2.990227692014088
4.376812820802287
3.200714395868421
8.010200307605313
0.003377029330474901
7.486849618692313
5.599672892870146
6.987084893251502
4.765274829364152
6.509447227175577
1.7127801725002683
6.052585959991929
3.822708461033291
5.615249782585791
1.897142007316144
5.19627861236381
2.8022672284445735
4.794596168683508
2.9699684710225505
4.409203187199335
1.9404866779374035
8.057999698696925
0.18238580084412992
7.569066286201273
6.959219481711233
7.091535150383552
5.957351188026968
6.62504224569299
0.3956974668359323
6.1692373369672815
0.16830448198751036
5.7237834277817985
3.4921654673397393
5.288356213238089
0.1280247307903064
4.862643556149938
0.9609049726206629
4.446344985628377
4.01400461223489
8.106759578599082
4.91244722608677
7.654805316211265
5.621117729121648
7.202851053823445
3.3302605684560147
6.7508967914356255
5.285892380346251
6.298942529047803
2.604432181376299
5.846988266659988
3.483002219791292
5.395034004272168
4.9742664868573385
4.943079741884346
1.4821816013522038
4.49112547949653
0.012563497948610891
8.15775496553298
6.069047943049032
7.746494926790844
5.409030026945974
7.324573884816471
5.7131639642758305
6.891617434848058
2.717990729719399
6.44723598645877
3.5742337312169896
5.991024116368545
2.4730131673045506
5.522559893836954
0.1280657298789969
5.0414041775176575
3.249098045967837
4.547099882611263
4.248755634523469
8.211994939681563
4.864349107309051
7.846266936473802
7.478940403113212
7.4601202362771994
6.064676277648884
7.052026238769135
4.997097821982095
6.620326987576458
6.2343715295732665
6.163223941422114
4.241750386772813
5.67876579657881
1.427055691654013
5.164835284651607
0.09599351367105324
4.619134864011943
3.191760175166217
8.270415063594156
0.013168392240700655
7.956280038858303
0.8585265218851044
7.6132102193291455
0.9623362825202411
7.23769449166874
0.028172912553128482
6.825754090284411
6.663111753509858
6.372880495742551
3.682878818346226
5.873965484530503
0.3177311709205828
5.323222405118379
4.766833152032864
4.714097654351894
4.341730389677137
8.33397109027375
5.982122997517784
8.078896352109528
0.36634753561177025
7.788140636492093
2.1864919430404024
7.455346931655573
0.25419181313121975
7.072966015922582
0.07244612090547697
6.632040945056061
0.13059714549944745
6.1219553280537635
2.397867497614832
5.530139806936496
0.04633230402624555
4.841730367485045
0.5489275426966955
8.025146132470478
6.266036700622484
7.532238020935603
2.4923411399519244
7.075752168516938
3.4779509331528837
6.651983818743542
3.296243256747496
6.257685640272667
1.0926840039997734
5.8900039413851815
5.434152645527652
5.546424468062078
2.261100540941435
5.224726283892197
2.888396805584111
4.9229424698907325
3.3752479174979158
8.062467980786511
3.978188951666117
7.594378883947878
0.028765636507084746
7.1522664464534165
5.609169845539514
6.73415252411996
4.0055195843129106
6.338240198790614
0.028208618738099656
5.962895289153736
1.492285244026929
5.606629858352386
0.04773032507120156
5.26808749783466
0.7626596923955031
4.946030191231391
4.623943301725569
8.096606208279148
6.691115677424321
7.652338876641575
1.4553022049022772
7.2249749480215755
6.730895150388591
6.813635839225244
0.10398790823602666
6.417497316755582
5.697339982272201
6.035785811160729
4.087373662764953
5.667774991148023
0.42440638149516974
5.312782579087239
5.02165453564756
4.970167390802603
0.16104254027931297
8.13087687953157
1.5933962572336466
7.711603295371152
2.6924428919038386
7.300660953279786
0.003364214553310374
6.897825090485015
6.1924160121800185
6.5028780650415285
0.2989690993518259
6.115609112948775
5.089080253376076
5.735814113713181
0.28648287957133434
5.363295364065605
0.9263759215242637
4.99786135955434
0.7368921033736753
8.166775115262519
0.003379424578820789
7.774836389538136
0.5407818378886524
7.3828976638137505
0.17763223137869888
6.990958938089367
1.8677510353731797
6.5990202123649855
0.9772307855882729
6.207081486640597
1.5118772352560015
5.815142760916215
3.67390610115403
5.423204035191827
2.9081937521216643
5.031265309467445
1.5252296139458017
8.205349665510074
1.2721291146383906
7.844081509647561
3.0611106049228076
7.474673399177336
4.371084804962374
7.096881373332652
5.1370788784925505
6.710453205968112
3.8757262470357627
6.315128117200327
2.3306544228945087
5.910636475213423
5.843959440856587
5.4966994879101065
5.128972387409366
5.073028884079563
2.9585041019320135
8.247545820479608
6.227314198562338
7.921329872191089
6.442324309278269
7.579107072247421
5.373295963268883
7.219850876138641
3.6338355237825244
6.842462324248094
4.47045628587165
6.445764921865129
5.109417350322185
6.028499172990382
1.269832494516332
5.589316746022489
1.4442491021633592
5.1267742481284975
2.1376982588795483
8.29434317308291
0.028952172525859243
8.008770256151701
0.028766828996176885
7.699801009563096
2.3778536125812577
7.36499815658968
1.969135853702814
7.00165492088383
1.8139775014987491
6.606766059868019
4.981354429394202
6.176995986649263
2.5094863622198984
5.708643710814783
1.9896924848845186
5.1976043055422885
0.0033185904177126524
8.346834811443902
8.052014990810074
8.10895342135229
4.860387078263894
7.841108994106585
2.47331779866695
7.538723559145859
1.1574124079400172
7.1965112234451105
0.7942366604550761
6.808375379971054
0.8279408545863118
6.367292272575495
3.6664509598144273
5.865179273186534
3.5446744458781585
5.292746047059677
0.3156078131691764
8.137613276828628
5.692920128465554
7.741969860146881
6.9425981828560595
7.36967388134937
5.859782090978256
7.018826416679731
5.908241590519021
6.6877157450957165
2.2036640178240665
6.374796582028717
0.5040515561805774
6.078671782282434
0.892417434238383
5.798076207710899
2.4778368015411103
5.5318624933138825
2.7432386992226205
8.161174987548337
5.236939571202692
7.781739325367947
2.984073888665261
7.419283153344661
6.065294560645479
7.072765887307504
1.39066786358596
6.74122328889458
5.830994752937691
6.423761271848063
3.768482795440904
6.119550235885715
2.9957616258640276
5.827819882568136
2.04035935571106
5.547854471484783
3.4178054430789273
8.18333228313866
5.4370803412707165
7.819706289230317
6.289948314616339
7.4673374842979925
0.6589031629369453
7.125752338171807
2.934291246565946
6.7945008255215225
5.874569365903005
6.47315516007206
6.4005974990225925
6.161308598913169
1.9936677899250599
5.858574313045519
3.3977951108635662
5.5645843205119725
0.01285708203006486
8.206170364888312
3.3842488973130767
7.859412189586317
2.3926004926209847
7.518311902892384
3.060926019466997
7.182745339999796
2.312101813375601
6.852591495713105
6.231829535003017
6.527732439062998
4.619690019235245
6.208053230243449
0.494784364485257
5.893441839809601
4.782898319798269
5.583789070076299
1.7263203630630735
8.2307413047541
0.9713408054242587
7.902768768521295
7.262873068383433
7.57479623228849
5.7453463055529
7.246823696055686
4.267281651787221
6.9188511598228795
0.6318213399035411
6.590878623590074
0.04878116250731024
6.262906087357271
2.6925865077403923
5.934933551124466
1.4195028016058004
5.6069610148916595
3.630168104794149
8.257887796220944
3.3948077080830723
7.951416474656409
1.0961726323685674
7.639161448569277
6.4028611855365165
7.3209805305266675
1.933590976085897
6.996727670166603
0.02844499412557
6.666252848247943
0.5611379312530609
6.329401967902518
0.39221854750434826
5.98601674301999
1.7395796380462096
5.635934583694284
3.891756671616835
8.288461970129216
7.708177754858053
8.007103681996785
1.894735396740133
7.714055463437001
7.175272152760165
7.408700870026301
0.2190080523976763
7.09038870013279
1.5788569367193366
6.758431073588883
1.7393208378277354
6.412101410359615
5.243062445941287
6.050632304386594
3.064089197886676
5.673213287573855
2.1624597383793662
8.323427761739596
0.14392478207647397
8.07188316117266
6.936557322375982
7.802690751321734
1.293182165352202
7.514338638564793
4.277156691579121
7.205182025629042
1.7304407853988941
6.8734321166560814
0.01298609611062762
6.517144169078127
5.537339618830164
6.134204632440129
3.42262386532831
5.722317310471852
2.917219222931279
8.363934279213794
6.695530865812586
8.148269643401976
5.274506521373469
7.909100003833698
4.377897245921774
7.643483034751227
4.933637582204036
7.34811756619014
0.013029093151995408
7.019303423193127
1.2567340504460156
6.652897212374591
5.24184742720625
6.24426368768653
5.226023442075206
5.78822229700409
0.16702202927203924
8.245953214030937
1.5308852399024113
7.9473043501344485
5.022323334173727
7.661892616118819
2.4431933207431324
7.3889086854512005
3.5300148874622934
7.127603094000726
0.14009867834957812
6.877281278178941
0.04932772462222079
6.63729905151858
5.595996146548519
6.407058479769034
4.763758800520709
6.186004118246325
4.332086692678365
8.259121190726992
1.2072303910231412
7.969826747859446
2.600722874157542
7.690348732341848
4.347032267765047
7.420232101816411
3.041035588256225
7.159046927989934
5.2118116125124025
6.906386875453264
3.7172061064945305
6.6618677764465986
3.6006767264322246
6.425126295481733
3.629982156727107
6.1958186781125715
4.063081679741423
8.271845851021714
0.10843662556049605
7.991830749632067
7.807314787609732
7.718448127732706
1.626872526832385
7.451485841033629
2.634243762774018
7.19073967811208
2.483227165149077
6.936013042030672
4.6652883681135835
6.687116644957664
5.259912142722827
6.443868215266567
0.6192375845406117
6.206092216612543
5.9302086329752175
8.285313536794735
0.830472243455386
8.015372251668417
2.2577267497341875
7.748831853607184
1.0883681679737867
7.485635326396073
0.07577810540799912
7.225726747199943
2.016019481829961
6.969051264604552
4.2112041986722515
6.7155550770960675
1.4148667315488916
6.465185411970539
2.783876745981248
6.217890504665068
1.8125657896747054
8.30020441473847
6.275733499552411
8.041694988490034
0.22629997895831533
7.783185562241599
4.294734317052717
7.524676135993163
3.9960202082021556
7.266166709744727
3.383376607096098
7.007657283496293
4.069154045793475
6.749147857247857
0.30598414991121703
6.490638430999422
0.07411361792219795
6.232129004750986
3.5275279682524534
8.317136691072433
0.02903968792454492
8.071983424085314
2.7024645053380527
7.823186531150548
0.3722742200653546
7.570677125798026
0.2677923942170841
7.314384916099244
3.5588793364954867
7.054238176268849
5.687423436177217
6.790163717721324
1.2095929118673472
6.522086859573147
2.1497187014519183
6.249931398580514
4.855418108361035
8.336798120653082
7.5592846737349175
8.107598666576287
0.552377184887614
7.870820311246408
2.1276458767264215
7.626155423629381
0.7913381546927125
7.373283403168083
3.5720236826496885
7.111870154699857
2.5921060402794014
6.841567543630369
0.10429945250520856
6.5620128306824395
5.301040326534675
6.272828085517203
5.500398991686447
8.360021794924075
2.3180822877386627
8.15022698007857
0.14329002940686308
7.9285984842066295
7.372389258126427
7.6943574564005175
4.393443627539362
7.446674180475385
7.359882052685484
7.184664985901202
2.756765563960892
6.907388988121224
3.209469100953628
6.613844649726692
6.085722680249427
6.302966153570916
6.090040375135876
8.38785325778683
2.4097114084891817
8.202020665940728
5.511814389054569
7.999778106757347
1.0909975097630913
7.7795573790500425
6.404179557744283
7.539649427195261
5.1540801661181455
7.278192958998548
0.411534753524053
6.993162243433291
2.911731840316208
6.682354035405684
3.631047507639929
6.343373571633894
4.478658127345138
8.3516226256936
0.22908754409269516
8.150747185236474
2.2904405368106255
7.955830798269033
0.6808359608174797
7.7666295032763095
7.232017151784071
7.58291139282953
6.196826812391113
7.404455949137293
4.961927415094222
7.2310534184215625
3.224330327639181
7.062504221794748
4.112520939253646
6.8986184004533495
0.0493955302269955
8.35746994721322
0.2290922358853993
8.160879233625828
5.520119852203123
7.968795553701965
2.427234094270113
7.781078179061045
2.132707707310474
7.597591581188739
0.2237739525642064
7.418205222229269
3.7094072223298262
7.2427933544701135
1.5668692782681926
7.071234828158528
0.8387868534118137
