6435222
0
567
25866920
0
1319
3022365
9
2580
5
564886631
8
1
0
0
26
1
12
129
7
1
50005069
1
1
2
0
1
4
0
3
6
1
7
2
0
149
0
0
1984
2072
4
2
1
3
2
4233620
1381372
2
2
486972
52
6
2
0
4
124703
26601
0
2
2
0
0
1
2
0
3170
114
3
0
1
0
0
0
2
72
4
79
3
12965
810
102
2
0
0
1039
5
0
902590769
0
0
2156916
0
40
530465045
0
930357891
1
1
79116767
39965
22
21
0
2
2
23
1
274
1
0
0
1109
1
0
1
0
36
4
47
1
6
1071285
3043071
2
19
34
13565745
728530751
6
2156704
29
376302
0
0
0
0
33
25
14
0
13567
0
269
1
20350758
2
0
14
719
4
1
1
1
1
1
1
15
5
412928
0
850
3
319374
0
6
0
16
0
1
2109734
422
4
517626477
0
277070874
1
1
29821930
5250626
12196
68155
0
97
22528270
2
1
7
5
0
56782
23682
0
0
39
41344
789600
478593655
5
1
40568174
119
0
4315
0
10706885
0
0
796
3
6
0
342
9
4
15233
0
0
13
461464
136940
2
3
6086
0
9
5
8
6
8
1
4559
1
1
0
7
1
3
22668
1
10
43038624
2
1
0
0
24
2618
0
24
2
398
0
770257265
2
0
3
0
1577381
1
2
3
3
0
29046175
5
79784
4
209
3
1
51744
87160342
2
10117
0
12
16
9
591
339487
2
1
5405663
0
45
1
5785
12
572969
11
96119
17261597
3
347
115403636
148872
39
0
1
7317102
0
78
1438786
0
194124
0
5
4718
61
3127792
79867192
0
23459
0
14
3
242983
7
7
1647
463
4
0
663461
0
3785669
5
0
0
4822
0
48
220
9
6
1
0
2
21
5
2
1
19392
7
1
102466066
5
20161
2
0
5267
0
12
2
1
1
0
3
0
385
91972641
0
1
8
509
2
1
3088643
0
119730
0
4
9165
1
1
1
969542531
20
0
1768
10
2561
25
3007698
0
15
4
0
46
5
542362711
2430
0
181659
19
21
1
0
1
3
1806415
612
3
0
1
976
9
0
133561
2541
2
19
0
149950
2
210204
126817918
4
0
425452601
0
5
265335983
242679977
0
32586947
0
11
0
1
3517293
0
15
11
0
19321
3
0
14310
13
6
1
8
6
917601588
114156897
57
2
2
0
1
2
16
1
0
30238123
3
0
0
11
0
2
61
508859959
0
9
0
5214749
0
2074
1
0
3
3715212
1
1
174
0
9102606
1
14094000
2
10
1
0
3
4
2928
3661104
1
482653
7
0
1
1
414
1
1016948
1
2
1
16496743
2649978
1978
395594
1
6
2907979
7
166401
4201
36751182
2457
1
1
0
116
0
16
1
1
17
16
1
1036585
12
2
5559
1
5
51
1
0
188517
93837349
3
244
2
18
2
1
6876
1
590714
2
0
17
29
5
0
3
0
351
1
285
318
0
42662
15268
1
14
5
0
197647
1
21
1
0
18
0
0
187
0
6
0
0
0
1
1
4
1
54823
5
0
326499
9
21469
5
1
0
1
39415427
2
656754966
1
746436
4
3
22453495
0
2869
102
298
9
8083
37592144
2
0
0
4
1
44795
8
113
1
46
257301
14
21209401
3
6
2
0
70
4
537
4757873
0
0
2
0
425438500
0
0
2
255
0
8
1
3
4
1
3
0
0
9
2
1
109872
4188637
1
0
6
4
1
86
5023528
3
18185660
1
6
9
3
0
2
0
2
0
63
2
2
6
1
23547284
5
0
3
1
3
2
179
318689807
13428
103680
3
0
3
988
2
3
3
10
2
1343
0
29
2
68
360002080
8
0
0
1
2514432
6
1428
136243158
24
70
2012393
78
1
47
0
1
1
25493865
6
9
0
0
5390667
8
2
5712
1
0
1
7
0
21692
3
1
11
1
5
4
762493
0
535
4
13262
0
2
0
1
603143166
0
1
11
1
5
1552
2
0
1
51056850
624
3
453
1
1
197
0
4
1
1
6
2
51
3
0
6130316
445234774
5
0
2
3
5
1
2
0
0
0
0
0
22613
1
2
12
16253
0
11
0
1037031
1
1
6449818
5
75
5
466990
3
4
18537376
0
907927
4
0
0
0
266
3
5
405630
15
0
0
0
1
0
0
0
3
559
240
18
208
1
2
4
264631
7
2320196
3
2
1
0
757560
1
3
1202750
1
0
4
4788
0
4
33
0
30304
51
0
1
0
2
0
0
2
0
0
0
870481
488792067
2
2
8
9
0
16
95107706
8
0
873372
2
658883
0
3
4616070
3
64592720
26
1
427100301
1941305
17766
8
5
9478
29
2
177704945
1
2
0
30
335325503
1
2370
4
17
1
1
1
0
0
0
0
2
106
2
3
3181
58
2
5149
3
550841778
2
13
2
2
1
868551975
2
0
0
2
2
2
0
2
5
35
527863
0
11
0
4
2
0
139
3568526
4
1
3
0
0
1
33290754
1
0
5
0
2
54824685
1
90
0
0
3
0
42604
290340
0
4
14
3925
25374
140624047
17128
0
1
2
7
0
0
0
4
4
0
3
1
0
0
1293826
2
7929
5
1
400548
4
0
1
1
1
1
61873
1
0
