5.515610141669857
4.917123838791797
4.841272610393765
1.071845784182518
4.1164520551291535
2.286070842806592
8.809297656742324
1.2750084178718377
8.416677974868396
6.016397202723423
7.987080210960548
1.069408898349685
7.515195453551529
3.6263720917348956
6.9947014941668195
0.14670413360682022
6.41802847152055
2.7450395130187495
5.776063450583163
4.24888647821212
5.057776995190866
1.6053818685725914
4.249749988798416
3.884320500566889
8.877476170227107
1.5462159124649797
8.550240922818103
3.94216798396144
8.181095707330272
4.652113459189427
7.761741669276442
0.5974896629603974
7.281679264462799
1.8184514198337731
6.727503357578282
0.22542004745149713
6.081947012112515
1.4649336776996305
5.32258011485143
4.190228324255461
4.420033724787429
2.7283285453818547
8.944465720921148
1.733788103453281
8.68489423523923
6.668742544641361
8.38229335374019
3.264146903415236
8.025453623762404
1.0208655008388519
7.599232716720491
3.1471191428930716
7.08290262742397
4.011006299622717
6.447828956229818
2.289128182509084
5.654717005028482
0.2438771535782962
4.643177067641484
3.2271650150018205
9.01087850118465
1.9255735933284739
8.821826211839541
4.907566067266512
8.592791141546673
1.6719887956270374
8.310240516677936
0.7368476947872307
7.954472526138535
1.8764126708098547
7.504842697081054
6.260383747792174
7.015260908141741
3.729416016755327
6.252246504920522
1.4668366039330079
4.951058764813928
4.768308270829051
8.520517580466391
6.487386845716968
7.91158208264324
2.707759016970221
7.339091920040144
2.065440144618041
6.79991829815058
5.7830092761725425
6.291274259301284
4.819989248834767
5.810670244836477
2.184264605441223
5.355876232026619
0.6878217097784034
4.924889374022307
0.22182308893080693
4.5159062587937076
3.1038069969083844
8.599630103429302
4.023051964009896
8.046038811006802
3.9546154354955867
7.507980190357896
1.3053432153085747
6.984822155289439
1.5259577555280672
6.475965610874196
0.15266911246651027
5.980842397114882
2.5481515226411973
5.498913378300129
0.2300646724575044
5.029666666752583
3.1261051007199727
4.572615970600394
4.190521539139947
8.665209129092673
8.382372829949949
8.160996898755107
1.8935619743912029
7.656784668417543
7.408271503683314
7.152572438079977
0.07690416604770722
6.648360207742412
1.0413354496752425
6.1441479774048515
4.961987249277015
5.639935747067287
0.14476774501817613
5.1357235167297155
3.5087013114550505
4.631511286392152
1.769743754672283
8.725458726854187
0.08114396612365349
8.269508780891677
0.4578812672659478
7.801092839839955
0.31918103206596493
7.319707397671108
5.336271249225205
6.824822583003879
0.980616056477885
6.315880510339002
3.529711975063136
5.792293515473765
0.42715950489834154
5.253442266383891
2.2969313640184748
4.698673740184812
1.9325706716733317
8.783392139036001
7.249791976484533
8.376541117832463
7.4621274937818765
7.947190015424462
3.2687929980833914
7.493483780284935
6.430997244037789
7.0133683095599295
0.9179832717946514
6.504565029463478
0.2879213227243391
5.96454186734049
5.513454757684798
5.39048007508507
0.04298650353114897
4.779236281427226
0.17459547902739314
8.840553763482195
4.301133825315813
8.484800685757392
3.8424359410076185
8.09884057299598
1.3367413859927373
7.678812407307513
0.07693167436916615
7.220211112038301
2.0969918758672543
6.717760521824083
0.4488891446817953
6.1652588910774355
4.479699070857011
5.555390785564723
0.8236418601506397
4.879497823793158
3.2119322063664137
8.897901528047353
2.489027859278596
8.596121463689919
5.195236503981324
8.258919018024882
3.5291233244237694
7.879967950728058
6.220686645901482
7.451466286666694
4.637849049809487
6.963733691184099
6.342617058198598
6.404690612094681
4.4819802847244645
5.759183882643425
1.277740249725293
5.008113129097362
3.975281137414889
8.956115332139314
4.04861588120857
8.711954328391869
5.347442286256356
8.430002206282767
0.20990832138211202
8.101253623861815
5.381848318576615
7.713909224885362
2.8898480621153686
7.2523794004561655
5.851574672908759
6.695914490367922
0.23104218083391004
6.016722024553613
2.784437508994027
5.177381405012234
4.197965886367543
9.015730668567247
6.439634049887427
8.83358401415452
3.946565910416284
8.614648803280875
0.5782216265827802
8.347360844939834
0.4905961366917879
8.015483780114748
1.2261200845640732
7.59600073918757
2.5160314494139118
7.056034652798074
5.149453534700225
6.348362276624416
0.8331811272895098
5.4049022430449565
4.036222263958647
8.626830537623162
7.409611939207937
8.112293038320662
1.3112513541887743
7.6237271443814345
5.655910015710808
7.159247556407468
6.239339847618327
6.717143400583473
5.571318353996428
6.295859026018035
0.1537531017578836
5.8939772043299055
3.5265071913527826
5.510204401497162
1.2205758056203289
5.1433578404301485
3.0951494766765686
8.683221310268635
2.9332407769342317
8.208821895629894
4.565140349865938
7.745808361245221
5.072307435781058
7.293784589828055
6.118317058932764
6.852372106299569
1.5823917851696647
6.4212091429140505
4.232168913922568
5.9999497603732515
3.836702976639015
5.588263021287148
5.529296792305869
5.185832212588001
1.2685840005004976
8.731714634860875
0.34203799796203005
8.294007910291512
3.2573301428783976
7.856301185722146
2.256013341046407
7.418594461152783
0.16017227536168166
6.980887736583423
4.655987735456773
6.543181012014061
1.7212032227015277
6.105474287444697
3.5706339206836972
5.66776756287533
2.7281252282533015
5.2300608383059695
2.9751287707481
8.777730573806291
2.106837283348916
8.376750056283338
5.370255025556112
7.966155936709352
6.323006545929749
7.545609808457622
1.2964947240108051
7.114757956687098
0.4852980950468484
6.673230541127877
2.872190762075797
6.2206407305605165
5.421780863348671
5.756583785978085
0.19012164677965415
5.2806360892291195
2.4966860527650256
8.823353422148427
2.7713170083691656
8.460657032552517
7.168839710245304
8.080148733594468
5.1743529749965536
7.6805363973683125
1.1479736331203547
7.260407485779636
6.471597638193334
6.818215920921412
1.1867058216884545
6.352267393959842
1.8518376234927039
5.860702920211454
4.668867332233981
5.34148042442157
1.6714688739149375
8.869740191508866
0.8629696752946032
8.547910943894685
5.182466623967237
8.201488910361988
6.2257054592216905
7.827680854741509
1.307594882881347
7.4232870491258485
2.4086823776365787
6.984632908806651
4.238659768348061
6.507488317380074
5.232189038652017
5.9869723912431505
0.0056086257897782765
5.417441028557948
4.3770540585584765
8.917695210103119
3.7514756466003516
8.640198825856721
5.0374796679830665
8.332954631773188
5.122923764740384
7.991192793309392
5.169156984013269
7.609169494588483
0.5504320883120002
7.179941107952911
1.4838491110298055
6.695083540035159
4.774240312522075
6.144343518882066
1.32018076041382
5.515205501636497
4.325167220440618
8.967874158555311
7.493206498558953
8.73905334840996
6.812344951217286
8.47733459786137
1.7994347735871428
8.175604304698622
1.893203232456255
7.824814355314112
4.155077799268344
7.413399451270063
5.494674522126928
6.926515471264283
0.5121386529620635
6.345045387326386
2.3662346964087986
5.644304073189683
2.699248097907815
9.020875727080362
0.2224983489962784
8.84601632167921
1.4266534681326881
8.637667731826127
8.15436018614264
8.386180141628124
4.799607823158679
8.078495402551313
0.4259444121871976
7.696860257195336
5.571638849221919
7.217059290250041
6.711925412198375
6.605997101236882
0.07381430959543467
5.818402583520685
5.3550167424875745
8.718842958228686
7.014378932239759
8.287674134670905
0.4008625236619533
7.874711955408134
0.11967310203359194
7.4788484048851505
0.2121912228514493
7.099061498979658
0.9782573931865988
6.734407339478048
3.9365902288220185
6.384013000729115
1.7785594444232877
6.047070153123491
2.274832738621205
5.722829339663704
3.4319314728734986
8.758393762861417
7.996727734078961
8.355802319129316
7.178893142541087
7.961396456292535
7.2736738359835
7.5749350983233095
4.314896936013716
7.196186239274486
5.3446463583599595
6.824926538865143
3.399328964087151
6.46094093832519
4.467855316582174
6.104022295404867
0.8195484877193288
5.753971037516743
5.389905578493884
8.793538706690788
3.2489492942715454
8.417656053951339
4.672568988454847
8.041773401211888
7.171429078653026
7.66589074847244
1.1725217067384588
7.290008095732988
4.311345752701216
6.914125442993533
3.8775081246556438
6.538242790254088
0.5340887604148212
6.162360137514639
5.769797443156332
5.786477484775191
0.7906240753748899
8.827895210888729
0.02213277948321335
8.479338075556486
5.897828542447388
8.123538521969685
5.7433976768352535
7.760277007388242
4.400447753647355
7.389325514165534
1.2099415352408818
7.010447168278325
5.200852067847834
6.623395839105208
4.5665707196787935
6.227915719494974
2.5151930420464144
5.823740885117239
0.021133089234308677
8.862959009270053
2.216861396774906
8.54354316709577
0.6878392257703858
8.210370530060164
7.316431343323965
7.862574390999228
1.4980230268068317
7.499218851995643
1.5201245206466338
7.119292469618985
2.89182347791984
6.7217012747849605
4.912584654235809
6.305261104516565
4.078864683930946
5.868689176687891
1.7648539137053136
8.899662320625582
2.887019069004218
8.612114133018226
3.3503613099211322
8.305047815386358
0.7449814273912369
7.976521495368434
5.884351903542008
7.624350536872189
4.131775414571502
7.246073245605393
0.2051472500101481
6.838911496983076
6.393512976702061
6.39972553624271
5.709666524991847
5.924962093202035
1.7077720069098783
8.938751849883602
0.17029023566151702
8.686675978668074
1.7910497361632791
8.410252366322739
3.9826171477473604
8.106031884439407
0.7984568341964136
7.769959729875554
5.887234792932997
7.397258038137748
7.315745912733435
6.982285242334067
2.0570945344633924
6.518367677903555
1.2783462137160186
5.997598103247331
2.404519293916842
8.980929570471663
0.28146298944797843
8.76888728024132
5.296568989121266
8.52892154653162
1.3088119080056306
8.255654792903691
2.890024432894638
7.942453861771313
5.994964723541507
7.581116220900063
1.6285422028588132
7.16147821868802
2.0697412465960316
6.67092687155094
4.3131434001598175
6.09379253640619
4.106763466401511
9.026923005117087
5.065022451713124
8.86058156938973
1.7076668802848491
8.66447936832762
4.906148263334231
8.4309339809656
4.0069167584180345
8.149947383030112
7.779376753131142
7.808488066716348
4.625401590136702
7.389558630340124
7.2194487521775645
6.870988805996628
2.394424483203021
6.223878336453826
0.11044191457710584
8.802650671484214
1.8452457474813495
8.448778902584495
4.51435436597539
8.107152002465469
6.181828057960726
7.777158185105623
0.16496750142832384
7.458224689772982
5.538539490451744
7.149814822197038
0.9137574184532944
6.851425249533962
0.005695204228603923
6.562583525404053
0.20403252179482378
6.282845823625575
0.005669450348166349
8.829268958381805
8.7332531124868
8.49489521172314
1.5284976958763639
8.166158167085621
4.8115777370979975
7.842920311127764
7.589327987109969
7.525048405950979
0.0792499930996905
7.21241333223655
0.9879944319439725
6.90488993880894
3.2202751752587924
6.602356898343512
3.933936359896498
6.304696568949975
1.9629591028417541
8.853658709624684
3.0789470624610744
8.537896059819127
0.8517239653104912
8.222133410013573
4.127214406308311
7.906370760208019
3.6383252279576563
7.590608110402466
5.1387489617187025
7.274845460596912
1.2862367943285764
6.9590828107913545
4.056699582244738
6.643320160985802
4.095655634240828
6.327557511180247
6.193323908844717
8.878193727826881
2.510500365011947
8.581877935539122
3.6396646460067124
8.280345016008532
7.651379833884742
7.973461873127743
7.1102179419318
7.661091128658083
0.26652631825050466
7.343090963562538
0.5689292345038368
7.01931495300455
4.084104345807656
6.689611894753072
4.047173556888371
6.353825630723689
0.5314531804406823
8.903959082771628
0.1708207150777874
8.628848687278653
6.561279396505753
8.343581137821024
0.5345350113960222
8.04761372202311
5.600417757554822
7.7403675195691415
6.3981515032784255
7.421224670440776
2.5396336895783556
7.08952542600367
1.6189065122509065
6.744564965603555
6.3832800702420425
6.385589959982439
1.7715881075824682
8.93173153851253
1.6685297185591894
8.68037064585317
6.311634952596238
8.414197566707516
2.466837277234176
8.131953073530203
7.156094016839228
7.832246219487811
1.2544202062142396
7.513539112935949
0.16118985086656323
7.17412988297785
4.767239855611062
6.812133624848832
3.297007466812141
6.425461090221823
3.4083999598411125
8.96222707718733
2.8076939337511453
8.737992112490002
2.921055281222532
8.494686786968249
2.0254691024951255
8.229986644062466
5.342271484544419
7.9412260205099345
6.546943372859266
7.625344258185312
6.87297401932392
7.278823430566242
0.005695221930312133
6.897616295434764
1.8545146074963417
6.477063000771042
0.5926642143464369
8.996203697383157
8.503741736304427
8.803444544234624
1.3627461321784389
8.587971538583975
2.030188171556466
8.346000557455278
6.684228136543455
8.073011921808751
0.02178030362134753
7.7636020973392
3.6596253256431384
7.411306306827208
4.713533168492076
7.008386672022302
3.2644314785540187
6.5455795759481425
5.41006062395936
9.034524045195614
0.8724699987196711
8.878780267044498
6.330875591717714
8.697640328864658
5.129886352392793
8.485424098052299
2.776382286767922
8.23503836623636
6.4757095089390795
7.93762717846078
2.675646444885259
7.582140411426588
0.07794202942677986
7.154802911681434
6.832327788899097
6.638462984664249
0.4139230455885139
8.881221595028096
7.335895714084435
8.601008060751106
6.922026020001573
8.328461079110983
0.6888095268039235
8.063277291946049
6.845654049202915
7.805168673147207
7.133442415706314
7.553861608630421
5.041365279896541
7.3090960385959844
3.32025399481173
7.070624657499076
0.021689347246371837
6.838212167509699
4.144511538532239
8.897901747122008
5.606753189202652
8.630064399894863
1.282828837653819
8.365837179614747
0.689232807020216
8.105149742630612
6.9673636448030445
7.847933487403155
0.5949316040405388
7.594121503827214
3.108627741033598
7.343648524189636
2.546755637932636
7.096450875706639
2.0206869153907627
6.852466434586537
1.602378335211822
8.913642681643783
0.34641916444688625
8.657864003857327
8.281697835599944
8.402085326070871
0.6143449032043136
8.146306648284417
2.515783802932429
7.8905279704979625
2.029201468084689
7.634749292711508
6.074364347416349
7.378970614925052
5.716889951638136
7.123191937138595
2.858753882621228
6.867413259352144
2.8425133380128025
8.929930881696109
8.832679296919018
8.687017405627987
3.9662625247471963
8.44061049064354
7.524504396985601
8.190637884362921
4.81991912245821
7.937025469536562
3.479255165524564
7.679697209317869
1.2594834404651158
7.418575090828302
3.752545026586989
7.153579066960939
4.625765078483305
6.884626996366686
0.005699563463968271
8.947535588570062
1.4918832254487664
8.718965407107069
3.0314551381407098
8.483422020147703
0.4030434567982626
8.240601240677528
0.46438439850053537
7.99018257463727
7.124468494082922
7.731828249461223
3.8902913960418
7.4651821826079
1.6965651338665344
7.189868886407285
6.649716771902299
6.905492305331462
1.7513479106618228
8.967092313974401
1.7697992052241616
8.754977519252632
2.9424405705334062
8.532402593211422
5.185059332265556
8.29863686342551
2.97908287730416
8.052888259949173
4.901893230360175
7.794297738719222
0.5177490508907148
7.521933193567378
3.703100526420621
7.234782811337877
1.8052070845079702
6.931747820759079
1.972141407112666
8.989262565798672
5.260101976384759
8.796441015834832
0.7014445889268619
8.589702328605846
3.5277213912671708
8.367645448797917
5.805355854149018
8.128704572795652
4.490649225537211
7.871128879030463
6.496333420825313
7.592959808624159
5.116330320277982
7.292005614836599
0.9130322440593464
6.965812869533844
2.0475540667344463
9.01481381792454
0.17129538914293307
8.845021961116394
1.7360810530460198
8.657985018771646
6.279498423605224
8.451323966669461
7.334058814615084
8.222291598073175
1.878886650143085
7.967715087570886
7.440513493427602
7.6839299931721765
0.005718636604307381
7.366704505706372
2.428301891219746
7.011152601336214
6.3287404815727974
9.044681801283595
6.566822571424691
8.902804441807456
1.8291778485988575
8.740661845828413
2.8934103311674764
8.554510813791161
0.832591340247465
8.339874407682087
0.16548702964051176
8.09140292596937
3.3658027793892145
7.802710383165182
5.4619121487668245
7.466182534502435
2.1996525228610992
7.072751900558026
0.005699565238800108
8.956257818096871
0.7149919339492847
8.747474541882767
3.1472057015721457
8.542941286865897
7.24687057481645
8.342532750600066
3.472292686996492
8.14612835016129
4.629761020222673
7.953612011389282
0.27333461124805336
7.764871968714985
0.9653115079729321
7.579800574999849
5.628393539641474
7.398294120845011
2.2526274213063147
8.965514029174159
1.7765889155703332
8.76368337399229
4.670335952318579
8.563898877546562
5.871166425175055
8.366130591287394
7.82294546552076
8.170349122118594
1.4065384142968886
7.976525620357381
7.632669521906773
7.7846317679819235
5.524192151385904
7.594639767159313
3.8457090810642462
7.406522329046789
6.37546709522939
8.974504489773157
4.968822276196009
8.779587620116077
0.0818513526759066
8.584670750458997
7.466957452839636
8.389753880801917
0.4714328678397719
8.194837011144838
2.0952066610376656
7.999920141487757
6.015340388365243
7.805003271830677
3.102497253897481
7.610086402173597
5.812336748546919
7.415169532516518
6.700290459045785
8.984074420733581
7.9077047820980475
8.796689142828908
7.744256467927729
8.607233523833774
4.215449038799173
8.415674941174018
7.777035315650004
8.221980138059065
2.3602481643875217
8.026115209647724
6.03278738688111
7.828045588897247
2.855476297699902
7.627736032088413
5.414489837081731
7.425150604019197
1.316801824575721
8.994726843214233
3.8032442633958983
8.815928963224737
5.937116911158068
8.63289141368304
3.3817089347608116
8.445472402170722
0.27775856816224354
8.253524407848877
7.448432076992484
8.056893928776079
4.2239365493974725
7.855421217842833
2.5233647628090172
7.648940006819802
4.850885439450018
7.437277217995794
4.645641559626249
9.006936828125923
0.2842707578463942
8.838235299801338
4.505731960098534
8.662985115074314
5.644453892241265
8.480833724257216
3.047661169395348
8.291406289921149
3.7925871815900667
8.094304196397571
0.08045228951952599
7.889103460265018
7.206397552138155
7.675353035509415
4.366778046021535
7.452573006667175
0.04678507603833393
9.021250289740994
0.005778690821411803
8.864707148906962
3.5506329648716406
