568
ACHING
ACINUS
AIRING
AIRMEN
AIRNED
ALDERN
ALDRIN
ALINED
ALINES
ALUMNI
AMINES
ANCHOR
ANICCA
ANTIFA
ARCHON
ARISEN
AROHAS
ARSINES
ASCIAN
ASHING
AWARNS
AXENIC
AZINES
BAHADUR
BARKAN
BARMAN
BARNED
BARNEY
BHAKTI
BIRCHEN
BIRKEN
BRAHMA
BRANCH
BRIDOON
BRINED
BRINES
BRONCO
BRUINS
BUSHER
CAIMAN
CANTION
CARDAN
CARMAN
CARNEY
CASEIN
CASERN
CAVERN
CHARKA
CHARTA
CHIDER
CHIGGA
CHILLI
CHILLS
CHILLY
CHIMER
CHINAS
CHINED
CHINES
CHINGS
CHINKS
CHINKY
CHINOS
CHIPPY
CHIRAL
CHIRKS
CHIRLS
CHIRMS
CHIROS
CHIRPS
CHIRPY
CHIRTS
CHIVVY
CHRISM
CITRIN
CLIENTS
CLINES
CLINIC
CLONIC
COCAIN
CODEIN
COINED
COLONI
CONIES
CORDON
CORNEA
CORNED
CORNEL
CORNUA
CORNUS
CRIMEN
CRINED
CRINES
CROONED
CROONS
CROONY
CYANIC
CYCLIN
DAINES
DARGAH
DARNEL
DHARMA
DHIMMI
DIRHEM
DISPEND
DJINNI
DODKIN
DRACENA
DRIVEN
DROMOND
DRONGO
DROWNED
DWINES
EARCON
EARING
EDGING
ELINTS
ELSINS
ELTCHI
ENIACS
ENIGMA
ENMITY
ENRING
ENROLS
EOSINS
EPIGON
ERYNGO
ETCHER
FADEIN
FAINED
FAINES
FIBRIN
FIFING
FIORIN
FIRING
FLORIN
FOINED
FOISON
FREONS
FRIENDS
GAINED
GARBING
GARJAN
GARRING
GINGALL
GINGELY
GINGHAM
GIRNED
GIRNEL
GOINGS
GORGING
GORHEN
GORMING
GORPING
GOVERN
GRAHAM
GREINS
GRINCH
GUSHER
GYNIES
HACKER
HAEING
HAIRDO
HALSER
HALVER
HAMPER
HARAMDI
HARBOR
HARDEN
HARDER
HARDIER
HARELD
HAREMS
HARIMS
HARKEN
HARMER
HARPER
HAVIOR
HAWKER
HAWSER
HEARES
HEILED
HELING
HEMINA
HEMINS
HERBED
HERETO
HEROES
HERPES
HERSED
HERYED
HERYES
HEWING
HEXING
HEYING
HIDDEN
HIEING
HIPPEN
HIRING
HIZENS
HOARED
HOAXER
HOBOING
HOCKER
HOEING
HOHING
HOIDEN
HOLDER
HOLIES
HOLILY
HOMIES
HORSIER
HOSTIES
HOWKER
HOWLER
HOWRES
HYEING
ICEMAN
IDLING
IHRAMS
IMMESH
IMPING
IMPISH
INCAVI
INCHER
INCLES
INFALL
INGLES
INGOES
INIONS
INKLED
INKLES
INKOSI
INROAD
INSTALS
INSTEPS
INTEND
INTROS
INWALL
IODINS
IONISER
IONIZER
IONOMER
IPPONS
ISLING
ISTHMI
ITCHED
ITCHES
JOINED
KAMAHI
KARAHI
KIRBEH
KIRKMAN
KIRNED
KISHKA
KITSCH
KNIFER
KOINES
KROONS
LARNED
LARNEY
LIANAS
LIENOR
LIKENED
LIONLY
LIROTH
LIVENED
LOMEIN
LUSHER
MAIDAN
MAINED
MANIES
MANRED
MICROHM
MIMING
MIRING
MIRINS
MISKENS
MISPENS
MISWEEN
MODERN
MONIED
MONIES
MORNED
MORNES
MORPHO
MUSHER
MYRRHS
NACRED
NACRES
NAIADES
NAIRAS
NAMING
NAPING
NARDOO
NARIAL
NARKIER
NARRAS
NASTIES
NATION
NATRON
NAVARHO
NAVIES
NEARED
NEIVES
NELIES
NERVED
NERVES
NEWIES
NICHTS
NIGHTS
NIGHTY
NITRES
NOBLER
NOMINA
NOMISM
NONRUN
NORIAS
NORMAN
NOSING
NOTOUR
NOYING
NUDIES
OBIING
OCHREA
OCHRED
OCHRES
OCHREY
OCHRIER
OLINGO
ONSIDES
OPINED
OPINES
ORIENCY
ORPHAN
OVINES
PAINED
PAISAN
PAKAHI
PAPISH
PARDAH
PARENTS
PHARMA
PHONER
PICENES
PIGEON
PIPING
PIPKIN
PISTONS
PITMAN
PITMEN
PLANAR
POHING
POISON
PONIED
PONIES
POPISH
POPLIN
PRANAS
PRENUP
PREONS
PRINTS
PROGUN
PRONTO
PRUINA
PSIONS
PUSHER
PYROHY
RABBINS
RABBONI
RACING
RACINO
RACOON
RADDING
RADIAN
RAISINS
RAJAHS
RAKING
RAMINS
RAMMING
RAPING
RAPPING
RARING
RASING
RATANS
RATANY
RAUNCH
RAVING
RAVINS
RAWING
RAWINS
RAXING
RAYAHS
RAYING
RAZING
RAZZING
REINED
RHOMBI
RHYMED
RHYMES
RIANCY
RICHER
RICHLY
RINGMAN
ROBBING
ROBBINS
ROBING
ROBINS
RODDING
RODING
ROKING
ROLLING
ROPING
ROSING
ROSINY
ROTONS
ROUNCY
ROUNDS
ROVING
ROWING
RUCHED
RUCHES
RUINED
RUSHED
RUSHER
RUSHES
RUTHER
RYKING
RYMMING
SAINED
SAINTS
SAKIEH
SANDHI
SARNEY
SARSENS
SCRINES
SHARDS
SHARKS
SHARPS
SHIFTY
SHILLS
SHIMMY
SHINDY
SHINED
SHINES
SHINNY
SHIPPO
SHIRAZ
SHIRED
SHIRES
SHIRTS
SHIRTY
SHIVER
SHIVOO
SHORLS
SHREEK
SHRIEK
SHRIMP
SHRIVER
SHROFF
SHROOM
SHTIKS
SICHTS
SICKENS
SIDDHA
SIENNA
SIGHTS
SILANES
SILENS
SILKENS
SIPHON
SIRING
SISKIN
SIXISH
SKIING
SKINKS
SKRONK
SKYISH
SLINGS
SLINKS
SLYISH
SNAILS
SNARFS
SNARKS
SNARLS
SNIDER
SNIFFS
SNIFFY
SNIFTY
SNIPER
SNIPPY
SNIRTS
SOLEIN
SOMONI
SORGHO
SORNED
SPAHIS
SPHINX
SPINAS
SPINED
SPINEL
SPINKS
SPLINTS
SPLISH
SPRAINS
SPRENTS
STERNA
STRATH
STRICH
STYING
SWINGS
SWINKS
THREAT
TIGONS
TIMONS
TOROTH
TRASHY
TROPHY
ULICON
ULIKON
UMRAHS
UNCOER
UNDOER
UNFITS
UNREEL
UNWITS
URENAS
URINAL
URINED
URINES
VAHINES
VIENNA
VIRING
VIRINO
VIRION
WAHINES
WAINED
WARMAN
WARNED
WASHIN
WHIFFS
WHIFFY
WHIFTS
WHILLY
WHIMMY
WHINED
WHINES
WHINEY
WHINGY
WHINNY
WHIPPY
WHIRLS
WHIRLY
WHIZZO
WHIZZY
WIDENED
WIGEON
WIRING
WIRRAHS
WITHIN
WIZENED
WOWING
WYVERN
YARNED
YARPHA
ZANIED
ZANIES
ZARNEC
ZEROTH
