681
ABELIAS
ABRADES
ABYSSES
ACCESSED
ACCUSER
ACEDIAS
ACHARYA
ACHATES
ACHINGS
ACHIRAL
ADEPTER
ADHARMA
ADRATES
ADWARES
AERATED
AERATES
AEROBES
AEROGEL
AFEARED
AFFAIRES
AFGHANS
AGISTER
AGOGICS
AGONIES
AIRBALL
AIRGUNS
AIRWARD
AKEBIAS
ALEGGES
ALEXIAS
ALFALFA
ALIYAHS
ALLELIC
ALPHYLS
ALPINES
AMELIAS
AMORISM
AMPHORA
ANAPHORA
ANEARED
ANEMIAS
ANEURIN
ANGERING
ANGUISH
ANILINS
ANTEING
APHETIC
APHIDES
APIMANIA
APPALLS
APPALTI
APPEASES
APPORTS
APPULSES
ARCADES
ARCADIA
ARCHAEA
ARCHINES
ARCHIVES
ARILLARY
ARISTAS
AROUSER
ARRACKS
ARRASED
ARRESTS
ARROBAS
ARROCES
ARROZES
ARTISAN
ASCARID
ASCIANS
ASIAGOS
ASKINGS
ASPIRER
ASPIRIN
ASPORTS
ATHAMES
ATHWART
ATRETIC
ATTEMPTS
ATTRACTS
AUGURAL
AUGURED
AUGUSTS
AURATES
BAGWIGS
BALISES
BANIANS
BARBING
BARDASH
BEEDIES
BEGORRA
BEGRIMES
BEHAVER
BEHAVES
BEIGNES
BEMIRES
BERETTA
BETISES
BHISHTI
BILBIES
BIOPHOR
BIRDIED
BLESSES
BLISSES
BOOBIES
BOOBOOS
BOPPISH
BREVIER
BRIARDS
BRIDIES
BRINIES
BRINISH
BRUISER
CACHING
CAGMAGS
CAMISES
CANINES
CAPOEIRA
CARPING
CARWASH
CASEFIES
CATARRH
CATASTA
CEPAGES
CERAMIC
CERISES
CHANCING
CHEGOES
CHILLIES
CHIRRING
CHITTIES
CHIVVIES
CHOICES
CIRCLIPS
COACHIER
COACHIES
CORREAS
CREASED
CREASER
CREASES
CREESHES
CRUISER
CRUISIES
CUISSES
CURRACH
CURRISH
DAMAGER
DASTARDS
DATARIA
DEBASER
DECADES
DECIARES
DECIDES
DECREER
DEGASES
DEMISES
DENARII
DERAIGN
DERAILS
DESPISER
DEVISES
DIABASES
DIEDRAL
DIGRAPH
DISPREAD
DISPREDS
DOODIES
DOODOOS
DRAGGLED
DRYADES
DURGAHS
EARBALL
EARDROP
EARTHED
EARTHEN
EGESTED
EMERIED
EMERITI
EMPEACH
EMPTIER
ENERGIC
ENERGID
ENGINER
ENGRAIL
ENURING
EPEIRIC
EPEIRID
EPICARP
EPICIER
EPIGRAPH
EPITHEM
EPITHET
EUPEPSY
EUPHUISM
EUPHUIST
FALAFEL
FEIGNER
FELLAHS
FENNISH
FIFTIES
FINGANS
FINISES
FIREPAN
FIRINGS
FOPPISH
FORGOES
FURFURES
GARAGING
GARAGIST
GELOSIES
GENTIANS
HABDABS
HABITAT
HAFIZES
HAGGARD
HAGGLED
HAIQUES
HAIRING
HALAKAH
HALAKAHS
HALAVAH
HALAVAHS
HALIDES
HALITES
HALLANS
HALLOES
HAMATSA
HAMMALS
HANDIER
HANDING
HANKING
HANTING
HAPLITES
HAPTICS
HARAMDI
HARIJANS
HARPOON
HAULIER
HAVINGS
HAYINGS
HAYRIDES
HAZINGS
HAZZANS
HECTARES
HEELINGS
HEKTARES
HELIACAL
HELICES
HELIXES
HENCHER
HENDING
HENTING
HERALDS
HERDINGS
HERETIC
HERLINGS
HERRIED
HETAIRA
HEXADES
HEXANES
HEYDAYS
HIBACHI
HIDAGES
HIGHMEN
HIGHROAD
HIGHTED
HIGHTING
HINTING
HIPPING
HOGTIES
HONGING
HOODIER
HOODOOS
HOOKIER
HOOLIER
HOOTIER
HOPDOGS
HORNIER
HORNINGS
HOROPTER
HORSING
HORSONS
HOTSHOT
HUGEOUS
HURDIES
HURLIES
HURRAED
HYPATES
HYPINGS
ILLITES
IMBIBES
IMMIXES
IMPREST
INBRING
INCAGES
INCENSES
INCHASES
INCISES
INEPTER
INFARES
INGATES
INGESTS
INGRAIN
INTENTS
INURING
IODIDES
IODISES
IONISES
IONONES
ISOGONS
ITCHIER
ITERATES
JAGGARY
JARPING
JEELIES
JEMIMAS
JIVEASS
KAMISES
KARAISM
KARKING
KEDDAHS
KEELIES
KINKING
KNEEPAN
KORORAS
LABELLA
LABISES
LAGGARD
LAMELLA
LAMIGER
LANGREL
LASAGNES
LASTAGES
LEGERING
LEGISTS
LEGLANS
LEMPIRA
LETHALS
LEWISES
LEXISES
LIGULAS
LIGULES
LINGLES
LIPURIA
LITHIAS
LOESSES
LOGGIAS
LOGLOGS
LOLIGOS
MADAMED
MADAMES
MAGIANS
MAGMATA
MALARIA
MANAGER
MANISES
MAREMMA
MARIMBAS
MAVISES
MAXIXES
MEDRESAS
MEGILPHS
MELISMA
MERELLS
MERICARP
MERINGS
MERISES
MIDRASH
MIELIES
MIGRATES
MISDREAD
MISTREAT
MITISES
MUUMUUS
NAMINGS
NANDINA
NEBBISH
NEDDISH
NEIGHED
NEITHER
NEMESIA
NEPETAS
NIDINGS
NURHAGS
OOGONIA
OPERETTA
ORIGANS
ORIGINS
ORPINES
ORRICES
ORTHROS
OYESSES
PADSAWS
PAESANO
PAESANS
PAIRIALS
PAISLEY
PALAVER
PALIKAR
PANACEA
PANDANS
PANELING
PANNIST
PANTING
PARAGON
PARAPHS
PARATHA
PARAZOA
PARELLA
PARIETAL
PARITOR
PARKIER
PARSING
PARTIER
PASTINAS
PATIENTS
PAYDAYS
PEACHIER
PEARCING
PEARLING
PECKIER
PECTASES
PEGGING
PEKEPOO
PELORIA
PENANGS
PENATES
PENNALS
PENNANTS
PEPITAS
PERCING
PERFING
PERIAPT
PERKING
PERMIAN
PERMIES
PERMING
PERUSER
PERVING
PETARDS
PETITES
PETITIO
PETTIER
PHRATRY
PICAROS
PICCIES
PIEINGS
PIEROGI
PIETISM
PIGEONS
PIGLING
PILCHES
PILLIES
PILULAS
PINCHES
PINGLES
PINGOES
PINKIES
PINNIES
PIONIES
PIPINGS
PIRANHA
PITCHES
PITSAWS
PLEAING
PLENISH
PLESHES
PLEURAS
PORKIES
PREBIDS
PRECAST
PRECIPS
PREDIED
PREIFES
PRELIMS
PREMIER
PREORAL
PRESHOW
PRESIFT
PRESTOS
PRETRIM
PREVIEW
PREVING
PREYING
PRIAPUS
PRICING
PRICKER
PRIDING
PRIMING
PRINKER
PRINTER
PRIZING
PRONGING
PRURIGO
PSYCHES
PUPATES
PUPILAR
PURRING
RABASKA
RADDLED
RADIOED
RAIDING
RAIKING
RAILING
RAINWASH
RAISING
RAISINY
RAITING
RAIYATS
RAMPING
RANCHES
RANKISH
RAPINES
RATCHES
RATFISH
RAZURES
REALIZER
REBIRTH
REBITES
REBORES
RECALLS
RECEPTS
RECESSES
RECITES
RECURES
REERECT
REFALLS
REFILES
REFINES
REFIRES
REFIXES
REFLIES
REFRIED
REGALES
REGENTS
REGESTS
REGGAES
REGISTRY
REGRETS
REGRIND
REHEATS
RELIEVER
RELINES
RELIVES
REMISES
REMIXES
RENESTS
REORGED
REPARKS
REPENTS
REPLIES
REPOLLS
REPRESS
REPRISED
REPURES
RESUSSES
RETCHES
RETEACH
RETESTS
RETHREAD
RETILES
RETIMES
RETINES
RETIRES
RETRIED
REURGED
REVESTS
REVIEWER
REVILES
REVISES
REVIVES
REWIRES
REXINES
RIBBIES
RIBIBES
RICKSHA
RIGGING
RIGHTED
RIGHTEN
RIMAYES
RINGING
RIPOFFS
RIPOSTS
RIPPING
RODEOED
ROISTER
ROLLIES
RONNIES
ROUGHER
RUBBIES
RUDDIES
RUGGING
RUGOSAS
RUMMIES
SELVAGES
SIDEWARD
SLEIGHED
TABARET
TACHIST
TAIGLES
TALARIA
TAMISES
TANAGER
TAPSTRY
TARAIRES
TARTING
TATHING
TAUTAUG
TAXISES
TEALIGHT
TEATIMES
TEHSILS
TEMPTER
TENNISTS
TERTIUS
TEWHITS
THEATRAL
THIGHED
THRASHY
TIGERIER
TIGHTER
TINTING
TIPTOPS
TIRINGS
TORRETS
TORTIES
TREVISS
TRIELLA
TSETSES
TURRETS
TWEETER
TZETSES
UNAGEING
UNEASES
UNREINS
UPGUSHED
UPHANGS
UPHAUDS
UPHEAPS
UPHURLS
UPPITIER
UPRISES
UPRISTS
UREASES
VALISES
VAPIDER
VAVASOR
VENIRES
VERITAS
VICHIES
WAGGLER
WALISES
WARPING
WASTAGES
WATERISH
WAWAING
WEENIES
WEIGELAS
WEIGHED
WEIGHER
WENNISH
WETTISH
WHEELER
WHEEZER
WHETHER
WHEUGHS
WHILLIES
WHINGES
WHINNIES
WHIRRING
WHITHER
WHITTAWS
WHORISH
WIENIES
WIRINGS
WITGATS
WITHIES
YESHIVAS
ZERIBAS
ZOOZOOS
