115
ACCUSAL
ACCUSES
AGEUSIA
AKATEAS
ALISMAS
ANANASES
ANKUSES
ARRIERE
ASININE
ASSUMES
ASSURES
AUXESES
BABBLES
BUBALES
BUBUKLE
CACKLES
CAIQUES
CAYUSES
CLIQUES
CYLICES
DADDLES
DEISEAL
DESKILL
DUALISE
ELLIPSE
ELUVIAL
ENQUEUE
ESQUIRE
EUSTELE
EUSTYLE
GAGGLES
HAIQUES
ILLNESS
INISLES
KAISERS
KERERUS
KETTLES
KITTELS
KYANISE
LAIRIER
LASSIES
LIKABLE
LIMULUS
LINNIES
LIPPIES
LIZZIES
LOIASIS
LUSHIES
LUSUSES
MALUSES
MAMILLA
MILIEUS
MYALISM
NANKEEN
PAPILLA
PAPULES
PILULES
PLAASES
QUAERES
QUAILED
QUIZZES
REARERS
REARISE
REQUIRE
RESKILL
SACCULI
SACQUES
SAIYIDS
SALADES
SALLIED
SALLIER
SALTEST
SALTIES
SARKIER
SASSIER
SAURIES
SAXAULS
SAYABLE
SCISSEL
SECKLES
SEEABLE
SEEKERS
SEERESS
SEIKEST
SEISERS
SEITIES
SETULES
SHEQELS
SIALIDS
SIESTAS
SILAGES
SILANES
SINUSES
SIRREES
SISSIER
SITUSES
SLAYERS
SLEAVES
SLEAZES
SLEEVES
SLISHES
SMEUSES
SPEISES
SPLAKES
STATUES
SUBBIES
SUCCESS
SUEABLE
SUNNIES
SURREYS
TALUSES
TATTLES
TELESES
WAKIKIS
YUKKIER
