102
ABORTS
ACHKAN
AFGHAN
AGINGS
AGYRIA
AIDMAN
AJOWAN
ALANYL
ASCIAN
ASHCAN
ASHLAR
ASHMAN
BHUNAS
BILIAN
BOONGA
BOORKA
CHATON
CLINAL
CLONAL
COLOUR
DAINTS
DAINTY
DAYNTS
DOLOUR
DOOLAN
DOURAH
DOURAS
FAINTS
FAINTY
FLORAL
FOOBAR
GOONDA
GOURAS
HAINTS
HUDNAS
IATRIC
ISATIN
KHANUM
KHURTA
KOURAS
LABRUM
LUBRAS
MAGNUS
MOIRAI
MOORVA
MUDRAS
NAFFLY
NHANDU
NODOUS
NOULDE
NOUSLE
NOYOUS
NUBBLY
NUMPTY
NYAFFS
NYMPHA
OUTROS
OUTROW
OVATOR
PAGRIS
PAINCH
PASTOR
PAYNIM
PHARMA
PITMAN
PLUTON
POONAC
POTGUN
POTMAN
PULSAR
PULTON
PULWAR
PYURIA
QUINAS
QUINOA
QUINTS
QUIRTS
RABBIS
RAKIJA
RAMBLA
RAMSON
RAPHIA
RAPHIS
RAPIDS
RHINAL
RIALTO
RIATAS
RIGOUR
ROADIE
ROOSAS
ROUBLE
ROUCHE
RUBBLY
RUFFLY
RUMKIN
SACRUM
SIMIAN
TOUTON
VIATOR
VODOUN
WALRUS
WHANAU
