8.841094141747067
7.6433494472021
8.71603629024585
4.177486373635471
8.58970364717551
0.13422892886619997
8.462076907807528
4.942156627311964
9.453231747163658
5.600352512375792
9.338546435954255
4.558284071518503
9.22158491654723
2.96277224441749
9.102280038386988
8.627270103792648
8.980562052234317
4.109227480426853
8.85635848781694
2.486314649429663
8.72959402485203
0.7469898962761075
8.6001903570463
5.198196871760862
8.468066048654153
4.5047173591716625
9.458912997966966
5.899747138593721
9.348891617055305
0.428866797143549
9.235496384902698
1.8102942671919016
9.11857381226994
2.169768746669331
8.997961311743607
2.2382313554019695
8.873486550496414
6.837248562303476
8.744966751148112
2.183929930553696
8.612207936267081
0.4116772796891405
8.47500411165763
8.034160722144799
9.465261980126025
8.574691496473584
9.360570951897119
7.89278846494931
9.251366507928655
7.897624911897912
9.137361205256697
5.413812037738742
9.018244026309768
8.264673047907895
8.893678104763236
2.120401804622084
8.763298210455634
3.553809052521174
8.626707966737593
3.054361145813083
8.483476770663056
2.9219700925192162
9.472576170253088
6.500892837697116
9.374175198296292
0.13751202968086418
9.270063534800927
0.03946910761591843
9.159755607362259
5.327737755748044
9.042713663741718
4.504750757152276
8.918341354664435
7.147223572969996
8.785976475322062
6.400293280480737
8.644882753561168
4.587603522335675
8.494240558047956
7.167290297920236
9.481205917995371
7.001534384249024
9.390420207386581
6.146750760913671
9.292668295326571
0.2703776375380085
9.187178849358567
7.550945876072423
9.073075646284805
0.010617348348734623
8.949361802177817
1.660552708667418
8.814901554225866
2.645415134343867
8.668399217990231
5.2274480771509495
8.508374887681562
3.8980209872258773
9.491597630250826
3.036876598467504
9.410236762185122
1.2511193683814772
9.320613483768685
0.7738601057929089
9.221550671893949
1.6039450659059757
9.111673669636371
0.3418279961669608
8.98937510826658
1.3850516089248508
8.852773465698455
7.179569826159591
8.69966428161793
0.9130454858759129
8.527462772273484
3.2804593044674997
9.5043383890657
0.6046739656758618
9.434868287550906
3.106766499008863
9.355842085159189
3.6598048287617497
9.26551275430141
7.50724136026986
9.161778628486777
5.492764474211235
9.042110452883287
7.799806919284855
8.903463893220833
3.2033157920190938
8.742174752258052
1.53270236281741
8.553833653764713
3.2826069847054713
9.484692171121683
3.042247323284686
9.403678824103187
0.08304217090081317
9.32266547708469
6.596877976259861
9.241652130066196
8.855787840328293
9.160638783047698
7.057821794729821
9.079625436029204
4.628768531925207
8.99861208901071
0.9430148638426075
8.917598741992212
3.0629161773269757
8.836585394973715
8.560439405978228
9.487086855582287
7.0084426112562435
9.40794986520443
4.985116304971384
9.328289478889124
7.574759793351034
9.248100563482733
1.3373683049357412
9.167377919775356
3.5231747430063014
9.086116281462143
0.9488521485554265
9.004310314085615
0.2681876330017779
8.921954613958611
5.109548853332012
8.839043707067505
7.734098076714074
9.489489048589235
9.19196020233785
9.412261919986403
7.838820576267001
9.334004310961413
2.510163498223939
9.254695893080635
6.645710432759735
9.174315815169498
7.1634874902487455
9.092842687081374
3.7804712514514174
9.010254562891404
4.594070132951237
8.926528923493297
0.19818757170677526
8.84164265857583
5.4334912771380965
9.492132103106034
8.996075227306337
9.417037754632853
8.039386197121384
9.340376195907236
7.291275786815709
9.262099332205326
4.232316791577191
9.182157166055822
8.990438638418
9.100497707986605
3.4026761312151566
9.01706688261084
1.8710708175531208
8.931808429794769
4.555402781854437
8.844663800634669
7.185901837205736
9.495181934071084
8.403387052812437
9.422588160036291
5.975751464762831
9.347835495895964
6.5150804624968215
9.270830414175224
8.689713094161958
9.1914742554384
8.711509509102902
9.109662902821448
4.069734150720464
9.025286434250253
6.953487798091817
8.93822875076854
3.4393556562786696
8.848367179288067
4.699105459232928
9.498820276018545
5.427257373163869
9.429261844273352
7.851946758744579
9.356876479343077
6.422375104079583
9.281499480981264
8.020285805268857
9.202954314844662
7.375735010522777
9.121051661254063
6.45336618135806
9.035588383882123
1.8717924754027966
8.946346411605417
2.508597007035891
8.853091526199709
5.900094230956053
9.50327959665202
0.20243723555920723
9.437511993780499
3.1220294206670705
9.36815143944917
5.252637520929806
9.294924072898159
6.377989266520555
9.217531244944743
0.20001396859185194
9.135647102703254
0.5062693332460642
9.048915935632063
0.26819761080237914
8.956949259801165
3.16205015913766
8.859322615123775
3.040865716517321
9.508874147453692
6.7236159418485295
9.447958314717495
2.236296088476399
9.382562399683065
4.472251982101512
9.312247155711647
4.340853115410379
9.236524720723347
2.2842287865759143
9.154853065502728
8.38758633144844
9.066629818399607
2.531214876359088
8.971185399200106
4.659359790826704
8.867775388071927
6.55393815801163
9.516036767040259
0.27385795604189295
9.461462200916904
5.19992782543095
9.401374456073299
0.8729329539590512
9.335085905563387
3.1759008017051107
9.261818147567594
7.802257160898846
9.180690175168454
7.54124478968945
9.090705071487204
6.9918984715337436
8.990735056831081
0.5015168820610176
8.879504695391851
4.336426773804374
9.525667557676229
2.5567161214687415
9.48562959721228
5.124135293149102
9.445591636748333
6.188909510855948
9.405553676284384
0.03962400620104489
9.365515715820434
8.19176892944251
9.325477755356488
0.6005729620531749
9.28543979489254
0.010652693138466007
9.24540183442859
4.709923316631794
9.205363873964641
0.596291959936226
9.52626089318968
5.543471625931166
9.486686128188907
1.3639790331152035
9.446980588187985
5.005282790139964
9.40714363418516
3.805811206515486
9.36717462309532
5.35603647168732
9.327072907718218
5.5286948432295615
9.286837836706455
7.832522692258468
9.246468754533128
1.7206483327721513
9.205965001459225
1.4285986355717482
9.526873832616957
7.933631872019467
9.48778112321691
8.496261343622724
9.448424809876187
6.585457339425103
9.408802279494612
8.72076716632943
9.368910885428587
3.1063092227822753
9.32874794697516
8.939084165689573
9.28831074884716
8.221603628864166
9.247596540639163
7.220523319930829
9.206602536284159
6.228194782933118
9.527569074945703
5.74326390824569
9.489027400139967
0.6967496525407386
9.450074218893874
8.16638346837827
9.410703132417908
4.593213287011467
9.370907615091461
6.825969677332159
9.330681011519053
9.03835388072092
9.290016533511352
0.039546917742265486
9.248907256989085
4.614750797585689
9.207346118807687
0.010645495051398224
9.528398396186635
0.20275165095243275
9.490519631016536
3.142587231510731
9.452056645724007
0.20217162705270608
9.412996518527603
3.8072077326098954
9.37332597201184
1.5446000059260236
9.333031362010727
6.896115962167333
9.292098666121264
6.2842622503092365
9.25051347183418
2.2984159921735103
9.208260964269117
5.748619150137406
9.529424635946832
7.238282330015993
9.4923739128692
7.60720401876683
9.454530455251982
8.762835286582071
9.415870548983387
1.6472773420092812
9.376369627244316
0.6020291307887835
9.336002236949053
0.5135532309074693
9.294742003824714
7.1592148898013015
9.252561596074608
3.16714934466993
9.209432686568501
3.730761304301397
9.530733763028918
8.036171044654237
9.494750155594947
8.303618361801249
9.457715240780432
1.8491596014508755
9.419587791523274
4.890853096875242
9.380324724960355
6.635415608222425
9.339881014668093
8.071162661253979
9.298209598758097
3.180308400566333
9.255261283637925
0.1372802333708273
9.21098464323842
7.96104954214933
9.532447839233878
3.4534467967522304
9.497876556562039
2.5482292935690847
9.461925942863889
0.5169770040127502
9.424526692051803
7.354899289355312
9.385605722577525
4.8723898852638605
9.345085970302103
5.340403397448574
9.302886170335455
1.0575482426539522
9.258920627285635
0.8682394599022515
9.213098973331006
3.154461173293763
9.534741715211076
4.450099601212265
9.502081345126383
5.8246475232172354
9.467617403548473
1.7510467975288226
9.431236016887572
5.18899592998178
9.39281601553051
7.721779106716897
9.352228481956152
9.156474869289605
9.30933627235028
7.751420092498767
9.263993510260994
8.295525644887368
9.21604505076054
0.7745475239434383
8.748981507327423
2.4278189475948464
8.142972940406688
5.554457156014315
7.559340972143645
7.399656809476433
6.99687938073286
0.18952471968536255
6.454466236051791
4.355464557985005
5.931056751259151
1.6542059062500147
5.42567683924852
3.279226496484073
4.93741729560317
2.429466265645909
4.465428539284756
0.02558680142716796
8.8416902012195
4.136165043485967
8.304715273373912
4.069878740886774
7.767740345528321
2.5813068343699794
7.230765417682737
7.154309100751495
6.693790489837149
2.8831778650836717
6.156815561991559
3.6988166199697425
5.61984063414597
0.8659582703657938
5.082865706300386
4.606651922990493
4.5458907784547975
4.169676970398072
8.914769970666542
5.589611549765218
8.436603581647882
6.460140374002175
7.943505843881433
2.790861203617542
7.434776000609518
2.7773539922132455
6.90966955413247
2.8098796320881547
6.367394884086956
3.205507974834371
5.807109557789928
5.257110200880862
5.227916300934787
2.2740996337748207
4.628858593358989
1.5062107987083755
8.979118252386444
8.212734965892066
8.556076904197324
0.10036439280798015
8.107437099893152
3.781097125559869
7.630841132620534
5.025472977667992
7.12363928128679
2.4954119407914046
6.582844667095036
4.552260496955137
6.00507987037176
5.241250876270946
5.3865136135678435
5.272989274115839
4.722785439620303
0.8908958364311093
9.038633808047459
4.308579138549502
8.669464854117443
5.052573276723714
8.267307135729245
4.636327915311826
7.827615985048252
6.8202369977791495
7.344995504584595
2.6225782333637504
6.812998224368467
4.256316038226327
6.223869096274507
4.892157286861417
5.568216536568503
0.7128763523882693
4.834587496140312
1.1908081121969196
9.095228236034139
6.1777954535114095
8.779944955664808
4.35547960061759
8.42722249702343
4.711678647489309
8.030113041472212
5.6916523560855055
7.579895634092003
0.09332932481904155
7.065504407221905
1.966910466654133
6.472739861217368
6.262384878644403
5.783172231809248
0.39996120012995506
4.972605899533275
0.37464885055534536
9.150009069243032
6.99528735436648
8.889426345689616
4.780749204752684
8.589846596209563
7.290914544341003
8.242009312178528
1.1761680853570038
7.8335925259109755
0.6057961825338697
7.3479292145041235
2.1539535512140655
6.762095252932454
1.9815761218935934
6.044034179291128
1.9773069692519134
5.148200133117426
0.5147564393695001
9.20369139079563
6.442135733865349
8.999206705145458
5.022861363892937
8.757180047962278
0.007470664009904593
8.466474417252474
4.120517505505058
8.111292811394922
1.5129976734314683
7.668705208671076
5.108240081688711
7.104664160023244
5.506959114145069
6.36752479254678
0.9524752942226398
5.3774373755944325
1.8119014240758902
9.2567746781955
8.362964577816731
9.110255475292513
6.0578572941033535
8.930901754452474
8.83347490437603
8.706551444514794
5.539481802008941
8.41861147520541
2.0348767683419577
8.037781338176877
3.342198930306828
7.516579026544861
2.920089205692609
6.77618920753902
0.4019184346515412
5.683252916267496
0.9656203482096357
8.860973243467601
2.0827165429595875
8.359322466738792
1.8941099371973553
7.872986349996392
7.123885155818016
7.401281110115935
0.19584088059687665
6.943562590355074
4.973495849887206
6.499223472265811
3.6399459903749096
6.067690715551684
4.040655561824932
5.648423204901058
1.5943013033307483
5.240909584943184
2.6339185326608847
8.925265242794588
5.885275061336436
8.471865356524091
7.571865560123128
8.018465470253592
5.46847099288495
7.565065583983089
2.36640011438144
7.111665697712592
4.336677934331593
6.658265811442095
0.29394456527794766
6.2048659251715925
2.3051644252108234
5.7514660389010945
3.8314682208369644
5.298066152630598
0.31537825010107334
8.978412949134192
1.721658436909018
8.567577706637222
8.111642020437024
8.145740611338898
6.154368470599453
7.7124609447206485
6.15759526169523
7.267274647108664
3.881992758397523
6.8096927984918985
4.8685923397066615
6.339199984079942
0.8905481502318887
5.85525253483806
0.902111520192364
5.357276632346893
5.07855093129982
9.027129377029095
8.834589828554538
8.657510140104995
0.150432786580474
8.268400526049456
0.3225698385382356
7.8582475522047215
3.7576234261645776
7.42533338427079
0.7713155047609849
6.967753762957209
5.193187277977511
6.483393150193842
0.13505059001144049
5.969896043502718
1.2103711265524604
5.424633808883258
0.2660893535701232
9.07387574421659
5.199371894278644
8.74584078905724
2.213259058045748
8.39184995521783
8.302105475353988
8.008767476254622
6.980633253184721
7.5929491945023235
5.96884107219402
7.140140816975734
1.088938928109065
6.645352668002137
6.079061727114436
6.102705017897171
3.711079219742743
5.505236512897243
1.4155446347968088
9.11990980152525
8.535155986194265
8.834822919184493
0.9583049090720643
8.519260048328597
0.45945154507058195
8.1681904364995
0.14435805978491634
7.77546097870238
0.0074407318644060805
7.3334874907078635
2.920072638115836
6.832849004156483
5.9507688223882536
6.261752427645479
2.9186460408377886
5.605323673153172
1.0800780596582464
9.166008379139221
5.047638929668728
8.92596225063985
5.955063462445226
8.652997048483623
1.2623401836472437
8.340051047420411
1.5444664218180966
7.978001500315063
4.515463656354816
7.554926610185229
0.9549881780195433
7.0550704320117585
6.208491117753061
6.457385138976974
1.9514861309459373
5.73347187914992
2.9790289908893985
9.212719921773747
3.9839627374646636
9.02043212596205
4.651177556746712
8.795138733147688
4.986646440764302
8.527839369136775
1.132954274707474
8.206177687185251
6.674467760326753
7.812923205659921
0.007402419571787888
7.32369824287931
4.565568987944673
6.703565185034502
0.8566769449460743
5.901896691191381
1.3191567026859445
9.26047387012581
0.3413086155740036
9.11925702567775
2.157678281651251
8.947715962679482
6.9985071611638086
8.735314149218757
4.2319219523017795
8.46651460376084
0.3664236252737225
8.117966074183975
3.0706489567142388
7.654002391158434
2.7925068683086964
7.019446885835734
4.4627360105095395
6.1281341117632895
2.4304222764106265
8.946897405766649
5.521174343022281
8.526307920863413
2.557651754839923
8.116473116607033
5.196239979422709
7.716990267228302
5.436434424587472
7.327476236048791
5.244970214454256
6.947566318579916
2.9365443439080097
6.576913164939797
1.964971721313195
6.215185775482553
3.1019400246020474
5.862068564048215
5.5571550172405235
8.992524664529473
5.9294754904246405
8.60638419999386
6.046035523249552
8.220243735458244
0.14932500371724522
7.834103270922628
1.138534825801641
7.447962806387017
2.7322831031665267
7.061822341851401
4.163216977834858
6.675681877315785
1.495347881843872
6.289541412780173
1.4249507908210148
5.903400948244557
1.4158685039354912
9.031700944562726
8.550641399662872
8.67681088359378
4.799197524145938
8.313725089996122
7.695357657188128
7.942161614362579
2.2173242514829936
7.561825751871541
4.440285911920422
7.172409338170041
1.876100567883498
6.773590000369925
3.8509609675378904
6.365030359998758
0.007400670227699635
5.946377184510775
3.6511990436341555
9.06882766020656
5.684846997483
8.745014904960401
4.7375012947185535
8.406279566034206
4.64607043107312
8.051589353745861
0.8275159644645202
7.679817660016774
2.8688014418358385
7.289733054974133
2.8105383456915094
6.879987443704621
1.8713171565449964
6.449102697218534
6.313410925683574
5.995455544757245
5.493916688345827
9.10559475821144
5.802052660216028
8.813989498928594
5.614421057993187
8.501942427371509
7.775519458423811
8.167285555949999
2.161789792370061
7.807546163444757
2.648893018081983
7.419894793984173
6.866487963031592
7.001083213947551
3.5070936034699036
6.547370254296554
0.977159188204592
6.054433028125256
0.05634961379697445
9.142938259642403
2.896597467707731
8.885528904834795
2.9017916144849436
8.603385201094083
5.284991202353551
8.292880793021661
0.38686578839184316
7.949683148282343
1.2701483381482679
7.568587882828998
6.2692394885001725
7.1433098237792665
2.2694536305445365
6.666218983370603
0.46649480920307096
6.128006374144153
5.222338605534924
9.181507320128722
8.59242299863412
8.96100793664663
5.789612351606756
8.71289091373051
8.244196985076373
8.431827794315314
2.188035569574189
8.111124629368625
3.127223065901167
7.742305822042669
2.5746425802175983
7.314559825669836
3.3702990237724886
6.813999779036075
3.592128360965443
6.222676491246677
4.433817775559579
9.22183016610236
8.62940335473928
9.04166694272366
6.804888659116997
8.832732111617428
0.06015837143109981
8.587871496699146
7.467646536424773
8.297579005880532
7.753281896611681
7.949096097250109
4.125972020968886
7.525145827047695
6.034322675757571
7.002153518582505
4.399236301493021
6.347748292089467
2.6794462007343243
9.264388752622288
2.132318890163281
9.128748514575188
4.8947048512884335
8.965375111475169
6.820539773896818
8.765351874255492
3.789676875306777
8.516031126118063
8.327109857068082
8.19927571304496
3.9324405271599114
7.788851721925326
5.7741351052843
7.24657426302357
5.9378867013758185
6.51663134842551
3.8711863710152237
9.020906579399687
8.541022951655892
8.670834212429904
6.0013943523703634
8.328206068042508
7.798912177032411
7.9927900790841
1.0834326187000936
7.664363580741857
7.421924038029739
7.342712848107024
6.106892926393919
7.027632660110501
0.775107268081291
6.718925888145927
3.1321409390931167
6.416403107813209
4.071786625526133
9.052786839390935
1.7403105135181287
8.72690854971679
4.738953231405806
8.401030260042635
3.1437504984356752
8.075151970368486
0.6874262272531725
7.749273680694338
4.393001641798756
7.423395391020184
0.9482317195905041
7.097517101346036
0.027871448438919533
6.7716388116718855
2.3004036237963565
6.445760521997738
2.6069016195960972
9.081098677922828
0.007610113580852396
8.777721455673385
6.256189354489854
8.468365016296461
7.5686259387886015
8.152854520430491
6.250304363700212
7.8310084409764915
2.4444012798965007
7.50263825316203
5.283730056152483
7.167548108167791
0.308803592843542
6.825534489364744
4.532125264417941
6.476385850151956
0.2411731139468265
9.108763327613369
0.06155915759143471
