5.96647542572822
2.2429887673678093
5.7483007336926155
5.460290326115245
5.530126041657016
3.4961916303618663
5.311951349621419
4.599342723718269
7.07133901811949
4.315518854141546
6.864164654528585
3.030284308907158
6.653956843286151
1.4209173029029993
6.440671363504728
0.041457337630481206
6.224263410542734
0.15362183902894078
6.0046875891850195
1.5253049689891647
5.781897906752933
0.8132586320295836
5.555847766143254
3.0380520312233887
5.3264899587953405
0.2402030687422263
7.088346097137644
5.224742714501908
6.894832224514314
3.2808550327628154
6.694784576708114
3.2004368405164336
6.48800045215456
6.4026726349451275
6.274271707577812
1.6901734141340392
6.0533846319819755
5.430057966474919
5.825119818099821
0.316012954088273
5.58925203125359
2.714390592165529
5.345550075581844
0.9380098098903122
7.1402873732870145
5.545805392968241
7.008486583532118
2.6820301014258403
6.880010873791065
4.140148736769493
6.754753868093038
3.9936271297805788
6.632613000542933
3.2863504775098873
6.513489372134304
0.07942394580690904
6.397287613002708
2.0123281569340676
6.2839157499150105
3.4545586027542203
6.173285078797782
1.1911311656145238
7.142124966763161
0.0017617459089307452
7.01168155756279
0.420835381938665
6.884112529999566
4.573782395752806
6.759339467813309
2.694027935250392
6.637286285891484
4.514822973063589
6.517879159514605
1.2240882491725733
6.401046455717522
1.151470254126811
6.286718666705465
5.408926785194455
6.174828345265437
1.7648150272725873
7.1439736265448275
7.049185636087804
7.014907694410921
3.0935730690493743
6.888269350285737
2.4920634669409703
6.764003519456718
4.249979708628036
6.642056451346383
1.235386360362607
6.5223756878507135
3.6387530427202317
6.404910032406474
1.3391146448051878
6.289609519771516
0.28753001206913664
6.1764253865025625
1.1312984911913508
7.146008681259126
2.472925949048283
7.018472386804303
5.277757860671381
6.892879406703816
4.404386053789694
6.769195099387635
3.7489249644211684
6.6473854581288485
1.4979920610037811
6.527417099774736
1.1005388908479778
6.409257253666325
1.0313863697305337
6.292873750743515
0.05889768995762301
6.178235012832859
0.21610532675000504
7.1483515958245425
0.469133518337121
7.022592535536969
6.560033619852764
6.898228724807396
5.018734593676994
6.775242710974982
6.333931557385164
6.653617258416432
4.8588656229012965
6.533335346000448
2.403466646709102
6.41438016456984
2.014250398893796
6.296735114450854
0.325761973607368
6.180383802989597
0.21610633206017127
7.15113045218109
6.48856040422421
7.027499881892169
1.4731069686025662
6.904626834491516
2.18470721853371
6.782506309214288
1.5133297974229412
6.661133336929581
0.15633404946179885
6.540502979956674
5.281338059762572
6.420610331882232
0.07923899360695863
6.301450517378459
3.5367980360825944
6.183018692022229
3.936424832539828
7.1545022243591525
4.184939585357373
7.033480870776485
0.18879355539925857
6.912459517193821
0.610451949327643
6.791438163611154
1.5824315596735352
6.670416810028488
2.284334091376578
6.54939545644582
0.15582239047859714
6.428374102863156
5.277713272017744
6.30735274928049
1.7856432773431208
6.186331395697822
3.2599155096227044
7.158669845981333
0.10373946736971185
7.040908055925784
6.575860574137084
6.922231504673485
0.027113196005323914
6.802633445470342
0.33205653548194514
6.682107087661928
5.814670940172515
6.560645596444338
4.298672624075505
6.438242092613791
5.529870526384855
6.314889652314983
0.5430592585854961
6.1905813067881965
0.4934003975375485
7.163900496377782
4.821254677150393
7.05027426328261
1.404616018074568
6.934613601549678
3.8145779672817945
6.816886822280903
6.458862588956464
6.697061820172257
1.567294785341573
6.5751060688546
5.217901970088011
6.45098661618939
4.882046274422825
6.3246700795188975
6.243556974413796
6.196122640870575
5.098181679829182
4.618987369481408
2.7918632170087196
3.6489295295147737
0.016464011262711686
2.977617021785007
0.2235007900185706
2.5004003263118437
0.9259645703681358
2.1275715116294323
0.06528435800606158
1.818388999833511
1.467472382295717
1.5429364273512127
0.24084444383673065
1.2710072420732474
0.641145313828841
1.0050210549683454
0.7084957774357938
4.785655576513757
0.06446314948849974
3.874613799181237
1.079177003812664
3.251418646753578
1.7646248847704136
2.7757043978437377
1.5372268004981953
2.3896597037642344
1.6257916364939733
2.059268412606922
0.2952245444160757
1.7559321313076954
1.735648081130126
1.4458182381225106
0.6548521745010213
1.0725535791662053
0.6757928446086057
4.920708406723227
1.0048418749913721
4.083135760669227
2.3848526419745806
3.4988544462311517
1.7781418823223851
3.0321650870116192
1.500623755268063
2.6404230454252664
1.142043498252479
2.2950489698440872
0.6423928597613535
1.9687822253418679
0.03839536391692833
1.6246619872951609
1.394061865407369
1.1910068393424496
0.2502002941810254
5.042242203977882
2.91891772714213
4.283753604762864
0.1522288696083427
3.742343327421438
0.538659253800009
3.292457217591891
0.023734299996511332
2.9018516647902235
0.7869414045709264
2.546603260484668
2.044685170294086
2.2006010917424623
1.823649540129455
1.8234506640639505
0.2885034827872224
1.3280029962377502
0.8669495378704449
5.156775669076232
1.171207896999126
4.482584862308908
0.3944876232329029
3.991192325287825
0.420661689892448
3.5669440573629907
1.4668881753702143
3.1853289149944013
0.5074488183742025
2.826192762466575
0.3378780008944513
2.464067967494726
0.07003845556579735
2.054230242447543
0.8947039781109116
1.4913997626524695
0.5809042695129026
5.267533722437307
2.2225093651381815
4.6835270621207625
0.03586788136304975
4.251003592892705
3.4295011976882064
3.8628252539483356
0.3608394581617338
3.4999786500736336
3.3595452357146085
3.144936023536655
0.3687539629937755
2.7719331728761913
0.07018398429792905
2.330269247904539
0.9956042616987817
1.691794830112108
1.623007688243346
5.37640839996351
0.026101974155601226
4.8892501607459735
3.229535211222379
4.525994610500158
3.066155617421859
4.186390376748802
2.2957340950370484
3.8548175149929524
2.4296122072263926
3.514928915991694
2.7888867209046846
3.139172980239074
1.5240385529697007
2.6681797156982503
0.22236827430972328
1.9434673159533273
0.3734276013705513
5.484642093172365
3.31575559639949
5.101794872186301
2.8581835205983976
4.819832813431494
3.4264864141094336
4.5438647348498735
1.5829718070728083
4.259664915923048
3.88757929545373
3.950337690833526
0.43933515520445043
3.584396382701682
2.9018990603574073
3.089660809027734
0.008301154906001251
2.2659539630895753
0.7712907224992991
5.5931213738683745
2.4338440652558386
5.322867420040914
3.157766918769985
5.13601149978213
0.07374043744584746
4.941829816140448
0.9767998891070233
4.725696356882947
1.5617608492524364
4.468244744534701
0.004037442056239904
4.131175353620784
0.0010514414895688162
3.6234023375388915
1.4504556982433563
2.6860670714683743
0.9799314666497616
4.835247296489919
3.658662466578156
3.9660729822511027
1.2825806996059765
3.301861292523333
0.7741149826843472
2.7827900590152836
2.684059363352417
2.368661958132825
1.8790567351276004
2.0320090042677323
1.9863742842845333
1.7537203763561702
0.7498193417464174
1.5202489494949276
0.7122352455654943
1.321809278654511
0.8973183301849454
4.955834319871243
4.27312491915162
4.1343146637417245
1.9795289908919345
3.4780241211024037
2.9133441638859607
2.9532550343417694
1.5039544710663213
2.5450734653072073
0.8584459292841096
2.1946153039981304
0.35341643569221604
1.873203638010141
0.35961606521942535
1.5740626981193024
1.1436994950654622
1.3479314578093262
0.06947375672220346
5.056926473528865
0.1879347358393999
4.281974510539457
0.004310395374966802
3.6390455073602475
2.0408794545754203
3.1482122472648557
1.0947444245845082
2.742874039609679
0.2519895691812284
2.3813800685929447
1.9232097350260182
2.037842540644415
0.5878580384587857
1.6849740227661645
0.8450914432402521
1.3753348121934763
0.19656530221883117
5.1506115465419695
0.02629067534917162
4.424348225036154
2.120693077580224
3.817329386679794
1.1732462642950319
3.3557214196652447
1.348107321078589
2.9552011745372173
2.432618936572532
2.585998879746593
1.0425995888701844
2.223335036842504
0.8155237190964821
1.8353056576980906
0.31530682507670416
1.4068795808829635
0.3114954290361829
5.241345117325516
1.3466945451737091
4.567404297998144
0.17914792732535068
4.012966947969538
3.631889329192421
3.580089646562046
1.6006665240043563
3.189632440786142
0.8055698233100705
2.81702085124274
0.8414092548647223
2.4376920895276912
0.06437693069424855
2.0150489656857955
0.004050657367130395
1.494710471354642
0.6364509511790792
5.331421297568396
0.06521295685940043
4.714518698439393
4.581914543743341
4.224400014371147
3.9289542896103815
3.8266973230205594
1.8469280627684337
3.453678002596484
0.05675726857395258
3.083596767593839
1.2479030600186503
2.690976324618073
1.7656026009530483
2.233147902643094
1.966343385550418
1.6335880731292085
0.18450306554722573
5.42227034259631
0.03745973106645639
4.868128175987776
1.1072753354646832
4.4541593126938235
0.47736547022746745
4.101159806730405
0.9261697982942421
3.755485646802912
1.4483499524651675
3.396345012756141
2.4489184394655874
2.995728500628106
2.2000338627049576
2.502397694546874
0.39930773149987875
1.8148120759046313
0.6156235069193681
5.514912003978072
1.7204684011740285
5.035150886553989
0.07887480092402299
4.705480204825712
1.5555311381352794
4.409603172641935
2.758588926174611
4.104418831792428
0.9432560447339724
3.768133230990043
0.008985688076657894
3.3679155165174692
1.5944661637360964
2.840042398220076
0.27187770272065004
2.050480215293014
0.5564257932885257
5.610151535678362
2.864864167277494
5.219274367530684
3.197463411050088
4.982008025294583
0.12931820150140894
4.758931033599388
4.242866299827429
4.511535722703675
0.009125205407706893
4.214837070355153
1.0881894446510803
3.828041168102374
0.4393394919728757
3.2691161639842514
2.887251856665916
2.3593297859164317
0.10542965483260325
5.0092919963616875
3.3143325747959786
4.234215226651257
1.8759100658398764
3.6179206752427624
1.2487112118767807
3.1202052912210063
1.2656482838563181
2.7122626829090164
0.7742647254097228
2.3732413977451623
0.38346525965340206
2.087878919970005
1.1044506867978099
1.8448697614657428
0.18650063213658474
1.6357348918779469
1.3151526392082928
5.097709016725353
4.812972492418242
4.362245894368591
0.23183361287529491
3.7563286215832576
2.5258262550915695
3.251926311156863
2.220218430879129
2.8277353740219953
0.9128598641830366
2.4674790196171204
2.010008898933133
2.158646068408934
0.256358635446686
1.8915552687301505
1.6812625327364588
1.6586605034288753
0.06370026915231941
5.173944327839868
1.9778048735616607
4.476795595720846
0.009605951175205352
3.884286091958857
2.6433128699550243
3.37725459575106
3.166569707999342
2.940393073139105
1.3618346533800185
2.5614399749439754
1.422892814115945
2.2305440380795285
0.09661531431706605
1.9397628953792045
0.2972436522484061
1.6826681107254817
0.10251083325473109
5.246376648544095
0.5499751357019784
4.589248444536014
1.859993683402232
4.0137191411983055
1.7277885932921713
3.507527404391355
2.53411626110547
3.063809339192688
0.0460333740566754
2.679201127372207
2.1920959264063544
2.318180679593941
1.3196859845336222
1.9942722662103272
0.8474601012638843
1.7102435904304656
0.11663873691902849
5.31820948093022
0.3030773401238198
4.70427523045328
1.0642773872958244
4.150021732963324
3.0515771094691155
3.6512102308994807
2.66277568804814
3.2350078962003526
1.925880689169254
2.8519743297112097
2.7428932924360527
2.4710409740459283
0.8648123825264573
2.0753520233182545
0.9531808058723246
1.7435162774338449
1.2578092927167543
5.391199555731949
2.8733520312936864
4.824733517551621
3.8202526356275532
4.2969535156360426
2.2054926730653435
3.834184351845181
1.6695107800969566
3.4427581930649733
2.7050211165714675
3.0625612337961847
2.019114103366053
2.666362048116279
1.906764631020446
2.227531215433568
0.20687006735646474
1.7850876282846961
0.5904202292647232
5.466544408559604
0.05075815572693276
4.952845123994173
0.7194602089754287
4.458128817043786
0.1987544072230274
4.0521901288554645
1.946519157699981
3.687966098565909
1.8105520382766174
3.3159545367272925
0.45453487537690584
2.908145413497044
0.2012922124415022
2.429394719016707
0.032314159118550734
1.8579739464415244
1.8354752852680896
5.545195244482261
1.9179765611563209
5.090621785557488
4.720423134113464
4.647995007460212
0.39480364236615006
4.305938499361211
2.770318343151273
3.977541448331762
0.22559630381744533
3.6221654407286854
2.718644498337226
3.208066557776808
1.1168680136518474
2.689221115784017
1.701698299631645
2.008230515947779
0.3143743038831346
5.627994979259246
3.0949074524787124
5.240063773342296
0.1167747021665635
4.8721443512739455
0.27692132461281727
4.600689588514555
0.8661755825051456
4.321204146999341
2.879291355695859
3.9947809878714455
0.4888791601434548
3.5826970643087215
2.517503249865113
3.0236382068970364
1.87047151154224
2.2238184630235582
0.9986497489063488
5.165073099790927
0.5524284121940357
4.484383691280579
0.1608463095694157
3.9233266751969644
1.82032555472522
3.45597139733945
0.6617575733642966
3.062652363354668
2.3658441869119287
2.7283656823909457
0.059119932644972506
2.4415876266014935
0.3217709649526288
2.1934031422899967
0.6223420421559445
1.9768618595212917
1.5158251044846873
5.228611560764132
2.8265107130559457
4.579492554504352
1.0693758523199728
4.029218171562344
1.1634094803413815
3.559393940442466
0.9211773526449876
3.1553947755665046
1.6764828196778345
2.8055581126838023
1.1009660696646386
2.500552048545503
0.04536961973033238
2.232880746398204
2.207566215063305
1.9964973610174455
1.3962424093676535
5.284819804339003
4.104410500302619
4.66616011549802
1.5219605968733658
4.128336794724517
1.928179765363903
3.6585672372269995
0.4408702070940125
3.246266623483258
0.1664541330092173
2.8826586715816904
0.8304809002194338
2.5604552539589682
0.9354835765454301
2.2735929319513972
0.03358129301580348
2.017016470653954
0.21330055063911502
5.339481388063881
0.4780173079601422
4.752728247160361
0.16129479166943916
4.229838275756292
4.117347556977621
3.76249335815346
1.8740035930559316
3.3435370546208785
2.595435497367959
2.9668099342094005
0.1412254733496905
2.627007891632344
1.822255654965074
2.3195603438696355
0.5144077368135425
2.040525603814561
1.7195870315036825
5.394927709619056
4.855502626409665
4.842831505561984
3.8443592319329185
4.338106674358352
0.8466108873454052
3.875954003751448
1.4529693373499617
3.4520873862386794
0.14632868429721002
3.0626790185133848
1.4300984041791267
2.7043102801468573
1.3255046305285418
2.3739277292700853
1.3004224606956374
2.068803705751923
0.33092412205715016
5.45255136076773
4.5179093184910055
4.938892920057992
3.774470710327542
4.456421495964381
0.009571193525347077
4.002938183221643
3.469704985441575
3.576404694786275
3.4831257607433814
3.1749318438087712
2.064245354375723
2.7967688150783676
1.9108712892724045
2.4402931748942924
1.919562400377278
2.104001571412793
0.009071905661254931
5.513409553660029
0.371510928656166
5.042977541314962
0.38919376768202074
4.58788224030457
1.7185675442629895
4.147555365497303
0.04820325891205757
3.7234589968349905
3.4228830382208395
3.328626102811077
0.12297546763292022
2.932114677775106
0.454990974016245
2.5245875804387183
1.2003250168516106
2.1490088322945433
1.5504595477190395
5.578441941110209
4.528730535299089
5.1571151788133855
2.1074509116025633
4.735788416516559
4.396170936350435
4.314496041917483
0.04820933729946919
3.9251037000260713
2.528199619681095
3.549359677633758
1.5566725259172989
3.1415610875202415
1.9603691191875243
2.677898346538667
1.190850787980212
2.2078278427356137
1.6047394867821998
5.648572046841052
0.6420318133695684
5.283465736537452
0.0011008766163538297
4.903864764135955
3.9072629079353316
4.522024736773401
2.8591534100826577
4.186751517457794
2.958394693328959
3.8343927833494695
3.420357662081575
3.42068641806795
0.9093272933766352
2.9089159498036326
0.9991267631308416
2.2998863406325425
0.6675707772542321
5.311203149357645
1.1116903831190754
4.728057506467474
2.793385481263401
4.230802181411674
0.3772819430943124
3.803878393686194
1.2127185129480438
3.4348539047347484
0.0619510262819567
3.113761349643788
0.8211921790055765
2.832579680647879
0.024912331688867972
2.5848276757220026
0.6443684044232498
2.3652451380595703
0.8400521047371732
5.3549149326943635
1.9704353876384246
4.795544010552246
1.6104192774212693
4.308091602791674
3.6860670520734833
3.8813231271391375
0.6652413890248354
3.505921723382693
0.016591788810621733
3.174149170041512
1.8013692331295386
2.8795670385887844
2.6408730454191858
2.6168075318930293
2.313043358372403
2.3813852556494095
1.5402810878009854
5.394541306466744
5.317467623874757
4.858164447716302
3.4148556945772857
4.381367333850564
4.148315848018912
3.9562115075346993
2.1567808469308885
3.5758966433720722
2.8611152046278603
3.2345942585484195
0.5091459458804262
2.927305445573409
2.5085098388637723
2.649739256081626
0.009308950189361731
2.39820881942905
0.4129025422137129
5.433959633692356
0.7762604369139661
4.9218060551800935
1.6840971049571798
4.457361284860506
1.3756357040091665
4.035371375943173
0.9046624371505083
3.651194550162157
2.1452035503332905
3.3007297332172882
3.0968468503983644
2.9803532089353424
0.29902435792390225
2.686862508810777
0.3347680377461528
2.4174267448474316
0.8756417937315746
5.474847274887596
0.10172633784823493
4.989221081554433
1.42023769767566
4.53950323998451
0.02604041876721075
4.122608430969747
3.68735556592531
3.735726540678792
0.6401148410935322
3.3762985063740594
0.7741845657796449
3.041994192500269
3.004853559967507
2.7306921358852843
1.3817671752383158
2.440461010819941
1.3734827055184242
5.518314760116732
3.9587912747542617
5.062418254786149
2.4177856893702048
4.630545651978985
2.2510897630312696
4.221256590387843
0.004319229607045116
3.833198426445379
0.04827715624344231
3.4651010789769012
0.3120782486042595
3.115772159401284
1.5249723424965484
2.7840923727282187
0.242066290009034
2.4690111753083284
1.9233708711928998
5.565305191234157
4.447694680743447
5.143263266452776
2.0058286187956558
4.733250906389497
1.5578698567514628
4.3348883228454484
0.5318558160408715
3.947807601388044
1.5896161338653854
3.571652350503998
0.8179878776668557
3.2060773603650974
1.6205261162986089
2.85074827096415
0.10418644508191832
2.5053412493841423
0.08602092271453365
5.616746100663231
0.16757262848794507
5.233723497919428
2.2671788195506863
4.850700895175621
0.004338739420725268
4.467678292431821
3.355095330631163
4.084655689688018
2.6049318116610083
3.701633086944211
0.5490357578959886
3.3186104842004145
0.3006705061236703
2.9355878814566063
2.4913942513029594
2.5525652787128017
0.10165702230862816
5.673628239181846
3.2758286374358265
