1 2 129
1 3 66
1 4 35
1 5 20
1 6 13
1 7 10
2 8 9
2 0 0
2 0 0
2 11 12
2 0 0
2 0 0
1 14 17
2 15 16
2 0 0
2 0 0
2 18 19
2 0 0
2 0 0
1 21 28
1 22 25
2 23 24
2 0 0
2 0 0
2 26 27
2 0 0
2 0 0
1 29 32
2 30 31
2 0 0
2 0 0
2 33 34
2 0 0
2 0 0
1 36 51
1 37 44
1 38 41
2 39 40
2 0 0
2 0 0
2 42 43
2 0 0
2 0 0
1 45 48
2 46 47
2 0 0
2 0 0
2 49 50
2 0 0
2 0 0
1 52 59
1 53 56
2 54 55
2 0 0
2 0 0
2 57 58
2 0 0
2 0 0
1 60 63
2 61 62
2 0 0
2 0 0
2 64 65
2 0 0
2 0 0
1 67 98
1 68 83
1 69 76
1 70 73
2 71 72
2 0 0
2 0 0
2 74 75
2 0 0
2 0 0
1 77 80
2 78 79
2 0 0
2 0 0
2 81 82
2 0 0
2 0 0
1 84 91
1 85 88
2 86 87
2 0 0
2 0 0
2 89 90
2 0 0
2 0 0
1 92 95
2 93 94
2 0 0
2 0 0
2 96 97
2 0 0
2 0 0
1 99 114
1 100 107
1 101 104
2 102 103
2 0 0
2 0 0
2 105 106
2 0 0
2 0 0
1 108 111
2 109 110
2 0 0
2 0 0
2 112 113
2 0 0
2 0 0
1 115 122
1 116 119
2 117 118
2 0 0
2 0 0
2 120 121
2 0 0
2 0 0
2 123 126
2 124 125
2 0 0
2 0 0
2 127 128
2 0 0
2 0 0
1 130 193
1 131 162
1 132 147
1 133 140
1 134 137
2 135 136
2 0 0
2 0 0
2 138 139
2 0 0
2 0 0
1 141 144
2 142 143
2 0 0
2 0 0
2 145 146
2 0 0
2 0 0
1 148 155
1 149 152
2 150 151
2 0 0
2 0 0
2 153 154
2 0 0
2 0 0
1 156 159
2 157 158
2 0 0
2 0 0
2 160 161
2 0 0
2 0 0
1 163 178
1 164 171
1 165 168
2 166 167
2 0 0
2 0 0
2 169 170
2 0 0
2 0 0
1 172 175
2 173 174
2 0 0
2 0 0
2 176 177
2 0 0
2 0 0
1 179 186
1 180 183
2 181 182
2 0 0
2 0 0
2 184 185
2 0 0
2 0 0
2 187 190
2 188 189
2 0 0
2 0 0
2 191 192
2 0 0
2 0 0
1 194 225
1 195 210
1 196 203
1 197 200
2 198 199
2 0 0
2 0 0
2 201 202
2 0 0
2 0 0
1 204 207
2 205 206
2 0 0
2 0 0
2 208 209
2 0 0
2 0 0
1 211 218
1 212 215
2 213 214
2 0 0
2 0 0
2 216 217
2 0 0
2 0 0
1 219 222
2 220 221
2 0 0
2 0 0
2 223 224
2 0 0
2 0 0
1 226 241
1 227 234
1 228 231
2 229 230
2 0 0
2 0 0
2 232 233
2 0 0
2 0 0
1 235 238
2 236 237
2 0 0
2 0 0
2 239 240
2 0 0
2 0 0
1 242 249
1 243 246
2 244 245
2 0 0
2 0 0
2 247 248
2 0 0
2 0 0
2 250 253
2 251 252
2 0 0
2 0 0
2 254 255
2 0 0
2 0 0
