5.336011521637301
2.0959655907293344
4.98650682300665
1.2681409772488657
4.624688716784241
0.0631057335148908
4.25011766675925
0.6140339801037795
3.862810411690048
0.28701052072777333
3.463448629890307
2.265437734810475
3.045294951121009
0.6948744759871968
2.614995511838379
2.323124960245157
5.451932527900331
1.5716238684145778
4.971179471602975
4.0880376563125065
4.5475722510333725
1.8748492824535572
4.172784232454212
2.9919828078190815
3.8398276682051753
2.070382734201475
3.542828337957107
0.13197633127024488
3.276838713973082
2.325768192110801
3.0376830857925268
2.9290048573813636
2.821829181447629
0.2739233464781692
5.479888700338268
3.3598645355965284
5.015635151776626
1.386177735898197
4.599910469622962
2.1610022225911902
4.226591222020604
1.8261666951255298
3.890391445363595
1.1870035324465404
3.586745015366638
2.3897611484553667
3.3117044803404205
0.0766912955613126
3.061854102056981
0.5012472188311685
2.834235148473956
0.2983017354869686
5.5058442570362
1.4615097783875965
5.057644733544436
1.7793448185431404
4.6501967607354615
4.4614681279434905
4.279098973323474
0.6976019720601636
3.940455925200591
1.6842180545727157
3.6308194629339345
0.06246768694985816
3.347136749986555
2.407529972754071
3.086704215143396
2.975478846493196
2.847126774346745
1.5459577367886528
5.532251437340576
2.4022933646352937
5.101099644677932
4.8868740791299246
4.703044804115946
3.1335689753172624
4.335123335552815
3.8760422303918514
3.994648533082591
0.3078121248145802
3.6791849811395645
1.8564175066765136
3.3865252454279773
0.7542956467732407
3.114668646747363
0.07559697088209472
2.861801941074509
2.760371053386937
5.56026849916025
2.5437538760614418
5.147971176561354
2.4625938898124717
4.760968888584824
1.3832803344317393
4.397489830390075
1.5092226341456958
4.055888850056748
2.5443260203508826
3.7346386720948557
3.4488124129574365
3.4323216963114556
0.009486530764771128
3.1476223367447735
2.0826554898174594
2.879319867393123
0.001090769460672547
5.590753294600871
2.0192097519885834
5.199836341263077
1.9776259863053216
4.8261317959067345
0.32545127368342985
4.468796683812782
3.985275244757793
4.127029117168631
3.3663599663407386
3.8000663943761603
0.22171745755090155
3.487183181155062
1.806939039408261
3.1876897701910867
2.485768230739861
2.90093041619776
2.7624349447723406
5.624515123502754
0.4122286562082005
5.258278808329385
4.585063065570034
4.900827156538463
2.718598737399253
4.551933363358205
3.5605484819830755
4.2113762865363125
0.7149031863996758
3.8789403151197943
0.04860826822664066
3.5544152410170575
0.7255579580798361
3.237596133288453
0.6280444099497755
2.9282832151123834
2.086309556533987
5.662420007403843
2.4963767332158824
5.3250713114006505
3.249274336412533
4.987722615397461
1.838814234612415
4.650373919394269
0.7870354009004688
4.313025223391078
2.5328836642040837
3.97567652738789
0.19782913882515896
3.6383278313846947
2.2389833102747687
3.300979135381504
1.0713880682440022
2.9636304393783117
1.4399941471623245
5.705455094380664
1.0851036125748053
5.402301242063652
0.5898834304818568
5.0900482615860785
0.06491981318884044
4.768430444457577
0.28812676485139477
4.437175099518694
0.46476191476002526
4.096002390609188
0.5822466741808867
3.7446251708927143
0.2407778317258078
3.3827488137765434
0.016446915922883498
3.010071040363874
1.5163030048425892
5.589746282992634
3.1249380048969724
5.217480565715822
4.133412682143236
4.87876835130403
0.12023637738326398
4.569916659380428
0.4567919856154443
4.287678557999114
3.340604177277812
4.029197117596345
0.06383284803806388
3.7919564724562234
0.4576437700684779
3.5737390965691445
3.308068834972681
3.372588510679308
1.9039639394437557
5.605561803127159
2.7745025983109652
5.243360796539752
4.222816119464806
4.9100803759259986
0.18905409588397193
4.602953047888761
1.6770033030699656
4.319495910951529
2.7021584721314897
4.057480859239815
0.5382560432060806
3.814907869319378
1.563422361835868
3.5899810602644138
0.4160604009572735
3.381087246991129
1.9476379860525777
5.620596684685157
1.1972793712121987
5.268275544867599
0.30627490944240643
4.940589468424832
0.5431784911749578
4.63551411253464
0.389399007460943
4.351200147540394
3.7790978658635916
4.085958167763149
1.0505475645407847
3.8382448637427107
2.7272758340204533
3.6066503551872957
0.016704358217117576
3.389886591532278
3.3068987877453093
5.636244167610229
0.3448876490712429
5.294520069189646
2.202375202111704
4.973104541547209
2.654196022987594
4.670610312536166
1.1786181459535277
4.385747555981461
3.4054530609164333
4.117317208056653
1.0961033032139902
3.864204720086878
1.708334214820276
3.6253742209745528
0.44744911805168686
3.399863063984844
0.19497423376395728
5.653233336440326
2.7173443152734764
5.323364949620051
0.9584072970748077
5.009271070659538
0.037666681626217
4.7101070172604524
0.32571204288156785
4.425073454516393
2.5255074518923166
4.1534140690616415
1.9440405746330152
3.8944133547895903
1.1417221449130515
3.6473945051776626
0.4167245968140785
3.411717407459971
0.40649465210997615
5.672168576923739
3.6773017479483228
5.355921894116018
0.2757566655495314
5.050603487932477
4.002449049298161
4.755803685761748
1.8628078538742479
4.471127782195165
0.31949223973236185
4.196195528283799
0.8875725263689453
3.930640636817442
3.8798178993442933
3.674110303165426
2.8892952512333325
3.426264741231305
2.5845761820616224
5.693675155821521
2.869481381261747
5.393387365082413
0.7713903060124707
5.098790706697502
2.0686942769893397
4.809772691500915
0.037413146397845765
4.526222929354443
4.218194826921479
4.248033093406802
3.964686542014164
3.9750968849031656
2.107223856189563
3.7073099985371982
3.329953927006488
3.444570088338118
1.9276283000278234
5.718469506474859
2.7319290680645967
5.437170309542682
0.5985998160003607
5.155871112610511
1.0782436560654594
4.874571915678333
0.026283145347872683
4.593272718746158
3.16486906848717
4.3119735218139805
4.253297832141792
4.030674324881809
1.6889044214865185
3.749375127949632
1.9608642774717158
3.4680759310174523
0.06211587800037588
5.747411333165153
1.3138507942738586
5.488995396179197
5.088280474792219
5.224385745451961
4.547862903758366
4.953444597248593
1.2414733786886494
4.676031486381184
4.085249105193572
4.392003220828993
0.0010996638379596746
4.101213835685635
2.284168156440974
3.803514546424325
1.396753220406283
3.498753701472296
1.1729227818763448
5.7262686645618315
3.3335232855783197
5.469641242549509
0.1022889335898034
5.228629429771109
0.026596458858181293
5.002077950308049
3.910700868672123
4.788924771005357
0.026405296989521432
4.588193321952807
0.009693099146434125
4.398985368013309
1.0101480434127907
4.220474477722
2.3912070739514264
4.051900040190967
0.0973663475504507
5.733373434669402
3.039661348733363
5.481597650676087
5.324703748533037
5.2434934375874445
2.7060638881150942
5.018178097649354
2.9338638257808665
4.804829630067428
0.24117318120830955
4.602682518598879
1.4215150875346327
4.411023805787996
4.119994863960649
4.229189435027447
3.2994086376090634
4.0565608428080795
0.049647571409838775
5.740288952718548
2.823776074858909
5.493329223711565
2.801948939066346
5.25819185373006
1.7111114003733423
5.034219471716196
3.134412894001283
4.82079270601023
1.7297750996762398
4.617328017358606
2.6254441748495942
4.423275650648393
2.3722757549594915
4.2381176992020295
0.15973825830288524
4.061366275768023
3.9046777862624515
5.7476540646413765
0.017282249262240867
5.505921646677472
1.882332033831374
5.274090226599164
0.8153908848681763
5.051701123038656
2.501990222918417
4.838317179029142
3.156166455822514
4.633521788104154
0.5685565503533856
4.436917961927656
1.2911349447609988
4.248127437802223
2.8254506154331085
4.066789824463873
0.34326038454345964
5.755842997628029
5.420353558608943
5.520035772805519
1.7607087434045674
5.292051959380837
0.8622794631344717
5.071607030351629
0.026501650423783385
4.858426646609429
4.65849311350536
4.652246313318657
1.6337056173691682
4.45281104702081
1.7413615894842778
4.259875053155691
0.7005689268828115
4.073201413699975
0.9256148240247954
5.76520077648705
2.4054576032018398
5.536300889915396
3.311704338541359
5.3129248378883505
1.8962783786437827
5.094931912554779
0.670443993062674
4.882184825968505
0.08200301817052269
4.674549633624663
0.7285179244525497
4.471895659550845
0.16123204927404178
4.27409542292432
0.23344671886848412
4.081024566187107
3.0876181348431215
5.7761133126337505
0.08409287511577279
5.555436500148022
0.2790472774158994
5.3376983388673604
2.273333897092887
5.122859394966315
4.478429319356494
4.910880722402583
1.014142577794857
4.701723857497485
0.06510439561971726
4.495350813570305
1.0601515077880883
4.291724075626043
2.3616343608222174
4.090806595096055
0.6871794672624518
5.7890480115294425
0.026788400287475866
5.578327319651853
3.9224464568582373
5.3676066277742605
0.4799933188399681
5.156885935896668
0.4729996730776449
4.946165244019076
0.3959551003042634
4.735444552141486
2.0242240908433136
4.524723860263895
0.05015620805345122
4.3140031683863
0.26048041913717057
4.10328247650871
2.129263014316935
5.804589727869665
0.6613563227281833
5.606092940247905
3.9346191171082836
5.404228507372839
0.7266776667292572
5.198945958620395
1.622519373185674
4.990194178928258
3.4777694319013293
4.777921401746379
3.036472891961022
4.562075201920479
0.8403935627941923
4.342602488508058
3.878689468617525
4.119449497526263
1.0967281241686289
5.862652048199512
0.7116448817418082
5.729793145134476
2.39900911501209
5.601032566502642
3.871538112744522
5.476217343360353
0.24923443462494355
5.3552006971104404
0.1931019634875044
5.237841782196125
2.130795336811902
5.124005439457541
2.5333867436815094
5.013561959717748
4.944243295296598
4.906386857182715
0.21548630373821842
5.8644546157702715
0.6222876538119184
5.732911471011067
0.7056189835173781
5.605015786034362
3.5728861160385375
5.480648336548057
1.4614925710544995
5.3596940102522055
3.72791551409897
5.242041664950044
0.44268211343461994
5.127583991422851
0.026563557260648185
5.016217380915268
0.06589969262511675
4.907841797082527
0.46932251353095156
5.866251353210244
0.03835362856457447
5.736031649564803
0.12369986160559776
5.609016457132401
1.538809346714788
5.485115337572293
0.16867290516143463
5.36424047336296
4.461070025887125
5.246306593672427
1.0560475670354847
5.131230902225472
4.002328686568833
5.018933007116998
1.8354199798462867
4.909334852522239
0.3326342530936297
5.868210477118599
1.2244757953594103
5.739446844313361
0.3139728600299838
5.613411985661803
0.017260755200294575
5.490041626461578
1.3488797970826418
5.369273002126863
0.30857451552962356
5.25104482439756
2.578668883261132
5.135297248254428
0.24538428213181973
5.021971839526421
0.43655381495886214
4.911011543176906
0.3987019077211138
5.870442856528413
2.724387472175689
5.743353959121999
2.0644828468835854
5.618460640654837
0.08385609622609724
5.495722269680617
0.8788424045494301
5.375098941570869
0.30858587598239495
5.25655146643276
2.386439485917296
5.140041357211018
3.256800120673188
5.025530817971276
0.12100618506796135
4.912982732362437
3.5867534221516224
5.87306100680717
3.790920089829152
5.747955667110524
4.03490017408847
5.6244319416112445
1.4228452086495862
5.502469338394991
4.109937546434657
5.382047613588972
4.32482815694577
5.263146768639174
0.7701505864546276
5.14574704761449
1.0951401788824975
5.029828934537521
0.14262787528934062
4.915373150741856
2.9489247698793815
5.876199250438212
0.22414144285523463
5.753496167298784
0.3818824269097467
5.631653556426967
0.34514852551948394
5.510665556417591
0.3104008164091905
5.390526341825845
1.06823344671478
5.271230122971935
0.33889725734173215
5.152771145746715
0.676152523831429
5.035143691418242
3.79780532042147
4.918342076439229
1.6431611589022803
5.880027898291882
4.276345213681784
5.760287093176727
2.613871382390826
5.640546288061574
4.6706548181986
5.520805482946422
4.655726516390706
5.4010646778312665
0.8707649194682991
5.2813238727161105
3.817617149856285
5.16158306760096
0.017165823818604764
5.0418422624858055
0.3675011002510997
4.922101457370655
0.5443645418081493
5.884767681372026
5.452500801395554
5.7687343579055215
0.7988788575750752
5.651660950050094
1.3663639988449576
5.533539626057548
0.6504044557180588
5.414362505130263
3.179907021775782
5.29412165716135
0.909842534972447
5.172809102473606
3.886117885652647
5.050416811557284
1.7238387230463124
4.926936704806682
2.457087973638714
2.778026266179052
0.7678957196183172
2.1319917103503028
0.03736532846929652
1.7174343395624168
0.851951986406486
1.422421943676761
0.14491310672010194
1.200314445206249
1.0711163627521179
1.0234576144733047
0.055376384714484805
0.8724101395765673
0.07040798088391242
0.7285597166946809
0.4492904982325092
0.5626482664356367
0.20015344660623946
2.8969492189028063
2.4629956767647716
2.305013501342959
2.077077199809609
1.9021273849408198
0.1247960921688347
1.6014801601757427
1.2147053153644383
1.366553331902416
0.844285462488235
1.1736334004705191
1.15937121789791
1.0040417124945629
0.05161414763783756
0.8371453566810173
0.2735495198234795
0.6355644419734717
0.1415682913678734
2.9936905689513784
2.809206628835624
2.4553419318884013
1.4876006747739399
2.070085187658199
1.5057211495077096
1.7704230326624728
0.340298487119854
1.5279554570726408
0.6263573052156814
1.3227137890265321
0.7283016442668468
1.1370378143477402
0.8538034290653855
0.9485228509614714
0.26217155726048946
0.7117820357443843
0.6399341498797817
3.0820202680116493
0.6225312176769942
2.598436398063483
0.04589227713277921
2.236704974215197
1.887791722515212
1.9439676216827473
0.05698802913251155
1.6985554400622815
0.004233702920158233
1.4839744139778088
0.34489914814253364
1.2836176761826854
0.1603277781869863
1.073183021592815
0.2999096716207357
0.7983624184906777
0.3632238568374726
3.166678540963325
1.5884178580604509
2.740144134154143
2.3631961501637484
2.408325004187626
1.916536123255833
2.1289978172184636
1.3868977295582887
1.8859056402386396
0.29600654334854104
1.6655500521266986
1.3724627587167935
1.4521477169834927
0.1756309028596208
1.2190060749581884
0.19062566495620126
0.9011392929090583
0.4778601146477588
3.249488501806276
0.03142827201470322
2.8835786563283365
0.2548619994458674
2.5887992926187415
2.196338065798794
2.3304412062193536
0.6960418457680055
2.096273564580934
0.48031044171390835
1.875042853548726
1.269329951610676
1.6512066935469334
0.5842102099450623
1.394679470354729
1.114911436310265
1.0269500088012031
0.9810055495232053
3.33155489567232
0.004600217407325857
3.0307642398587937
1.5309472575126755
2.781072377630128
0.23473987483459258
2.5527046968609763
0.08600970986720835
2.3359815078194
1.5401652227310025
2.12083915171552
0.2370666929544858
1.8909356929755803
1.8051753584638743
1.6110505156064963
0.14897703974189724
1.184714249137893
0.2557348411108289
3.4136367650764567
2.5850912837427407
3.1832129606353092
3.0233066681309158
2.987738835796139
0.7135818666404905
2.8002130193352297
0.5606111086168459
2.6119790755277137
0.5216067994317166
2.412800608948433
0.10082421818013554
2.183927433876763
1.2723081459803125
1.8822121153805487
1.1635009735858803
1.3864525486790003
0.9260333991753127
3.4962955988965714
2.969874385784701
3.3421749156213707
1.54238552993845
3.2112935322293445
0.028795464411137672
3.077677727070717
1.0998644346240019
2.93219693870505
0.011049810648987801
2.7628067203825495
0.5248412343700117
2.5460686535535304
0.9993210994414801
2.2266714489660924
2.14507766716049
1.6484852365842908
0.39377801934114665
2.9365720391207466
0.40965151144793044
2.315479762499871
0.7410411182038636
1.8842480215181383
0.18541570182408051
1.5771351469220323
0.06873205416754224
1.3400709442869276
0.8507804989672088
1.1468542777359614
0.14388865368895298
0.979320031217322
0.31659119694031124
0.821490835986156
0.36667952266492343
0.6706501761679404
0.6634298733300086
3.0233531766337
0.09327532331825683
2.4334290882199068
1.6899972001360242
2.0261717418151317
1.778205884684719
1.720603441292559
0.3863858419837407
1.4759784280126163
0.14742567538634122
1.2701789149062106
0.6321440599830372
1.0859446240725323
0.17132248219399737
0.9054129864131575
0.6672515592505488
0.7062806918545728
0.4618141354282912
3.0961439410516114
0.09340556946629697
2.543421485153643
1.1250085586526621
2.158616007468214
1.445130085070752
1.8580602030289706
1.6570880274093343
1.6094452580345666
0.37045241455275013
1.3939067174939912
0.5740477968484536
1.1950381420151646
0.19427400175135578
0.9933651579069047
0.6849388730654526
0.7595479679092978
0.08361434839546389
3.1636113121261733
2.8170437843766702
2.6524420838274336
0.12754703063280903
2.2923923207590127
0.4478833457043425
2.000802284585411
0.7601461873571012
1.7515407506369867
1.537244643016388
1.5284937793299511
0.5872498632932273
1.315950770684626
0.025451821471421
1.092654715739315
0.029876596790184173
0.8223106400940663
0.19361194659951608
3.228946514102418
0.7610692215780155
2.763648779417763
0.4772571047692251
2.432372489337219
0.6637703833187554
2.1544801312580253
2.029078860544705
1.9085334224305397
0.5220389991384224
1.68061518174558
0.29101780003450983
1.455358895766826
0.3126754344773839
1.2092149352739396
0.4320810727169271
0.8979094117350079
0.3651725120388747
3.293788992176867
0.9692273442103003
2.879099619734233
2.56115194578637
2.581821191366716
2.2243326932712115
2.3234238215420606
1.0431671111013272
2.0858603328407908
0.0850927349238888
1.8566871309248683
1.61321147806005
1.6202475396165932
1.1108702950429983
1.3497522754209152
1.0577666830403107
0.9910143362435664
0.39002749044503315
3.3591571817260215
1.0497329886528286
3.000374358005205
0.047064374553520416
2.7434822651723927
2.056890929415351
2.511740536361353
1.154968526573997
2.2891987959953264
0.192793139247581
2.0639275845032783
1.4710233412105342
1.8189596282148615
0.07472765109676605
1.5227001008246939
0.00709482518358362
1.1079412005432137
0.006943128882204608
3.425773612635039
5.222551882422266E-4
3.128843609645311
0.39268951617118475
2.9199837222018585
1.1182117717778093
2.723755306996086
0.3319560056849413
2.5249651312292096
1.6112331261140174
2.3109575237302513
0.6661760976086475
2.061927965440642
1.1304118629635305
1.7390330881367033
0.15493153058661324
1.257265296547604
0.006943344523443251
3.494205363088893
0.0020718010676912257
3.265800988843603
0.4685060021433145
3.1140335261993304
2.1854534419796785
2.9642579622870464
0.7879036163642592
2.800659105276538
1.7818968578553642
2.6083083684007997
0.06278002696477536
2.3623961978173256
1.7457726261508633
2.013167409017269
0.035824361434654506
1.45062483942802
0.023448818934387106
3.065489394608706
1.1540703192442097
2.5040468908737927
0.34059762003158633
2.077328226419608
0.16406584763490617
1.7470812913926248
0.39125992603514304
1.492040458828422
0.5838837578136062
1.285380900574451
0.1701654070755123
