2412
ADJUST
AFFRAP
AFFRAY
AIRBAG
AIREST
ANKUSH
ARGOSY
ASTERT
ATTRAP
BACKRA
BACKUP
BACULA
BAGWIG
BAILOR
BAIRNS
BAKERS
BALUNS
BAMPOT
BANDOG
BARBOT
BARBUT
BARHOP
BARLOW
BAROCK
BARONG
BARONY
BARQUE
BARTON
BARYON
BARYTA
BARYTE
BASONS
BASQUE
BASTOS
BASUCO
BATBOY
BAULKY
BAWDRY
BAYWOP
BEANIE
BECKON
BEDROP
BEDRUG
BEDSIT
BEDUCK
BEDUMB
BEDUNG
BEFANA
BEGUNK
BEHOOF
BEIGNE
BEKNOT
BELDAM
BEMATA
BEMETE
BEMOCK
BENCHY
BENUMB
BEROBS
BESTIS
BETONY
BETOOK
BETROD
BEURRE
BEWORM
BEYOND
BHAJIA
BHAJIS
BHAKTI
BHOONA
BIAXAL
BICEPS
BICHIR
BICORN
BICRON
BIDERS
BIDETS
BIFFOS
BIFORM
BIGGON
BIGWIG
BIJOUX
BIKERS
BINERS
BIONIC
BIOPIC
BIOTIC
BIOTIN
BIPEDS
BISOMS
BISONS
BITCHY
BITERS
BITTOR
BITTUR
BIZZOS
BLOWIE
BLUDIE
BLUEST
BLUESY
BOASTS
BOATIE
BODACH
BODGIE
BODHIS
BODRAG
BOGART
BOGEYS
BOGMAN
BOGONG
BOKEHS
BOMBYX
BONERS
BONHAM
BONSAI
BONXIE
BOOHAI
BOOHING
BOOKING
BOOMING
BOORDE
BOOTING
BOOZING
BORNYL
BORSCH
BORSHT
BOSHTA
BOSTON
BOTANY
BOTHAN
BOTHIE
BOUCHE
BOUGHS
BOUGIE
BOULTS
BOUNCE
BOUNDS
BOURDS
BOURGS
BOURNE
BOURNS
BOWERS
BOWERY
BOWETS
BOWMAN
BOXCAR
BOXERS
BOXFUL
BOYARD
BOYAUX
BOYKIE
BRANCH
BRANDY
BRANKY
BRASTS
BRAWNY
BRAZIL
BRICHT
BRICKY
BRIDAL
BRIGHT
BRIONY
BROACH
BROAST
BROCHE
BROCHS
BROCKS
BROGAN
BROGHS
BROGUE
BROMAL
BRONCS
BRONDE
BRONDS
BRONZE
BROTHS
BROUZE
BROWNS
BROWST
BROWSY
BRUGHS
BRUMAL
BRUMBY
BRUNTS
BRUSHY
BRUTAL
BUCKIE
BUCKOS
BUDDHA
BUDGIE
BUFTIE
BUKSHI
BULBAR
BUMBOY
BUMPHS
BUMWAD
BUNCOS
BUNDHS
BUNDTS
BUNGIE
BUNJIE
BUNKIE
BUNKOS
BUNTAL
BUPKIS
BURBOT
BURDIE
BURETS
BURFIS
BURGHS
BURNIE
BURSTY
BUSHWA
BUSKIN
BUSTIC
BUSTIS
BUTEOS
BUTOHS
BUYERS
BUZUKI
BWAZIS
BYGONE
BYPAST
BYPATH
BYRNIE
BYROAD
BYSSUS
BYZANT
CABOCS
CABRIO
CABRIT
CACHOU
CACOON
CADETS
CAFARD
CAGERS
CAGOTS
CAHOWS
CAIRDS
CAIRNS
CAMEOS
CAMPOS
CAMPUS
CANAPE
CANARD
CANARY
CANDIE
CANEHS
CANERS
CANTOS
CANTUS
CAPERS
CAPLIN
CAPONS
CAPOTS
CAPRIS
CARAFE
CARATE
CARDIE
CARDIS
CAREME
CARESS
CARETS
CARGOS
CARLIN
CARLOT
CARNIE
CAROMS
CARONS
CARPUS
CASEIN
CATERS
CATLIN
CAURIS
CAVERS
CAXONS
CEDARN
CEDARY
CEILIS
CEMBRA
CEMENT
CENDRE
CENOTE
CENTAL
CENTRE
CEPAGE
CERATE
CERVID
CERVIX
CESTOS
CESTUS
CETANE
CHADOS
CHAETA
CHAFTS
CHALAH
CHALLA
CHAMPS
CHANGS
CHANKS
CHANTS
CHARDS
CHARKS
CHARMS
CHARTS
CHASSE
CHATTA
CHAWKS
CHEDITE
CHICON
CHICOT
CHILDS
CHIMAR
CHINAR
CHIPPY
CHIRAL
CHITAL
CHITTY
CHIVVY
CHOLIS
CHOLLA
CHOOFS
CHOOKS
CHOOMS
CHOONS
CHOTTS
CHOUSE
CHOWSE
CHUFFS
CHURRS
CHYLDE
CICADA
CICELY
CINEMA
CITESS
CITRAL
CITYFY
CLIENT
CLINAL
CNIDAE
COAPTS
COARBS
COBRIC
COCKISH
CODEIN
CODENS
CODERS
CODLIN
COGNAC
COHEAD
COHEIR
COHENS
COHOSH
COITAL
COJOIN
COLBYS
COLLOP
COLUGO
COLURE
COMADE
COMAKE
COMATE
COMBAT
COMEDO
COMERS
COMETS
COMMON
COMMOT
COMODO
COMOSE
COMSAT
CONEYS
CONFAB
CONGII
CONMAN
CONNOR
CONOID
COOLIE
COOLLY
COOMBE
COPENS
COPERS
CORBAN
COREYS
CORKIR
CORNICE
CORONA
CORONAL
COROZO
CORPSE
CORSITE
CORSIVE
COSTLY
COTEAU
COTTON
COTTUS
COUCAL
COULIS
COURSE
COVENS
COVERS
COVETS
COVEYS
COWAGE
COWERS
COYEST
COZENS
COZEYS
CRABBY
CRAFTS
CRAMPS
CRANKS
CRANTS
CRATUR
CRICKY
CRINAL
CROOKS
CROONS
CROOVE
CROUSE
CRUETS
CRUSIE
CUCKOO
CUISINE
CUISSE
CULTCH
CULTIC
CUMBIA
CUPULAE
CURATE
CURETS
CURSAL
CURSIVE
CUSHIE
CUSUMS
CUTESY
CUTEYS
CUTOUT
CUTTOE
CYANIC
CYDERS
CYMLIN
CYMOSE
DADGUM
DAFTIE
DAIKOS
DAINTS
DAKERS
DAMAGE
DAMMIT
DARCYS
DARKIE
DARZIS
DATARY
DATERS
DATTOS
DATUMS
DAUNTS
DAUTIE
DAVENS
DAWTIE
DAYFLY
DAYLIT
DAYNTS
DAZERS
DEAFLY
DEARLY
DEBATE
DEBONE
DECAMP
DECANE
DECANT
DECARB
DECARE
DECENT
DECERN
DECODE
DECOKE
DEERFLY
DEFACE
DEFAME
DEFANG
DEFAULT
DEFECT
DEFUZE
DEGAME
DEGERM
DEJECT
DEKARE
DELVED
DEMARK
DEMENT
DEMODE
DEMOTE
DEMURE
DENARY
DENGUE
DENOTE
DENTAL
DENUDE
DEPART
DEPERM
DEPLOY
DEPONE
DEPUTE
DERATE
DERMAL
DERMIC
DESMID
DETACH
DETECT
DETENT
DETENU
DETORT
DETUNE
DEVOIR
DEVORE
DEVOTE
DEWOOL
DHAMMA
DHOLAK
DIBBUK
DIDACT
DIETINE
DIGLOT
DIKKOP
DIMPSY
DINFUL
DINKING
DINTING
DIORISM
DIOXAN
DIOXIDE
DIPLOE
DIPLON
DIPSOS
DIQUAT
DIRDUM
DIRHAM
DISCIDE
DISTIL
DITHIOL
DJIBBA
DJINNY
DODGING
DOGATE
DOGEAR
DOGEYS
DOLLOP
DOMETT
DOMOIC
DONATE
DONERS
DONJON
DONNOT
DONSIE
DOOCOT
DOOLAN
DOOLIE
DOOWOP
DOPERS
DOPEST
DORADO
DORSAL
DOTAGE
DOTERS
DOUANE
DOUBTS
DOVENS
DOVERS
DOWERS
DOWLNE
DOYENS
DOZENS
DOZERS
DRABBY
DRAFTS
DRANTS
DRIEST
DRIPPY
DROOGS
DROOKS
DROOME
DROOPS
DROWSE
DRYEST
DUMBOS
DUMOSE
DUPERS
DURESS
DUSKLY
DUVETS
DWANGS
DWARFS
DWAUMS
DYSURY
EARBUD
EARCON
EARTHS
EARTHY
ECHOIC
ECTYPE
ECURIE
EDITOR
EFTEST
ELAPID
ELICHE
ELSHIN
ELUVIA
EMBODY
EMBRUE
EMBRYO
EMOJIS
EMPERY
EMUNGE
ENCODE
ENCORE
ENDEAR
ENDRIN
ENDURE
ENGORE
ENIGMA
ENJOIN
ENMOVE
ENOKIS
ENSERF
ENTOIL
ENVOIS
ENZYME
EPEIRIC
EPEIRID
EPHORI
EPIGON
EPIZOA
EPOPTS
ERINGO
ERRANCY
ERRATUM
ESCHAR
ESCHEWS
ESCROL
ESLOIN
ESPADA
ESTRAY
ETHYLIC
ETHYNE
EUCHRE
EUOUAE
EVERTOR
EVOLVE
EVOVAE
EVZONE
EXCEPT
EXHUME
EXOMIS
EXPECT
EXPEND
EXPERT
EXSECT
EXSERT
EXTEND
EXTERN
FABRIC
FACADE
FACERS
FACETE
FACETS
FACTIS
FADERS
FAGOTS
FAINTS
FAITHS
FAKERS
FAKEYS
FALSIE
FAMOUS
FANGOS
FANSUB
FANUMS
FARAND
FARANG
FARCIE
FARROS
FASCIO
FAULTY
FAVELA
FAVORS
FAVOUS
FEATLY
FECKIN
FEGARY
FEHMIC
FEISTY
FELLOE
FEODAL
FERBAM
FERLIE
FERRIC
FERVID
FERVOR
FEUDAL
FEUTRE
FIACRE
FIANCE
FIBRIN
FIBROS
FIGJAM
FINDING
FINKING
FIRLOT
FIRMAN
FIRSTS
FISTIC
FIZGIG
FLIEST
FOGDOG
FOGEYS
FOLLOW
FORAGE
FORANE
FORBAD
FORBID
FORBYE
FOREDO
FOREGO
FOREST
FORSAY
FOUEST
FOUETS
FOUSSA
FOVEAE
FOYERS
FRACKS
FRACTS
FRAENA
FRAGOR
FRANCS
FRANKS
FRAUDS
FRIJOL
FRIVOL
FRIZZY
FROLIC
FUCOSE
FULCRA
FUMAGE
FUMERS
FUMETS
FUNEST
FURANE
FUSAROL
FUSUMA
FUTSAL
FUTURAL
FYNBOS
GABBRO
GADGIE
GADJOS
GAGMAN
GALOOT
GAMBIR
GAMBIT
GAMERS
GAMETE
GAMUTS
GANEFS
GANEVS
GANGBO
GANOFS
GAPERS
GARLIC
GARTHS
GARUMS
GARVIE
GASKIN
GATERS
GATORS
GAUCIE
GAUNTS
GAVOTS
GAWPUS
GAZEBO
GAZERS
GAZONS
GEDACT
GEDDIT
GEGGIE
GELDED
GELOSY
GEMOTE
GENERA
GENEVA
GENOME
GEODIC
GERENT
GERMIN
GESTIC
GETAWAY
GETOUT
GHAUTS
GHIBLI
GHUBAR
GIBBON
GIBSON
GIDDUP
GIGLOT
GIMBAL
GIMMOR
GINGKO
GIUSTS
GLOBAL
GNAMMA
GOALIE
GOANNA
GOBANG
GODETS
GOFERS
GOIEST
GOLLOP
GOMERS
GONADAL
GONEFS
GONERS
GOODBY
GOODLY
GOOLIE
GOOROO
GOWLAN
GRABBY
GRADUS
GRAFTS
GRAMMA
GRAMPS
GRANDS
GRANTS
GRAPHS
GRAPPA
GRECIZE
GRIESY
GRINGA
GRIPPY
GRITTY
GROOFS
GROOMS
GROOVE
GROSZE
GROUSE
GRUFFS
GRYSIE
GUACOS
GUANOS
GUARDS
GUERITE
GUILDS
GUILTS
GUITAR
GUMBOS
GUNMAN
GUSTIE
GYPPOS
GYRATE
GYROSE
HABOOB
HACEKS
HACKIE
HADJIS
HAFFIT
HAICKS
HAIKUS
HAINCH
HAINTS
HALLOO
HAMATE
HAMAUL
HAMOUS
HANGIS
HANKIE
HAREMS
HARLOT
HATERS
HAUGHS
HAULMY
HAUNCH
HAUNTS
HAVENS
HAVERS
HAVOCS
HAWKIE
HAYERS
HAZARD
HAZERS
HEALDS
HEDERA
HEMOID
HENBIT
HERBAL
HERDIC
HEREOF
HEREON
HERETO
HERMIT
HEROIC
HEROIN
HETERO
HEXACT
HEXADE
HEXANE
HEXENE
HEXONE
HICCUP
HIJRAH
HINTING
HISPID
HISTIE
HITMAN
HOARDS
HOGENS
HOLLOO
HOLLOW
HOMAGE
HOMBRE
HOMERS
HOMEYS
HONERS
HONEST
HONEYS
HOODOO
HOOLIE
HOOPOO
HOORAY
HOOROO
HOPERS
HOPPUS
HORSIE
HORSTE
HOSTIE
HOSTLY
HOTPOT
HOUDAH
HOUFFS
HOVERS
HOWDAH
HOWFFS
HUDDUP
HUGEST
HULLOA
HUMANE
HUMATE
HUNGAN
HYAENA
HYDRID
HYMENS
HYPATE
HYPERS
HYPHAL
ICEWINE
ICHORS
IDOLUM
IGLOOS
IGNARO
IMBARK
IMBASE
IMBEDS
IMBRUE
IMPACT
IMPARK
IMPART
IMPAWN
IMPEND
IMPOSE
IMPOST
IMPOTS
IMPROS
INBENT
INBORN
INCASE
INCAVO
INCEPT
INCLIP
INCOGS
INCURS
INCUSE
INCUTS
INDABA
INDART
INDENE
INDOOR
INDOWS
INFAMY
INFECT
INFLOW
INFLUX
INFUSE
INGOTS
INGRAM
INHOOP
INJECT
INKPAD
INMOST
INOSITE
INPUTS
INROAD
INRUSH
INSANE
INTERN
INTOMB
INTONE
INTOWN
INTRON
INTROS
INTURN
INTUSE
INULIN
INVERT
INWARD
INWORN
INWRAP
IODOUS
IRIDIUM
IRONIST
IRREAL
ISATIN
ISCHIA
ISOGON
ISOPOD
ITEMIZE
IVORIST
JABOTS
JACARE
JAGERS
JAILOR
JAKEYS
JAPERS
JARVIE
JASEYS
JASMIN
JAUNTS
JEJUNUM
JEMADAR
JERBOA
JERKIN
JERQUE
JERRID
JESUIT
JINGAL
JINKING
JINXING
JOANNA
JOCOSE
JOKERS
JOLLOF
JOLLOP
JUGATE
JUMBOS
JUSTLY
KABUKI
KAFFIR
KAKURO
KALMIA
KALUKI
KAMELA
KANEHS
KANJIS
KANUKA
KANZUS
KAOLIN
KAPOKS
KAPOWS
KAPUKA
KARAMU
KARATE
KAUGHS
KAURIS
KEMBLA
KEPHIR
KEPPIT
KETENE
KETONE
KEYPAL
KHEDIVE
KHILIM
KHIMAR
KIBOSH
KICKUP
KIDNAP
KIMONO
KINCOB
KINDING
KINEMA
KIOSKS
KIRPAN
KIRTAN
KNAURS
KNURRS
KOKOWAI
KOMBUS
KONBUS
KOODOO
KOOLAH
KOPECK
KOROWAI
KOTARE
KOULAN
KOWHAI
KOWTOW
KRAFTS
KRANGS
KRAUTS
KROONS
KUBASA
KYANGS
KYBOSH
LABORS
LABRYS
LACERS
LACETS
LACUNA
LADENS
LADERS
LADYFY
LAGENA
LAGEND
LAGERS
LAGGIN
LAGOON
LAGUNA
LAICHS
LAIGHS
LAIRDS
LAISSE
LAKERS
LAMEDH
LAMEDS
LAMENT
LAMEST
LARRUP
LASSIS
LATENS
LATTIN
LAVERS
LAWEST
LAXEST
LAYERS
LAZULI
LEDUMS
LEGATE
LEGEND
LEGLIN
LEGONG
LEIPOA
LEMONS
LEMURS
LENTIL
LENTOS
LETOUT
LETUPS
LIBRAE
LIFERS
LIGASE
LIGERS
LIKENS
LIKERS
LIKUTA
LIMENS
LIMEYS
LIMPSY
LIMULI
LINERS
LINGUA
LIPASE
LIPOMA
LISSOM
LITCHI
LITERS
LITEST
LIVENS
LIVERS
LOCULI
LOCUMS
LOCUST
LOGOFF
LOGOUT
LOMATA
LONELY
LOOFAH
LOOSIE
LORCHA
LOUGHS
LOUNDS
LOVELY
LOWBOY
LOWEST
LOWNDS
LUCUMO
LUMMOX
LUNACY
LUNARY
LUPOUS
LUXEST
LUXURY
LYFULL
LYMPHS
MACERS
MACHOS
MACONS
MACROS
MADAFU
MADTOM
MAGNUM
MAGNUS
MAGOTS
MAGPIE
MAHANT
MAIKOS
MAJORS
MAKERS
MAMMON
MANAGE
MANATU
MANCUS
MANDIS
MANDOM
MANEGE
MANEHS
MANGOS
MANORS
MANTIS
MANTOS
MAQUIS
MARABI
MARAUD
MARBLY
MARLIN
MARONS
MASERS
MASJID
MASTIC
MASTIX
MASULA
MATERS
MATEYS
MATLOW
MATTIN
MATZOS
MAUNDS
MAURIS
MAVENS
MAWPUS
MAYFLY
MAYORS
MAZARD
MAZERS
MAZUMA
MAZUTS
MEANLY
MEGABAR
MEGARAD
MEHNDI
MELDED
MENACE
MENAGE
MENHIR
MENTAL
MERKIN
MERLIN
MERLON
MERLOT
MEROME
MESONS
METAGE
METATAG
METEOR
METEPA
METOPE
METRIC
MEZCAL
MHORRS
MIASMA
MICELL
MIDCAP
MIDPAY
MIDRIB
MIDSIZE
MIDSTS
MIDWAY
MIGNON
MIKVAH
MINCING
MINDING
MINNOW
MINTING
MINXISH
MIRROR
MISFIT
MISHIT
MISTIME
MITRAL
MODERS
MODEST
MODULO
MOKORO
MONADAL
MONEYS
MONTAN
MOOLAH
MOPANE
MOPEDS
MOPERS
MORBID
MORBUS
MOROSE
MORROW
MORSAL
MORTAR
MOSTLY
MOTEYS
MOULDS
MOULIN
MOULTS
MOUSIE
MOUSME
MOVERS
MOWERS
MPRETS
MUCATE
MUCOSA
MUCOSE
MUGGUR
MUKTUK
MUMPISH
MUNTIN
MURAGE
MUREIN
MURLAN
MURLIN
MUSCLY
MUSHIE
MUSKIE
MUSLIN
MUSROL
MUTUCA
MUTUUM
MYRRHS
MYRRHY
MYXOMA
NACHOS
NADORS
NAFFLY
NAGORS
NAIRUS
NAKERS
NAMERS
NANOOK
NAPRON
NARCOS
NASTIC
NATRON
NAVEWS
NEARBY
NEARLY
NEATLY
NEBECK
NEGATE
NEOCON
NEPETA
NERDIC
NEREIS
NEROLI
NERVAL
NEUMIC
NEURAL
NEVOID
NEWBIE
NEWSIE
NIBBLY
NICHING
NICKAR
NICKING
NIGHING
NISGUL
NITHING
NITRIL
NITRYL
NOCAKE
NODOSE
NOIRISH
NOMADE
NONACID
NONORAL
NONRUN
NONUSE
NORMAN
NOSODE
NOSTRO
NOTERS
NOULDE
NOUNAL
NOVATE
NOYADE
NUDEST
NUMBAT
NUTBAR
OAKERS
OAKUMS
OARAGE
OATERS
OCCULT
OCHERS
OCICAT
OCKERS
OCREAE
OCTANE
OCTAVAL
OCTAVE
OCULAR
OEDEMA
OEUVRE
OFFEND
OGIVAL
OGRESS
OHMAGE
OINKING
OINTING
ONCERS
ONETIME
ONFLOW
ONLOAD
OOCYST
OOGAMY
OPTERS
ORANGS
ORANTS
ORCEIN
ORGEAT
ORIGAN
ORNATE
OSMATE
OTAKUS
OTHERS
OUTAGE
OUTBAR
OUTBID
OUTBYE
OUTERS
OUTFIT
OUTHIT
OUTJUT
OUTLAW
OUTLAY
OUTPUT
OUTSAT
OUTSAW
OUTSAY
OUTSIDE
OUTSIZE
OUTWIT
OVIBOS
OVISAC
OVULAR
OWNERS
OXALIS
OXGATE
OXHEAD
OXSLIP
OXTERS
OZAENA
PABLUM
PACERS
PADANG
PADAUK
PADKOS
PAGERS
PAGODS
PAGRIS
PAINTS
PALMIE
PANARY
PANKOS
PANNUS
PANTIE
PANTOS
PAPULA
PARADE
PARAGE
PARAMO
PARANG
PARDIE
PARENS
PAREOS
PAREUS
PAREVE
PARGOS
PARKIE
PARKIS
PAROUS
PARTIS
PARVIS
PARVOS
PASEOS
PASHIM
PATENS
PATERS
PATHOS
PATOIS
PAULIN
PAVAGE
PAVANE
PAVENS
PAVERS
PAWERS
PAYERS
PAYESS
PAYORS
PEARLY
PECTIN
PEDANT
PEDATE
PERCID
PERDUE
PEREON
PERFIN
PERKIN
PERMIT
PERNIO
PEROGI
PERONE
PEROXO
PERUKE
PESTOS
PETARD
PETARY
PEYOTE
PEZANT
PHANGS
PHARMS
PHAROS
PHESING
PHOBIA
PHOBIC
PHREAK
PHYLAR
PHYLIC
PICENE
PICKAX
PICKUP
PIGFISH
PIGMAN
PINENE
PINETA
PINFISH
PINKING
PINKISH
PISTIL
PISTOL
PITMAN
PIXYISH
PLICAE
PLICAL
POETIZE
POGEYS
POILUS
POKERS
POKEYS
POLYPI
POMACE
POMADE
PONEYS
PONTON
POOJAH
POOKIT
POONAC
POORLY
POROSE
POSHLY
POSTIE
POTAGE
POTENT
POTSIE
POUFFS
POULPE
POULTS
POWERS
PRAHUS
PRANGS
PRANKS
PRAWNS
PREDIVE
PRESIFT
PRIEST
PRIMAL
PROBIT
PROEMS
PROLAN
PROLIX
PROOFS
PSYCHS
PSYLLA
PSYOPS
PTISAN
PTOTIC
PUBCOS
PUCEST
PUKERS
PULKHA
PULLUP
PULSAR
PUNKIN
PUPFISH
PUREST
PURLIN
PURSUE
PUTOUT
PYCNIC
PYRROL
QINDAR
QINTAR
QUACKS
QUAGGA
QUANTS
QUARKS
QUARTS
QUBYTE
QUIDAM
QUILTS
QUINOL
QUIPPY
QUOOKE
RABATO
RACEME
RACHIS
RACONS
RADONS
RAHUIS
RAMATE
RAMENS
RAMETS
RAMOUS
RANCOR
RANDIE
RANGIS
RAPHIS
RAPTOR
RARELY
RASURE
RATANY
RATLIN
RATTLY
RAUPOS
RAVAGE
RAVENS
RAYONS
RAZORS
REAGIN
REALMS
REALOS
REBATE
REBECK
REBUKE
RECANE
RECANT
RECEDE
RECENT
RECEPT
RECHIP
RECOAL
RECODE
RECOIN
RECTAL
RECURE
REDACT
REDATE
REDBAY
REDEFY
REDENY
REDEYE
REDFIN
REDONE
REDUCE
REDUIT
REFACE
REFECT
REFERS
REFLOW
REFLUX
REFUGE
REFUTE
REGARD
REGAVE
REGENT
REGLOW
REGNAL
REGULI
REHANG
REHOME
REJECT
REJOIN
REKNIT
RELOOK
REMADE
REMAKE
REMAND
REMARK
REMATE
REMEDE
REMEDY
REMEND
REMORA
REMOTE
REMOVE
RENAME
RENEGE
RENOWN
RENTAL
RENVOI
REPACK
REPAND
REPARK
REPAVE
REPENT
REPLOT
REPLOW
REPLUM
REPONE
REPUMP
REPURE
REPUTE
REQUIN
REQUIT
RESHIP
RESKIN
RESODS
RESOWS
RESTOS
RETACK
RETAKE
RETAPE
RETARD
RETENE
RETOOL
RETORE
RETUNE
RETYPE
REVAMP
REVERE
REVERS
REVOKE
REVOTE
REWAKE
REWARD
REWARM
REWOKE
REWORE
REWOVE
REZONE
RHINAL
RIBBON
RIBOSE
RICTAL
RIDGIL
RIGOUR
RIMFIRE
RINDING
RINKING
RIPOFF
RIPOST
RISERS
RITUAL
ROBUST
ROINISH
ROMAGE
ROMCOM
RONYON
ROOPIT
ROSCOE
ROUCOU
ROUENS
ROWENS
ROZETS
RUDEST
RUGATE
RUGOSA
RUGOSE
RUMBOS
RUMDUM
RUMENS
SACCOI
SAFELY
SAGELY
SAKKOI
SALLOW
SALMON
SALOON
SALOOP
SALPID
SALUKI
SALUTE
SALVOR
SAMELY
SANDHI
SANELY
SARAPE
SASHAY
SATORI
SAULGE
SAVAGE
SAVATE
SAXAUL
SAYYID
SCAFFY
SCARRE
SCARRY
SCATHE
SCATTY
SCHANZE
SCHOOL
SCOOBY
SCOPAE
SCRAMB
SCRAWB
SCRAWM
SCRAWP
SCROOP
SCUMMY
SCURRY
SCUZZY
SEABAG
SEDATE
SEICHE
SEISIN
SEISOR
SELDOM
SENATE
SENSOR
SENSUM
SERAPE
SESAME
SETOFF
SEWAGE
SHAGGY
SHAMMY
SHANNY
SHIBAH
SHIKAR
SHIRAZ
SHIVOO
SHLOCK
SHLONG
SHLUMP
SHNOOK
SHODDY
SHOPPY
SHOUGH
SHRANK
SHREIK
SHROOM
SHTOOK
SHTOOM
SHUGGY
SHUMAI
SIDDHI
SIGLOI
SIGLUM
SILKED
SILKEN
SILOED
SILTED
SILVAE
SILVER
SILVEX
SIMPAI
SINDON
SISTING
SKIDOO
SKRONK
SKURRY
SLUDGE
SLURVE
SMOGGY
SMOKIE
SMOOCH
SMOOTH
SMURRY
SMUTTY
SNAGGY
SNAPPY
SNATHE
SNAZZY
SNOBBY
SNOOPY
SNOOTY
SNOOZY
SNOTTY
SNUBBY
SNUFFY
SOBFUL
SODDIE
SOFFIT
SOFTIE
SOLDAN
SOLOED
SOLUTE
SOMBRE
SONANCE
SOOGIE
SOOKING
SOOMING
SOOPING
SOOTING
SORBIC
SORBING
SORDOR
SORGHO
SORTIE
SOSATIE
SOUTIE
SOZZLY
SPAMMY
SPARGE
SPARKE
SPARRE
SPARRY
SPATHE
SPINAR
SPLORE
SPLURT
SPODDY
SPOFFY
SPOOFY
SPOOKY
SPOONY
SPOSHY
SPOTTY
SPRACK
SPRANG
SPUDDY
SPUGGY
SPURRY
SQUARK
SQUAWK
STAGGY
STANCE
STANZE
STARRY
STARVE
STATTO
STATUE
STAYNE
STAYRE
STIBIUM
STOBIE
STOGIE
STOOLY
STRACK
STRAMP
STRAND
STRANG
STRANGE
STRAWN
STRAWY
STRAYVE
STROOK
STROUT
STRUNT
STUBBY
STUCCO
STUFFY
STUGGY
STYMIE
SUBDUE
SUBFIX
SUBLOT
SUBMIT
SUBURB
SUCCOR
SUCCOT
SUDARY
SUDOKU
SUFFIX
SUGARY
SUKKOT
SULCAL
SULDAN
SULFUR
SULTAN
SULTRY
SUMACH
SUMMIT
SUMMON
SUNBIRD
SUNDAE
SUNKIE
SUPAWN
SUPPLY
SURANCE
SURFIE
SUTTLY
SUTURE
SWADDY
SWANNY
SWARVE
SWATHE
SWATTY
SWIRLY
SWOONY
SWOOPY
SWOTTY
SWOWNE
SYLPHY
SYLVAE
SYLVAN
SYMBION
SYMBIOT
SYMBOL
SYNAPTE
SYRUPY
TABARD
TABEFY
TABERD
TABORS
TABUNS
TACHOS
TAIKOS
TAILOR
TAKAHE
TAKERS
TAKHIS
TALKIE
TAMANU
TAMERS
TANGIE
TANGIS
TANGOS
TANNIC
TAPERS
TARAND
TAROCS
TAROKS
TAROTS
TASBIH
TASERS
TATTOO
TATTOW
TAUGHT
TAUNTS
TAUONS
TAUPIE
TAVERS
TAVERT
TAWERS
TAWPIE
TAWTIE
TAXEME
TAXERS
TAXONS
TAXORS
TEABAG
TEFLON
TELNET
TEMENE
TENACE
TENDON
TENDRE
TENETS
TENTIE
TENURE
TENZON
TEPEFY
TERAPH
TERBIC
TERCIO
TEREDO
TEREFA
TERETE
TERGAL
TERMOR
TERNAL
TERTIA
TESTON
THACKS
THALIS
THANGS
THANKS
THANNA
THARMS
THIRAM
THIRST
THOLUS
THORITE
THRAVE
THREAD
THREAP
THROAT
THYRSE
TIGLON
TIGNON
TIGRISH
TIMBAL
TIMBRE
TINCAL
TINDAL
TINDING
TINFUL
TINKING
TINPOT
TIPCAT
TIPOFF
TITELY
TITHING
TITTIE
TOGROG
TOKENS
TOKERS
TOKOMAK
TOMATO
TOMBAC
TOMBAK
TOMBIC
TOMCAT
TONDINI
TONERS
TOOLIE
TOPEKS
TOPERS
TOPSIDE
TOROID
TOROSE
TORPOR
TORSIVE
TOWAGE
TOWBAR
TOWERS
TOXOID
TOYERS
TRACKS
TRAGUS
TRAMPS
TRANKS
TRANQS
TRICITY
TRINAL
TRINITY
TRIPPY
TRITON
TROADE
TROGGS
TROOPS
TROUSE
TRYSTE
TUBFUL
TUKTOO
TULBAN
TUNDUN
TUNERS
TUPEKS
TUPUNA
TURBAN
TURBID
TURBIT
TURBOS
TURFITE
TURGITE
TUSHIE
TUYERS
TWANGS
TWANKS
TWIGGY
TWITCH
TWOERS
TWYERS
UCKERS
UGALIS
UNAKIN
UNARMS
UNBOLT
UNBORE
UNCAGE
UNCAKE
UNCAPE
UNCATE
UNCHIC
UNCLAD
UNCLIP
UNCOOL
UNCUFF
UNDATE
UNDEAF
UNDEAR
UNDERN
UNFOOL
UNGEAR
UNGETS
UNGLAD
UNGLUE
UNGUAL
UNGULA
UNHEAD
UNHEWN
UNISIZE
UNITAL
UNKNIT
UNLOVE
UNMADE
UNMAKE
UNMESH
UNMEWS
UNPEGS
UNPLUG
UNRAKE
UNREAD
UNREST
UNSEWN
UNSOLD
UNSOWN
UNSURE
UNTAME
UNTEAM
UNWARE
UPBLOW
UPBORE
UPBOWS
UPDATE
UPGAZE
UPJETS
UPMADE
UPMAKE
UPRATE
UPREST
UPROAR
UPROSE
UPSOLD
UPTAKE
UPTEAR
UPTOSS
URALIS
UREDINE
URINAL
URTEXT
USABLY
USANCE
USWARD
USWARDS
UTERINE
VACANT
VACATE
VAGARY
VAPERS
VAPORS
VARECS
VAULTY
VAUNTS
VAWARD
VEDUTE
VEGETE
VEHMIC
VEINAL
VENDUE
VENERY
VENEWE
VENTRE
VERBAL
VERBID
VERDIN
VERDIT
VERLIG
VERMAL
VERMIN
VERNAL
VERNIX
VERTUE
VESPID
VIBRIO
VIDUAL
VIGORO
VINTING
VISCID
VISCIN
VITRIOL
VIVARY
VIVELY
VOLUME
VOLUTE
VOLVAE
VOMERS
VOODOO
VOSTRO
VOTERS
VOUDOU
VOULGE
VOWERS
VOWESS
VOYAGE
VROOMS
VULVAE
VULVAR
WACKOS
WADDLY
WADERS
WAFERS
WAFFLY
WAGERS
WAGGLY
WAGONS
WAGYUS
WAIFTS
WAKAME
WAKANE
WAKENS
WAKERS
WAMBLY
WAMMUS
WAMPUS
WARBLY
WASHIN
WATAPE
WATERS
WAUGHS
WAVERS
WAVEYS
WAXERS
WAXEYE
WAYANG
WEAKLY
WEALDS
WEBAPP
WELDED
WESKIT
WESTIE
WEYARD
WEZAND
WHACKS
WHANGS
WHARFS
WHATSO
WHAUPS
WHAURS
WHIFFY
WHIMMY
WHINNY
WHIPPY
WHIRRY
WHIZZO
WHIZZY
WHOMSO
WHOOFS
WHOOPS
WHOOTS
WILLOW
WIMPISH
WINCING
WINDAC
WINDING
WINDOW
WINKING
WISELY
WITHAL
WOKEST
WOMBAT
WONTON
WOOHOO
WOOLIE
WOOLLY
WORLDS
WOUBIT
WOULDS
WOVENS
WRACKS
WRANGS
WRASSE
WRATHS
WRIEST
WROOTS
WRYEST
XYLOMA
YACHTS
YAGERS
YAIRDS
YAKOWS
YAMENS
YAMUNS
YANKIE
YAPOKS
YAPONS
YARCOS
YARTOS
YEALMS
YOKERS
YPERITE
YRNEHS
YSHEND
YSHENT
YTTRIC
ZADDIK
ZAFFIR
ZAMANG
ZARAPE
ZEATIN
ZEBECK
ZECHIN
ZENDIK
ZEREBA
ZIBETH
ZINCIC
ZINCING
ZINKING
ZOISITE
ZONATE
ZONERS
ZONOID
ZOONIC
ZOONITE
ZOUAVE
ZYGOSE
