9.098277604278579
0.42049826195385526
8.63084969041698
6.110849712303941
8.163421776555381
6.038421786138498
7.695993862693782
3.1360069225478115
7.228565948832181
5.653565951544189
6.761138034970585
0.6800081837142546
6.293710121108983
0.0361732647942411
5.8262822072473845
0.5521084245939357
5.358854293385783
4.038854294472339
9.168459594234813
6.964790294570989
8.757719977505293
3.2696175522463684
8.332792084957898
0.3933976281867473
7.892933243796955
0.3104039688495553
7.437348501768731
5.269306412323625
6.965185997920171
2.1162108016320498
6.475531840011805
5.670045681809124
5.967404427364894
3.501344590188497
5.4397481493176985
0.46915650771831685
9.223531756358035
1.6079683928803896
8.860302696029931
1.728063582132028
8.474029237345356
5.637839986590454
8.062466260446442
3.594738066356418
7.623070651598633
1.0282114628674546
7.152950953866198
4.839427045673645
6.64880667966979
0.27873786302587844
6.106854799513675
3.319746065788743
5.5227402442958615
4.155619636446358
9.271844466823772
4.711664504306996
8.952571462993777
1.7372184704578293
8.604471953487408
3.4637003860726794
8.22349867095254
2.1893873788370146
7.804820570481151
0.07608059447560767
7.342627451540669
5.264484133497831
6.829874919221023
3.470975386138763
6.257948301768664
2.344531996641616
5.6162155062385795
4.685595892608782
9.31638157793458
4.536210809733011
9.039576222039765
2.215628203653619
8.730527072515168
1.1420212316434246
8.383319755141917
3.2680338255798453
7.990524684875152
0.7302175373961277
7.54269190396862
0.07461965140806348
7.02763829514818
2.7372025519516283
6.4294271451015055
2.785902104432016
5.726886274995755
3.6984035244996676
9.358603594533673
9.16248195639466
9.12383377426304
5.098642726975572
8.855514136389608
0.1882772571510185
8.545994852950608
8.094722516385454
8.185157131575423
7.405046501776652
7.75936474837454
1.3002457298827907
7.249864330100765
1.7338216353622338
6.6302966102230485
5.645254991170648
5.8627533255852935
5.492657413040982
9.399354566119962
7.526850609275922
9.206839614018527
0.4886351026685736
8.981526549651473
0.551214306583879
8.714368873877907
3.173886790109312
8.392734876614002
4.4598838334268995
7.9985171736076905
0.12085022194788442
7.505006702566769
5.891231852766621
6.871600596237887
5.909517038609684
6.034657310498622
4.682230471141183
9.439177522584783
4.091288935778582
9.289594850483665
7.429788070070533
9.110083285381643
7.373457479238855
8.890779047369374
7.564598905495392
8.617064559543461
4.643552142668804
8.266487709020268
1.6465743984610288
7.803217452282745
2.902452632936303
7.167806568118128
2.2138629281611104
6.257907230714205
2.6848538761348735
9.478449965835098
4.801133207911306
9.37283315270599
0.40928458725131
9.242412329487406
0.5524624364524784
9.077376487516414
0.0377079739966486
8.862119186529437
7.8067642646845545
8.570603854600204
3.525982794426169
8.157223411932133
5.616239422245832
7.538334547346258
5.158158541077679
6.554364979932031
2.4622894171659704
9.182681159401707
4.3883891130272135
8.799656800663234
3.476912108855063
8.416632441924763
3.1571974116080357
8.03360808318629
2.3528027207271247
7.650583724447817
4.711688799633625
7.267559365709347
3.2758405587362156
6.884535006970875
0.07586495522891801
6.501510648232401
5.293938298274156
6.118486289493927
4.670101036515823
9.231080282644438
8.845273309217347
8.886915055918074
1.7443512808751405
8.53279932523656
1.1531548545439714
8.168298923906134
3.6566962385813624
7.792954324975765
4.548810390786299
7.406278787618539
1.79015009612675
7.007756341464662
5.990586885933508
6.5968395925157495
3.5954400982922854
6.1729473324141475
4.58249990220261
9.270974922158981
1.2363600077892665
8.960709699961438
1.0156830137685797
8.633660605730187
1.0699222804535404
8.28844249590105
7.5958910579145575
7.923515657273121
2.3025035091713377
7.5371640449635064
6.123476160273425
7.127469837371402
0.3601865583307615
6.692283587979002
0.2879293492203784
6.229189096841872
5.007244040073562
9.307454354995578
2.5901231269488543
9.029711740502645
5.91098145365182
8.73020999131007
0.5614265680625197
8.406321036380424
3.125900940491688
8.054983488058019
3.9239171436703213
7.672611854621108
0.4405277236487791
7.254982831171546
0.17668244637196184
6.797092011800111
2.34334976364349
6.29297223607177
6.097544699356196
9.342380822546492
0.08230677129544112
9.097177750451785
0.33680006758641245
8.826757741774008
6.88208544171948
8.527079363635067
3.7821079859183007
8.193208403352502
2.0901100324751374
7.819065692940799
1.9980200334457652
7.397089138049557
2.51324268105051
6.917776675316332
4.891805301956725
6.3690628913315885
5.57470493905056
9.37670281758922
8.591020540831552
9.164844292769791
6.375608920459162
8.925776488788678
4.420852815054603
8.653989542402918
5.462860959951829
8.34241990801497
2.366516024625427
7.981887355796326
7.813196080327353
7.560287281379937
3.014838109040463
7.061418774877748
2.5346231808991035
6.4632668052860724
6.125184094299935
9.411003287491429
8.621901372918469
9.233853975589112
4.090355137306804
9.029062206458127
2.7517647592672523
8.789735053454006
3.0316688296692647
8.506559317452492
3.1881179508097715
8.166706234463286
0.4416661282636678
7.752147309785078
3.1366964566089757
7.237032169267658
4.233672857957133
6.583564166210239
2.4354636345291856
9.445691187904945
2.8093912001415395
9.305081517224673
2.06628958240855
9.138151543278626
3.3442470173345025
8.93689684139158
6.656957522093032
8.689843607580872
5.254245450162754
8.380113130546741
0.12543829492852165
7.982225210536543
2.5987407755615983
7.456757071026728
1.6069563737127062
6.741346373474014
3.012051608486037
9.481084416036369
0.039362982782789824
9.379277408878384
0.03899865595206364
9.25451475599322
8.468642670478722
9.098204334925988
4.724397513917824
8.897119625503528
7.264879282342251
8.630218131448908
4.970467020394515
8.26298114508977
1.0075288324320106
7.737263114424176
1.4666627142230269
6.953024471760667
2.0536703905776243
9.247059691572375
4.901567933597684
8.928413865004567
5.203093334142606
8.60976803843676
1.0828491350558207
8.291122211868954
0.3268062714705266
7.972476385301149
4.245012102162467
7.653830558733341
5.510055788885877
7.335184732165534
7.183253578472387
7.0165389055977245
6.2186859395792755
6.697893079029925
1.6537950485836506
9.28125946251132
1.9134216398983994
8.989940562791023
8.239065064976812
8.691498991555273
0.7376126046587033
8.385672805882875
8.210902274415007
8.072187214950894
3.199414803366594
7.75075379490654
4.12603101755321
7.421069646652453
0.3752698774888199
7.0828164917797265
3.4900942026799786
6.7356597014402695
3.1886770661874837
9.310573503398555
1.242766467453745
9.043855878163356
1.9579962774972808
8.764754222005044
5.194222769835516
8.47239613789906
4.846399141149982
8.165826658612467
2.8014272050668514
7.843998461510433
3.8411049344988473
7.5057607023932
2.2788048781183265
7.149846245712087
4.7028489386608605
6.774857029009013
4.3935972238534
9.338313161720398
4.162354681412905
9.095901570788131
8.429858759293124
8.836952411129582
1.7248419042304903
8.559739465404768
4.889079963817094
8.262292779493148
1.0297010547463903
7.942355428685675
5.537029400635691
7.597331174260838
1.5080057950943337
7.224220839183096
6.998870053773475
6.8195446714284795
0.010317468845732924
9.365747203173928
9.071744543735079
9.148375332506
0.13521029555921132
8.91124830161591
3.1224501661931376
8.65159489030562
8.470175480347168
8.36611460733194
7.401143033023326
8.050850529214612
5.097803370564223
7.701026085475628
4.8802610682281955
7.3108343963084526
3.116637885163732
6.873164947013998
2.522671180493223
9.393576106997841
6.344658372580138
9.202640045723571
4.667209076979902
8.989693548288512
0.6551012829131635
8.75078234210536
7.554449276973063
8.480978895075918
5.713500442140459
8.174081493327282
0.0784454374001875
7.82220478121655
5.3528795371722016
7.415218965350595
2.1410826879981526
6.939977361031299
3.2525110125328527
9.422283808934274
1.4387925109437003
9.259728022870943
7.995463144238177
9.074012410827741
1.005500552282755
8.859936622799497
4.839510019176877
8.610691472033311
5.786605090936311
8.317237249738257
6.113013804764813
7.967406715909657
7.88283883304479
7.544602581117429
3.0106129176322094
7.025896822930839
2.3272962440757423
9.452262683886921
4.001519863084523
9.32056147911877
4.222268848298867
9.165900574677028
5.3909577172712275
8.981884876789923
6.12423175866953
8.759656106116513
0.3212751831479106
8.48672312025395
4.229897690362583
8.145171614634329
0.44624656893853454
7.708911160976019
5.14912475711887
7.139430607491023
1.183463524515032
9.483869816184203
6.39823664704406
9.38605799591085
0.0817363937660599
9.267185097951767
4.1629679024712445
9.119886216328332
5.327078425048397
8.933247224421605
6.149224133846493
8.690750712523343
3.5515820322445717
8.366939536223706
4.732869453752059
7.921991745203613
5.670847770302675
7.2929093388514765
2.0523071119942733
9.302250012223196
3.1816650336452352
9.038794506306214
0.587707021208846
8.775339000389229
4.842553227690726
8.511883494472244
3.017886294263986
8.24842798855526
4.2173841254436235
7.984972482638278
0.9433074136766831
7.721516976721293
3.07725199365593
7.458061470804312
1.9750650937106953
7.194605964887325
4.591290399814832
9.326055914605316
3.3825126373000813
9.081540964153737
6.616343958546621
8.832012510302427
2.4751497302033774
8.577316397906424
4.375818917091666
8.317292171602912
3.641515454812419
8.051772756290841
5.289055932582536
7.780584118423111
6.164973107424697
7.503544906796456
4.937066985337536
7.2204660714243065
5.577270093263003
9.347180263895408
4.169486783416409
9.120193474687674
0.010616528008957071
8.884250417663761
8.513154359749354
8.638817696059984
2.7797021920406535
8.383319487402886
5.236821196553136
8.117133348637301
6.172994269497357
7.839585531632288
3.763963672407182
7.549945744451903
5.826210457682043
7.2474212845001365
0.07762107715264344
9.367808357581023
8.68216855875781
9.158603744639295
1.5995282040243968
8.937109708864178
6.974906833349762
8.702229762479071
4.518560081608262
8.45273625729969
7.746426862511716
8.187250893584128
5.966084156506547
7.904221834561677
0.5352005748105957
7.601896767983901
3.1767882058992516
7.27829111971149
1.5488691789789941
9.388843278619635
7.5227563308140075
9.198458009209679
0.9458086257942473
8.99296744816754
4.002877585314652
8.770539669516955
0.7349824504463202
8.529044044225788
6.117954050971564
8.265990960258957
4.80675242799394
7.978457460296156
7.228139225571407
7.662995201031
0.8251334045713388
7.315516179823206
1.9277761136064386
9.410848262728564
5.372364953984702
9.240898977117109
0.0106165436190222
9.053589833524287
0.3375732257482692
8.846191731143927
6.0600188084910895
8.615397985408729
6.081539485541012
8.357174259012611
3.0097119651947897
8.066564150529155
6.6275414113546764
7.737436443923998
2.7255528625366456
7.362155516107736
5.5219768526895745
9.43427581578008
8.347337854786156
9.286928899191308
8.702167121370826
9.12066589723379
0.1961932902566792
8.931721110332425
5.639043991405132
8.715321054907836
4.305035830788041
8.46535805942275
3.7348904706503987
8.173946463446942
2.334781257040644
7.830817460809927
4.699181924158955
7.422492210188901
4.550414386879295
9.459553697125433
8.467964229750983
9.337570432715426
1.5112650409253394
9.196042137069917
1.4796006927160987
9.030073104176346
3.4045931256591135
8.83313065725003
2.675251266366354
8.596398044938637
0.25369635958434533
8.30785174130467
4.1599051993162
7.950944282294835
5.583733245882452
7.50272371091387
2.3983688059802093
9.487128631371883
1.3479549827207307
9.393958655888953
0.08209959935467659
9.281878958256174
4.178197585421966
9.144855140091417
0.03886820277105607
8.974333156720897
6.859732261906044
8.758040827266772
4.532928212242705
8.478197565948722
7.375784877104405
8.108844784458192
0.38110071493176045
7.611875663333654
3.2643441041861343
9.352099527598368
1.6380406059122752
9.138493537056558
6.372692928281968
8.924887546514743
0.3405438371884082
8.71128155597293
0.6594894276926438
8.49767556543112
6.021605077589169
8.284069574889308
6.475606125648308
8.070463584347497
4.8859297150872205
7.856857593805684
0.4660734145405618
7.643251603263874
0.18690309359177704
9.368010746060028
7.801984366283234
9.167013569930482
1.7040924040961318
8.96263148198996
3.071548007191916
8.75477924254085
2.8226190816128973
8.543368768071435
2.8488006228676763
8.328309013974122
5.988773924214133
8.109505851563627
0.010514499828662649
7.886861939080581
0.07944513620141092
7.660276586347308
7.1046066271475885
9.382592274253135
6.342866833138546
9.193563831823985
6.600454402737534
8.998333091176772
4.4886427173185215
8.796594435070107
6.318388152242772
8.588022252240044
2.947675184847829
8.372269322852242
3.0534881295146477
8.148965051362902
2.9784171441038114
7.917713530643032
3.8880259709919303
7.678091419381264
6.404387506946661
9.397266983054491
2.3252118053518127
9.22068715751614
3.9196687259500465
9.035372265418037
7.430151817254531
8.840670886442805
3.8539911329386856
8.635867059266552
4.218513196655607
8.420172426180262
2.4504707142177993
8.19271727198881
1.1223388689821463
7.9525402861559815
7.290935598761971
7.698576849307015
2.3477570346224494
9.412689077911532
8.723606882903717
9.249630032836981
0.6806788289219332
9.075529578151924
6.51175334465076
8.889256638943804
1.9220535557697462
8.689526421746425
3.057452508807333
8.474874984287407
7.677732258380461
8.243629023661981
7.727330655035356
7.993869917066078
5.578792169472252
7.723390848521621
1.9510136401121714
9.429331618449478
7.456080676745792
9.281366125619554
1.2339864430176193
9.120309379617149
4.533586770166526
8.944403812714553
2.1104729592399267
8.751580240384305
1.258262509350514
8.539391599633882
6.659780691874203
8.304931035615507
6.044233744440373
8.04473046353301
0.25274455416879316
7.754634769165067
0.010467815915022438
9.447636267103942
5.590039006790129
9.316868059274956
3.5554050050219232
9.171312383670807
4.7425631841975
9.008426489556845
2.86274931190645
8.825095850316416
3.723838182736678
8.617483357601689
5.715427895975376
8.380835552616524
4.769199586663808
8.109233406855754
0.9385517397185801
7.79527159120092
5.353742968362125
9.468077223616513
7.8807122013522966
9.357235442703145
5.13187708700794
9.23043418460047
4.18069020134778
9.084181768186626
0.7474385333157187
8.914006309935159
4.957907265561507
8.714143026579883
3.7454252050301164
8.477117243858743
0.010514523411936705
8.19318854979923
0.07944853095061966
7.849610470013319
6.283144183454727
9.49120210820678
1.0635525369576038
9.40378848870403
3.767359529835529
9.300031335266494
1.9706208127925007
9.175335622426756
0.3369299081559536
9.023507399280383
3.759583773099058
8.83614850926596
5.721659831061029
8.601820324926122
4.11483378377337
8.304891148389606
1.9333096174526354
7.923951989542013
2.039346069520633
9.398476490208868
3.9983513949025857
9.231247462277555
4.509186989084422
9.064018434346242
0.8553990371285902
8.896789406414932
1.1146943730130543
8.729560378483617
1.6393443539492352
8.562331350552306
4.8198832390801964
8.395102322620994
1.9360878549028282
8.227873294689683
7.544076875416723
8.06064426675837
4.881607185372016
9.408382398057011
4.198297581510955
9.248973208708318
3.550656385615723
9.087436695088329
0.6771361168202332
8.923730524397715
0.1976644374768471
8.757811251352642
6.111178915817028
8.589634282183114
3.581229228032256
8.419153837264753
5.61654435501854
8.246322912325395
7.30364245769042
8.07109323816535
5.641309150964297
9.417744731399212
7.547766211535963
9.265939057538832
3.168143447650544
9.11013913450655
4.63956536361348
8.950187935414132
6.054977612304153
8.785920285803806
3.9303424394093023
8.61716234556226
5.654328312932546
8.443731052604635
6.158540150464665
8.265433525199912
5.343465056064943
8.082066419536266
0.19092342202772383
9.427450392500297
5.485689971085226
9.283745782088996
0.270660719314311
9.134270031174275
7.416505934792016
8.978676448879321
3.915626317251455
8.816590935599727
4.031910118012567
8.647609351514799
0.1949833765470702
8.471294596673756
2.5594873630064368
8.28717336836496
2.6831789198659073
8.094732557232204
6.328729810136073
9.437965062574982
8.253761087560276
9.303286603904752
8.622296276978366
9.161105288456328
2.936203790301686
9.010795887729408
7.597757181396615
8.851665033169985
5.059377345261716
8.682942328837324
7.141454873739295
8.503770169540754
8.326338456018403
8.31319206498932
3.4647531855121176
8.11013923926144
3.304931013211214
9.449680948064678
8.955453012418685
9.325360841033078
1.2425273340488865
9.191856193321687
3.900635273822977
9.048153963728964
7.532308858016185
8.893096627197952
8.42754991207868
8.725358035124607
7.720962930546734
8.543414890977774
0.40671173124075355
8.34551302071903
5.036481955656427
8.129627464870724
3.561938090974698
9.46301453085522
4.01674759706315
9.350857112222908
0.34650985834187364
9.22792803554395
6.131579756451678
9.092691190642851
6.325766759694967
8.943332564506509
7.0655097669401155
8.777703033707715
1.8937286559195174
8.593248740143144
3.464812546117723
8.386926345085982
1.3107687824095944
8.15509988219406
3.481877271392281
9.478458505342898
7.790804783180216
9.380861840360161
0.0394827320474434
9.271091937624924
7.224444386938154
9.146923262235628
5.201199622092631
9.005629837551728
3.2326947796609566
8.843861910412423
3.543700616830967
8.657491609608142
8.018057877279642
8.441419964835859
5.513689766661403
8.189335853308517
2.4684589726378174
9.496625152470287
1.7468841924593272
9.416759096833982
4.9636932538789456
9.323657180868777
9.126828734469028
9.214202687650301
4.448920502220436
9.084419807609823
2.301584553528487
8.929225853396213
1.9886147251207336
8.742113022807208
7.068307577429845
8.514740538931587
3.141707381442258
8.236413072362115
8.149498399160136
9.44244860464098
5.10146487738072
9.319191691141778
0.3481105017777662
9.19593477764258
0.010641557668029378
9.07267786414338
3.5838676183250566
8.94942095064418
5.310966128132942
8.826164037144979
0.4982013747086866
8.70290712364578
1.4564304019784968
8.57965021014658
2.4201611995586334
8.45639329664738
6.082318595564511
9.447911419187887
7.177235811692029
9.328950780300639
2.3142488938400625
9.208806419608003
6.228695700012583
9.087460822010302
1.6000747870731054
8.9648961312474
4.664729118990595
