529
ACACIA
AGGRI
AIDMAN
AIKONA
ALALIA
ALBEIT
ALIGHT
ALISON
ALMAIN
ALPACA
AMAUTI
AMIDIC
AMIDIN
AMINIC
AMPULE
ANICCA
ANIGHT
ANISIC
ANOMIE
APNEAL
APODAL
ATWAIN
AUMAIL
AUNTIE
AVANTI
AVIDIN
AXILLA
AZIONE
BACKIE
BALDIE
BAWTIE
BIAXAL
BIDENT
BILLON
BILLOW
BILLYO
BINGHI
BIODOT
BIPACK
BLIGHT
BLITHE
BLOWIE
BLUDIE
BOATIE
BOLETI
BONXIE
BOOBIE
BOODIE
BOOKIE
BOOTIE
BOTHIE
BOYKIE
BUBBIE
BUCKIE
BUFTIE
BUNJIE
BUNKIE
BUZUKI
CAIQUE
CALAMI
CALCIC
CAMAIL
CAMBIA
CANDID
CANDIE
CAPOTE
CAPSID
CERIC
CHIGGA
CHIGOE
CHILDE
CHINSE
CHIRRE
CHITIN
CINEMA
CINEOL
CLAVIE
CLIQUE
CLIVIA
CNIDAE
COCCIC
COCKUP
CODEIA
CODEIN
COIGNE
COJOIN
COLDIE
COLOBI
COLONI
CONDIE
CONGII
CONOID
COOKIE
COOLIE
COOSIN
COOTIE
COPOUT
COTYPE
CREPE
CUMULI
CUPULA
CYANIN
DAFTIE
DAHLIA
DAIMIO
DAPHNE
DAUTIE
DAWTIE
DIBBUK
DIOBOL
DIOECY
DIPLON
DITTAY
DIVEST
DOMOIC
DOOBIE
DOOLIE
DOOWOP
DOOZIE
DUCKIE
DUDDIE
DYADIC
DYNEIN
FACEUP
FADEIN
FAIBLE
FANFIC
FATSIA
FICTOR
FIDDLY
FINELY
FINEST
FINNAC
FLIGHT
FLISKY
FOIBLE
FOLKIE
FOODIE
FOOTIE
FOULIE
FULGID
FUMULI
FUNDIE
FUNGIC
GAINLY
GAMBIT
GANOID
GIAOUR
GIBSON
GIMBAL
GIMMOR
GIRSH
GITANO
GIUSTO
GLIBLY
GLINTY
GLIOMA
GLITCH
GLITZY
GLOBIN
GLUMPY
GLYCIN
GNOMIC
GOBLIN
GODWIT
GOIEST
GOTHIC
GRASP
GUIDON
GUILTY
GUIMPE
GYMNIC
HACKIE
HAIQUE
HAIRST
HANKIE
HAWKIE
HIATAL
HIGGLE
HILLOA
HITCHY
HOGTIE
HOISIN
HONKIE
HOODIE
HOOLIE
HOWDIE
HUMLIE
HUNKIE
HYPATE
IBADAH
IBADAT
ICIEST
IDIOCY
IDOLON
ILLEST
ILLUDE
ILLUME
IMAMS
IMBARK
IMIDIC
IMMANE
IMMESH
IMMUNE
IMMURE
IMPACT
IMPARK
IMPARL
IMPART
IMPAWN
IMPEND
IMPORT
IMPOST
IMPURE
INCAVI
INCUBI
INDART
INDOOR
INFECT
INFELT
INFERE
INFORM
INGEST
INGRAM
INGRUM
INGULF
INHERE
INJECT
INJERA
INJURY
INNATE
INTRON
INVERT
INWARD
INWORK
IXODID
JAGHIR
JALEBI
JIBBAH
JIGGLE
JIGSAW
JIVEST
JUMBIE
JUNKIE
KAINIT
KAKAPO
KALMIA
KAMAHI
KAPUTT
KHILIM
KILLUT
KINEMA
KITTLY
KITTUL
KNIGHT
KOKOPU
KOOKIE
LAMBIE
LATRIA
LIABLE
LICTOR
LIGER
LIKELY
LIKEST
LIMULI
LINENY
LINGLE
LINTOL
LIONLY
LIPASE
LIPOMA
LIQUOR
LITTLE
LIVEDO
LIVELY
LIVEST
LOMEIN
LOOKIE
LOONIE
LOOSIE
LUCKIE
LUNYIE
LUTEIN
MAFFIA
MAHSIR
MAKEUP
MALEIC
MAMMIE
MANATI
MIDDAY
MIGGLE
MILDLY
MIMBAR
MINBAR
MINNOW
MIZZLY
MOCHIE
MOPANE
MOWDIE
NAIANT
NANNIE
NAPALM
NAVAID
NIBBLY
NICELY
NICEST
NICETY
NICKAR
NIGER
NIGGLE
NILGAI
NOOKIE
NUDNIK
NYAOPE
OCICAT
OCTOPI
OCTROI
OMIGOD
OTIOSE
OUGLIE
OUTDID
OUTLIE
OUTVIE
OVISAC
OXIDIC
PACAS
PADAUK
PAGODA
PAINCH
PAINTY
PAIOCK
PAJAMA
PAKOKO
PALACE
PALAMA
PALAPA
PALAS
PALATE
PALLOR
PALOLO
PALTRY
PANADA
PANAMA
PANDIT
PANFRY
PANTRY
PAPULE
PATACA
PATAKA
PATHIC
PAUAS
PAULIN
PAVANE
PAWAS
PAYNIM
PEEPE
PHASIC
PHATIC
PHLEGM
PHOBIA
PHOBIC
PHONIC
PHONON
PHOTIC
PHOTON
PHYLIC
PHYLLO
PHYSIC
PHYSIO
PHYTIN
PILAFF
PILLAR
PITHOI
PLACID
PLACIT
PLATAN
PLIANT
PLINKY
PLINTH
PLISSE
PLONGD
PLOOKY
PLOTTY
PLOUGH
PLUFFY
PLUMMY
PLURAL
POINTY
POLEAX
POLEYN
POLLAN
POLONY
POLOS
POMOS
PONTIC
PONTIL
POODLE
POOGYE
POONCE
POOTLE
POPLAR
POPLIN
POPSIE
POTATO
POUFFY
POUKIT
POZOLE
PUBLIC
PUDDLY
PUDENT
PUDUS
PUJARI
PUKKAH
PUKUS
PULUS
PUMELO
PUNANI
PUNANY
PUNDIT
PUPATE
PUTEAL
PYKNIC
PYLORI
QINDAR
QINTAR
QUICHE
QUIGHT
QUINCE
QUINIC
QUINTE
QUINZE
SEEPS
SIGIL
TAFFIA
TAIGLE
TAILYE
TAISCH
TAKEUP
TALKIE
TAMEIN
TANKIA
TAPALO
TATTIE
TAUTIT
THIBLE
THIRST
THOLOI
TIDDLY
TIFOSO
TIGER
TIMELY
TINEAL
TIPCAT
TIPULA
TIPUNA
TITOKI
TITRE
TITULI
TOMTIT
TOOLIE
TOONIE
TOTTIE
TOWNIE
TOXOID
TUGRIK
TUMULI
TUPUNA
TWIBIL
TWIGGY
TWIGHT
TWISTY
TWONIE
UNAKIN
UNCAPE
UNCOPE
UNIFIC
UNISON
UNKEPT
UNKNIT
UNVEIL
UNWEPT
UPBEAT
UPBOIL
UPCOIL
UPHAUD
UPHEAP
UPHELD
UPKNIT
UPLAID
UPLEAD
UPLEAN
UPLEAP
UPWENT
UPWRAP
VEGIE
VIATOR
VICTOR
VILDLY
VILELY
VILEST
VILLAN
VINEAL
WABAIN
WAIRSH
WHIRRA
WHIRRY
WHISKY
WICCAN
WICOPY
WIDELY
WIDEST
WIFELY
WIGEON
WIGGLE
WILDLY
WINDOW
WITTOL
WOODIE
WOOLIE
YANKIE
YAUTIA
YCLEPT
YTTRIA
YTTRIC
ZIBETH
ZILLAH
ZIPOLA
ZOMBIE
ZONOID
