5.757140715579118
2.438257302938723
5.353115632119868
1.940330255670129
4.965267124250339
3.7266947916847117
4.59273433737018
3.5639544868299096
4.234709176579676
2.1764369111690254
7.59461778251806
0.0025055320869804554
7.145373574705026
4.736290081793227
6.706190244814143
1.8571798066897214
6.276778447181464
0.712780647365336
5.856858071576529
2.8585018363854298
5.446157941067478
1.1957362821549138
5.044415519578557
2.404277113459225
4.651376628842288
3.8123573739394008
4.266795174457334
1.7639958545843197
7.6378428734131365
6.982722743338204
7.221463985341832
0.6451512560802832
6.805085097270524
1.1067259546081216
6.388706209199219
3.8799192782919274
5.972327321127915
3.9272669180486672
5.5559484330566065
3.80271137296387
5.139569544985301
3.597256567572862
4.723190656913991
0.002465947256065082
4.306811768842691
0.9386151842364288
7.6849808233762875
2.2885870329667286
7.306141919012008
1.3609122971115433
6.917395384947518
1.4452879288784484
6.518420986084772
6.439164800080501
6.108887562569238
4.860797220494953
5.688452665562652
1.9226696859803853
5.256762181565624
1.8695741853569974
4.813449944955611
4.201699887239354
4.358137338397123
2.1609898232390186
7.737075988459468
6.972400281350517
7.401707115649937
4.06005342453357
7.046850232612073
6.17538648863122
6.6711504966133885
0.5555159310900821
6.273157045435639
3.1746665609672786
5.851316529307907
3.5961420770560504
5.403966240153404
0.9402093320960119
4.9293268151908
3.540499209166576
4.425494490732997
1.356805513412091
7.795279238267365
0.8527620162350429
7.51081182841299
0.13897338879568588
7.197914826836103
4.1713315141456775
6.8533593362008665
0.55601749910667
6.473558882433933
1.3347007618344273
6.054532918162051
5.291935735927385
5.5918669521736195
1.4330354004744628
5.080669023038315
0.05395892281239334
4.515522213667421
0.31641155375444807
7.564230291826243
4.463068017650827
7.113339496796323
0.10914591375602312
6.6974311244007545
2.853644560767729
6.312892480740545
0.03725776755041177
5.956548855272373
3.5503853158983114
5.62560537891293
0.021226582645903047
5.317596976463436
0.72272873141989
5.030345264466759
3.9548501619498024
4.761921408746311
0.5899924186963315
7.590986901720369
0.0025070000717695162
7.157673169798917
5.1861651729384155
6.751752585631665
6.271140847326793
6.370942559022357
4.580198513934202
6.013180414595269
3.0941926823248114
5.676600625077618
2.560188510750274
5.359514465984827
2.0229491212743063
5.060391834538145
1.1123590371920296
4.777845002430268
0.12835982776705834
7.616070826210191
3.4111193843293415
7.199900638789483
0.6524111580950851
6.804283237242593
2.118417217992663
6.427895601874486
5.82253690679171
6.069511557209896
0.31984217723102404
5.727994301877425
1.6838012861146465
5.402289518778789
3.3702380361546096
5.091419021366432
1.0087793727678176
4.794474895095926
3.18536960013018
7.641840942008043
1.2719160481915697
7.243947109877461
3.608458757281533
6.859889093088376
2.1252909106919344
6.4890482478967995
1.0941300891794985
6.130836786140927
3.7703477757893364
5.784696187360721
2.458309729726096
5.450095691577964
4.887989935365638
5.1265308687911695
0.34194216369495134
4.813522261423314
2.1748983898125083
7.669465728063187
0.03797960195661787
7.291895709882274
6.5851314957166895
6.92134253496669
0.057393437984822215
6.5576413657783785
4.226954436136326
6.200631587350846
0.07947343143586783
5.850156698215245
4.828003945532902
5.506064204052108
1.987605685243191
5.1682055140040735
2.4715979870481966
4.83643583958669
4.6733043987075265
7.6998609949495425
2.053111842593508
7.345500228414642
1.674822046348788
6.991139461879742
1.7644152859338567
6.636778695344843
4.89158746076761
6.282417928809938
1.8395444887154295
5.928057162275039
5.022550371640074
5.57369639574014
4.732078712010384
5.219335629205236
3.487645267299921
4.864974862670334
0.45847824360549905
7.733935017575924
1.5758923941249916
7.406599018092593
4.440551370472448
7.07202693772045
0.42656901473238085
6.730026853902604
0.056944612608714085
6.380401613592554
6.303609560634991
6.022948696770296
0.05604290570907411
5.657460076649121
1.1652383082925248
5.2837220764992505
2.9135748477934094
4.901515223013128
2.246174386076192
7.772699008964322
7.6766749127207845
7.477320717266204
0.9654802171046324
7.167296281664331
6.813729370049204
6.84179038025144
1.4327244353666524
6.499920619240889
4.7635807604637925
6.140755065317338
0.4941119687048241
5.763309660123779
2.459863771847726
5.366545511778813
0.00961931911126701
4.949366058116814
2.6397027228220917
7.817342505729076
4.37352558995666
7.56024188818208
1.915932655663422
7.2810333588583305
4.939446203826497
6.977664038279597
3.2465346716865207
6.647901487418358
0.36411489521077023
6.289319537941024
5.3538573597484564
5.89928312301377
4.179675227241278
5.474932045513583
4.8811844575410195
5.013163616889597
4.428180349834938
7.689406611834627
1.6605036420712938
7.346383795944126
2.4855232436771253
7.023432780620627
0.08161434015608182
6.7189910793386405
1.1258347723420032
6.43163850490474
0.2442243588251749
6.1600830526957955
5.014516118990739
5.903148243749863
0.7633341780475047
5.659761774740925
1.928358084154661
5.428945337809013
0.5330204711214661
7.7044196377298215
5.830021802541896
7.371710091577763
0.6024405753316626
7.05500324011847
0.8911500130708339
6.753288611089298
0.17190047134937458
6.465628998396217
6.161747515266253
6.191154800871064
3.960064852361353
5.929058806662513
2.6573419965270952
5.678591388506089
5.287895581065333
5.439056077758251
2.47698612048871
7.7188671468107595
0.6127545455080401
7.396363504654078
1.1813918690297316
7.0860772218628885
4.131017957440791
6.7874097002817155
1.7519713904083578
6.499795345408497
2.7096111693268674
6.222699670039919
4.698617207705294
5.955617506524003
3.002769027646348
5.698071321578202
1.623365277808219
5.449609627952945
0.27100480602812493
7.734090920568503
1.4313921443105548
7.422634086700744
4.9160194826073145
7.119553919042509
5.837985125188239
6.824564252990225
0.37863361319487243
6.537389673346997
1.499825237663937
6.257765103384265
1.016725247308717
5.98543540922938
4.112564364292513
5.720155019033931
4.142055019260445
5.461687556395825
4.9011928643860845
7.7508405959564355
5.110067504878848
7.451873398921918
0.05810547721887871
7.1572406049087425
3.906224272197022
6.866864181419704
3.6891954819268684
6.580667599646542
3.557367952242796
6.298575805718228
2.2103861819242225
6.02051519247434
4.829228338196598
5.746413571754587
4.81855356006266
5.476200147195552
5.100905786837133
7.769780134088599
2.4909939292463146
7.485338506692754
0.009831921540391031
7.200896879296911
0.7686958116443345
6.916455251901066
6.5838689585466526
6.6320136245052215
0.1073600989633654
6.347571997109378
0.021412394835946813
6.063130369713535
0.07948067895540634
5.7786887423176845
4.1078344184696345
5.4942471149218415
3.6099590189445623
7.791633074968192
4.8473046249957035
7.524447073057129
4.692690760993367
7.252570091685561
4.882647543775591
6.9759065564685585
4.212676486410462
6.694358946095811
2.220351012452643
6.407827755082076
1.7347935960481213
6.116211455863933
5.035164097927218
5.819406460232356
2.139735757587474
5.517307080090512
4.376735474974045
7.817261622004226
4.762966702608484
7.570929025103946
5.256857429754793
7.314813478268944
6.418110262160512
7.048487234057049
0.5835305375029645
6.771504628286361
1.1725186058546249
6.48340139538464
2.2277918928298712
6.183693960191305
0.2781720893854276
5.871878705483276
3.7431046421584484
5.547431214475518
0.8392981800409425
7.847733118061566
3.6564988662827513
7.626963944232713
0.847206949798267
7.390897339039873
0.4849219644087821
7.138450314029397
5.294282110437872
6.868469992173943
2.997148481584989
6.579729613707272
5.294044888540689
6.270924340151724
3.5771732805920227
5.940666847464991
4.668461017144438
5.587482698866748
1.945005004178764
7.812095343474203
3.2131820720395536
7.579617458634031
1.5701414942347374
7.356279423046375
0.009834413126602382
7.14160368937865
6.371853547047577
6.935141788071497
5.2868671727291225
6.736472409289255
4.432136099106454
6.545199615952615
5.929553534051139
6.360951178831467
3.618959651614308
6.183377025289616
3.5311221112140396
7.818787400726599
2.25229499129048
7.591107543677092
0.4438535069724514
7.370849855705748
4.01703964111263
7.157698181242209
0.03778864253661518
6.951351713442834
1.2141064896469065
6.751524206846639
0.002500136279630194
6.557943230833373
5.401125922220318
6.370349461804562
3.844081447654814
6.188496012110865
5.468805827470009
7.825397198724817
3.8528775982655525
7.602540489782503
5.758231690671464
7.385452826303797
3.5899240906587444
7.1739427500929915
1.2336663002402768
6.967825873552024
0.9500519699782188
6.766924610603433
4.210037681890773
6.571067917718112
5.797295281206226
6.380091044682321
6.230683664733473
6.193835294751009
0.16900974280619363
7.832543494527718
4.8788409654192035
7.614992738544424
4.577570137684075
7.40147348320748
4.9059797889607974
7.191892132388992
0.5966060599224889
6.986157443282176
5.486373393662825
6.784180467003605
1.610552144662442
6.5858744906418
0.6874421707293443
6.391154980718857
5.418020789372859
6.19993952803249
3.1817260598480983
7.840619501562111
6.784353522833557
7.629173995752705
7.350093187010632
7.419858779372346
4.9147553230283645
7.212647728339556
4.3632389522578885
7.007515054895398
0.5354600041021753
6.804435303374347
5.511187667617649
6.603383346025375
4.0390973133162476
6.404334378882682
2.2494351322055
6.207263917685534
0.7822005742195919
7.850014364720662
3.8593754632334543
7.645806967956883
5.969873698698952
7.441599571193102
1.6998410713822438
7.237392174429321
0.654129461578939
7.03318477766554
5.348757777395386
6.828977380901756
6.421725869177857
6.62476998413798
0.057320577411425155
6.4205625873741985
4.013298383420229
6.216355190610418
4.623009893327976
7.861186262672241
5.364108368824276
7.665758794713119
2.2985363376174544
7.467906151777008
3.263383512151845
7.26759467925041
0.4357821586359796
7.064790268139554
6.383826419647695
6.859458349410248
6.612907950700507
6.651563888263783
6.335127405699823
6.4410713783482425
4.848886133605612
6.2279448359045615
0.368935081753599
7.874711769766099
0.002509345707298216
7.6901351731388425
0.7930787848886189
7.500341344583337
0.05813601878256236
7.305175490120229
0.7740330698001245
7.1044785454729364
1.0822494318561882
6.898087070448494
2.8198752968787786
6.6858331409913685
3.521440950410586
6.467544238864446
3.1311648357951585
6.243043138910494
5.219488229284201
7.891334931260552
2.9561535368505862
7.72037746906124
7.244121250224095
7.540962488719321
0.25302668970538145
7.3526867035092325
6.630404925138715
7.155129820627976
1.2177995217993183
6.94785391610193
4.68540069395038
6.730402789559781
4.39564488609062
6.50230129829766
1.7622106558282589
6.263054670047734
4.791916178082592
7.9334224474858965
5.317598905217765
7.8150364550324145
3.9419713916226127
7.6989999539098655
3.2672466810774843
7.585251069119236
6.664551656860269
7.4737298164599535
2.8530212618940958
7.36437804029643
6.033827439220627
7.257139353433753
5.863392180410444
7.151959079030994
1.0296928364369073
7.048784194482965
1.0225426455772022
7.935107775956958
0.05864931542987262
7.817981052658034
7.626534281678339
7.702798597534172
1.5073739237562342
7.589518466409758
0.08257542733888035
7.478099738164522
0.9835653808581126
7.368502488597132
0.1410844771678874
7.260687764957813
1.9119049351631596
7.1546175611332945
2.2829354227761116
7.050254793467691
1.3644166513523444
7.936816392916826
4.367034985822461
7.8209770253364645
5.628028202451661
7.706677194765905
3.8972098291594213
7.593890928356111
0.44409215197750007
7.482592735107459
4.778622470337104
7.372757596761992
4.980235705324142
7.264360958863914
4.311706363217621
7.157378721985381
6.8999946616729755
7.051787233114611
3.3797348794146354
7.938712777353408
0.3017594950803466
7.824314357754493
0.17749004785017353
7.711013349613049
2.570825810882767
7.59879676575375
0.14182302913749356
7.487651782829298
3.631429214958446
7.3775657392738125
4.982678942847967
7.268526133280624
3.8005706366432914
7.1605206208041965
4.511809036316378
7.053537013585917
2.1058159060317836
7.9409160085446135
6.965941778298804
7.8282067498047905
6.870234337571889
7.71609025019487
0.009856940747260623
7.604562798701433
0.8572694197622919
7.493620708218724
5.4114011472091015
7.383260315400472
6.937329386456533
7.273477980512593
5.700636293946521
7.164270087286733
1.2344442127802093
7.055633042774659
2.9748908271027363
7.943555913056349
4.9394467044149515
7.832890064628254
0.8679982688090029
7.722224216200159
4.541466848491222
7.6115583677720675
4.394958873265355
7.50089251934397
0.3431426680540015
7.390226670915874
0.009836585954940968
7.27956082248778
1.5335624511624772
7.168894974059684
2.1272623188216975
7.05822912563159
3.626982036888097
7.946795376630277
0.9410583253050799
7.838662583496667
3.1286900300512035
7.7298183888418315
6.691337690352391
7.620257765982663
7.248687251955497
7.5099756545913925
0.34314699286025974
7.398966960491167
0.8466733057464357
7.287226555450497
3.720083213311865
7.174749276976597
5.1987823238295405
7.061529928107571
2.8148562964457295
7.950848801525622
5.614548282830659
7.845919170716836
2.5986249051956216
7.739409445709191
2.3176890486143047
7.631295884480232
0.7930485374278646
7.521554422506336
2.52189102966346
7.410160668894491
5.796892335190331
7.297089902473118
6.328527511002035
7.182317067841533
3.424925050940952
7.0658167713776345
4.958670011499427
7.956002744060834
6.003815773203597
7.855189969977189
2.951518478283003
7.751721161766191
1.4321142220490257
7.645532755611199
0.05835678105172182
7.536559878503978
1.949981719225438
7.42473632504971
0.2128639107514907
7.309994533914411
6.337395785199066
7.1922655639099204
4.863807636090073
7.071479069711568
0.5387109843292612
5.878384763042843
3.328641864319409
4.8285056832740985
0.03954998192038972
4.017986597432444
2.0193909468044646
3.376967985693253
2.7269440764361894
2.8792687793732874
0.035881053003739005
2.4662867609940635
1.1378113849152172
2.090026005366256
1.5703479797075404
1.7746998870964443
1.5861558265763702
1.5155360250027767
0.0666507978712576
6.0554110165381845
0.8247556047692957
5.077810730297843
0.796557432043723
4.281989747690929
1.7267716147627654
3.6785190424097327
2.438418136635365
3.189726175816433
1.5118414521275385
2.7574133856089116
0.414998974847235
2.3471850090447868
1.0901265198749308
1.9198005217946728
0.013104230901252567
1.557492457043221
0.6205910442368875
6.198251710737544
5.72152022328175
5.289982034332614
1.1127131247441948
4.53898352171021
2.3601693524868717
3.973870510658528
2.981932342678879
3.4867920802773584
1.8154149837400284
3.042090721506153
0.5648636616162083
2.6070010377628057
2.427969857325311
2.1364417485082745
1.171549692439315
1.6014588381652244
0.3628542353340576
6.326386839273026
2.175460054293605
5.489067392181715
2.386977391044921
4.806947329864725
3.678462533605476
4.27179481546544
3.1826864903240173
3.793381222303827
1.8468039371367764
3.3427308186722176
0.296047464050158
2.8879331549780107
1.5298922664794512
2.3786036946563955
1.4349227369183937
1.7193911109013786
0.38367475902430725
6.446827572408106
3.019886641439013
5.684021346318173
2.707080672672589
5.080914943853669
3.044172195850906
4.583134398753879
2.1041410670043357
4.122066981925429
0.35631223792890854
3.673011644389032
3.583786412662605
3.204080499280784
1.4642494443131193
2.658593682594133
2.0799179071392544
1.9128566395566722
0.5519906171641321
6.56303936435798
0.6813781306090867
5.879530505112244
3.1208964353872877
5.365676058693431
2.843401532517823
4.91557855614581
4.852892564231002
4.482770982294726
0.16768006117399192
4.045142525785141
3.589311014327831
3.5696645054814553
1.2381550160186963
2.9914024729785886
0.7793568949577474
2.1549403964467775
0.4485762912427532
6.677053136005452
0.5829327846055454
6.083819644243402
2.397480856111691
5.665370531748065
1.2311101878193544
5.275788556407799
2.500203746468836
4.885132203841935
0.4607196648712877
4.47224169204042
3.8920866009196695
4.001341295473358
1.8388112746205878
3.3961494601431323
2.0562341265848523
2.460891882671449
1.2734289787219983
6.790200693237507
2.1798473589175438
6.303776091026386
0.006777692114267708
5.9837204166795726
0.11369346770861188
5.670290138591851
3.630571476692899
5.339541501768138
1.2922630158326873
4.969588861189649
0.8039826613551222
4.519807931100074
3.4086907996640865
3.8980093679456704
2.7001273725162918
2.854123865779118
1.2855727292661254
6.903430950620917
0.9076471252989018
6.534624827993454
2.046861036856045
6.324303204942305
0.0384410973154683
6.105935090422223
0.5519532391907815
5.85777291745644
1.908247247144903
5.555595061645686
0.048145501365980614
5.151350470625747
2.277906515973179
4.530482917654087
0.597420747609744
3.3676438239791366
2.463008075592996
6.103122137405828
2.924838439934351
5.178041128172852
0.0017442709131514356
4.434769588968678
0.1163743169494944
3.8274881075656864
0.09068401389337177
3.3236881139359973
2.5754707751515316
2.8999539996179537
0.7298654146885528
2.5391558076438496
0.770403137336843
2.228565201122195
1.4126806518635548
1.9585787546117939
0.6245133163625101
6.2301266700447595
0.5349473025134874
5.363680624668819
2.3765746197813575
4.63760501895206
1.0870745552717582
4.022735481627642
1.4698417493918567
3.4968610534629114
0.08762886164306227
3.042929718847576
2.4977479605850332
2.6477379012681186
0.5093116318968214
2.3009705963822595
0.03474806226744254
1.9944957543783461
1.6321719750505932
6.336454761681544
5.928780983776871
5.525849246096945
0.20488960001073098
4.82153791643934
2.7893965890689247
4.20566745115965
0.03838157098740047
3.6638060758990703
2.942546237535135
3.184239871024313
2.2449523357430414
2.7574187748963364
1.134366912486524
2.375520113951981
0.8719389751400874
2.032104364752229
1.377458792797929
6.434907416449831
1.785333556252783
5.681660016507335
1.6941389148066763
5.004318736404613
3.2888704135549105
4.393109513901682
1.0232630146365187
3.85079221617434
1.3448132226757705
3.3767141897879993
2.546265645018406
2.9096097033584223
2.4752036006147793
2.459616235218345
0.3990992614916904
2.075324240096876
0.7984442766031847
6.530205121775212
2.3719112116285173
5.837770377306127
2.9179624205001016
5.193484556362756
4.026123596350745
4.598229610408113
3.5801285176613042
4.107141257510635
3.502209731553253
3.6378135292281697
0.4173724119103239
3.1521242518216743
2.6991466955680874
2.613682782910608
1.798499999821637
2.127541783220801
0.3636102165155437
