258
BAC
BAD
BAE
BAG
BAH
BAL
BAM
BAN
BAO
BAP
BAR
BAS
BAT
BAY
CAB
CAD
CAF
CAG
CAL
CAM
CAN
CAP
CAR
CAT
CAW
CAY
CAZ
DAB
DAE
DAG
DAH
DAK
DAL
DAM
DAN
DAP
DAS
DAW
DAY
EAN
EAR
EAS
EAT
EAU
EEK
EEL
EEN
EEW
FAB
FAD
FAE
FAG
FAH
FAN
FAP
FAR
FAS
FAT
FAW
FAX
FAY
GAB
GAD
GAE
GAK
GAL
GAM
GAN
GAP
GAR
GAS
GAT
GAU
GAW
GAY
HAD
HAE
HAG
HAJ
HAM
HAN
HAO
HAP
HAS
HAT
HAW
HAY
JAB
JAG
JAI
JAK
JAM
JAP
JAR
JAW
JAY
KAB
KAE
KAF
KAI
KAM
KAS
KAT
KAW
KAY
LAB
LAC
LAD
LAG
LAH
LAM
LAP
LAR
LAS
LAT
LAV
LAW
LAX
LAY
MAC
MAD
MAE
MAG
MAK
MAL
MAN
MAP
MAR
MAS
MAT
MAW
MAX
MAY
NAB
NAE
NAG
NAH
NAM
NAP
NAS
NAT
NAV
NAW
NAY
OAF
OAK
OAR
OAT
OOF
OOH
OOM
OON
OOP
OOR
OOS
OOT
PAC
PAD
PAH
PAK
PAL
PAM
PAN
PAR
PAS
PAT
PAV
PAW
PAX
PAY
QAT
RAD
RAG
RAH
RAI
RAJ
RAM
RAN
RAP
RAS
RAT
RAV
RAW
RAX
RAY
SAB
SAC
SAD
SAE
SAG
SAI
SAL
SAM
SAN
SAP
SAR
SAT
SAU
SAV
SAW
SAX
SAY
SAZ
TAB
TAD
TAE
TAG
TAI
TAJ
TAK
TAM
TAN
TAO
TAP
TAR
TAS
TAU
TAV
TAW
TAX
TAY
VAC
VAE
VAG
VAN
VAR
VAS
VAT
VAU
VAW
VAX
WAB
WAD
WAE
WAG
WAI
WAN
WAP
WAR
WAS
WAT
WAX
WAY
WAZ
YAD
YAE
YAG
YAH
YAK
YAM
YAP
YAR
YAS
YAW
ZAG
ZAP
ZAS
ZAX
