664
ACCLOY
ACETIC
ACETYL
ACHAGE
ACHENE
ACKNOW
ACTION
ACUATE
ADDEEM
ADENYL
ADHERE
ADJIGO
ADNATE
ADVENE
ADVERB
AEDINE
AGEING
AGGADA
AGLARE
AGNAME
AGNATE
AGUNOT
AHIMSA
AIDANT
AIDFUL
AIMFUL
AKHARA
AMBUSH
AMELIA
AMENDE
AMMONO
AMPERE
AMUSIA
ANEATH
ANGICO
ANTARA
ANTLIA
ANYHOW
APEDOM
APIECE
ATHAME
ATTEST
ATWAIN
ATWEEL
ATWIXT
AVENGE
AVENUE
AVIATE
AWHAPE
AWHEEL
AWHETO
BALBOA
BARBAL
BATBOY
BOBBER
BOLLED
BOLLEN
BOLLIX
BONBON
BOSBOK
BOUBOU
BUDDHA
BUNNIA
CELIAC
CENTRA
CEPAGE
CETANE
CHEERO
CHEESE
CHEESY
CHEVRE
CHICON
CHICOT
CICADA
CICUTA
CUCKOO
CUISSE
CULPAE
CULTIC
CUSPAL
CUSSED
CUTEST
CUTLET
CUTTOE
DEBARK
DECANE
DECCIE
DEEPIE
DEFACE
DEFAME
DEGAME
DELISH
DELIST
DESAND
DESCRY
DESINE
DESIST
DESYNE
DETAIL
DEWOOL
DHYANA
DIDACT
DIDYMO
DIEDRE
DIGGED
DIKKOP
DIMMED
DINNED
DIPPED
DISARM
DISCAL
DISMAL
DISTAL
DISUSE
DITTED
DUDDIE
DUETTO
DUFFED
DUHKHA
DUNLIN
DUNNED
DUPPED
EDDISH
EFFLUX
EGGERY
EGGING
EJECTA
EMBARK
EMIGRE
EMMESH
EMPERY
EMPIRE
ENDURE
ENEWED
ENFIRE
ENLARD
ENLIST
ENNEAD
ENSATE
ENSERF
ENSIGN
ENTAIL
ENTIRE
EPIZOA
ESCARS
ESKARS
EUCHRE
EVENED
EXEMED
EXPERT
EXPIRE
EXSERT
EXTANT
EXTENT
EXTERN
EYLIAD
FEIJOA
FELLOW
FESCUE
FESTAL
FINNAN
FISCAL
FUFFED
FULCRA
FULHAM
FUSAIN
FUSSED
FUTSAL
GEEGAW
GEGGIE
GELADA
GELCAP
GENTOO
GHETTO
GIGGED
GINGKO
GITANA
GLEDGE
GUENON
GUNNEN
GUSSET
GUSSIE
GYNNEY
HEBONA
HEEHAW
HEEZIE
HEGIRA
HEJIRA
HELIAC
HENNIN
HETTIE
HEXADE
HEXANE
HISSED
HUIPIL
HULLOO
HUPPAH
HUPPOT
HUSSIF
HUZZAH
HYLISM
HYLIST
IDEATA
IDEATE
IDLEST
IGUANA
IMBARK
IMIDIC
IMMANE
IMMESH
INDIGO
INFIRM
INHAUL
INJERA
INNAGE
INNATE
INSERT
INSTAL
INSURE
INTACT
INTIRE
JEJUNA
JEMIMA
JETSAM
JETTON
JEZAIL
JICAMA
JIGSAW
JIHADI
JINNEE
JUGAAD
KIDDED
KINARA
KINCOB
KISSED
KISSEL
KUBASA
KUMARA
KUMERA
LEEWAY
LEGATE
LEGGIE
LEGGIN
LEGIST
LETHAL
LEZZIE
LIDDED
LIENAL
LIGGED
LIGURE
LIKEST
LILLED
LIMPSY
LINEAL
LINENY
LINNED
LINNET
LINNEY
LIPPED
LIPPEN
LISPED
LISTED
LISTEN
LITTEN
LIVEDO
LIVERY
LIVEST
LIZARD
LUCERN
LUFFED
LUGGED
LUGGIE
LULLED
LUNARY
LUPPEN
LUSHED
LUSKED
LUSTED
LUSTRA
LUSTRE
LUTEAL
LUTITE
LUTTEN
LUVVED
LUVVIE
LUXEST
LUZERN
LYSINE
LYSING
MEDAKA
MEGARA
MELLOW
MENACE
MENAGE
MENSAL
MESCAL
MESIAL
METAGE
MEZAIL
MEZUZA
MIBUNA
MIGNON
MILNEB
MINNOW
MISACT
MISATE
MISERY
MISKAL
MISLAY
MISSED
MISSEE
MISSEL
MISSET
MISTAL
MISUSE
MISUST
MUDDED
MUGGEE
MULETA
MULISH
MUMMED
MUSANG
MUSSED
MUSSEL
MUSTEE
MUTANT
MUTEST
MUTTON
NEGATE
NETTIE
NIENTE
NILGAU
NUFFIN
NUNCIO
NUTANT
NUTJOB
NUTLET
ONCOST
OTIOSE
PEDATE
PEENGE
PELHAM
PENNON
PEPINO
PEPITA
PESANT
PETARA
PETSAI
PHEESE
PHEEZE
PHESED
PICARA
PILEUP
PILLOW
PINATA
PIPAGE
PIPPED
PISSED
PITARA
PITAYA
PITHOI
PITSAW
PIZZAZ
PTISAN
PUKEKO
PULKHA
PULTAN
PULVIL
PUPATE
PUPPED
PUPPET
PUSSEL
PUTTEE
PYCNON
PYJAMA
QUEEST
QUINOA
RECOAL
REEARN
REFURB
RETOOL
RETURF
RETURN
RISTRA
RIVERY
RUDERY
RUSTRE
SCEATT
SCENIC
SCHEMA
SCHISM
SCHIST
SCLERA
SCUMMY
SCUTAL
SCUZZY
SEBATE
SEDUCE
SEEING
SEESAW
SEICHE
SEMINA
SEMMIT
SENDAL
SENNIT
SENTRY
SEPTAL
SEXISM
SEXIST
SEXUAL
SHEENY
SHEEPY
SHEETY
SHEIKH
SHEKEL
SHEQEL
SHEUCH
SHEUGH
SHEWEL
SHIEST
SHIKSA
SHIKSE
SHIMMY
SHINNE
SHINNY
SHITTY
SHIVOO
SHNOOK
SHTETL
SHTOOK
SHTOOM
SHTUMM
SHUGGY
SHYEST
SHYPOO
SICCED
SICKEE
SIDDHA
SIDDHI
SIENNA
SIESTA
SIGNAL
SIGNEE
SILVAE
SILVAN
SIMCHA
SIMOON
SIMURG
SINNED
SINNET
SIPPED
SIPPET
SISTED
SISTRA
SITHEE
SITTEN
SIWASH
SKEERY
SKEEVY
SKIDDY
SKIDOO
SKIING
SKINNY
SKIPPY
SKIVVY
SKYISH
SKYWAY
SLIEST
SLIMSY
SLYEST
SLYISH
SMEECH
SMEETH
SMIDDY
SMUTTY
SNEERY
SNEESH
SNEEZY
SNIFFY
SNIPPY
SNITTY
SNUFFY
SPECCY
SPEECH
SPEEDY
SPHERE
SPHERY
SPIFFY
SPINAL
SPINNY
SPITAL
SPITTY
SPIVVY
SPLURT
SPUDDY
SPUGGY
SQUAIL
SQUASH
SQUEAL
SQUIFF
SQUIRE
SQUIRM
SQUIRT
SQUISH
SQUUSH
STEARE
STEDDY
STEEDY
STEEPY
STEERY
STEMMA
STEMMY
STEVIA
STIFFY
STIGMA
STUFFY
STUGGY
SUBITO
SUBLOT
SUBMAN
SUBSET
SUBTIL
SUBWAY
SUDDEN
SUETTY
SUFFIX
SUGGED
SULCAL
SULDAN
SULTAN
SULTRY
SUMMED
SUMMIT
SUNDRI
SUNDRY
SUNNED
SUNTAN
SUPPED
SUSING
SWEENY
SWEEPY
SWEERT
SWEETY
SWEIRT
SWIMMY
SYLVAE
SYLVAN
SYNTAN
SYSTEM
TEDDIE
TEENSY
TEENTY
TEKKIE
TELARY
TELIAL
TENACE
TENAIL
TENSON
TEPHRA
TETANY
TETTIX
THEAVE
THETRI
THUGGO
THULIA
TIGNON
TINAJA
TIPPEE
TIPPET
TIPTOE
TISANE
TISSUE
TITTED
TITTUP
TUBATE
TUFFET
TUGHRA
TUNDRA
TUSSEH
TUTTED
TWEEZE
TWELVE
UGGING
UNBARE
UNBARK
UNBEEN
UNBURY
UNBUSY
UNCOOL
UNCURL
UNFOOL
UNFURL
UNGAIN
UNHURT
UNLEAD
UNLEAL
UNNEST
UNPURE
UNSAFE
UNSAID
UNSEAL
UNSEEN
UNSEWN
UNSURE
UNTURF
UNTURN
UNVAIL
UPBLOW
UPCURL
UPFURL
UPGANG
UPHURL
UPLEAD
UPLEAN
UPPISH
UPSTEP
UPTURN
UVULAE
VEGGIE
VELLON
VELURE
VESTAL
VESTRY
VIHARA
VILEST
VIMANA
VISAED
VISAGE
VISARD
VISTAL
VISUAL
VIVACE
VIVAED
VIVARY
VULCAN
WEBAPP
WEBLOG
WEENIE
WEENSY
WEEPIE
WEEVIL
WESAND
WESTIE
WETTIE
WHEECH
WHEEZE
WHIZZO
WILFUL
WILTJA
WISARD
WISEST
WISSED
WITTOL
WUDDED
YEELIN
YELLOW
YESSUM
YETTIE
YIDAKI
YIPPEE
YUKATA
ZENANA
ZIZZED
ZUZZIM
