6.624781141180721
4.645243630733324
5.997931504993955
2.4034758601478576
5.393869796777031
3.9570858818346886
4.860018190196771
4.611344272623389
4.403360832924129
1.0054145784365693
3.943512495801261
0.6188193239779771
3.446067602401155
0.5325448324158488
2.86249947337982
2.091308772090079
2.1929339398353194
0.5417900475567525
6.720155548368284
1.4715346578083972
6.16478751879475
2.7261336477491556
5.609419489221214
0.8952735279489481
5.159918278057983
2.460620995521464
4.74335886089269
2.7759027934202667
4.302806457151382
2.3032777792980146
3.8016090924227797
0.9758039583004416
3.1784023119691085
0.8537521017567278
2.34392933582054
0.20004625267809129
6.817415393293801
6.726152737365488
6.340511239172531
1.0803720417456484
5.857852737207821
4.992511768521721
5.499077358930981
1.8563413724913507
5.136218950573646
2.112248052850976
4.7293226207910415
3.2447737939380867
4.236107689214003
0.7762296987657922
3.578259835991921
0.11350906297974728
2.61037856851742
2.0173876025067483
6.917422447161645
2.1312425918903966
6.527086132188606
5.206710432109757
6.148359350458925
5.210005006253965
5.883653395724165
3.15184912772835
5.593704916900566
0.006625372434273302
5.240692554159693
1.3467285131828501
4.773028199677505
4.1308306713911485
4.088743962796595
1.6824037370398313
2.9773048322625466
0.6754732527713876
6.282186009521702
4.453743701647582
5.467916348677109
3.7943759979999214
4.792067670567522
3.194507590615152
4.224454516050893
2.554486034338888
3.742459441895506
2.333498927698174
3.3289728548981508
2.5442182862613247
2.970921255388207
1.460287870744599
2.6582114443030265
0.43983868830931305
2.382969322315227
0.4602551778773394
6.374716153671958
4.589119336331962
5.607271712331334
0.015155317886477615
4.94835326305
2.2904398108441697
4.378337159837647
2.4764122633063934
3.881647984690402
1.9174491879500035
3.4458615111729123
2.4697816165667894
3.061013587340115
2.480905493707578
2.7190670970009254
1.1977598959349305
2.4135002326918666
0.6145687673240028
6.454557755526646
0.40656229607421857
5.731737529762906
2.234525357919171
5.092332055084094
1.256252851931083
4.524085492939692
0.1934799186165832
4.01677857233032
2.984876983910024
3.561869210231345
1.372796299212927
3.1521979953314636
1.559433608997547
2.781746841441195
2.6279359929168846
2.445441190574148
0.7741936697663014
6.530488011676235
6.19117061475284
5.853796989595485
1.9301980946054105
5.23760244352982
4.718902602906255
4.675057022623764
4.1654124799188885
4.160181008695165
0.7446267243989371
3.6877470334976667
0.6920961119817663
3.253180254739832
0.02455624384632671
2.8524719471247364
1.7708649219019024
2.482104727247441
1.6413147779502992
6.6058745492020705
0.32516558328627054
5.978579125194959
1.2558083129768551
5.3902982206020305
0.8592402762656284
4.837982220678137
2.9485273243778867
4.318845129332418
4.0056894764717565
3.830341009846065
0.8120790466180368
3.370142520576525
1.7411342852696419
2.936121364360136
2.570625913938126
2.526330485395703
1.9417573561145556
6.68257579184978
4.431613411087563
6.109232180416706
0.6594715621079059
5.554689777217396
3.45595695773057
5.018181341630792
3.7637640723316332
4.498973744530563
4.443285338400653
3.9963664254111495
1.901837702236731
3.5096899179143835
1.272770778740055
3.0383044408440574
0.4225069758379325
2.5815985518738547
1.3765233349504937
6.761870006274344
5.077536436724791
6.2482164346068725
5.837731341144002
5.7345628629394
4.62093916802656
5.220909291271923
4.54985707186769
4.708196895241087
3.754891326562052
4.227832138238391
1.077978937814069
3.7246778436865497
2.794698619719089
3.171030159353598
0.23603906273554065
2.6526414329345633
0.0986910509141774
6.844783390601067
0.006914766014598062
6.397773396398765
1.8635163759703772
5.933751027635364
0.583037502504693
5.451938238317721
0.47035932331028985
5.00043475109034
1.389104416844976
4.560385275952965
0.9188590485461834
4.053849959801751
0.0017145862348373342
3.432197412520938
1.0007041697695618
2.7460875296189675
1.6026458073649907
6.932235469532001
0.25093482966155944
6.560146670307036
0.2767881154980185
6.156419020496295
2.8015162245248275
5.7313506273604675
0.39436291360662423
5.374408015963202
4.911971378286878
4.979136679465875
0.8428836633851571
4.481546967586688
1.432739394239816
3.8106301914546967
0.2879464953838573
2.91257441186265
0.15778755168999226
6.4411885834973495
2.900956132254465
5.734098212102094
1.8024598840870447
5.129769338250698
1.6137708067030192
4.609052562208834
0.1435001841988357
4.1568879071962135
1.7614415039376905
3.761361331872062
3.5039308946695376
3.412988256946595
1.272714173654285
3.1041684228139115
0.8091772303380134
2.828770105569064
0.4894858762307912
6.507324423286848
0.5952248300281573
5.836395529856299
0.816351443694451
5.247271182880862
1.9242152357433926
4.727243842728479
0.6888439201712537
4.2658438587023095
0.6122864378634416
3.8544194702025036
0.006725397714518744
3.4857977658324977
2.3040291801258013
3.15401094401808
2.0298436562360376
2.854075210035757
1.4430924338072524
6.565976681958402
2.476780148738441
5.929675600489867
1.0940391430854581
5.3571775930892755
3.0696825805800168
4.840391710449441
0.8293237394942332
4.372376678377595
3.237608549806923
3.9471692411712267
2.6221395124472107
3.559638437069184
0.9549141596374373
3.205361933218711
1.8420484183566508
2.8805211109974427
0.10480863350164782
6.623159201439602
2.5637363590212505
6.022948390149255
4.199360660851285
5.469718445179511
2.788759211564324
4.958859885310757
1.0781629195939195
4.4862632689863275
1.5412008010756675
4.048263059257065
2.5813276745189566
3.641587767651903
2.054599079504208
3.2633156926154854
1.8294017001891452
2.9108356398924773
0.7654664706279548
6.681317766848583
0.12732470174318689
6.120171071376657
5.9628611984221624
5.589820542032561
2.4319956989900153
5.088171007827762
0.8379788842144964
4.613282454461604
0.9730547393103852
4.163358332284796
0.7872050524855014
3.736734728275682
2.3908442414494764
3.3318703406819115
0.2266241961656683
2.9473371991196866
1.9301412712478436
6.74193408742779
0.7541948628101967
6.224013475431827
1.0481708099429903
5.721201771950888
1.6897472352945275
5.232960332166809
0.14397065209056636
4.758771026428405
1.8962009593431572
4.298135459894185
3.5693342924104434
3.850574220806581
1.9085761388025189
3.4156261564020625
0.3390924714866097
2.9928476754942124
0.707852589205658
6.806152427827459
0.7012574399688827
6.336781277713099
3.5759445460734764
5.867410127598738
1.3381521549357007
5.398038977484381
4.913061926697031
4.928667827370019
4.058180538819325
4.459296677255663
1.1035868300188905
3.9899255271413017
0.13286859004953033
3.520554377026943
1.5960782462673984
3.051183226912591
3.016253589566646
6.875007342762384
0.10197204649681346
6.460769173767366
0.2451396501732761
6.032258159833187
2.7345398647339274
5.5889008918564125
1.3814051027039307
5.130100584276244
3.291886077909055
4.655236164642218
0.8001588201758922
4.163661330154451
0.7893256410250835
3.654703570071003
3.0737178023324883
3.127663152842329
0.3791572678404549
6.94953133585609
4.837225086780162
6.598446043878956
1.0577420558699657
6.220087768009732
3.9970674369220003
5.8120906062825375
1.167448808044841
5.371887916916457
1.2013840713934147
4.898022074141435
4.11002533291324
4.393102714996467
3.805273334579173
3.8300372903717026
0.12921214658025004
3.2297432302113043
2.8764115993231547
6.589314801660182
0.5998344370033446
5.989731656639042
2.2597643985760847
5.462959601945999
0.6028140590161799
4.997673737062595
1.7541763111443598
4.584560169863022
1.9582038180575905
4.215932272144546
2.1201363053567435
3.885422836253158
0.13796600467753195
3.5877369267126786
2.8177300078449177
3.3184532593600706
1.4317511033987085
6.634595084361645
5.606156051204114
6.061535845421341
0.28301122572814075
5.547342390183662
2.9089570705060064
5.084343930642684
4.1013779172730045
4.665995135500055
0.6442295386226145
4.286701585349212
0.25410051426585833
3.9416727940213296
0.8286020400020679
3.626798464540039
1.862409151586228
3.338544315335808
1.771310302564904
6.675809408284457
0.29054061062684333
6.12834448491812
3.297266266286223
5.627477334485722
2.4733828801697184
5.1682295146565345
3.974221027954461
4.746212702761927
4.518973880727076
4.357555980569091
4.25505170491396
3.998842089663219
0.8733005267607803
3.6670515740707255
0.18522837231332834
3.3595138531211677
3.0957926244586385
6.716971289911491
5.842949023009089
6.196444089249114
1.2400892387324163
5.7107617985745405
4.7823170284894765
5.257032738718646
2.0944825377772935
4.832627096877555
0.02607355804031819
4.435152709888264
0.425818370978869
4.062433051669174
0.6336779033415971
3.7124872314257993
0.36287639983817455
3.383511825394462
1.3734427630409667
6.759845659417274
2.916277803706831
6.268821481684361
4.194931016842845
5.801021482313215
1.2439738731440082
5.3551044747337
4.557636889532303
4.92981218758464
2.2083306118991572
4.523964130116038
1.9580953934182057
4.136452765156422
0.6748334388114015
3.7662389721442873
0.05404894474811517
3.4123477836603766
2.7567907593038927
6.805628000236355
5.824446137032213
6.347701727355348
0.5347594978615846
5.901380929286051
2.882521107533667
5.466313327613268
0.006843852672445028
5.042157836121971
0.17105282789907017
4.628584212023425
0.4646949377313079
4.2252727175107525
2.8700105611862474
3.83191379135733
0.6074184870494026
3.448207730279001
1.1571728404310129
6.855357658126438
5.238379276294541
6.435191738311059
3.319431832306895
6.01502581849568
0.4737863956968482
5.5948598986802995
1.8389665253209753
5.174693978864918
0.026075197081057766
4.75452805904954
3.9296741557866417
4.3343621392341625
2.308947333277377
3.914196219418779
1.081180597318729
3.4940302996034034
3.0515022327261057
6.910077845385602
0.059132197921266894
6.5335493745993265
5.074054683511848
6.145557642082237
3.766346030186301
5.745709218937717
3.114761645066914
5.333597361505857
1.0376423318788373
4.908801590090425
0.938669500617829
4.470887255464342
0.24802031715001327
4.019405092830256
1.9194374792750875
3.553890762904933
0.6841554310030045
6.970921586144061
4.05937883112287
6.645347920538321
0.4898524387619294
6.2972444815188595
5.957389162356968
5.924943278727359
4.201946501196974
5.526659380016133
5.2295934198745915
5.1004834532651335
2.340105901884514
4.644373879879211
2.7672910747618253
4.156148417795075
1.7097898550592863
3.633475390788525
0.5457842532131343
6.731080837054288
0.156565084795536
6.241486124337532
0.4057668338839586
5.799753496850696
0.07797466766521222
5.3999002212475915
3.1086156230423048
5.036793724041293
0.583361733461027
4.706022498608208
0.524603229263638
4.403787204404672
0.7155182089467917
4.126808779345144
0.9872222578125716
3.872250882497151
0.48029141860923485
6.7599129416701125
0.8768096203084621
6.28830927935627
1.1373140691693222
5.856020622270763
1.8927050122106266
5.458909999083797
0.07713579122241399
5.093326957337401
0.6745448636333438
4.756047590768183
2.287455690966714
4.444222031492844
0.3249126409865024
4.155328489940633
2.3806240141250528
3.88713303507362
1.3714508169683783
6.7868278641438256
0.3726628210725038
6.332757722482267
5.3626442865067325
5.910287449682327
2.8509524359789338
5.516679815676766
1.3953650833861788
5.149457890657421
4.337400788585442
4.806379592929394
3.4880999847243053
4.485414702936952
1.3212647242861433
4.184724111657436
0.0067839301212409
3.902641092438554
1.330970110985176
6.814359266232593
0.29228763184653106
6.3789523477382755
4.670342631426981
5.967554563727507
3.5851866087848263
5.578544745673336
3.856833106581587
5.21041953029328
1.286958968059138
4.861784733599614
0.6116995936116432
4.531347339332068
3.406720295589391
4.217908060002226
1.4496444584596482
3.9203544314635907
0.02567306722837026
6.843734612746935
1.5150089070706474
6.429033986494251
6.179674570945939
6.030614359295848
0.9888012287275072
5.647708386723393
2.3397667977835073
5.279586768868791
1.1289111890163928
4.925556390226543
1.1856449432204488
4.584958546422758
1.838050806832868
4.2571672539783
0.1165641983622625
3.9415876394499394
3.8054051691460664
6.875891025774463
1.9446310045736164
6.4847633188016784
0.5422251286663848
6.101929148485974
4.014618502601301
5.727182576974782
3.7920881151988377
5.360322905628918
4.893016416660021
5.0011545465680465
0.7942953627434335
4.649486897168772
4.257386437148643
4.305134217452572
1.795306188850756
3.9679155103018604
3.7382741920940057
6.911736660592004
6.091722051597667
6.547949743242187
0.015343125394227108
6.18416282589237
0.18134289002515214
5.820375908542555
2.2357262872688217
5.456588991192737
2.504470885090294
5.092802073842924
2.4885228514255733
4.7290151564931096
2.5652068113498983
4.365228239143292
0.955361730624583
4.001441321793472
0.0017358502049651392
6.952264093070612
4.9471100764713345
6.62065538893559
5.145457950470653
6.280462563330956
2.6442478144879633
5.9314443761528395
3.4408348733011564
5.573353092691674
1.4756617319754164
5.205934323421026
1.3564193464870367
4.828926860212007
0.014968765897318104
4.4420625089012775
2.421744600962761
4.0450659181392385
3.4727139732534513
6.998623671460281
2.811535596045604
6.7053436530166515
0.6927031572948805
6.394688618101099
5.881864202038902
6.065608161761283
3.2587305749619113
5.71699361958733
1.7814972087206078
5.347675186884538
1.4164351835564881
4.9564189112320785
2.7940412065639455
4.5419235534558515
0.42313660452252755
4.102817311867971
4.003815413088523
6.86911316485728
3.1277519145938006
6.493429415122436
5.743485889896799
6.145534083765346
2.948443553316625
5.822804855493253
4.881542731411921
5.522899414044372
0.17936020657014184
5.24372368276765
3.2209837761329743
4.983403752883702
4.923650588675274
4.7402610710724185
1.0283501468074816
4.512790507078855
1.4841502044852473
6.885357534249801
3.7999289256750983
6.520427504746323
2.699403635502264
6.178701344945779
0.7893149003645878
5.858327343215737
2.4949926459611564
5.557617631393674
4.192946990844902
5.275033119521525
3.4880338791850622
5.00916981769298
4.768471992465165
4.758746419908038
2.9580866440619005
4.522593035737069
0.3285384096096564
6.90090486972775
5.107958948243498
6.546579846482144
1.6167976520270275
6.211202682182692
5.34427807030642
5.893523995141766
4.205139265443854
5.592383838664859
5.039679307105799
5.3067051908208605
0.5075080131746326
5.035487909161152
1.9916333682329226
4.777803118449448
2.5201949440619584
4.532788001551513
0.9537057974041689
6.917195670847424
1.7402104806079999
6.574303472062522
2.558438412597556
6.246048623445114
0.7376182630916941
5.931676404603884
4.446966967837916
5.630473365554569
0.24294202163373413
5.341765082817393
0.0017499721392915113
5.0649140328678435
0.862307842482291
4.7993175771349375
3.4294746644685503
4.544406053010714
2.944433607365774
6.935010370608105
0.07993789826626507
6.6049830107868965
0.21836189626276958
6.285062753032714
5.802095017385063
5.974884949483401
2.659000009737329
5.67409854076326
0.6570053919390295
5.382365564227209
1.3725390340747645
5.09936067899554
2.353570827498305
4.824770707245256
1.1828524311987532
4.558294191239583
2.1059992636083384
6.955019256278785
6.314131277344153
6.639870391634961
1.4871768865713104
6.32997503145379
1.3808380268992568
6.0252331663370295
4.728409089853779
5.7255466949649385
1.4794903229560301
5.43081938960291
4.825631641724205
5.140956862185387
5.07810061716253
4.855866530968408
4.330462755529351
4.575457587741802
4.30480702800026
6.977935316706891
4.264882714110923
6.680347055471968
0.10224976751617243
6.382758794237041
0.07872809576355477
6.08517053300212
1.1049212922775697
5.78758227176719
5.6405530975903835
5.489994010532269
0.04065393781817628
5.192405749297341
2.9808005258827643
4.894817488062415
4.006880372500314
4.597229226827493
2.8048026648657007
7.004592625785114
5.529338188479181
6.728070532854666
5.755599024732797
6.445836856497696
2.1307407318746567
6.157768737410329
5.044039412312133
5.8637408560187225
4.739441211660946
5.563625388156849
4.649093239760353
5.257291960030527
2.811486768055902
4.944607602457571
4.098379383088419
4.625436704373547
3.357587200282599
7.036008420140459
0.04181595608776201
6.785100323861139
5.440985334784129
6.522271930098954
2.427607959303275
6.246974151432876
0.3983727418681653
5.9586353884655185
2.2608297475131414
5.656660721438202
0.026491685847985558
5.340431076323771
4.661526847246579
5.009302364682501
1.1884844704928526
4.662604596548087
0.7289102861916836
7.005116050666421
1.1379436882537632
6.748379344849031
0.6574515761891191
6.504439308983874
2.926253391035166
6.27248445028142
1.4509972785711907
6.051761205917657
0.24875931879729007
5.841569576671695
4.608094698598709
5.641259095364977
1.6054128579740006
5.45022510457303
2.3674684540817017
5.267905319988666
1.7104072937935804
7.012385394271107
6.18345010523555
6.760738246959174
4.41704539426502
6.519959853687909
2.930440293293107
6.289464844544398
0.0789902725120335
6.068702511688942
4.622620488465105
5.857154695101835
0.28191148638676955
5.654333796411713
1.9809058143899807
5.459780913259661
0.6055121366778282
5.273064087080383
0.015192213530633936
7.019518085261653
4.208340281370495
6.7729585175939775
4.850786195898189
6.5354217055370265
4.451965924503357
6.306504756836652
0.15465470694398276
6.085824080907297
1.4245731276070175
5.873014458917902
0.2466499594384408
5.6677281574123795
2.5018358331941313
5.469634083519942
0.8497414952036895
5.278416979892569
1.8884991678493512
7.027176641470424
0.42077088036697896
6.786179802944066
4.514713016523851
6.552275338045698
2.038784687479254
6.3252149395049555
3.0111759396640467
6.1047593798170485
3.148283496102401
5.8906781854546235
0.3579236402437753
5.682749322204994
1.309884926702332
5.480758891276472
0.5154892001645988
5.284500835827881
0.04071842357755795
7.035766277746655
2.0567133581689245
6.801125929495749
4.952875866066101
6.571476917956245
6.1464508241992775
6.346696748930803
3.2441517459323386
6.126665975104549
4.812049335648686
5.911268123535649
4.143050223848329
5.700389624755957
0.2115368348499458
5.4939197434486085
5.2236945030234985
5.291750510670214
4.263813129899114
7.045675019543752
0.10344649163057884
6.818511367049785
1.247675156152543
6.593997841650081
1.552622919867075
6.372100105764965
5.392469803910385
6.152784257826624
3.9095233335041444
5.9360168271172915
5.636834973187395
5.721764768663404
0.8127761219548413
5.509995458185159
1.6958579807814385
5.300676687100896
1.3135390976854033
7.057348885906219
0.6668537692825889
6.839174193870616
4.538357490261072
6.6209995018350165
5.590131143821725
6.402824809799416
0.7978043654410305
6.184650117763817
0.4902153490863359
