6.903412907304002
0.049395656493054885
8.363275176217808
8.168818553596083
8.17101006769891
4.3056559450491765
7.98184956386147
3.8560315585036014
7.7957264436282045
2.7307481134575697
7.612575170376164
6.915675240762715
7.43233184713202
0.3683397816930032
7.25493417296755
4.292903598954429
7.080321400563934
5.079008088719998
6.908434294914299
4.729922470584709
8.36958655397798
0.2768962458455879
8.18210317072148
0.325839109636582
7.996244929676907
2.2568292668599614
7.811993310425034
4.050597113546093
7.62933003046983
3.882216524876047
7.448237042082019
3.1328760082309675
7.2686965291838455
4.627744086490454
7.090690904274385
6.930162873471235
6.914202805395043
2.9505692139504105
8.376763966201679
2.9748300285384746
8.194814091416452
4.407203037062587
8.012864216631229
6.624332271170074
7.830914341846004
0.18204806087557523
7.648964467060781
6.508387706924083
7.467014592275555
7.210996544017413
7.28506471749033
0.10604848642711207
7.103114842705105
4.851132538999
6.921164967919878
0.0285814334652863
8.385173657323852
5.462636512529054
8.209828270736821
6.495234384588646
8.032654388059422
7.939642495941902
7.853628399304718
7.762983797082374
7.672726373473278
3.9811245186665385
7.48992405430925
3.3081590604757
7.3051968560038185
3.5697375094025743
7.118519858845468
2.8575913817364276
6.929867804816421
4.272742868059305
8.395255968351627
4.98194942701714
8.227984635562652
4.794570079980489
8.05679423050523
2.174333319442993
7.881576184858953
2.6539655842503027
7.7022188960978415
6.281531485666431
7.518607647601806
2.8096350856964847
7.330624526837819
1.8783559949000952
7.138148341568382
2.3093905088890008
6.941054534043874
3.574966008786512
8.407574273795127
7.720840944741109
8.250370061806844
2.2095076297164393
8.086829435572731
5.363487383748509
7.916668902360899
6.720979805119156
7.739592784491215
6.126646698871845
7.555292741317642
0.22248192885902784
7.363447274337819
1.879391891136387
7.163721214894253
6.100419190915571
6.95576519391609
4.83020145422527
8.422865877755987
2.885848271848771
8.278420878793643
5.766315918965528
8.124822081707995
0.9613418398733744
7.961479900632186
6.565803364121024
7.787770215263309
7.696669265742567
7.603032581155297
4.181348144395132
7.406568358043776
0.4749655509397255
7.197638752862623
1.8483835657908396
6.975462773989924
0.1393358975618555
8.455629563287626
3.377183274669803
8.354092275481456
0.7639300994366474
8.254069984597864
0.6913442886409036
8.1555314927677
1.3591111672253862
8.058446375312574
2.7137875828164546
7.962784959469927
1.6638933744626572
7.868518303735096
7.416275052832724
7.775618177802063
2.642971810798731
7.6840570430853035
1.1634815800547538
8.457096746252198
0.01323489549667567
8.356667455351129
3.3461818475260268
8.257407153579182
8.065913588713101
8.159297376093823
2.1169235093851766
8.062320000895713
2.803643029307251
7.966457241954001
0.003379992157012568
7.871691642472831
3.7248764560883996
7.778006068296142
3.9521806481224178
7.68538370144797
6.453754974393204
8.458593299805818
1.0651420253004753
8.35930329643385
0.14473976141457712
8.260834677145517
3.408767965287203
8.163178403598673
5.992572618759381
8.066325551309081
2.449317590865049
7.9702673081450115
0.013189681555983102
7.8749949728417565
1.6522493570811128
7.780499953535686
5.016455654041893
7.686773766317646
5.400170576360513
8.460265494711557
0.6303658567714259
8.36225898361403
4.969511135595419
8.264691737841812
2.222865376121492
8.16756120412415
5.148072171657481
8.070864845663188
5.000343176538074
7.974600142025684
1.1096393662292425
7.878764589035531
1.178449203703556
7.783355698666861
2.5583929772983995
7.688370998937904
6.544027847966255
8.462223260268763
1.2231981802666534
8.365732679550623
6.907548756897752
8.269242098832482
3.0394591947640555
8.172751518114342
2.560362514501504
8.076260937396203
5.188128829270517
7.979770356678058
4.31008999757896
7.88327977595992
1.7344002404612295
7.786789195241779
5.375604770513608
7.69029861452364
4.000703884530224
8.464589915833717
4.244365198044814
8.369949272698907
5.842683629782567
8.274788500340874
0.02904920124654331
8.17910416437761
2.1182305730915125
8.082892807136677
3.988288983032792
7.986150947504233
5.685030587450709
7.88887508077324
2.931314966019406
7.791061678490639
6.002503981392977
7.692707188303718
3.8270501786497313
8.467523443026627
0.2297852882556981
8.37519902994046
3.727669137893819
8.281724570657548
0.7602640545365271
8.187083811765202
6.574080651047966
8.09126027465341
0.07681099511055023
7.994237252625967
0.10786144322806557
7.8959978079780315
7.62303582702313
7.7965247690396
5.112406328116661
7.695800727184635
0.14247407164173986
8.471235296409414
5.416578796863903
8.381872587541748
6.236842872095003
8.29058289746889
1.9599608500090966
8.197322502007028
0.003382337924480172
8.102046752441368
6.694173443656983
8.004710057971115
7.264081234851482
7.905265867857229
1.3331745780508575
7.803666653268345
0.48770661555333183
7.699863888820443
6.111247496631737
8.476012195549973
1.223306871708088
8.390501939151319
0.69478553031543
8.30209193235857
1.1301983493037275
8.210688424401942
6.68316222767008
8.116194987923732
5.482798608887871
8.018512452297704
7.739506778669918
7.917538835490792
7.368184811574057
7.813169274438624
3.9598437686415995
7.705295953906363
4.616823971106471
6.774587569930757
0.3294829270937103
5.751591766918576
1.553981110337234
4.918374984543618
1.599024737057227
4.228403719870757
0.9631957894073107
3.6486510375268506
0.002420777255601303
3.155219001142647
1.212185673869572
2.730489937521602
1.592551120351523
2.361244651076547
1.3125789247830126
2.0373994307778354
0.22875162285485218
6.943638517822482
2.138180791542039
6.002275489265722
1.336162819999946
5.196267703327733
1.3720575538572075
4.499695325520344
0.14748881483021226
3.8925268230986068
0.7709977078285679
3.3591283781754533
0.7637526272379054
2.8871777598595756
1.5158198069057611
2.466868038921913
1.730774003709739
2.090319835231031
1.9584245697809521
7.079407271886602
5.205061572068823
6.213717239575033
3.8689882946796397
5.4409677480101415
1.6373392985896307
4.747796362059587
0.05200486471358379
4.167527095388223
0.03360206765305218
3.6475831364080182
0.3633455108312911
3.1279598458017506
2.2955210750538204
2.574956342139175
1.5498028752176667
2.1456215944180945
0.9883051416272148
7.200759883478385
5.891471310840117
6.410702405257034
1.0555633687392914
5.677761165058824
5.3429813619628845
5.026794656894754
2.400562695229776
4.488798595984344
3.0346606545396795
3.970116313194896
0.002402781241104268
3.4325661395216613
0.4553735972311501
2.8226450791616164
0.3559488239586788
2.2090690282720002
0.9378406772852221
7.314479348753618
0.3320050983827598
6.602410711374517
0.5486808394684688
5.916624099682851
1.518390431291503
5.342160635525131
0.8484534356521356
4.8326900175241585
4.319078295024273
4.32288764204093
0.7382008137177215
3.775307899210653
0.08347136626785234
3.1267539279837977
1.0815578319106458
2.2870986039328476
0.7388643503445436
7.423914015429645
0.08054283264759743
6.793606269374852
5.880801491371617
6.166477241951533
5.340611732635914
5.678739166803059
5.19582863330985
5.207088116164737
4.704100291888832
4.716796202285787
4.433041260721884
4.168848371454938
0.5317974436903713
3.4891427480481045
1.0246862303778945
2.522224378856129
1.4423720701835743
7.531022787560291
2.228190764839787
6.987292082375519
4.839761258526378
6.454196345302977
0.07519424158578936
6.041204844972941
0.3174845630928682
5.62073086364178
1.2096687959464953
5.164246829444256
0.34074209109985265
4.629367202947354
0.4372311867752714
3.928182342121975
0.9914894529407756
2.850618229351217
0.5603155133809913
7.637087380451579
0.5336819658072471
7.185637504959846
4.864932887433731
6.763081700113579
2.0150429716498754
6.435159587842731
2.7453982515584396
6.083236356475873
4.22952659525669
5.679821328156615
1.4788413191744016
5.177292331233542
3.7658261073566957
4.469604845420191
1.9130971899469211
3.280038102853835
0.9327270068738979
7.743018542162449
0.10755723862550415
7.390379235193192
2.6901909179640318
7.093118414284867
0.2234563827115914
6.866733185817619
0.24574043364938625
6.605545257106501
1.8056709511053526
6.2811283665901145
5.609981940218255
5.8387130241312235
2.2199261070381837
5.148211874018
0.9836678825180067
3.84437660379592
3.434087272940826
6.98564096784683
5.817155701388146
6.09798565818797
5.457914715482791
5.351248540698789
0.9762619197677169
4.715759393468706
4.292087056387428
4.169242467346995
0.5366725124397105
3.694764428676929
1.5569985242222115
3.279292956584473
0.1623368791768487
2.9126759848504618
0.20593310804336307
2.5869123106473397
2.4225442112649747
7.105950999667199
3.2207856073595136
6.281661943438948
0.40863097756869227
5.560054553836579
3.2542048373944605
4.924105264044566
0.9658543404039133
4.36012514550128
3.0925923550658982
3.857036928315898
1.0209359348709692
3.4058185774632865
2.4787652359712458
2.9990737535359786
1.2902594556510303
2.6306990718650685
1.9599012899812724
7.206471283528398
0.7654226802873096
6.441283230859077
2.1568239961747837
5.7480438953072746
0.38907113021925155
5.117732099638266
3.2980250715595787
4.542658540571299
1.1876427778904586
4.016249766417801
0.26201383724607963
3.532869008329998
2.0576387043836415
3.0876674398865105
2.251313296692922
2.6764605623298143
2.1338074732256085
7.2994096105260144
0.08116780523403166
6.594018175125731
5.726013483970297
5.933760339632361
3.6315590465511516
5.314781976826978
2.248094228774791
4.7336145741414155
3.1608066627209865
4.18713323107686
0.5142371414950215
3.6725194144646474
0.37532200805635174
3.187227927460575
0.7974377974708293
2.7289576097763892
1.440230673250381
7.389266608583427
3.6484339019313534
6.746516587973011
3.3602876993882553
6.124986265408123
6.051712414337889
5.523740922941601
5.131977265534873
4.941893755505643
0.7349012006739775
4.3786032263393
3.623054723980122
3.8330705723000955
1.135820765202408
3.30453745059186
2.46079061673133
2.7922837189094616
1.8846270629448525
7.478362119480373
5.558257808654822
6.902502477476304
1.9327125136634489
6.3266428354722315
0.3487712804069236
5.750783193468163
4.7144071410304225
5.174923551464092
0.8862492221730291
4.6141671064375585
2.4001010942870726
4.047931078801644
1.1559200143981179
3.44734462545187
0.10861765888865627
2.87148498344781
1.7684607028826904
7.568145823438807
0.002498349143750467
7.064583577018467
3.7123925691144164
6.542696596854229
0.02094004966076346
6.001600529646771
3.098042628980254
5.468788599144802
4.389481593303589
4.970488888647807
3.861682157190481
4.404704821926881
4.021424613837744
3.7109299062465344
1.4301613879389272
2.973471321176368
0.9436515489043038
7.659655332991184
2.4221376644524804
7.2348909708562115
0.9138174057700166
6.776857051859613
5.001716455652151
6.28213032136263
2.820704744180844
5.857118651954887
1.6341008002591217
5.406437207561767
2.8631347889311516
4.856107931326642
1.0616981972537713
4.122710390306927
0.9462247298916302
3.1247305334369835
2.3860107232385763
7.7537145071941325
0.05750034155060435
7.415363041120752
0.4140538019206432
7.032910407812528
3.3553688897806477
6.635875441472171
2.819102229772515
6.316275112449635
1.7282276821639786
5.931931805676954
2.7389336996457896
5.418189068629089
5.188781857883032
4.663074322714406
0.586683802589544
3.470248099031011
0.5564243397397668
7.1522367003800476
3.8282400784915755
6.380233882817773
2.3791911507056023
5.713658959628036
4.331829715635704
5.1333787218033375
1.8336978290955257
4.624365521285107
4.417585883529968
4.17471970980904
2.193896721914604
3.7749403841053324
1.1423572433017526
3.4173789051185794
0.9097216692284861
3.0958273002504892
0.049893081011555984
7.239351292070073
4.632955995167943
6.516366592836043
3.0014595533839605
5.871657770265617
1.8309048909173176
5.293962354841691
1.809734462639264
4.773923797834666
2.463824573553373
4.303736928229329
0.14987063482022522
3.876862901917277
1.41081812700245
3.4877996899505
0.9561523409705612
3.1318969677099573
0.2721772477393922
7.314514531363452
3.80624676719347
6.637654615548941
0.13625315449642783
6.016621648838534
2.5913849420341886
5.445304082022517
5.3824320159084635
4.91837203181815
0.1547049839308925
4.431168548400126
0.03503682271337105
3.9796166138531563
0.40527939036913985
3.5601395724689335
1.694957484260784
3.169593026763768
2.3500668388503114
7.386010093331235
0.2504879144420469
6.756387053839917
4.898225555513655
6.162422503045772
2.0087099172037206
5.60144256130847
2.362646627083168
5.071005637087325
0.21894836453738398
4.568880747829599
0.5510235537754549
4.093027915888361
3.360692238797224
3.6415804416470046
0.8961663137875375
3.2128288744692544
2.1001020870848164
7.457023484849575
6.819870691915526
6.877609303029141
4.725794857314211
6.315283444989916
2.031196122547106
5.769381243142149
5.292056256262235
5.239267664059505
2.213254130932702
4.724335909211972
1.869849891456374
4.224006082438489
3.9365775984258997
3.737723921033841
0.2251438145122302
3.2649595874657686
1.1029768757557852
7.529320237223312
0.08161977270242216
7.004418712962183
1.9651664950798056
6.479517188701051
2.7784812332765063
5.95461566443992
1.5317873433930864
5.429714140178784
3.8864920858219785
4.9048126159176535
0.2793684619356376
4.37991109165653
0.3361312363302371
3.855009567395393
3.11315017292854
3.3301080431342687
2.9260870056563855
7.604122508970624
0.13985012064340507
7.139240021143673
4.267279141580735
6.658940694952554
3.5928743144124504
6.162560657721234
6.0115951792690785
5.649404287373622
0.8355985145983125
5.118742661968948
3.4664718228829714
4.569811935325948
2.430157272965201
4.001811635375642
2.662241948937194
3.4139028817386974
0.03345755491990765
7.682419202053555
5.880234692581715
7.284289765154485
1.8387202312121955
6.857424064219408
5.322207844195982
6.399171903617754
3.643319246215466
5.906618181833168
0.09934115582914238
5.376556482105297
0.12259558331638631
4.805460141906215
4.449872501132251
4.189450575072986
3.735110157772319
3.524262601496596
0.4611097634093211
7.765103975871224
4.234027446494629
7.44179655871216
0.28395618523724364
7.079185582644259
5.731155908664171
6.671347316763786
1.8509717508786516
6.21142334131242
0.15521493914806905
5.707900742527781
1.044464402355172
5.156999803326743
1.8891045405315623
4.462449756932507
3.2691768856912327
3.6723850248679133
1.440102631734658
7.299062584063698
1.3866242763549896
6.635657794528159
3.747065892554932
6.0493516824737
2.7640119421172527
5.528223290600198
1.1154347131867979
5.062527064800687
2.891729375711011
4.644254104739113
1.8510387317051853
4.266787298187006
1.7721510829808116
3.9246295977496044
1.9933110223516626
3.6131893412752527
2.868855733124779
7.361000226645061
3.575450958873205
6.734475093424647
2.1013190713837693
6.166224970451996
6.021976975740305
5.649061714191558
0.13206241826012266
5.176834706042749
1.6715352186464298
4.74426741833261
0.020758649799452078
4.346820879723511
0.5125196661469529
3.9805795445036978
2.8008149943924723
3.6421558185973923
1.5856548042274632
7.416014116653849
2.0855733514370978
6.824560805510122
4.228185819820996
6.275378545183814
2.476497795921359
5.764478542815931
0.8474432607681197
5.28830810101097
4.864284530676023
4.843699290809097
0.05410394145323161
4.427823839326642
3.8345678140202297
4.038153480040622
1.5056550381878968
3.6724251029702644
3.192479530199092
7.469739176617493
7.196947334649929
6.914658955909779
4.189378285463873
6.387052136351918
5.100945745202047
5.885133887233425
0.1969259802323089
5.407252135248092
0.02094241491338411
4.951877096037988
4.387045752028746
4.517591641199525
0.8217279929775709
4.103082435147814
0.5310595375649365
3.7071317812187914
0.39765988164449473
7.524483274017249
1.54851628948371
7.008629758673572
1.6896484698863257
6.506188960422556
2.7452001085695623
6.016706698134229
5.589563233734763
5.539746145243818
4.956947005025291
5.074887138867172
4.781999787851985
4.621725516277605
1.3530127063086117
4.179872477694266
2.1734951578337354
3.7489539743707083
0.11837514962674356
7.581660597436931
0.17473780238202208
7.109099433389424
5.0400860203770055
6.636538269341913
3.6179335838069964
6.1639771052944035
0.8566951291989287
5.691415941246896
3.6759897075191317
5.218854777199379
1.0819796344502122
4.7462936131518685
1.8782205451294032
4.273732449104363
2.106432598961202
3.8011712850568498
1.4159963717705257
7.642378592631549
0.38844552953491984
7.218358499286832
0.24586452966786432
6.781702555879532
3.907444216589252
6.331933042503312
0.8032459260056899
5.8685526751359
0.020943405968285145
5.391043805618659
2.475474218390329
4.898867590279059
2.4477772963875686
4.391463126040538
3.1767659650754214
3.868246552824639
3.3468120915663344
7.707652740745294
0.2522048574042137
7.338709244592703
1.2060062186030605
6.945582179466752
5.397528640020073
6.52630767999471
2.2342546689011686
6.078754193024633
4.2117796213056184
5.600608548131944
0.020760944546376336
5.089360940915675
1.1287851206108415
4.542288750460656
0.27329896329738057
3.9564391070957745
2.3836067446613862
7.778509646870202
0.10955633902488415
7.472651877583424
3.970946481518483
7.132653132739848
2.465183706804477
6.753978543936127
2.113301844268406
6.331484726983618
2.6129350240552083
5.859342699142168
0.49929466602319206
5.33095181036188
3.284591020625262
4.738843731607635
1.1983700194463038
4.074575450238634
0.034498717350487595
7.434950872496299
2.097058573625165
6.877774226714083
0.7579930767981478
6.374488572699161
3.8418819191681983
5.918155527678277
0.13444082129230805
5.5028884777878595
4.434311153015409
5.1236771515123625
5.007869081781834
4.776243059742446
0.8229665869577785
4.456920230446473
1.1635218660454791
4.1625566784759975
0.009486849289545907
7.47715621412563
4.504602260668744
6.946424354554356
0.009790451192152716
6.457150806825993
0.4178628534587294
6.00505251783548
2.6760776457210285
5.586361270960266
1.1210357401845696
5.197756658371766
1.682886523809018
4.836308094674803
0.5447536571892837
4.499424643995874
3.4993284135583407
4.184811597408428
3.724170334362369
7.515685656984771
4.165528199024074
7.010405872410661
2.160187053613287
6.535707778770566
5.762635644356787
6.089162193130219
4.809574966955999
5.668561493275663
3.12453376776101
5.271898091062115
0.8637582953370639
4.89734503440209
2.2531988371553306
4.543238529640718
3.68201810413052
4.208062195875204
0.00948690252682094
7.554283029420116
6.634599000650031
7.075754135281964
6.649750269426733
6.617450072679106
0.10690882019356485
6.178259654098559
0.23812845658768866
