3.5178195642074277
0.9511237937355483
3.423725147932542
0.19154906818179818
3.3324745582089363
1.502666412040945
3.2439730700353158
0.24607058244309954
3.1581291250934065
1.7756513684743567
3.0748542297636465
2.2063087737270966
2.994062856245291
0.8712910390066497
3.716360079624188
3.4076208518480655
3.6173277138171294
0.5308478346022376
3.520985795529164
2.580658964897152
3.4272567032590393
2.173429817869308
3.3360649964559785
0.6298855667680794
3.247337357880358
1.1625255548608706
3.1610025373773665
2.304407953711295
3.0769912970315625
1.9913745714255482
2.9952363576713816
0.5721112911783122
3.7179656486710186
5.247737374229899E-4
3.6201244185794987
0.2536612965423206
3.5245824187729555
3.125959803070553
3.4312842912845998
0.4916517950154553
3.3401759387141663
2.514493511562641
3.25120449783432
1.0523149810482595
3.164318313700904
0.8644023322888188
3.079466914258198
0.8197251949716051
2.9966009854306224
1.745297936056022
3.7198263067517114
0.061123868166857775
3.6233792138021172
0.718158377636362
3.5287858614215493
0.9155201719056825
3.4360112505848335
2.2258048105635986
3.3450209879037063
0.8899294401591034
3.25578127620523
0.22635864043888354
3.1682589052417
0.5300692818060835
3.0824212425303754
0.6363735279638627
2.9982362243214222
1.5102296636254442
3.722028267452231
1.3918073823567205
3.6272482197759945
0.4465984615244718
3.5338047913067587
0.050364137139956355
3.4416803697153027
1.3236981280131443
3.350857548363333
2.670874088859067
3.26131912419131
1.4785884296281502
3.1730480956254636
0.8319482488390442
3.0860276605038335
0.4455664120567784
3.0002412140211376
2.1172381584439552
3.724678578320505
0.018533369013328027
3.631926642477774
0.8562168695918864
3.539901899678462
0.012875098756339298
3.44859933240828
0.1103014404297209
3.358013952767907
2.087798033634307
3.268140802322627
0.48153884318636386
3.1789749519525934
0.5580162131811885
3.090511501703734
1.3859409221823071
3.0027455806393544
1.6278880765150419
3.7279137137075935
0.9797567053267038
3.637664672928125
2.2773533318541137
3.5474156321486543
0.5843429318539357
3.4571665913691874
0.38672047302988233
3.3669175505897204
0.04072516590524877
3.276668509810248
2.04561725887406
3.186419469030781
1.6570619372697681
3.0961704282513143
2.1285373908242136
3.005921387471844
1.6680668021754332
