2 2 179
2 3 91
2 4 47
2 5 26
2 6 16
2 7 11
2 8 9
2 0 0
2 0 10
1 0 0
2 12 14
2 0 13
1 0 0
2 0 15
1 0 0
2 17 21
2 18 19
2 0 0
2 0 20
1 0 0
2 22 24
2 0 23
1 0 0
2 0 25
1 0 0
2 27 37
2 28 32
2 29 30
2 0 0
2 0 31
1 0 0
2 33 35
2 0 34
1 0 0
2 0 36
1 0 0
2 38 42
2 39 40
2 0 0
2 0 41
1 0 0
2 43 45
2 0 44
1 0 0
2 0 46
1 0 0
2 48 69
2 49 59
2 50 54
2 51 52
2 0 0
2 0 53
1 0 0
2 55 57
2 0 56
1 0 0
2 0 58
1 0 0
2 60 64
2 61 62
2 0 0
2 0 63
1 0 0
2 65 67
2 0 66
1 0 0
2 0 68
1 0 0
2 70 80
2 71 75
2 72 73
2 0 0
2 0 74
1 0 0
2 76 78
2 0 77
1 0 0
2 0 79
1 0 0
2 81 86
2 82 84
2 0 83
1 0 0
2 0 85
1 0 0
2 87 89
2 0 88
1 0 0
2 0 90
1 0 0
2 92 135
2 93 114
2 94 104
2 95 99
2 96 97
2 0 0
2 0 98
1 0 0
2 100 102
2 0 101
1 0 0
2 0 103
1 0 0
2 105 109
2 106 107
2 0 0
2 0 108
1 0 0
2 110 112
2 0 111
1 0 0
2 0 113
1 0 0
2 115 125
2 116 120
2 117 118
2 0 0
2 0 119
1 0 0
2 121 123
2 0 122
1 0 0
2 0 124
1 0 0
2 126 130
2 127 128
2 0 0
2 0 129
1 0 0
2 131 133
2 0 132
1 0 0
2 0 134
1 0 0
2 136 157
2 137 147
2 138 142
2 139 140
2 0 0
2 0 141
1 0 0
2 143 145
2 0 144
1 0 0
2 0 146
1 0 0
2 148 152
2 149 150
2 0 0
2 0 151
1 0 0
2 153 155
2 0 154
1 0 0
2 0 156
1 0 0
2 158 168
2 159 163
2 160 161
2 0 0
2 0 162
1 0 0
2 164 166
2 0 165
1 0 0
2 0 167
1 0 0
2 169 174
2 170 172
2 0 171
1 0 0
2 0 173
1 0 0
2 175 177
2 0 176
1 0 0
2 0 178
1 0 0
2 180 268
2 181 224
2 182 203
2 183 193
2 184 188
2 185 186
2 0 0
2 0 187
1 0 0
2 189 191
2 0 190
1 0 0
2 0 192
1 0 0
2 194 198
2 195 196
2 0 0
2 0 197
1 0 0
2 199 201
2 0 200
1 0 0
2 0 202
1 0 0
2 204 214
2 205 209
2 206 207
2 0 0
2 0 208
1 0 0
2 210 212
2 0 211
1 0 0
2 0 213
1 0 0
2 215 219
2 216 217
2 0 0
2 0 218
1 0 0
2 220 222
2 0 221
1 0 0
2 0 223
1 0 0
2 225 246
2 226 236
2 227 231
2 228 229
2 0 0
2 0 230
1 0 0
2 232 234
2 0 233
1 0 0
2 0 235
1 0 0
2 237 241
2 238 239
2 0 0
2 0 240
1 0 0
2 242 244
2 0 243
1 0 0
2 0 245
1 0 0
2 247 257
2 248 252
2 249 250
2 0 0
2 0 251
1 0 0
2 253 255
2 0 254
1 0 0
2 0 256
1 0 0
2 258 263
2 259 261
2 0 260
1 0 0
2 0 262
1 0 0
2 264 266
2 0 265
1 0 0
2 0 267
1 0 0
2 269 312
2 270 291
2 271 281
2 272 276
2 273 274
2 0 0
2 0 275
1 0 0
2 277 279
2 0 278
1 0 0
2 0 280
1 0 0
2 282 286
2 283 284
2 0 0
2 0 285
1 0 0
2 287 289
2 0 288
1 0 0
2 0 290
1 0 0
2 292 302
2 293 297
2 294 295
2 0 0
2 0 296
1 0 0
2 298 300
2 0 299
1 0 0
2 0 301
1 0 0
2 303 307
2 304 305
2 0 0
2 0 306
1 0 0
2 308 310
2 0 309
1 0 0
2 0 311
1 0 0
2 313 334
2 314 324
2 315 319
2 316 317
2 0 0
2 0 318
1 0 0
2 320 322
2 0 321
1 0 0
2 0 323
1 0 0
2 325 329
2 326 327
2 0 0
2 0 328
1 0 0
2 330 332
2 0 331
1 0 0
2 0 333
1 0 0
2 335 345
2 336 340
2 337 338
2 0 0
2 0 339
1 0 0
2 341 343
2 0 342
1 0 0
2 0 344
1 0 0
2 346 351
2 347 349
2 0 348
1 0 0
2 0 350
1 0 0
2 352 354
2 0 353
1 0 0
2 0 355
1 0 0
