6.024271986326497
3.321119425454031
5.419601247206202
2.453637549052319
8.728539583830958
2.0087163253823417
8.520598621097886
4.835944396572991
8.278960138845886
6.277279053344746
7.996193452963579
1.324819633123689
7.663056290175685
5.958558090978084
7.268056877810004
0.8193615035986217
6.796916164063538
2.39203409149233
6.231909100852649
5.501339639741211
5.551059834757071
0.15590343257952632
8.461199045115823
5.253826952903642
8.038047169166477
0.13522733434068135
7.637426291088164
3.1792490527559165
7.257639757764753
7.018846397370695
6.8971503414100015
0.1304352964722293
6.554562865733866
1.8654226074308475
6.228608921563287
0.5758941220405681
5.9181334044641165
4.00831565330907
5.622082642375197
0.9988025367887018
8.493153716018744
3.3846093022985095
8.092379924929121
0.03722527546741694
7.705690047283533
6.513650637082177
7.332384206914324
1.6402133505647414
6.971805691907169
4.989066038195202
6.623337901422188
3.5962257224819894
6.286401527008779
5.401418667138502
5.9604519496186565
4.868744544453011
5.644976835049514
2.015843951876925
8.522416288121319
4.052306896434802
8.143061554016239
7.599426578770583
7.770515423962503
3.045812818735623
7.404605339767279
4.792862371026698
7.045164130165661
6.658687096977889
6.692029820568005
2.46099189341897
6.345045449972648
1.0106202943310474
6.004058894767917
4.966928274151192
5.668922699157851
1.2973330194074097
8.551831383388926
0.03746347505917624
8.194904997674199
1.8542040683676289
7.837978611959472
3.924274636871532
7.481052226244745
1.5732306871533763
7.124125840530017
0.4851501404484093
6.767199454815291
3.0637214475815018
6.410273069100561
0.3550113125270329
6.053346683385836
5.004689293702359
5.696420297671106
0.20269686628313188
8.582692034416961
2.282702239345852
8.250261856379613
3.0130411811385773
7.911292724991557
3.1628929943693587
7.56560436252011
5.632419550195269
7.213010515230061
5.37718195942272
6.853318737411171
0.061932521217267666
6.486330167422774
2.2391454860937663
6.111839295465337
1.87374805009932
5.729633722778708
5.482586079117999
8.615916009574189
8.519226819922107
8.310951676058984
7.099418737571775
7.993162721166393
0.03698916891906179
7.661798839468531
4.753390370930061
7.316057921957119
1.0143143404097115
6.955082249553705
3.18641306869351
6.577954407130778
0.0920531763770247
6.183692898252195
1.0428305605333377
5.771247439513984
3.648738248785145
8.652341114212394
6.99876944781664
8.378764910071098
6.210023274332307
8.086434216111348
7.721859220729632
7.773581848641791
0.32188356571657706
7.438249019528341
2.073984078314344
7.078263846252987
4.701218574710879
6.69121751157021
1.4202271533984747
6.274437829392139
0.2061225820047088
5.824959949991874
4.175838317404583
8.692845902153529
7.223297874398991
8.455688495896673
0.1352820537590378
8.194421297651667
5.038830652634945
7.905744899113255
5.0339863282544375
7.585858096133583
6.030132149998786
7.230381518529642
5.340042535710291
6.834270207941905
0.30425384438449754
6.391713656078301
3.5436414204353666
5.896021630855365
2.7387757004587074
8.738421219649952
3.530160457219844
8.544059131369146
5.920252065907743
8.321162957620794
2.334633450169052
8.064313308712613
1.594221522684737
7.767001563582816
0.21629950260354613
7.421419060783789
1.4849455917213619
7.018208482051186
0.016732589618116744
6.546171225643565
4.381066999612742
5.991923637523706
0.016582944447628645
8.556352224808052
1.225011169672091
8.219141027683579
0.03734558073506222
7.8961986199885645
3.013119639448856
7.5866695511448485
2.3367164063149275
7.289762354231108
5.451217815094125
7.004744008390171
4.021827765710376
6.730934927967846
3.9491566339518585
6.467704425342706
3.7349932087357476
6.214466599906314
2.1921152890839557
8.576447424549517
4.555070761974253
8.253629218111122
0.22783013634488403
7.939921058398561
4.335564412741091
7.6349598242673595
0.3270251596024989
7.338400293839888
4.759354082835323
7.049914138534009
6.433028606587642
6.769188978021788
3.3050112902378745
6.495927492297886
3.60766907789773
6.229846587278516
4.346020150588085
8.595384873807363
3.8938347205804793
8.286600579922498
1.1987571707778013
7.982310552762267
0.1778643907944073
7.682422825470425
3.0208078736502633
7.386847732523515
4.460847775466249
7.095497845201483
4.452108426173033
6.808287908967664
0.42272589297038854
6.525134782700953
2.912602278264144
6.245957379724592
3.2760549844461626
8.61494965325106
0.9800047128659735
8.321141537398463
7.207231357845674
8.027333421545869
5.439810653577894
7.733525305693276
3.541266308000486
7.439717189840679
7.1934267468852235
7.1459090739880855
1.1627505708425812
6.852100958135489
2.9593377452634884
6.5582928422828966
0.2594088056916539
6.2644847264302985
5.789999243590932
8.636055499545698
0.13724381107431838
8.358939799977088
4.81181036070479
8.077311654112469
2.4358883846133663
7.791069413424235
2.78758915852894
7.500108722038391
3.685220517888118
7.20432243946958
1.7603073595036751
6.903600561134713
2.4466112184276954
6.597830136583241
6.525830142057391
6.286895185380352
0.9459800331862889
8.659447125144776
8.465184746997675
8.401465439556333
8.213182888424356
8.134399149801096
2.353983081671
7.85781183114418
3.0545297784289467
7.571242875265967
2.957008725496088
7.274206093679961
0.06272908141086297
6.966188241874963
0.03646033146616401
6.646647459893218
5.918153493112273
6.315011624838208
3.5717918474918955
8.685889691550361
1.1443208480601532
8.450306918713148
3.2517928630428425
8.201030946977541
2.18407434274824
7.936998496718348
6.867339010009757
7.657054061943058
5.855727547754473
7.359941830998596
5.060699623507423
7.044296928622852
4.387688994327263
6.7086359259788075
1.6588144684902604
6.351346561419318
4.2731596053432845
8.71626063145628
1.3134586677938063
8.507351947236673
4.012231070334688
8.280194250395574
4.547107367472539
8.032727348543165
5.03930604686132
7.762641869693137
2.149853403804163
7.467349865963813
7.129251024029157
7.1439521728054665
3.0111715913609833
6.789202194031814
2.306491573579675
6.3994657522062885
2.283165765623525
8.751618422278971
1.7536854645360576
8.574938446086469
1.0411038123454766
8.375677889255552
7.8013302620340355
8.150311503195848
1.387289702131146
7.894755759834511
5.903096111553677
7.604285845224936
2.8153544648280406
7.27344138140459
6.772092775601653
6.8959194881525665
3.1261613538543696
6.464453640986477
1.0759222924565761
8.64759401084039
0.13758117698907224
8.39480756143573
1.5499351403641106
8.150017947497265
0.22743198078898574
7.912866185722772
0.03719972893857926
7.683013385935224
7.513617755407104
7.460139453232438
2.4696141381986276
7.243941881863016
6.767902829732421
7.034134634003373
3.962578889580271
6.830447097130237
3.3368974645979987
8.658783167390325
5.754415227424396
8.414184882611499
2.714696224749796
8.174800139813605
4.0013226265591335
7.940472221032223
1.2511579766207293
7.711050210473511
0.09626470539519838
7.48638875113993
0.8390439472661195
7.266347812373163
1.9466290225845997
7.0507924678113
2.740891599089389
6.839592683280492
6.020380144811817
8.669628111889157
6.245011986039776
8.433164826982347
8.339092885431285
8.199326368686432
4.282018973840635
7.968071975625235
0.9406064446466487
7.739361654335964
0.5741957883174114
7.513156163220053
2.6420762086597946
7.289416996844314
6.3296397356320355
7.068106370584658
2.4380920600742
6.849187205604915
1.8617282997789049
8.68114430360963
8.000850598294399
8.453530838115606
5.528743122852288
8.22591737262158
0.06426715499722824
7.99830390712756
7.021709949984474
7.770690441633536
5.8792870307765
7.54307697613951
3.4713879255271896
7.31546351064549
0.036824863407553865
7.087850045151463
4.140523173581396
6.86023657965744
6.4115504359718365
8.693926225219766
4.608038960215872
8.476383325353353
4.218378828095859
8.256082348998735
0.6588538516386713
8.032975639171152
0.8662818789241664
7.807014582615903
6.854691441623315
7.5781495896018
0.27216191274295554
7.346330073290639
1.9536344727835382
7.111504428674032
4.149955543491448
6.873620011069022
3.425377197112875
8.708525771408908
4.709931812334312
8.502790770356428
6.694135095821888
8.291350139240521
0.09731393011754319
8.073992819646293
6.903231371737325
7.850498962398459
7.0644184507061825
7.620639553690278
2.7397778044241856
7.384176025815473
0.22014723512185763
7.140859851905057
6.669847094234561
6.890432124049399
2.979949957755076
8.725567780176137
2.9751824541345044
8.534000906222435
7.480401853625057
8.33355786895249
6.8383304870636294
8.123706967837107
3.3241634703914755
7.903881995275764
6.931958217789386
7.673480024992562
7.5879156872894935
7.431859066512283
3.7314793739505174
7.178335578196944
0.09470433829576153
6.912181830934512
4.339409158918868
8.745820189373969
0.8272900950821545
8.571580714855607
5.583457653891443
8.385059613255976
4.898005602395225
8.18518879758587
5.882133726615029
7.970804212558491
1.3126283491897484
7.74063761531176
4.708702420946796
7.493307706467714
3.3335297376863107
7.227310564629798
4.028134630945695
6.941009334330183
5.566781298684242
8.77025903430114
7.979314210046132
8.617554612882586
0.5281083471765049
8.448944093227695
1.7875207936228932
8.26252734874298
7.604101704368437
8.056182960847039
3.5278291977220486
7.827544538855957
2.0086563844338987
7.573974752246599
7.230332041376004
7.292536876144002
1.0947443104313637
6.979963635193039
3.673861056832376
8.736197737539825
5.803326678515524
8.567308528093362
4.076808460651211
8.401979359798101
0.004434955075793168
8.240103608812113
1.364387138487942
8.081578629285506
0.2270807140306328
7.926305582620222
5.734916571708894
7.774189274710765
6.40165570722071
7.625138000775238
5.022950242465516
7.479063397405608
0.38297625879638364
8.74114864676562
2.702561666844651
8.575958535698124
8.097004255280899
8.413138357879076
8.038141133802938
8.252640254221049
2.317607566242727
8.09441755055242
6.6581298418606565
7.93842472460474
3.376648057297088
7.784617373976001
5.636499983373341
7.632952185040475
0.5727649387238607
7.483386902776488
3.0477183395499914
8.746082744985053
4.246926611613484
8.584638666304016
5.899609554881352
8.424412586700937
0.017181943346778805
8.26539172342001
7.346076722365465
8.107563455041234
5.229373342728495
7.950915319244903
1.8284531612134547
7.795435010608123
6.331918848767251
7.641110378432844
5.284265716070798
7.487929424605051
6.829612688116829
8.751470022341744
7.967249551308556
8.594182275579836
8.305962116300371
8.436894528817927
0.8158667121460563
8.279606782056018
1.9665385080169877
8.12231903529411
6.859569799244371
7.965031288532201
6.1121012664823775
7.807743541770294
7.031174869834138
7.6504557950083845
3.68981809040816
7.493168048246476
7.328422865444491
8.757627290803539
0.285479713286791
8.60517112976963
5.430393411960784
8.451373684003077
5.150827818224748
8.296219142078716
6.447750584776459
8.139691480233148
4.703262761637818
7.981774459413039
1.4153890268842368
7.822451622283287
0.0965566173151522
7.661706290194405
0.9226233439838516
7.499521560108696
6.592255729862286
8.764884548645853
4.7406304245136495
8.618227129990268
6.399549773315869
8.468715243062347
2.447138479837599
8.316276665754122
6.738902164316203
8.160837169559445
2.999006532689283
8.002320463762075
0.7934199266736004
7.840648138140662
2.139438471821368
7.675739604153736
2.771710265937182
7.507512034567025
0.06350665510366427
8.77364584936988
6.903841915900775
8.634124810957356
1.3126755332313498
8.490014387481136
8.39491158019533
8.341126543393676
5.637910028924849
8.18726514965351
2.645107181972535
8.028225646760973
5.348032081936533
7.863794694708416
3.163981819746131
7.693749809377337
7.267972456039422
7.517858984899672
0.5680909086948496
8.784435996240921
7.206226383488686
8.65388240184135
4.580015077519205
8.516727750919317
0.09788419383602087
8.372580903124458
4.624201994288339
8.221027597707884
0.06422043116381748
8.061629177000585
1.4986059843164932
7.893921245581769
5.170266904078102
7.717412262197211
0.6396840085226851
7.531582061365686
2.4004206290185146
8.79795099563834
4.454728226802053
8.678863116791664
8.18973275981504
8.550823527128466
3.381365312161085
8.413110423729776
6.422148581608661
8.264947279222593
1.029928886121084
8.105499097639488
7.0108340962784546
7.933868441127462
2.1428213296722287
7.749091214929608
1.6205629938618595
7.550132197440398
5.878779019115807
8.82303955354699
4.378642544700267
8.738230354745133
8.542589565143736
8.654316472906707
4.1130371422546945
8.571284464862538
3.793824696115703
8.489121138559904
2.0050844760836526
8.407813547684654
0.39918702428271335
8.327348986408133
2.5149132731288857
8.247714984255914
1.965492817286106
8.168899301095369
7.171708428250625
8.824277507535497
1.690346228280166
8.74041218846932
1.5904728592996369
8.657155530268495
4.691872012480972
8.574501329502317
7.999984820247935
8.492443459858961
1.4755792428952654
8.410975871074388
3.640233757885021
8.330092587876864
2.7871371593949688
8.249787708946908
1.120138438419033
8.170055405892512
1.3581001023720098
8.825546068775857
2.152569103678421
8.742655532659326
5.025726705193876
8.66008444827472
0.8273487620234805
8.577831114015089
4.653070638601245
8.495893839070924
4.613240559656918
8.414270943355762
3.0850479593847018
8.332960757432293
0.22901118539243082
8.251961622438998
1.534304230498139
8.1712718900173
5.994963347352572
8.826970984417214
1.077899416124048
8.745184199730765
0.2318501857332944
8.663397415044326
1.4058448976310753
8.58161063035788
7.527132931530217
8.499823845671436
2.8304753473160678
8.418037060984993
7.104844869197479
8.336250276298552
6.110018398172374
8.254463491612105
0.017162271143694285
8.172676706925666
3.3725172084396045
8.82864971226064
2.7229793740928714
8.748174574535899
7.5725039784504515
8.667330143555608
1.6703354252538478
8.586114192050573
8.394223781745575
8.504524477754156
1.1381872589114517
8.422558743299485
6.263614349999688
8.340214716115979
6.947653944865208
8.25749010832521
3.128596008673079
8.174382616636075
0.28011918581090467
8.830694253903467
6.256866882546959
8.751831619176329
8.065512266814093
8.67215951762268
7.313501425099373
8.591667458412148
6.479044722452524
8.51034480522561
3.017729445772936
8.428180774272032
5.985112984984021
8.345164432279814
1.0458103560074783
8.261284694462287
8.077542747073627
8.17653032245711
7.087155011171047
8.833250782505965
3.206583159314316
8.756424756375928
2.046230037349221
8.678252072342787
8.095159172985312
8.598704521883464
1.4847843129963136
8.517753294346713
2.925183307834404
8.435368964753124
0.8930763916835587
8.351521481367046
2.6076832132733343
8.266180153036613
0.18011941941960763
8.179313636297916
7.089235771686658
8.836518023498604
0.03766329432174986
8.762322203474984
3.9583726592674244
8.686111354007675
6.739525156962577
8.607824802775948
0.4018043455891893
8.527400114246975
2.09720090445569
8.444773042649825
5.051797160519515
8.359877483815639
6.029380137170792
8.272645425859384
0.28089511280038026
8.18300689867799
3.5540930820819274
8.84076919791153
5.766163964940753
8.770032359278026
4.446982135008363
8.696435535565824
8.598783552510662
8.619862871903447
7.362850951904882
8.540194240009328
7.295903579613035
8.45730509803718
1.993724165864514
8.37106634633885
6.127462717681098
8.281344179038395
0.18011984984996632
8.18799993130869
6.367288079623936
7.440900783191596
6.9304322045097475
6.496484439714731
1.5758659668721853
5.68926308810631
5.500144084128614
4.992112607831171
3.9541822806801914
4.38441551853126
2.439033017219055
3.850281676170101
2.4062312371762267
3.3773023319908777
0.22140527940481758
2.9556669325121163
2.084646604406271
2.577529169635478
0.6144760517605046
7.593816533818853
3.2526603652734987
6.734140333191847
3.1565938290570443
5.964027570395754
3.363178641482695
5.270640875089795
4.862508673899267
4.6433878883935344
0.04459849678190664
4.073473347271336
3.412022637149197
3.553548808491223
0.13551132958171863
3.077437446617573
0.024715839021488217
2.6399167702202613
0.7597881757440159
7.716032369051152
0.4768397746614117
6.932820312625415
0.028029729580638874
6.203285919351107
0.525652521023767
5.522324083833299
3.3006913505203235
4.885424100979945
3.8581109364730413
4.288590823967691
0.11441774253671211
3.728277186468466
0.025269478181938698
3.2013263667694547
2.6880417450959113
2.7049221394937417
2.4484951400793142
7.824854332022243
4.929378564517819
7.1165800052508015
2.807836552016948
6.4326471053239
3.503218518587104
5.771885811715752
0.3545670187026797
5.133195262697122
1.9812550624332128
4.515538939730655
3.813702432972395
3.917940385154404
2.1145462622212836
3.3394792280923298
0.08129691858837718
2.7792874954451054
1.4229114238316727
7.926497075546479
0.6628699330556851
7.29428031010605
1.150122409426242
6.662063544665623
5.816836520098821
6.029846779225194
5.130766223717392
5.413902002490323
1.458706174895062
4.855573980821945
0.20626343105953548
4.249937089045977
1.3450359195760968
3.5373018191659336
2.9466275201746663
2.8687629520230673
2.3450711447740917
8.024023561694362
0.10567469455197687
7.470479684390709
3.4001862202573863
6.897136324411988
4.09056521305115
6.302989214821615
2.4563793642783898
5.775883863836327
4.225065327329778
5.248936020245246
4.20799697817756
4.649031898026135
3.5098806247656738
3.898790915244164
1.2816518286850265
2.9804248818162553
2.7848097167243284
8.119221801243533
6.312575906956084
7.648016767998723
1.6169402415250775
7.141808910794724
5.120685497818302
6.619089899506188
3.116409376590216
6.178508624064232
0.33665190348012697
5.694578373498566
5.490186063380506
5.1158385694898305
0.19494485529501882
4.347697307574846
1.5122356658543152
3.2050351182080004
1.36022691694295
8.213258276418873
0.0033627472317807605
7.828912404719673
0.6926015363699902
7.399318679614607
0.8987559446615356
6.98884524046216
0.3146777282820321
6.626403188028844
6.545456260643849
6.204137035758035
6.051265907819345
5.667694094478791
0.01199866872066746
4.902101555948669
3.834652963637576
3.630123787597449
0.0031684007332946074
8.306958826184038
0.48050488734900654
8.014759438496121
4.300452540482014
7.672618545413382
3.275620816641846
7.394165014057907
0.40731271100239663
7.128199263374308
0.15104463389303957
6.792952098531056
3.534344086951104
6.328435058654995
0.36636531099002445
5.594606977564601
3.5574475126493015
4.210046393211231
0.07793122461069224
7.629474386571526
1.3778600839021737
6.821215001001837
6.359015315151264
6.112614486904238
5.840107405003782
