1992
ABIDER
ABLEIST
ABRINS
ABURST
ACARID
ACARUS
ACCOIL
ACCORD
ACCREW
ACIDER
ACINAR
ADDIOS
ADMIRES
ADMITS
ADRIFT
AERIED
AFFIED
AFFORD
AFFRET
AFREET
AFRONT
AGAPAI
AGARIC
AGEIST
AGGROS
AGILAS
AGILER
AGINGS
AGREES
AGRIAS
AGRINS
AGYRIA
AHURUS
AIGLET
AIGRET
AINGAS
AIRBUS
AIRERS
AIRILY
AIRING
AJIVAS
ALARMS
ALDERS
ALEGAR
ALERTS
ALIDAD
ALINER
ALIYAS
ALLIED
ALTERER
AMARNA
AMAUTI
AMBERS
AMBITS
AMBRIES
AMIGAS
AMNION
AMNIOS
AMUSIA
ANDROS
ANGERS
ANGRIER
ANGRIES
ANIMAS
ANIONS
ANISIC
ANTHER
ANTIFA
ANTLER
ANURIA
APPROS
ARAWANA
ARCADES
ARDEBS
AREACH
ARGALS
ARGANS
ARIDITY
ARIOSI
ARMERS
ARMETS
ARMLET
ARMORY
ARNICA
ARNUTS
ARPENS
ARRIBA
ARROBA
ARSINES
ARTILY
ARTIST
ASHLAR
ASMEAR
ASRAMA
ASWIRL
ATONER
ATRIUM
AUDIOS
AUDIST
AUDITS
AUGERS
AURIST
AUROUS
AUTEUR
AUTISM
AUTISTS
AVAILS
AVANTI
AVERTS
AVIDER
AWARDS
AWARNS
AWMRIES
AWNERS
AYRIES
AZURIES
BADDER
BAGGER
BAILER
BAILLI
BAILOR
BAIRNS
BAISAS
BAIZAS
BAJRAS
BAJREES
BAKERY
BALERS
BALLER
BAMMER
BANIAN
BANIAS
BANNER
BARBED
BARBEL
BARBIES
BARCAS
BAREST
BARKED
BARKEN
BARRAS
BARRED
BARREL
BARREN
BARRET
BARROW
BARYTAS
BATHER
BATLER
BAZAAR
BEARES
BEINGS
BELIES
BERAYS
BEREFT
BERETS
BERYLS
BEVIES
BICEPS
BICKER
BIDDEN
BIDDER
BIDETS
BIFFED
BIFFER
BIGGED
BIGGER
BIGGON
BIGHTS
BIKIES
BILBOAS
BILBOES
BILEVEL
BILKER
BILLED
BILLER
BILLET
BILLON
BILLOW
BIMBOES
BINNED
BIPEDS
BIRDDOG
BIRDER
BIRLER
BISHOPS
BISQUES
BITING
BIZJET
BIZZES
BLARTS
BLERTS
BLURTS
BOBBER
BOGIED
BOREES
BORGOS
BORROW
BRACTS
BRAKES
BRANTS
BRASTS
BRAVAS
BRAZAS
BREKKY
BRIBEES
BRIBER
BRILLOS
BRINGS
BRISKS
BROOCH
BROODY
BROOMY
BRUNET
BRUNTS
BRUSTS
BUDDER
BUFFER
BUGGER
BULLER
BUMMER
BUNION
BURETS
BURGER
BURIES
BURINS
BURKED
BURLER
BURNER
BUROOS
BURRED
BURREL
BURRER
BURROW
BURSTY
BUSHIER
BUSTLER
BUTLER
BUYERS
BUZUKI
BUZZER
CABARET
CABERS
CABRIES
CAGERS
CAIRDS
CAIRNS
CALICES
CALICOS
CALLER
CANERS
CANNER
CAPERS
CAPIAS
CAPPER
CAPRIC
CARCEL
CARDER
CAREER
CARERS
CARETS
CARIES
CARKED
CAROLI
CARPER
CARREL
CARROM
CARRON
CARROT
CARVER
CASHIER
CATERER
CAVERS
CEIBAS
CEREUS
CHARAS
CHARET
CHARIER
CHARTS
CHEDER
CHERTS
CHEWER
CHICER
CHICOS
CHIDER
CHILLI
CHILLS
CHIMER
CHINTS
CHIRLS
CHIRMS
CHIRPS
CHIRUS
CHRISTY
CHURRUS
CICELY
CIMIER
CINCHES
CIPPUS
CITHER
CITIFY
CITING
CITRAL
CITRIN
CITYFY
CIVETS
CIVISM
CLARET
CLARIES
CLAROS
CLARTS
CLEIKS
CLERID
CLERKS
CLEVER
CLIFFS
CLIFTS
CLINTS
COINOP
COPIED
CORDON
CORIES
CORODY
CORONA
COURED
COZIED
CRAALS
CRACKS
CRACKY
CRAFTS
CRAKES
CRANTS
CRAVAT
CREACH
CRESOL
CRESSY
CRESTA
CRESYL
CRIMPS
CRIMSON
CRISPY
CROONY
CRUCKS
CRUELS
CRUETS
CRUFTS
CRUSTA
CRUSTS
CRUSTY
CRYERS
CRYPTS
CUATROS
CUBERS
CUBIST
CUBITI
CUBITS
CUBITUS
CUEIST
CULICES
CULLER
CUMMER
CUNITS
CUNNER
CUPPER
CUPRIC
CURATS
CURBER
CURERS
CURETS
CURIAS
CURIES
CURIET
CURIOSA
CURLER
CURRED
CURSUS
CUSHIER
CUSPIER
CUTLER
CYDERS
CYLICES
CYTISI
CYTOID
CZARIST
DABBER
DAGGER
DAIKOS
DAINTS
DAMMER
DANIOS
DAPPER
DARERS
DARGAS
DARICS
DARKED
DARKEN
DARKEY
DARNER
DASHIER
DAVITS
DAZERS
DEARES
DEFIES
DEICED
DEIGNS
DEMIES
DEMISS
DENIES
DERATS
DERAYS
DERMAS
DERNED
DERNYS
DERROS
DEWITT
DEXIES
DHIMMI
DIACTS
DIADEMS
DIBBED
DIBBER
DICAST
DICHTS
DICIER
DICKED
DICKER
DIDIES
DIDOES
DIEING
DIFFER
DIGGED
DIGGER
DIGHTS
DIKKOP
DILDOES
DILLED
DIMITY
DIMMED
DIMMER
DINDLES
DINGOED
DINKED
DINKER
DINNED
DINNER
DIOECY
DIPNET
DIPODY
DIPPED
DIPPER
DIPSAS
DIRAMS
DIRECT
DIREMPT
DISPLES
DISUSES
DITHER
DITING
DITZES
DIZENS
DJINNI
DJINNS
DODDER
DOGREL
DORADS
DOREES
DORIES
DRABBET
DRAFTS
DRAKES
DRAMAS
DRANTS
DRAPET
DREKKY
DRESSY
DRIFTS
DROMOI
DROOLY
DROOPY
DRUDGES
DRUGGET
DRYADS
DRYERS
DUBBER
DUELER
DUFFER
DUKERY
DULLER
DUNNER
DUPERS
DURRAS
DUTIED
EARING
EARNED
EBAYER
EBBING
ECHINI
EDDISH
EDGIER
EDICTS
EFFIGY
EFFING
EFFRAY
EGGLER
EGOITY
EIGHTY
ELAINS
ELDINS
ELFINS
ELIADS
ELINTS
ELMIER
ELUDER
EMAILS
EMBOLI
EMEROD
ENAMOR
ENARMS
ENIACS
ENMITY
ENRAPT
ENRICH
ENRING
ENTREZ
ENVIER
EPIMER
EQUIDS
EQUIPS
EQUITY
ERASED
ERASES
ERGOTS
ERICKS
ESPIAL
ETHICS
ETHION
EURIPI
EVADER
EVEJAR
EVICTS
EVILER
EXFILS
EXILED
EXILER
EXURBS
EYEBAR
FABBER
FACERS
FACIAS
FADERS
FAIKED
FAINER
FAINTS
FAJITAS
FAKERY
FALLER
FANION
FANNER
FARCER
FARERS
FARFEL
FARMER
FARRED
FARREN
FARROW
FASTISH
FATHER
FEARES
FEERED
FEIGNS
FEINTS
FERALS
FIBBED
FIBBER
FICOES
FIDGET
FIESTA
FIFING
FIGGED
FIGHTS
FIKISH
FILEMOT
FILETS
FILIAL
FILLED
FILLER
FILLES
FILLET
FINISH
FINNED
FINNER
FIREFLY
FIRERS
FIRIES
FIRING
FIRMER
FISHNET
FITFUL
FIXITY
FIZZED
FIZZEN
FIZZER
FIZZES
FLAILS
FLARIER
FLIEST
FLINTS
FLIRTY
FLYERS
FORHOW
FORMOL
FRACAS
FRACTI
FRACTS
FREETY
FRISKS
FRUSTA
FRUSTS
FRYERS
FUELER
FUEROS
FUGIOS
FULLER
FUMERS
FUNNER
FURDER
FURIES
FURLER
FURRED
FURROW
FUSILLI
GABBER
GADDER
GADIDS
GADOID
GAFFER
GAGING
GAINER
GALIOT
GAMERS
GAMMER
GANOIN
GAPERS
GAPPER
GARNER
GARRED
GARRET
GARRON
GARROT
GASPIER
GATHER
GATING
GAZERS
GEARES
GELATI
GENIES
GENRES
GERAHS
GERENT
GIANTS
GIAOUR
GIBBED
GIBBER
GIBBET
GIBBON
GIBELS
GIBLET
GILETS
GILLED
GILLER
GILLET
GIMELS
GIMLET
GIMMER
GIMMES
GIMMOR
GINGLES
GINNED
GINNEL
GINNER
GIPPED
GIPPER
GIRASOL
GIRDER
GIRNER
GITANA
GIUSTS
GIVENS
GIZZEN
GIZZES
GLAIRES
GLARIER
GLIDER
GLIFFS
GLIFTS
GLINTS
GLUERS
GLURGES
GOINGS
GOPIKS
GRAALS
GRAFTS
GRAMAS
GRANTS
GRASPS
GRIFFON
GRIFTS
GRINDS
GRINGOS
GRISLY
GROOLY
GROOVY
GRUELS
GRUING
GRUMMET
GRUNTS
GRYKES
GUIDER
GUILER
GUILTS
GUIZER
GULLER
GUMMER
GUNNER
GURGED
GURGING
GUSHIER
GUTSER
GUTZER
GYPPER
HABITS
HADITHS
HAILER
HAIMISH
HAINTS
HAIRST
HALERS
HAMMER
HARAAM
HARDER
HARIMS
HARKED
HARKEN
HARMER
HARPER
HARPIST
HARROW
HAVERS
HAYERS
HAZERS
HEARES
HEIRED
HEREAT
HERIED
HERSED
HICKER
HIDDEN
HIDDER
HIEING
HIJRAH
HILLED
HILLER
HILLOA
HIPPED
HIPPEN
HIPPER
HIPPUS
HIREES
HIRERS
HIRING
HITHES
HIZENS
HIZZED
HIZZES
HOARED
HONIED
HORAHS
HUFFER
HUGGER
HULLER
HUMMER
HUMOUR
HURLER
HURRAH
HURRAS
HUSTLER
HYDROS
HYGEIST
HYLIST
HYPERS
IATRIC
IBADAT
IBEXES
ICECAP
ICINGS
ICKILY
ICKLER
IDIOTS
IFFIER
IGNAROS
ILEXES
ILIADS
ILLEST
IMAGES
IMBARS
IMBEDS
IMBUES
IMPELS
IMPROV
INANER
INARMS
INBENT
INCANT
INCELS
INCENT
INCHES
INCLES
INCOGS
INCONY
INCURS
INDENT
INDEWS
INDIAS
INDICTS
INDOLS
INDOWS
INDUES
INFANT
INFIRMS
INGENU
INGLES
INGOES
INJERA
INKING
INLETS
INMESH
INROAD
INSTALS
INSTEPS
INTELS
INTIMA
INTOED
INVARS
INVENT
INWITS
IRATELY
IRRUPT
ISTANA
ISTLES
ITCHES
ITERUM
IZARDS
JABBER
JABERS
JAEGER
JAGERS
JAGGER
JAGRAS
JAILER
JAILOR
JAMMER
JAPERS
JARRED
JAZZER
JEERED
JERSEY
JEWIES
JIBBAS
JIBBED
JIBBER
JIGGED
JIGGER
JILLET
JINKER
JIRGAS
JIVIER
JIZZES
JOINTS
JUDDER
JUICER
JULIET
JURATS
JURIES
JURIST
KAISER
KIKUYU
KNIFER
LAAGER
LABRET
LACERS
LADDER
LADERS
LAGERS
LAGGER
LAIKAS
LAIKED
LAIRDS
LAMIAS
LAMMER
LANNER
LAPPER
LARDER
LAREES
LARGER
LARIAT
LARKED
LARVAS
LATHER
LATISH
LAURAS
LAVERS
LAVRAS
LAXIST
LAYERS
LAZARET
LEARES
LEERED
LEIRED
LEVIES
LIAISED
LIANAS
LIBBED
LIBBER
LIBELED
LICHTS
LICKER
LIDDED
LIEFLY
LIENAL
LIENOR
LIGGED
LIGGER
LIGGES
LIGHTS
LIKEST
LILIES
LIMENS
LIMEYS
LIMIER
LIMMAS
LIMMER
LIMPET
LIMULUS
LINEAL
LINEMEN
LINIER
LININS
LINISH
LINKER
LINNED
LINNET
LINNEY
LIPOIC
LIPOID
LIPPED
LIPPEN
LIPPER
LIQUOR
LISTEES
LISTENS
LITHER
LITHES
LITING
LITUUS
LIVELOD
LIVELY
LIVENS
LIVIER
LOGILY
LOGION
LOLLER
LORDLY
LORIES
LOURED
LUBBER
LUGERS
LUGGER
LURERS
LURKED
LUSHIER
LUTISTS
LYRICS
LYRIST
MACERS
MACROS
MADDER
MADRAS
MAFIAS
MAIDISM
MAIKOS
MAILER
MAILLS
MAIMED
MAIMER
MAINER
MAINOR
MAIRES
MALIST
MALLEI
MALOTI
MANIAS
MANNER
MAPPER
MARABI
MARDIED
MARIDS
MARIES
MARKAS
MARKED
MARRAS
MARRED
MARRER
MARRON
MARROW
MARRUM
MARTLET
MARVER
MASHIER
MATRIC
MATRIX
MAZERS
MBIRAS
MEARES
MEERED
MERELS
MICHTS
MIDDEN
MIDGET
MIDNOON
MIDSTS
MIFFED
MIGHTS
MIGNON
MIKRON
MIKVEH
MIKVOS
MILKER
MILLED
MILLER
MILLES
MILLET
MIMICS
MIMING
MIMSEY
MINIER
MINIMA
MINION
MINISH
MINKES
MINNOW
MINUET
MIRIDS
MIRING
MIRINS
MIRZAS
MISCUES
MISUSES
MITHER
MITISES
MITRAL
MIXENS
MIXIER
MIZENS
MIZZEN
MIZZES
MOIRES
MOMSER
MONIED
MORATS
MORROW
MPRETS
MUCROS
MUDDER
MUGGER
MULLER
MUNTINS
MURDER
MURIDS
MURKED
MURRAM
MURRAS
MURREN
MURREY
MUSHIER
MYRRHS
NABBER
NAFFER
NAGGER
NAIFER
NAILER
NAIRAS
NAIRUS
NAIVER
NAMERS
NAPPER
NAPRON
NARCEEN
NARCIST
NARKED
NARRAS
NARROW
NEIGHS
NELIES
NERALS
NEWIES
NGAIOS
NIBBED
NIBLET
NICHTS
NICISH
NICKER
NIDGET
NIDING
NIFFED
NIFFER
NIGGER
NIGHTS
NILLED
NIMMED
NIMMER
NINETY
NIPPED
NIPPER
NITHER
NITRIC
NITRID
NITRIL
NITRYL
NIXING
NOMINA
NOTION
NOYING
NUBBER
NUDIST
NUTRIA
NUZZER
OAKIES
OBEISM
OCREAS
ODIUMS
OFFING
OIDIUM
OILIER
OILING
OILLET
OLLIED
OMIGOD
OMRAHS
ONIUMS
OPIUMS
OPTICS
OPTIMA
OPTING
ORANTS
ORBITA
ORBITY
ORFRAY
ORGANA
ORGASM
ORGEAT
ORIELS
ORIGAN
ORMOLU
ORTHOS
OSPREY
OSTLER
OUIJAS
OUREBI
OUTING
OUTRAN
OVERED
OVIBOS
OVISAC
PACERS
PADDER
PAGERS
PAIKED
PAINTS
PAIRES
PAISAN
PAISAS
PAKIHI
PANNER
PAPRICA
PARAPH
PAREOS
PARERS
PARIES
PARITY
PARKAS
PARKED
PARMAS
PARPED
PARPEN
PARRAS
PARRED
PARREL
PARROT
PARTLET
PATZER
PAVERS
PAWERS
PAYERS
PEARES
PEERED
PEISED
PENIES
PERDUS
PERVOS
PETSAI
PHAROS
PICKER
PIEING
PIERID
PIEROG
PIGGED
PIGHTS
PIGLET
PIGPENS
PIGSTY
PILEAS
PILEUP
PILEUS
PILIER
PILLED
PILLOW
PIMPLES
PINATA
PINESAP
PINIER
PINION
PINKER
PINNAS
PINNED
PINNER
PINNET
PINUPS
PIONER
PIPIER
PIPING
PIPITS
PIQUET
PITAYA
PIXELS
PIZZAS
PLAITS
PLYERS
POGROM
POINTS
POINTY
POMROY
PONIED
POPPER
PORNOS
POURED
POWRED
PRAAMS
PRANAS
PREAMP
PRENUP
PREPAY
PRESSY
PRIALS
PRIMAS
PRIMOS
PRIMUS
PRINTS
PRISMY
PRIVITY
PRUNTS
PRUNUS
PRYERS
PUDDER
PUFFER
PUGREES
PULERS
PULLER
PUNNER
PUPILS
PUREES
PUREST
PURGER
PURINS
PURIST
PURITY
PURLER
PURPIES
PURRED
PUSHIER
PUTRID
PYRROL
QUARTS
QUBITS
QUEUER
QUIETS
QUIFFS
QUILLS
QUILTS
QUINTS
QUIPUS
QUIRES
QUIVER
RACERS
RACHES
RACHIS
RACIER
RACISM
RACONS
RADDED
RADGES
RADISH
RADIUS
RADONS
RAGERS
RAHUIS
RAILED
RAILLY
RAINED
RAINIER
RAKERY
RAKING
RAMCAT
RAMEAL
RAMENS
RAMETS
RAMINS
RAMOUS
RAMTILS
RANCES
RANDED
RANDIER
RANDON
RANGES
RANGIER
RANGIS
RANIDS
RAPERS
RAPHES
RAPHIS
RAPIDS
RAPIER
RAPPES
RAREFY
RARELY
RATELS
RATIFY
RATING
RATION
RATOOS
RAVELS
RAVENS
RAVERS
RAVIER
RAVINS
RAVISH
RAWINS
RAWISH
RAWNESS
RAYLES
RAYLESS
RAYNES
RAYONS
RAZERS
RAZZES
REBIDS
RECESS
REDEEM
REDIAS
REDIPS
REEDEN
REEFED
REELED
REESTY
REEVED
REFEED
REFEEL
REFLET
REGIUS
REGLET
REHEEL
REISTS
REJIGS
RELETS
RELICS
REMISS
RENIGS
REPASS
REPINS
RERIGS
RETAGS
RETEAM
RETOUR
RETROS
REVETS
REWETS
REWINS
RHEMES
RHEXES
RHYMES
RHYNES
RIBBED
RIBBON
RICERS
RICHED
RICHEN
RICHENS
RICHER
RICING
RICKER
RICKET
RIDDEN
RIDERS
RIDGEL
RIDGELS
RIDGER
RIDING
RIDLEY
RIDLEYS
RIFEST
RIFFED
RIFLED
RIFLER
RIGGED
RIGOUT
RILING
RILLED
RILLES
RIMERS
RIMING
RIMMED
RINGED
RINGER
RINSED
RINSES
RIPERS
RIPEST
RIPING
RIPPED
RIPPLY
RISIBLY
RIVERS
RIVING
RIVULUS
ROASTS
RODENT
RODEOS
ROISTS
ROKIER
ROKING
ROLLUP
ROMEOS
RONEOS
ROTELY
ROTGUT
ROTHER
ROTULA
ROTUND
ROUSER
ROUSES
ROUSTS
ROWIES
ROYSTS
RUBAIS
RUBELS
RUBIER
RUBINS
RUBLES
RUBOFF
RUBOUT
RUBRICS
RUCHES
RUDDED
RUDERY
RUDISH
RUEFUL
RUEING
RUFFES
RUGOSA
RUGRATS
RUINED
RULERS
RULIER
RUMENS
RUMNESS
RUMPIER
RUNLESS
RUNOFF
RUNOUT
RUNRIGS
RUNTIER
RUPIAS
RURALS
RYKING
RYMMES
SACCOI
SADISM
SADIST
SAICKS
SAILOR
SAKIAS
SALVOR
SAMLOR
SARANS
SARING
SARKIER
SASINES
SATING
SATINY
SATRAP
SAXIST
SCARPA
SCHISM
SCHIST
SCLIFF
SCRIMP
SHALLI
SHANTI
SHENAI
SHIKAR
SHILLS
SHIRAZ
SHISTS
SHRIMP
SHUFTI
SIBYLS
SICCED
SICKOS
SIDHAS
SIDLED
SIDLER
SIFAKA
SIGHED
SIGHER
SIGLAS
SIGLOS
SIGMAS
SIGNED
SIGNER
SILOED
SILVAS
SILVER
SILVEX
SIMBAS
SIMNEL
SIMOOM
SIMOON
SIMPER
SIMULS
SINDED
SINEWY
SINGED
SINGER
SINNED
SIPPED
SIRENS
SIRIHS
SIROCS
SIRRAH
SIRRED
SITCOM
SITHED
SITHEN
SITREP
SITULA
SIXMOS
SKIVED
SKRIMP
SKRONK
SKURRY
SLICKS
SLINKS
SLYISH
SMALTI
SMILET
SMIRCH
SNICKS
SNIFFS
SOARER
SOARES
SOILED
SORBED
SORELS
SORNED
SOURER
SPERST
SPICKS
SPIFFS
SPIGOT
SPILLS
SPINET
SPINKS
SPINONI
SPINOR
SPIRAL
SPLIFF
SPLINT
SPLISH
SPREDD
SPRIER
SPRING
SPROUT
SQUIFF
SQUILL
SQUINT
SQUISH
STERNA
STICKS
STILED
STILTS
STIMED
STINKS
STINTS
STIPED
STIPEL
STIRED
STIRKS
STIVED
STIVER
STRAFF
STRASS
STREEL
STRICH
STRIGA
STRIKER
STRING
STRIPY
STROLL
STRUTS
STYLAR
SUCCOR
SURBET
SURETY
SURING
SUSLIKS
SWILLS
SWINKS
SWIRLY
SWIVET
SYRINX
TAFIAS
TAGGER
TAGRAGS
TAHSIL
TAILER
TAINTS
TAIPAN
TAIVER
TALION
TALLER
TAMMAR
TANNER
TAPETI
TAPPER
TARIFF
TARMAC
TARNAL
TAROTS
TARPAN
TARRED
TARSUS
TARZAN
TATIES
TATLER
TAWHAI
TAXIES
TAYRAS
TCHICKS
TEERED
TERATA
TERCEL
TERCES
TEREKS
TERFES
TERMED
TERNED
TERNES
TERRET
TEWITS
THALLI
THEISM
THERES
THICKS
THICKY
THIGHED
THINGS
THINKS
THIRTY
THOLOI
THORON
THRAWS
THREAD
THREAP
THREES
THRETTY
THRILL
THROES
THRUMS
THYRSI
TIDIER
TIDIES
TIEPIN
TIGNON
TIGONS
TIMBER
TIMELY
TIMIST
TIMONS
TIMOUS
TINDER
TINEAL
TINIER
TINIES
TINING
TINMAN
TINPOT
TINSEL
TINSEY
TIPOFF
TIRITI
TIRLED
TIRLING
TIROES
TITANS
TITCHY
TITHES
TITIAN
TITLES
TITLIST
TITMAN
TITOKI
TITUPS
TITUPY
TOCHER
TODGER
TOILED
TOILES
TOISES
TONGER
TOROTH
TORRET
TORSEL
TORSES
TOURED
TRAIKS
TRAILS
TRAINS
TRAUMA
TREIFA
TRESSY
TREVET
TRIACS
TRIACT
TRIADS
TRIALS
TRIARCH
TRIBAL
TRICED
TRICEP
TRICKY
TRIENS
TRIGLY
TRIGON
TRIGOS
TRIGRAM
TRILBY
TRIMLY
TRINAL
TRINED
TRIPEY
TRIPLY
TRIPOD
TRIPOS
TRISUL
TROELY
TRUSTY
TUBBER
TUGGER
TUINAS
TUISMS
TURNER
TURNUP
TWICER
TWILTS
TWINER
TWINKS
TWINKY
TWIRED
TWISTY
TWOFER
TYRANS
TYROES
TZADDI
ULCERS
UMBERS
UMPIRES
UNFITS
UNFREES
UNHERST
UNIONS
UNKIND
UNKING
UNKISS
UNPINS
UNPROP
UNREST
UNRIGS
UNRIPS
UNTRIM
UNWIRES
UNWIST
UNWITS
UPDRIES
UPREAR
UPREST
UPRIST
UPROAR
UPTILT
UPTORN
URGERS
URIALS
URINANT
URNING
URTICA
URUSES
USURER
UTILES
VAINER
VANITAS
VANNER
VAPERS
VARIAS
VARIES
VARNAS
VARSAL
VARVED
VARVEL
VEERED
VEGIES
VERJUS
VERSED
VERSET
VERSOS
VIBIER
VIBIST
VIDIOT
VIFFED
VIGOUR
VILLAS
VILLUS
VINEWS
VINIER
VIOLER
VIRALS
VIRENT
VIREOS
VIRGAS
VIRGER
VIRING
VIRION
VIRIONS
VISAGES
VISCOUS
VITRIC
VIVELY
VIVIFY
VIXENS
VIZIER
WADDER
WADERS
WAFERS
WAGERS
WAGGER
WAIFTS
WAILER
WAIVER
WALERS
WALLER
WANION
WANNER
WAPITI
WAPPER
WARAGI
WARDER
WARKED
WARMER
WARMIST
WARNER
WARPER
WARRED
WARREN
WARREY
WASHIER
WASPIER
WATERER
WAURST
WAVERS
WAXERS
WEIGHS
WEIRED
WEISED
WHIFFS
WHIFTS
WHINER
WHIRLS
WHIRRET
WICCAS
WICKER
WIDDER
WIDENED
WIDENS
WIDGET
WIDISH
WIFEYS
WIGGAS
WIGGED
WIGGER
WIGHTS
WIGLET
WILIER
WILLED
WILLER
WILLET
WILLEY
WILLOW
WINDOW
WINESOP
WINIER
WINISH
WINKER
WINNED
WINNER
WINNOW
WINOES
WIPPEN
WIRERS
WIREWAY
WIRILY
WIRING
WIRRAH
WISDOMS
WITGAT
WITHER
WITHES
WITING
WIZENS
WIZIER
WIZZEN
WIZZES
WOWSER
WRASTS
WRAWLS
WRINGS
WUNNER
WUTHER
YABBER
YAGERS
YAGGER
YAIRDS
YAMMER
YAPPER
YARAKS
YARDER
YAREST
YARFAS
YARKED
YARNER
YARRED
YARROW
YERBAS
YICKER
YILLED
YIPPED
YIPPER
YRNEHS
ZABRAS
ZAFFER
ZAIDAS
ZAIRES
ZAMIAS
ZAPPER
ZERDAS
ZIBETS
ZIGGED
ZILLAS
ZINEBS
ZINKES
ZIPPED
ZIPPER
ZIRAMS
ZITHER
ZIZITH
ZIZZES
