8.699146771736999
0.3417984029060549
8.523867287181286
3.052850841576137
8.33810500544158
3.2623081923625072
8.141028858596064
0.16651904693389863
7.931734358019683
5.092220718954927
7.709237029070796
2.8043518377971592
7.472465280505574
4.178358832265166
9.03834689884003
5.188830722995135
8.896741777239818
1.1236730951220766
8.743492714544406
3.871297005751622
8.577358196114723
7.542497935933679
8.396953893072887
6.005316627741829
8.200736519972509
3.907918578150983
7.986985974868611
2.0272721772185354
7.753785592697039
0.8033295647439282
7.499000327552951
0.7202791974874132
9.059100707992197
2.063902477006991
8.936165008541884
4.044461422241344
8.798830772540313
2.276770253925053
8.645055867708454
7.689699040890058
8.47250401398853
0.759110270057517
8.278504803085001
0.4622359496637325
8.0600087276262
0.6665368429010321
7.813536652240495
5.760407680882657
7.5351230999560865
1.6296604766358098
9.028842579707307
0.968414111614331
8.890173568716474
1.9535806755049814
8.753376725745525
8.563275938873458
8.618415394990768
2.4597952047214955
8.485253837480599
6.188314547129943
8.353857203933229
7.631220635833099
8.22419150851514
5.293727634170937
8.096223603468154
4.34249789483657
7.969921154574169
7.626634135348868
9.032924791794567
5.491607233934262
8.897358673469235
0.2836410010080537
8.762713865530461
3.910342611286181
8.628981342349928
7.59945175331325
8.496152189963215
2.0688919056161392
8.364217604463986
6.28347483571457
8.233168890423373
6.632548683544396
8.102997459334299
1.824597284295809
7.9736948280801885
1.7191914128126613
9.03700448522999
5.59202995844183
8.904587611029743
3.869377247904736
8.772170736829494
4.960256624749802
8.639753862629249
8.264773357934013
8.507336988429
3.3477739478363553
8.374920114228754
7.015655551067951
8.242503240028508
6.728583965282332
8.11008636582826
1.401432392410149
7.977669491628012
0.1667832266656879
9.04147323432269
6.0865779232112995
8.912560131079287
0.17141917580274613
8.782671759094583
2.7767673185486634
8.651797693906046
2.371482335372608
8.519927375265196
1.1025894258895461
8.38705010517999
6.571115261407347
8.253155045927883
6.647340667018767
8.118231218039252
2.690598134470538
7.982267498250706
2.825203143994598
9.046600672239418
1.232936927130471
8.92177490757089
3.486663094281491
8.794898516233076
2.120200745308425
8.665924719198824
3.867010177323264
8.534805471921354
7.1457673488394144
8.401491427606597
1.0097314326036682
8.265931899412209
1.9351805517911282
8.128074821542846
0.9117285149523575
7.9878667092105005
3.1690980696385345
9.05267313298657
8.263208190611948
8.932774959639561
1.0464451392807061
8.80961133088934
6.987506000626232
8.683061870621765
1.1992162095798957
8.553001122077607
2.9871412553255063
8.419298325684581
0.3392733693653126
8.281817187379502
6.039765212368331
8.140415637033815
0.21907723515165622
7.994945576580813
0.12068108399838906
9.060046837249232
0.8833974459018881
8.946247060135661
5.435210952480395
8.827787104668907
5.076657408974426
8.704418313886473
6.334149277666137
8.575877493751452
1.892783635584987
8.44188606477129
4.774472012455013
8.30214916643105
3.2670819304696606
8.156354711991852
3.219676869463987
8.004172391087298
2.9993894443872375
9.06919091903339
3.927132178084099
8.96310638001108
1.7696613569165969
8.850742533833635
8.754016617939472
8.73164190584347
3.5011280862728724
8.60531239766644
7.290062429917793
8.471224769383443
2.4088850758133744
8.328809951456389
4.979690239364199
8.177456175829896
6.580334996053503
8.016505915027633
0.6026147434062215
9.080735477203671
2.4589478679033037
8.984593525358537
1.4017466060517578
8.880278742503942
0.047906009203689814
8.767006808500232
6.940475354781225
8.643919948704688
0.697030179460054
8.510080570513628
5.34678034177016
8.36446439857791
7.540698028495697
8.205953072872566
0.9915886287808038
8.033326171473398
3.260099133328436
9.099717923810026
2.6655665498753445
9.030485112663294
3.7230290376707673
8.961718314103665
3.50410633815234
8.893412973936737
8.603298313560867
8.825564594808045
5.181765723192552
8.758168735365091
7.046451653725069
8.691221009433129
0.948652652180844
8.624717085204555
0.3432357863206884
8.558652684441585
2.0821090264809414
9.10073539698616
5.034974229344363
9.03228498555918
0.048109792661870765
8.964068963062774
0.005779413622800433
8.89608617462117
7.251501752264849
8.82833547251765
2.60210222333944
8.760815716143284
4.195520528453528
8.69352577194602
8.599193355531623
8.626464513380196
7.316966196167732
8.559630820856452
2.1731790381637968
9.101781581656414
3.7483405682262187
9.034141803882592
5.3940588118366
8.96650202610877
3.1171711318912334
8.898862248334948
8.802081458807017
8.831222470561125
8.351342370490006
8.763582692787303
7.2408504524279325
8.695942915013482
3.320181422642334
8.628303137239659
3.3914011280287975
8.560663359465835
2.814898126473207
9.102961456077551
2.0833246277581274
9.036243149035627
3.9206652617979456
8.969265033047883
1.1386073239251386
8.902025693663688
6.287742457581959
8.83452370717267
1.7589166976097432
8.766757640538547
7.433692693072046
8.698726051332459
2.94520512033591
8.630427487665852
1.2860941066667184
8.561860488122827
2.2645678882791884
9.10435843955267
0.0481572610753398
9.038740543104412
1.1436808781661845
8.972561204292093
8.777199513690713
8.905813869617733
4.3533117103003125
8.838491896623427
2.413871076109494
8.770588552618282
3.4382468806588156
8.702097013387174
3.980467778207144
8.633010361881185
4.139560359694682
8.563321586889426
0.005767496433488728
9.106070383961457
1.0600464198681792
9.041813636971233
6.185048124073293
8.976634029553724
3.312611841427754
8.910514112537683
7.843814449449412
8.843436068763557
8.170184621962008
8.775381705200598
3.5338969252631562
8.706332444900804
6.342962063026182
8.636269318786573
4.5146022312146705
8.565172957268787
4.945088383400057
9.108227145452297
4.343502002685279
9.045702505951104
1.1437305534579103
8.98181112911726
0.34776670804214005
8.916515649078159
0.005777427700170534
8.849777615944634
3.750095853492005
8.781557465055922
3.9151236198813364
8.711814485402954
8.617161722767284
8.64050678720976
0.4092138272437711
8.567591268652098
2.2648624796546306
9.111007878034043
4.939084255979619
9.050740071791868
6.189062146265811
8.988549137607968
1.7781062286919616
8.924363707487318
4.64815027492927
8.858109758368103
6.060989282986913
8.789710519036605
0.629938002732991
8.719086374038184
8.150190854831493
8.646154764495803
8.45832563383886
8.57083008574501
3.0002388115710645
9.114662230439531
3.059237196794039
9.057392185553768
3.041227954185579
8.997489649330669
2.7325438442816052
8.934827493034764
5.233132552385543
8.869272803787158
3.0812734846296466
8.800686645057931
0.12317680574421486
8.728923808207824
3.041433171687813
8.653832554777027
7.995072545776088
8.575254349209558
3.27777140735206
7.959423871676127
6.193288373471257
7.117438548416932
4.850698373994929
6.365949998669219
5.673178388973749
5.691372526432733
0.016331420359612325
5.082653988435389
0.40323376490767093
4.530725665317882
2.316030699059767
4.028085557408392
0.277298487799873
3.5684800019460434
0.29445220051400856
3.1466583108461643
1.9032206143071388
8.093083473627448
4.401812538752171
7.334120553022535
4.418657938190989
6.626308678262263
1.6357594309862953
5.9647679664343904
3.5639071546353676
5.34520203843541
3.3828433938013616
4.763816430356776
0.14496601545190835
4.2172497435067395
2.6035154415195985
3.7025153852353117
3.1172863739116026
3.216952134029265
2.8476483559687242
8.199398680413655
1.8473118636469354
7.513714481736626
1.2530951271012118
6.850576329539429
5.943173445440066
6.2089231421524715
3.8255646850901597
5.587756846621635
1.0546089136347248
4.986137995804987
2.883364636061575
4.403181724859729
4.26152368580583
3.8380540189402943
0.2974314759856186
3.289968266367195
0.21402132884210023
8.293700199568272
4.029624426197236
7.678642630032894
1.1107960607191134
7.0635850604975134
6.121267277992629
6.4485274909621335
0.6033525690284602
5.833469921426753
0.15170974654342073
5.218412351891375
3.9059100093570898
4.603354782355994
4.353743131161267
3.9882972128206107
2.363647029191546
3.373239643285234
1.8421757890758863
8.381486411648824
3.8755817917988815
7.837120719551879
1.1173537591295308
7.274849467993148
5.5638366242197
6.693812246873751
1.5869336982232927
6.093095965191252
2.976921004714227
5.471731081690221
4.804339060278936
4.828687539218248
2.865060278699982
4.162870378320846
0.4873317896928844
3.4731150035520626
0.015183191912679916
8.46546258664275
5.134681429841199
7.993338853334006
2.3602740097261923
7.4896072708817005
2.209118663299979
6.9511439069419385
6.63670193861324
6.3744301455890255
0.7388602991449544
5.755494687417191
3.48826815017945
5.092701186858021
1.9765391229921245
4.372395671311434
1.7277065095706743
3.5973649145711564
2.5066686007511105
8.547204043511746
1.1107874202904608
8.149874253405153
5.748756979967366
7.7114474197382386
5.778918308478463
7.22557852935987
3.9275475811572758
6.684668520269782
0.3196634963789069
6.137643835663978
3.0236586701023658
5.528104266621865
4.559301217872667
4.725527289448668
0.7868145421014492
3.7566302387010784
2.5914264141663836
8.627735068959774
6.2868074990377
8.308533577011863
2.67628239441829
7.943236570518199
0.16477818934674415
7.521794250181198
6.385076435908685
7.057741904488613
0.03417894471874461
6.620156914452429
0.3462072700673411
6.0619355951633995
5.400881945262042
5.262377423997586
2.1131801596101583
4.002435104954504
2.165103561697015
8.707777734697334
6.338837235939331
8.47071666813585
0.17105362030554971
8.187527864124153
4.583236384873302
7.84453542709663
2.3302033600785963
7.519759518258705
1.934163207392158
7.178437649698346
1.1725300048121867
6.701287237699114
6.5319192929684045
5.9427442168945985
0.13314961888976962
4.536545555255012
2.718442049044548
8.122786933137872
1.5112448858636511
7.4109559518982175
3.984704158868655
6.763504654895714
2.8513094523051072
6.1722638103910255
0.1634650698363863
5.6303548729010835
5.206317122100928
5.131952531066506
0.03458563699103978
4.672095943292565
4.324942615082998
4.246537878159126
2.4550983779710602
3.851623495876003
0.4678447290203708
8.216568694209444
0.09680733447471002
7.565323705081153
3.137382418277406
6.951605205877398
4.509232090602342
6.372351067196917
2.4849052729803374
5.824811763040049
0.0885719612520387
5.306513215391111
4.222528910992415
4.8152245361988815
3.581804098711267
4.348929975958288
2.5064832396641576
3.9058044896018873
3.454450803116336
8.294521326415738
0.0044220894495614615
7.698016996192924
3.006883979714276
7.118515672395572
6.725523320752842
6.5553257781485295
1.5470656359352322
6.007791027734327
1.7619549484987769
5.475288335137005
1.055066589453389
4.957225859003096
4.477895312734626
4.453041174605545
0.8156718251071893
3.9621995640635603
0.9588537560685132
8.366301233862483
2.9567190442196765
7.823844698621317
5.992011493689931
7.281388163380139
0.31082179159543344
6.738931628138974
0.25131033723622687
6.1964750928978045
5.787682207298571
5.654018557656633
3.0003471836701903
5.1115620224154625
4.889998056502529
4.569105487174291
3.441750681271456
4.026648951933123
3.386926058507515
8.435460770228103
2.6028638349057176
7.948477438451535
5.634464900305622
7.447233981772311
6.614633830423655
6.9311263004269135
5.385862943435444
6.3995181443401385
2.9259334582107925
5.851739149698625
0.5179570841229264
5.287082746472397
1.3246600806474795
4.704803928156723
1.9079988737796818
4.104116874417036
0.8849899694734233
8.503825330829603
8.21701553480508
8.075036747387314
4.897097356782282
7.620334979245089
4.534603100622364
7.137439121764304
1.5975827872091326
6.623816550012466
1.7022534598144432
6.076651369647105
4.511318219567674
5.492808676136645
0.03408186155666071
4.868794058483391
3.797185122531685
4.200707709017158
3.883237616225954
8.57253118576544
6.544137867165105
8.20566456743364
5.607532820111356
7.804028795063864
7.183305480098257
7.362792424077125
1.9956818246781474
6.876286488995957
2.2323157792320805
6.337842003738529
6.047983736632088
5.739594645503532
4.11008178660287
5.072250029241936
0.7395828976713188
4.324801696081071
0.10892046474368433
8.642388283414673
4.16112218366653
8.342077782818722
8.057076652161161
8.001359346811556
3.7135738594926586
7.612216568412658
1.7828139862191728
7.164669987418332
6.24639530361902
6.646250001861608
3.5659826896557276
6.04132567892038
5.89916152612251
5.330251004059827
3.4241372298749737
4.48828030414996
3.8279884146581162
8.714037418842878
5.852103540490663
8.485814274794832
6.250658473880245
8.215385851865072
4.986123309926652
7.891242840347979
0.20663110415950148
7.498085934827644
0.7298791792722747
7.015497482690304
0.688644330116583
6.416151470794585
2.095442191998546
5.663408328191201
0.17949811101912294
4.708092972564803
4.149793790675428
8.249707091107943
7.240027865256563
7.64308638374423
0.09563261982714111
7.0830520074745635
3.514721426988327
6.564568233038765
2.567588247250286
6.0832779598444775
4.768211530162145
5.635396307506801
2.3673250416997362
5.217622750450419
0.236208323798059
4.827068321404909
3.4436263674224845
4.4611950921324866
3.001552286547166
8.316871221908624
3.780628998800256
7.754978594166935
0.7749567360489538
7.220934755208449
1.7656351794677474
6.712785362067202
4.438263361327965
6.228747272505127
1.1817548437311722
5.767191164311772
2.967064653005656
5.32662609808115
3.7277409495423033
4.905685792879789
3.390838407770822
4.503116412450134
3.360402578330852
8.374711170311755
0.3358414229424924
7.8540532433670975
3.671143596655345
7.34630738354854
5.96646057319772
6.8510181057668795
0.8452724740754385
6.367749969259078
0.12548261217888168
5.896086561779257
4.680635734567381
5.435629539850037
2.684000907513253
4.985997721839524
0.744963602473796
4.5468262308184375
3.1011149631144006
8.42965856062634
3.8169754276087247
7.950559352149027
3.527250322762364
7.471460143671717
2.513063830395202
6.992360935194408
2.52365100393639
6.5132617267170945
0.09087028453126789
6.034162518239783
3.0044580097790288
5.555063309762474
3.627637459302203
5.0759641012851615
2.5671474907366747
4.596864892807849
4.450185613758245
8.484189008728055
7.913541909265403
8.04867546208062
5.347865434959999
7.6018119682954195
5.3958936604118115
7.1431747293607515
2.243362754979946
6.672320340274188
0.7508346673258885
6.188784765733105
3.734988728576375
5.6920822603747085
1.7286000981195073
5.181704229415686
5.01322097205216
4.65711802636867
0.1487523236715289
8.539678257797828
1.8984835926910475
8.150946385056544
1.318344735220025
7.741050730602947
2.3067226305829887
7.308335929448685
1.4227349935843958
6.850987348619266
5.623186909612395
6.367014064103088
3.392288889787606
5.854229950193488
0.19554185608929187
5.310232673265283
1.0686253731132767
4.73238035983821
4.37506099246682
8.597083422323081
1.548589269687207
8.259352913903363
3.8883242136130995
7.892401291261544
7.445252059108375
7.492590624372026
4.692261558675213
7.05573227742237
2.5406511959147577
6.576996127133553
1.2836917635761256
6.050804583008619
0.3743249609597372
5.470708928050008
1.462133267040033
4.829245111837324
3.301674961892514
8.657184673994792
0.8106982172926844
8.375702880207818
0.036907257379836134
8.059119327993033
2.601589134313512
7.701145097581486
4.875355077296652
7.2941467729313505
4.111266907241717
6.8288414802287125
1.159992701009784
6.2939233547540105
1.9785298444729
5.675606682318508
0.8080583108278612
4.957067974448058
2.126345355646885
8.720693553659567
6.055569532555541
8.501818474739958
3.388476786187235
8.244759410561125
0.4918781389979945
7.940050104502947
0.3621124170310752
7.575512475972436
1.6698371043912914
7.135460329410694
0.7243461394754105
6.599677519312742
0.8021999767192827
5.942110615836687
0.5519540227312736
5.129201318184378
0.4330515041019538
8.360140301875743
4.637183722086075
7.8480337785522
3.597739534197125
7.369023086049625
4.049332303547961
6.9200898372665645
1.4292414840091947
6.498559074083396
4.169871864132217
6.102053864979904
0.060978481610326374
5.728456551427293
4.4364289938329
5.3758756013888656
0.47901440004118034
5.042617198350619
3.541726419829951
8.407441668986584
7.563351819507176
7.927675511510697
1.3233667857906022
7.46815216316201
3.4372143396587482
7.027662855880125
1.8840951403400268
6.605088682156803
3.438718986618131
6.199392891656399
4.0500043688436795
5.809613910102481
0.03553620204246011
5.434859009172711
1.6546200150245827
5.074298563334258
3.0759643446343556
8.449488301620091
6.278971880741194
8.000107438279741
5.155120114027319
7.560313872103976
3.218157652162036
7.129817656908106
4.30640188321817
6.7083397192743215
2.8217095810293715
6.295611393075376
1.71995054010756
5.891373975472996
4.29898791365914
5.4953783033665875
2.8988907825641985
5.1073843493168205
4.12718646459064
8.490598075794844
6.6860824394423854
8.072438382486038
5.463652170934605
7.65427868917723
1.0524728681641191
7.236118995868425
0.4851009569217657
6.817959302559614
0.308000549485397
6.39979960925081
4.440349605513111
5.981639915942002
3.8373126096497296
5.563480222633191
5.503482419350968
5.1453205293243816
2.83585195273303
8.532553780039128
3.9517038384654404
8.147813823515973
6.598943445214443
7.754262641700795
0.09510958100430789
7.351614107244786
5.717177810839288
6.939570746039269
2.3513881727156143
6.5178232381543095
4.723657895586023
6.086049895965401
5.7530759444834985
5.643916118429161
1.741309135853173
5.191073820422952
5.023958556338519
8.576463155861358
3.110940920185797
8.228387290840312
2.0991866818517
7.863463580107359
5.483202424550002
7.480537959183492
4.802441915583941
7.078361052729669
1.2590401668397417
6.655579616825818
2.7528968199240835
6.210727199538051
3.8126128775659005
5.742213949951418
4.611018738628715
5.248315499879649
0.08755947046287726
8.623209400471449
1.2149919190878988
8.316056156821125
0.9404727157408779
7.984971330455368
0.13235320158525776
7.627328302439105
0.37016572390716984
7.24015920105821
1.0519966993314598
6.820107870591714
2.561816167759334
6.363376397531777
0.20312522728858484
5.865664347388732
0.08882478569550534
5.3220997602391655
4.509711219402952
8.673618095736936
3.0319929421885243
8.412751430114515
2.926266456211991
8.122163114799237
2.033508441608352
7.7971317965859885
5.303955880364432
7.4320719596473115
5.98232358033795
7.020371136004227
3.2774589615501197
6.554197393060476
0.906870412201269
