168
ADDEEMS
AGELESS
AGGADOT
ANADEMS
ANANDAS
BOLDENS
CONTEST
DEEDING
DEFENSE
DELEING
DEMENTI
DETENUE
DIGGING
DINETTE
DISEDGE
DONNERD
DOTTLER
DOYENNE
EGOTISE
ELITIST
ELOIGNS
ENDLESS
ENTOMBS
ESSOINS
EUMUNGS
GELANDE
GONADAL
GOWDEST
GROSERT
GUMLESS
HELMETS
HOTTEST
INDENTS
INDOLENT
INSISTS
INSOLENT
INTENDS
ITEMISE
KEELSON
KEKENOS
LALANGS
LASAGNE
LEFTEST
LEGISTS
LENDERS
LETTERS
LIGNINS
LIONISM
LOADENS
LOGOUTS
LOLLERS
LOPPETS
LORNEST
LOUDENS
LOUDEST
MALLAMS
MAMASAN
MEDRESE
MEIOSIS
MELOIDS
MENUDOS
MIMESIS
MININGS
MITIEST
MODELLO
MOLDERS
MOLESTS
MOLOSSI
MONISTS
MOOLEYS
MOPPETS
MOSSERS
MUSETTE
MUSEUMS
NEDETTE
NEGRESS
NEWNESS
NIDINGS
NOCENTS
NONNEWS
NOSEANS
NOWNESS
ODDSMEN
ODONATE
OILLETS
ONDINGS
ONSTAGE
OULDEST
OUTEDGE
OUTSEEN
PELMETS
POPPETS
POTEENS
REEDMEN
REGESTS
REGRESS
RELENDS
REMOLDS
RESORTS
RETESTS
ROLLERS
ROOSERS
ROSETTE
SALAAMS
SALLETS
SANDMEN
SDEIGNE
SDEIGNS
SECONDE
SEEDING
SEEDMEN
SEILING
SEINING
SEISINS
SELLING
SELSYNS
SEMSEMS
SETTING
SEXLESS
SHODDEN
SIGNING
SILOING
SNELLER
SNOWMEN
SOIGNEE
SOILING
SOLANDS
SOLDANS
SOLLERS
SONGKOK
SPLEENS
STADDAS
STALEST
STAMENS
STANNATE
STEPSON
STOLLEN
STONERN
STORERS
STOUNDS
STOWNDS
STRETTE
STRETTO
STRONDS
SUNSETS
TAGLESS
TALENTS
TALLATS
TANDEMS
TASLETS
TENENDA
TESTATE
TIMINGS
TIMISTS
TOELESS
TOILETS
TOLINGS
TONNERS
TOOMEST
TOPLESS
TOSSERS
TOYLESS
TUGLESS
TUNDUNS
USELESS
VOLOSTS
VOTEENS
WOTTEST
