0
0
0
0
0
0
0
0
0
0
0
0
0
0
0
0
0
0
0
0
0
0
0
0
0
0
0
0
0
0
0
1
1
0
0
0
0
0
0
0
0
0
0
0
0
0
0
0
0
0
0
0
0
0
0
0
0
0
0
0
0
0
2
1
2
0
0
1
0
0
0
0
0
0
0
0
0
0
0
0
0
0
0
0
0
0
0
0
0
0
0
0
0
3
3
1
3
0
1
0
1
0
0
0
1
0
0
0
0
0
0
0
0
0
0
0
0
0
0
0
0
0
0
0
4
2
1
1
4
0
0
0
0
2
0
0
0
0
1
0
0
0
0
1
0
0
0
0
0
0
0
0
0
0
0
5
5
5
2
1
5
0
1
1
1
0
2
0
0
1
0
0
1
0
0
0
0
0
1
0
0
0
0
0
1
0
6
3
2
1
1
1
6
0
0
0
0
0
0
3
0
0
0
0
0
0
2
0
0
0
0
0
0
1
0
0
0
7
7
2
7
1
2
1
7
0
1
0
2
0
1
0
3
0
0
0
1
0
0
0
2
0
0
0
1
0
0
0
8
4
8
2
1
4
1
1
8
0
0
2
0
0
1
0
0
4
0
0
1
0
0
1
0
0
2
0
0
0
0
9
9
3
4
9
3
1
2
1
9
0
1
0
1
3
1
0
1
0
4
0
0
0
0
1
0
0
0
0
3
0
10
5
3
2
2
1
1
1
1
1
10
0
0
0
0
0
0
0
0
0
0
5
0
0
0
0
0
0
0
0
0
11
11
11
11
2
11
1
5
3
2
1
11
0
1
2
2
0
3
0
2
1
1
0
5
0
0
1
1
0
2
0
12
6
4
3
2
2
1
1
1
1
1
1
12
0
0
0
0
0
0
0
0
0
0
0
0
6
0
0
0
0
0
13
13
4
6
2
4
13
3
1
2
1
2
1
13
0
1
0
1
0
1
4
1
0
1
0
1
0
6
0
0
0
14
7
14
3
14
7
2
1
4
7
1
3
1
1
14
0
0
2
0
3
2
0
0
1
2
0
1
0
0
7
0
15
15
5
15
3
5
2
15
1
3
1
5
1
2
1
15
0
1
0
3
0
1
0
5
0
1
0
2
0
1
0
16
8
5
4
3
2
2
2
1
1
1
1
1
1
1
1
16
0
0
0
0
0
0
0
0
0
0
0
0
0
0
17
17
17
8
3
17
2
4
17
3
1
8
1
2
3
2
1
17
0
1
2
1
0
4
0
1
5
1
0
3
0
18
9
6
4
3
3
2
2
2
1
1
1
1
1
1
1
1
1
18
0
0
0
0
0
0
0
0
0
0
0
0
19
19
6
19
19
6
2
9
2
19
1
6
1
2
6
4
1
2
1
19
0
1
0
3
3
1
0
2
0
6
0
20
10
20
5
4
10
20
2
6
2
1
5
1
10
4
1
1
3
1
1
20
0
0
2
0
0
2
5
0
2
0
21
21
7
10
4
7
3
5
2
4
21
3
1
3
1
2
1
2
1
2
1
21
0
1
0
1
0
1
0
1
0
22
11
7
5
4
3
3
2
2
2
2
1
1
1
1
1
1
1
1
1
1
1
22
0
0
0
0
0
0
0
0
23
23
23
23
4
23
3
23
7
4
2
23
1
3
4
11
1
7
1
4
3
2
1
23
0
1
2
3
0
4
0
24
12
8
6
24
4
3
3
2
12
2
2
1
1
8
1
1
1
1
6
1
1
1
1
24
0
0
0
0
4
0
25
25
8
12
5
8
3
6
2
5
2
4
25
3
1
3
1
2
1
2
1
2
1
2
1
25
0
1
0
1
0
26
13
26
6
5
13
3
3
26
2
2
6
2
1
5
1
1
13
1
1
3
1
1
3
1
1
26
0
0
2
0
27
27
9
27
5
9
27
13
3
5
2
9
2
27
1
6
1
3
1
5
9
2
1
4
1
2
1
27
0
1
0
28
14
9
7
5
4
4
3
3
2
2
2
2
2
1
1
1
1
1
1
1
1
1
1
1
1
1
1
28
0
0
29
29
29
14
29
29
4
7
9
29
2
14
2
4
29
3
1
9
1
14
4
2
1
7
5
2
3
2
1
29
0
30
15
10
7
6
5
4
3
3
3
2
2
2
2
2
1
1
1
1
1
1
1
1
1
1
1
1
1
1
1
30
