3031
ABACUS
ABASERS
ABASHES
ABATIS
ABBEYS
ABBOTS
ABELES
ABILITY
ABIOSIS
ABLATE
ABLAZE
ABOMAS
ABRAIDS
ABROAD
ABWATT
ACAJOUS
ACARID
ACARUS
ACATOUR
ACCEDE
ACCEDER
ACCEDES
ACCEPT
ACCLOY
ACCOIED
ACCORD
ACCOST
ACCOSTS
ACCOYS
ACCRETE
ACCUSES
ACREAGE
ACTUARY
ACUATE
ACUITY
ACULEI
ACUMEN
ADAGIO
ADDERS
ADDLES
ADIPOUS
ADREAD
AERIED
AERIES
AFFAIRE
AFFAIRS
AFFECT
AFFORD
AFFRET
AFFYDE
AFLAME
AFLOAT
AGAMIC
AGAMID
AGAMIS
AGAMOUS
AGARIC
AGGERS
AGGROS
AGILITY
AGLARE
AGLEAM
AGORAE
AGORAS
AGRAFFE
AGUISE
AGUISH
AGUIZE
AIDERS
AIGRET
AIKIDO
AIMERS
AIRBAG
AIREST
AIRFARE
AIRGAP
AIRPARK
AIRTED
AIRTHS
AIRVAC
AISLES
AIVERS
AKEAKES
AKEDAH
ALAMOS
ALARMS
ALATED
ALATES
ALAYED
ALBEDO
ALBERT
ALCADE
ALCOVE
ALDERN
ALDERS
ALDOSE
ALECKS
ALEPHS
ALERTS
ALGATE
ALGORS
ALKOXY
ALKYDS
ALLICE
ALLIED
ALLIES
ALMAHS
ALMEHS
ALMERY
ALMOST
ALMOUS
ALTARS
ALTERN
ALTERS
ALVARS
AMADOUS
AMATEUR
AMATOL
AMAUTIK
AMAUTIS
AMBASSY
AMEBAE
AMEBAS
AMMETER
AMOMUM
AMOWTS
AMPASSY
AMTRAC
AMTRAK
ANAGEN
ANENST
ANNEXE
ANONYM
ANTIAR
ANURIC
ANYWAY
AORTAE
AORTAS
AOUDAD
APAGOGE
APERCU
APOLOG
APPAIRS
APPLES
APPLET
APPLEY
APPORT
APPOSE
APPOSES
APPRISE
APPRIZE
APPROS
APPULSE
ARABIC
ARABIS
ARAMID
ARCHAIC
ARCUATE
ARECAS
AREPAS
ARNOTTO
AROBAS
AROHAS
AROMAS
ARRASES
ARRECT
ARREST
ARRESTS
ARRETS
ARROYO
ARROYOS
ASARUM
ASHRAF
ASHRAM
ASLAKE
ASMEAR
ASPISH
ASSAIL
ASSAMS
ASSAYS
ASSERT
ASSEVER
ASSIGN
ASSORT
ASSURER
ASSUROR
ASTRAY
ASTRICT
ASYLEE
ATACTIC
ATAGHAN
ATAVIC
ATAXIC
ATTASKS
ATTORN
AULDER
AVELLAN
AVOWED
AVOWER
AVOWRY
AWMOUS
AYWORD
BAASES
BABACO
BABLAH
BABOOL
BABOON
BACCAE
BACCARA
BACCAS
BACHATA
BACLAVA
BADASS
BAETYL
BAGASS
BAKLAVA
BALDIE
BALEEN
BALTIC
BALTIS
BANDORA
BANKSIA
BANYAN
BAOBAB
BARBEL
BARBUT
BARLOW
BARRAS
BARRAT
BASION
BATAVIA
BATLET
BATOON
BATTAS
BAUKED
BAWBEE
BAWLED
BAWLER
BAWLEY
BEADED
BEADER
BEAKED
BEAKER
BEAMED
BEAMER
BEARED
BEARER
BEARES
BEATER
BEAVER
BECAME
BEDAZE
BEDDED
BEDDER
BEDLAM
BEDUINS
BEEGAH
BEENAH
BEFLAG
BEGAZE
BEGGED
BEGGING
BEGLAD
BEGUINE
BEGUINS
BEHAVE
BEJADE
BELADY
BELAHS
BELAMY
BELARS
BELAYS
BELIED
BELIEF
BELIER
BELIES
BELLOW
BELOVE
BELOWS
BEMAUL
BEMBIX
BENDING
BENZENE
BENZINS
BENZOIN
BERAKE
BERATE
BERBERS
BERLIN
BERLINS
BERRET
BESEEM
BESEES
BESETS
BESHINE
BETAINE
BETAKE
BETEEM
BETTED
BETTER
BEURRE
BEWAIL
BEWEPT
BEWETS
BEZZAZZ
BEZZIE
BHAJAN
BHAVAN
BIALIS
BIASED
BIASES
BIATCH
BICARB
BICHIR
BICKIE
BIFACE
BIFTAH
BIGAMY
BIGGING
BIGGONS
BIGHAS
BIGWIG
BILBOS
BILGED
BILGES
BILKED
BILKER
BILLED
BILLER
BILLET
BILLIE
BILLON
BILLYO
BIMAHS
BINDING
BIOGAS
BIOPIC
BIOTAS
BIOTIC
BIPACK
BIRDIE
BIRKIE
BIRYANI
BISMAR
BISSONS
BITMAP
BIVIUM
BLAWED
BLOWBY
BLUDES
BLUDGE
BLUEST
BLUESY
BLUETS
BLUEYS
BLUMED
BLUMES
BLURTS
BOATEL
BOBWIG
BOFFIN
BOFFOS
BOGGING
BOLDEN
BOLERO
BOLLEN
BOMBAX
BOMBING
BONDED
BONDING
BONKING
BONXIE
BOOBED
BOODIED
BOOJUM
BOOLING
BOORKA
BORNYL
BORREL
BORZOI
BOSOMS
BOSTONS
BOTTOM
BOUSES
BOWATS
BOWMAN
BOXLAS
BOYAUX
BOYLAS
BRAATAS
BRAWER
BREDED
BREERS
BREWER
BREWIS
BRUMAL
BRUSTS
BRUTAL
BUAZES
BUBBIE
BUFFAS
BULIMY
BULLAE
BURIAL
BURLER
BURNER
BUROOS
BWAZIS
BYRLING
BYSSUS
BYWAYS
CACAOS
CACHOU
CACOON
CAECUM
CAHOUN
CAHOWS
CALASH
CALICO
CALKIN
CALLID
CAMASS
CAMION
CANDID
CAPLIN
CAPTCHA
CARCEL
CAREEN
CARLIN
CARPEL
CARRAT
CARTEL
CARVEL
CASSABA
CASSATA
CASSAVA
CATALPA
CATAWBA
CATION
CATLIN
CAUDAE
CAUDAL
CAUDEX
CAUGHT
CAUKER
CAUMED
CAUSAE
CAUSAL
CAUSED
CAUSER
CAUSEY
CAUTEL
CAUTER
CAUVES
CAVASS
CEASED
CEASES
CEAZED
CEAZES
CEDRINE
CELIAC
CENSING
CEPAGE
CERATE
CERCIS
CERIUM
CERVINE
CESIUM
CESSED
CESSER
CESSES
CHABUK
CHAGAN
CHALEH
CHALLAS
CHAPEL
CHAWED
CHAWER
CHAWKS
CHAZAN
CHELAS
CHIASMI
CHICANE
CHICANO
CHILIAD
CHIVARI
CHOCHOS
CHOLAS
CHOLINE
CHOWRI
CHUSES
CIELED
CIGARS
CIMARS
CIRCAR
CISCOS
CISTIC
CITRIC
CLAVIE
CLAVIS
CLAWED
CLAWER
CLECKS
CLECKY
CLEIKS
CLEOME
CLEPED
CLEPES
CLEVER
CLEVES
CLOCHE
CLOCKS
CLOQUE
CLUMPS
CLUMPY
CLUMSY
COCCID
COCHAIR
COCKUP
CODLIN
CODLING
CODLINS
COFFIN
COGGING
COGWAY
COHORN
COHOSH
COJOIN
COLOBI
COMMOS
COMMOT
CONCOCT
CONDIE
CONFINE
CONFIT
CONFIX
CONKING
CONOID
CONTENT
COOEED
COOEES
COOLANT
COOLIE
COOLING
COPPIN
CORIUM
CORNEA
CORNEL
COUCAL
COULIS
COUPEE
COWAGE
COWARD
COWMAN
COYAUS
CRACOWE
CRARES
CREEPIE
CREMINI
CREWEL
CROCINE
CRUSES
CRUSTS
CUATRO
CUBEBS
CULLAY
CULMEN
CULTIC
CUPPAS
CURERS
CURIAL
CURLER
CUTLET
CUVEES
CYANID
CYANIN
CYCLONE
CYCLUS
CYESES
CYMLIN
CYMLING
CYMLINS
DABBAS
DACTYL
DADAHS
DAGGAS
DAHOON
DAMMAR
DAMSEL
DARNER
DATARIA
DAUBER
DAUBES
DAUBRY
DAUDED
DAUNER
DAUNTS
DAWDED
DAYLIT
DEAFER
DEALER
DEARER
DEARES
DEARIE
DEAVES
DEAWED
DEBASE
DEBATE
DEBTED
DECARE
DECCIE
DECERN
DECKED
DECREW
DEEJAY
DEFACE
DEFAME
DEFFER
DEGAME
DEGAMI
DEGGING
DEKARE
DELAYS
DELOPE
DEMAINE
DEMAYNE
DEMESNE
DEMOED
DENTING
DENTINS
DENYING
DEODAR
DERAIL
DERATE
DESEED
DESMINE
DESSES
DESTINE
DETAIL
DETECT
DETEST
DEVEIN
DEVLING
DEVVEL
DEWARS
DHOLAK
DIACTS
DIAPER
DIARCH
DIATOM
DIAZOS
DICAST
DICKED
DICKIE
DICTED
DIDACT
DIEDRE
DIGAMY
DIGGING
DIKAST
DIKTAT
DILDOE
DILDOS
DILLED
DILLIS
DINETTE
DINFUL
DINKING
DINTING
DIOTAS
DIOXID
DIPODY
DIPSAS
DIRAMS
DIRDAM
DIRHAM
DIRKED
DIRTED
DISARM
DISBAR
DISCED
DISHED
DISKED
DISMAY
DISSEAT
DISSENT
DIZAIN
DJEBEL
DOBBIN
DOBLAS
DODGING
DOGGING
DOLLED
DOLMEN
DONSIE
DOODAH
DOODAHS
DOOFUS
DOOLANS
DOOLIE
DOONAS
DOOSRA
DOPPIO
DOSSEL
DOTARD
DOTTEL
DOUARS
DOURER
DOUSES
DOWARS
DOWNED
DOWSED
DRAWEES
DRAWER
DRAZEL
DREARS
DREARY
DROLER
DRUPEL
DRUSES
DUDDIE
DUELER
DUETTO
DUETTS
DUKKAH
DUKKAS
DULLED
DUOLOG
DUOMOS
DURRAS
DYADIC
DYNEINS
EARLAP
EASIES
EASLES
EBBETS
ECHIUM
ECLATS
ECLOSE
EDIBLES
EFFECT
EFFLUX
EFFRAY
EGENCE
EGGCUP
EGGERS
EGGERY
EGGLER
EGRESS
EIRACK
EITHER
ELAPID
ELDERS
ELDEST
ELEVON
ELFISH
ELOGES
ELOPED
ELOPER
ELOPES
ELUATE
ELUDED
ELUTOR
ELVERS
ELVISH
EMBACE
EMBAIL
EMBASE
EMBLEM
EMBRUE
EMLETS
EMMERS
EMMESH
EMMETS
EMPARE
EMULED
EMULES
ENACTS
ENAMEL
ENAMOR
ENARCH
ENARMS
ENATES
ENCODE
ENCORE
ENDERS
ENDOSS
ENERGY
ENGLUT
ENGOBE
ENGORE
ENLARD
ENLIST
ENMESH
ENMOVE
ENROBE
ENSERF
ENSOUL
ENTERS
ENTITY
ENVIED
ENVIER
ENVIES
ENZIAN
ENZYME
EPHAHS
EPIBLEM
EPIGEIC
EPOPEES
EPULIS
ERASER
ERASES
ERBIUM
ERELONG
ERGATE
ERRATA
ERUCIC
ESCAPE
ESCARS
ESKARS
ESLOIN
ESTRINS
ETRIER
ETTLED
ETTLES
ETTLING
EUCAIN
EVADED
EVIDENT
EVOLUE
EXACUM
EXCESS
EXEMED
EXEMES
EXEQUY
EXIGENT
EXUDED
EYASES
EYECUP
EYEFUL
EYELID
EYLIAD
FACIAL
FAFFED
FALSIE
FARDEL
FARFEL
FAUCAL
FAUCES
FAUCET
FAUNAE
FAUNAL
FAUNAS
FAUTED
FAUTOR
FAUVES
FEALED
FEARED
FEARER
FEARES
FEASED
FEASES
FEATED
FEATER
FEATEST
FEAZED
FEAZES
FEELBAD
FEELER
FEELERS
FEELING
FELLOW
FEMMES
FENCING
FENDING
FERREL
FERRET
FESSED
FESSES
FETTED
FETTER
FETWAS
FEUARS
FEUDAL
FEUDED
FEWEST
FEZZED
FEZZES
FIACRE
FIASCO
FIATED
FICAIN
FIFTIES
FIGGING
FIGJAM
FILERS
FILETS
FILFOT
FILLED
FILLER
FILLES
FILLET
FILLIP
FILLOS
FILMED
FILMER
FILOSE
FILTER
FILTHS
FILTHY
FILTRE
FINDING
FINESSE
FINKING
FINNANS
FISTIC
FIXATE
FIZZENS
FLAWED
FLECHE
FLEDGE
FLEMED
FLEMES
FLEXED
FLEXES
FLEYED
FLORAE
FLORAS
FLOTAS
FLOTEL
FLUGEL
FLUKED
FLUKES
FLUKEY
FLUMED
FLUMES
FLUMPS
FLUORS
FLUSHY
FLUTED
FLUTER
FLUTES
FLUTEY
FLUXED
FLUXES
FLUYTS
FLYBOY
FLYBYS
FOGBOW
FOGGING
FOLATE
FOLIAR
FOLIOS
FONDED
FONDING
FOOBAR
FOOLING
FOOTRA
FOPLING
FORHOW
FOSSOR
FOUATS
FOULIE
FOYLING
FRATRY
FREEBEE
FREEBIE
FREERS
FROREN
FROWIE
FRUGAL
FRUSTS
FUELED
FUELER
FULGID
FULLAM
FULLAN
FULVID
FURLER
FURORE
FURORS
FUSAIN
FUSEES
FUZEES
FYLFOT
GABBAS
GABION
GABOON
GAGGED
GAGGER
GALAHS
GALAXY
GALLIC
GAMBOL
GAMMAS
GAMMAT
GARDAI
GARIAL
GARLIC
GARNER
GASBAG
GASLIT
GATVOL
GAUCHE
GAUCHO
GAUFER
GAUFRE
GAUGED
GAUGER
GAUGES
GAUJES
GAUMED
GAUNCH
GAUNTS
GAUPED
GAUPER
GAUZES
GAVIAL
GAZOON
GEALED
GEARED
GEARES
GEEBAG
GEEZAH
GELATO
GEMMED
GENUINE
GESSED
GESSES
GETTER
GHAZEL
GIBBONS
GIDDYAP
GILDER
GILETS
GILGIE
GILLED
GILLER
GILLET
GILLIE
GILPEY
GIRNEL
GIZZENS
GLACIS
GLEBES
GLEDES
GLEDGE
GLEYED
GLOBUS
GLOIRE
GLOMUS
GLUCAN
GLUERS
GLUMES
GLUMPS
GLUMPY
GLUTCH
GLUTES
GLYCOL
GOALIE
GOBIID
GOBLIN
GOBLINS
GODDAMN
GODWIT
GOLDEN
GOLIAS
GOLLAN
GOOFUS
GOOGOL
GOOLIE
GOOSIES
GRADUS
GRAVEL
GREIGE
GRESES
GROGRAM
GUACOS
GUANIN
GUARDS
GUBBAH
GUENON
GULDEN
GUMMAS
GURRAH
GUSLES
GUSLIS
GUTTAE
GUTTAS
GYLDEN
HAFTARA
HAGGADA
HALERU
HALOID
HALWAS
HAMMADA
HAMZAH
HANSAS
HARASS
HARMEL
HASSAR
HAUNTS
HAUSED
HAUTER
HAYSEL
HEADED
HEADER
HEALED
HEALER
HEAPED
HEAPER
HEARER
HEARES
HEARIE
HEATED
HEATER
HEAVED
HEAVER
HEAVES
HEELBAR
HEELED
HEELER
HEELERS
HEELING
HEELTAP
HEGARI
HELIAC
HEMMED
HEMMER
HENBIT
HENDING
HENLEYS
HENTING
HEPPER
HEREIN
HEREON
HERLING
HERMAI
HERNIA
HEROINE
HETTIE
HEWERS
HEXADE
HICKIE
HIDAGE
HIJABS
HIJACK
HIJRAS
HIKOIS
HILLED
HILLER
HILLOS
HILTED
HINAUS
HINTING
HIPPENS
HIRAGE
HISHES
HISPID
HISTIE
HITCHY
HOBNOB
HODADS
HODDIN
HOGGIN
HOGGING
HOLARD
HOLDEN
HOLLOO
HOLPEN
HOMMOS
HONGIS
HONKIE
HONKING
HONORER
HOODIA
HOOKAH
HOOKAS
HOOKUP
HOOLIE
HOOLOCK
HOOPLAS
HOORAH
HOORAY
HORARY
HORROR
HOTLINE
HOTLINK
HOUDAH
HOUSEL
HOUSES
HUDNAS
HURLER
HURRAS
HURRAY
HUSSAR
HUZOOR
HUZZAS
HYPHAE
ICELESS
ICEWINE
IDEATE
IDOLUM
IGAPOS
IGNARO
ILLEST
ILLIAD
ILLIPE
ILLITE
ILLTHS
IMAGED
IMAGER
IMAGES
IMAGOS
IMARET
IMARIS
IMBOSS
IMBROWN
IMMASK
IMPAIR
IMPHEE
IMPLANT
INARCH
INARMS
INCISE
INCITE
INDEED
INDEWS
INDIAS
INDICT
INDIES
INDIGO
INDITE
INDOWS
INFIRM
INFLUX
INGRUM
INKIER
INPOUR
INSIDE
INSIGNE
INSTAL
INSTIL
INTIME
INTIRE
INTOWN
INVITE
INWORN
INWRAP
IOLITE
IPECAC
IRADES
IRATER
IRELESS
ISABEL
ISATINS
ISSEIS
IZARDS
IZZARD
IZZATS
JAFFAS
JALAPS
JARRAH
JAUKED
JAUNCE
JAUNSE
JAUNTS
JAUNTY
JAUPED
JEELED
JEELIE
JEELING
JEFFED
JEHADI
JELABS
JEREED
JESSED
JESSES
JESSIE
JETLAG
JETTED
JETWAY
JEZAIL
JIBBONS
JIGGING
JIHADS
JILLET
JILTED
JILTER
JIMJAM
JINGAL
JINKING
JINXING
JIRGAS
JOGGING
JOUSTS
JOWARS
JUBBAH
JULIET
JURORS
KAAMAS
KAKAPO
KALAMS
KALMIA
KALPIS
KANBAN
KAOLIN
KAPEEK
KAPOWS
KAPPAS
KARAMU
KATHAK
KATION
KAUGHS
KAVASS
KEAVIE
KEBABS
KEBBED
KEBBIE
KEBLAH
KECKING
KEELED
KEELER
KEELERS
KEELIE
KEELING
KEEMAS
KEFFEL
KEGGED
KEGGER
KEGGING
KEKSYE
KELSON
KELVIN
KENTING
KEPPED
KERNEL
KETAINE
KEWLER
KHAKIS
KHALIF
KHAPHS
KIBEIS
KIDGIE
KIDVID
KIERIE
KILERG
KILEYS
KILLED
KILLER
KILLIE
KILNED
KILTED
KILTER
KIMCHI
KINDING
KISHKE
KISMAT
KITBAG
KITTENS
KITTENY
KLUDGE
KLUDGY
KLUGED
KLUGES
KLUTZY
KNACKS
KNACKY
KNAVES
KNUBBY
KNURRS
KOOKED
KOOLAH
KOOLAHS
KORARI
KOULAN
KOUROI
KOUSSO
KOWHAI
KOWTOW
KULFIS
KVELLED
KYNDED
KYNDING
LALLAN
LALLED
LESSEE
LEVEED
LEVEES
LIAISE
LIMMAS
LIPPEN
LITTEN
LOLLOP
LYSSAS
MAASES
MACCHIA
MACHACA
MADAFU
MADRASA
MAELID
MAGIAN
MAGNON
MAJLIS
MALADY
MALARS
MALATE
MALEIC
MALIBU
MALISM
MALKIN
MALTOL
MALWAS
MAMAKO
MAMMER
MAMMET
MAMMEY
MAMMON
MANATU
MANDORA
MANOAO
MARCEL
MARLIN
MAROON
MARRAS
MARTEL
MARVEL
MASCARA
MASLIN
MASTABA
MATLOW
MAUGER
MAUGRE
MAULVI
MAUMET
MAUNDS
MAUNDY
MAUNGY
MAUVER
MAUVES
MAZHBI
MEAGER
MEALED
MEALER
MEALIE
MEARES
MEASED
MEASES
MEATED
MEATUS
MEDIAN
MEDIUM
MEDIUS
MEDLAR
MEDLED
MEDLING
MEEMIE
MEHNDI
MELLOW
MELTON
MEMBER
MENDING
MENHIR
MENSING
MEOUING
MEOWED
MERLIN
MERLING
MERLINS
MERLON
MERRIE
MESAIL
MESETAS
MESIAN
MESNES
MESSED
MESSES
METAGE
MEUSES
MEWLED
MEWLER
MEZAIL
MEZZES
MIAOWS
MIASMAS
MIASMS
MICATE
MIDCAP
MIDDENS
MIDGIE
MIDLAND
MIDPAY
MIDRIB
MIELIE
MIGNON
MIHRAB
MIKADO
MIKVAH
MIKVAS
MILADI
MILDER
MILERS
MILIEU
MILKED
MILKER
MILKOS
MILLED
MILLER
MILLES
MILLET
MILLIE
MILNEB
MILORD
MILORS
MILSEY
MILTED
MILTER
MIMSIER
MINCING
MINDING
MINETTE
MINTING
MIOCENE
MIOMBO
MIOTIC
MIRAGE
MIRCHI
MIRITI
MIRZAS
MISACT
MISATE
MISEAT
MISFIT
MISHAP
MISHIT
MISSEAT
MISSEEN
MISSEND
MISSENT
MITTENS
MIZZENS
MNEMES
MNEMON
MOBLING
MODIUS
MOGGING
MOLARS
MOLTEN
MOMOIR
MONOMER
MONOSES
MONTANT
MOODIED
MOOLAH
MOOLAHS
MOOLAS
MOOLING
MOOLIS
MOOLVI
MOORIER
MOORVA
MORLING
MORROS
MOTMOTS
MOTTOS
MOUSES
MOUSTS
MOYLING
MUGGAR
MUGGAS
MULIES
MULISH
MULLAH
MULLAS
MULLEN
MULTUM
MURRAS
MURRAY
MYELIN
MYELINS
MYELON
MYLARS
MYOMAS
NACHES
NACHOS
NACKET
NACRED
NACRES
NADORS
NAGORS
NAKERS
NAMERS
NANOOK
NAPERY
NAPKIN
NAPPAS
NARCOS
NARDOO
NARKED
NARRAS
NARROW
NAVEWS
NAYSAY
NEANIC
NEARER
NEBBED
NEBBUK
NEBECK
NEBEKS
NEBISH
NEEDED
NEEMBS
NEESES
NEGUSES
NEPERS
NEPETA
NEPITS
NEREID
NEREIS
NERITE
NERVINE
NETFUL
NETTED
NETTER
NEWIES
NEXUSES
NGATIS
NGWEES
NIACIN
NIBBED
NICADS
NICHING
NICISH
NICKING
NIDATE
NIDIFY
NIENTE
NIFFED
NIFFER
NIGGER
NIGHING
NIKABS
NIKAHS
NIKAUS
NIMMED
NIMMER
NINJAS
NIOBIC
NIPPED
NIPPER
NIQAAB
NIQABS
NIRLIE
NIRLIT
NISGUL
NISSES
NITHING
NITRIC
NITRID
NITRIL
NIXIES
NIZAMS
NOBBUT
NOBLER
NOBLES
NOBODY
NOCEBO
NOCTUA
NODOSE
NODOUS
NOGAKU
NONBANK
NONBOOK
NONFANS
NONFOOD
NONKINS
NONPOOR
NONWAR
NOODGE
NOOSED
NOOSER
NORITE
NOSIER
NOSODE
NOSTRO
NOTICE
NOTIFY
NOTION
NOTOUR
NOUNAL
NOUSES
NOVICE
NOVITY
NOYOUS
NUGGAR
NUMNAH
NUTATE
NUTHIN
OBELIA
OBLAST
OBLATE
OBOLUS
OCELOT
OCTAVO
OCTROI
ODORED
OFFCUT
OFFEREE
OFFLINE
OFFPUT
OFLAGS
OIDIUM
OILCAN
OILERS
OILERY
OILLET
OILMAN
OILPAN
OILWAY
OINKING
OINTING
OLDIES
OLDISH
OMENTA
OMLAHS
ONAGER
ONCOME
ONCOST
ONESIE
ONLAYS
OODLES
OOLITE
OOLITH
OPAQUE
OPPOSE
OPUSES
ORATOR
ORIGAMI
ORISONS
ORLOPS
ORRAMEN
OSCARS
OSHACS
OSTIUM
OTAKUS
OTTAVA
OUTLET
OXALIC
OXALIS
OXBOWS
OXTAIL
OYESES
OZALID
PACZKI
PALACE
PALATE
PALAYS
PALEAL
PALKIS
PALLIA
PALLID
PALMIE
PANDAN
PANDORA
PANOCHA
PAPACY
PAPPED
PAPRICA
PAPRIKA
PARCEL
PARERGA
PARIAL
PARIAN
PARLAY
PARLOR
PARRAS
PASSATA
PASTEL
PATAGIA
PATROL
PAUCAL
PAUNCE
PAUNCH
PAUPER
PAUSAL
PAUSED
PAUSER
PAWNEE
PAXWAX
PEACED
PEACES
PEAGES
PEAKED
PEALED
PEARES
PEASED
PEASES
PEAVEY
PEAZED
PEAZES
PEBRINE
PEDATE
PEDDER
PEDLAR
PEDWAY
PEELED
PEELER
PEELERS
PEELING
PEEPBO
PEGGED
PEGGING
PELLUM
PELOTA
PENDING
PENTENE
PEPFUL
PEPLUM
PEPLUS
PEPSINS
PERCINE
PEREIA
PEREON
PESADE
PESETAS
PETSAI
PETTED
PETTER
PHELLEM
PHENOL
PHENYL
PHESES
PHOLAS
PHYLAE
PHYLAR
PHYLON
PICARO
PICKAX
PICRAS
PICRIC
PIECEN
PIEMEN
PIERID
PIERIS
PIETAS
PIGGING
PILAFF
PILAWS
PILERS
PILEUP
PILFER
PILLED
PILLIE
PILOSE
PILOTS
PILOWS
PINEAL
PINKING
PINYINS
PIPAGE
PIPKINS
PIQUANT
PIRACY
PIRATE
PIROGI
PITHOI
PIUPIU
PIZZAZ
PLACID
PLACIT
PLEBES
PLEDGE
PLEIAD
PLEXED
PLEXES
PLEXUS
PLOIDY
PLUCKS
PLUCKY
PLUMBS
PLUMED
PLUMES
PLUOTS
PLUSED
PLUSHY
PLUTOS
PODIUM
POEPING
POGOING
POLACK
POLARS
POLEYN
POLIOS
POLLAN
POLLEN
POLYPI
POMATO
POMMEL
POMPOMS
PONCING
PONDED
PONDING
PONGID
PONKING
PONTIC
PONTIE
PONTINE
PONYING
POOBAH
POOJAH
POOJAS
POOKAS
POOLING
POONAC
POOPED
POOPER
POPJOY
POPOUT
POPPIT
PORCINI
PORCINO
POSSESS
POSTOP
POTLINE
POTOOS
POTPIE
POTTOS
POULPE
POULPS
POURER
POWNIE
PRAHUS
PREAMP
PREARM
PREEMIE
PREPAY
PREPREG
PRESES
PREVENE
PREWAR
PROLER
PROLINE
PROLING
PROPANE
PROPENE
PROPINE
PROSOS
PROWAR
PRUTOT
PSALMS
PSYWAR
PUERED
PUKEKO
PUKKAH
PULIER
PULLUP
PULPIT
PULTON
PULTUN
PUPATE
PUREED
PUREES
PURLER
PURPIE
PUSLES
PYCNIC
PYRROL
QIVIUT
QUACKS
QUACKY
QUAHOG
QUAKED
QUAKER
QUAKES
QUARKS
QUARTE
QUARTO
QUARTS
QUARTZ
QUATCH
QUATES
QUATRE
QUAVER
QUEBEC
QUELEA
QUEMED
QUEMES
QUENAS
QUOHOG
RACIAL
RACOON
RADIAL
RADIAN
RAGGAS
RANDAN
RATAFIA
RATEEN
RATION
RATLIN
RATOON
RAUGHT
RAUNCH
RAUNGE
RAUPOS
REAKED
REALES
REALIA
REAMED
REAMES
REAPED
REARERS
REATES
REAVED
REAVES
REBASE
REBATE
REBBES
REBRAND
RECCED
RECCES
RECHEW
RECLAD
REDATE
REDDED
REDEEM
REDRAWN
REDREAM
REDREW
REELECT
REELED
REELERS
REELING
REFACE
REFEED
REFEEL
REFFED
REFLAG
REGAVE
REGIUS
REGRANT
REGREW
REGRIND
REHEEL
RELAYS
RELIED
RELIEF
RELIES
RELLIE
RELOOK
REMADE
REMAIL
REMAKE
REMATE
REMEET
RENAIL
RENDERS
RENDING
RENEGE
RENESTS
RENTERS
RENTING
RENYING
REPAVE
REPLAY
REPOUR
REPPED
REPRINT
REQUINS
REREMAI
REROOF
REROSE
RESAIL
RESEAU
RESEAUS
RESEDAS
RESEED
RESEEK
RESEES
RESETS
RESHINE
RESKEW
RESTER
RETAIL
RETAKE
RETAPE
RETEST
RETOUR
RETREAD
RETRIM
RETTED
REUSES
REVEUR
REVVED
REWARD
REWARM
REWASH
REWEAR
REWEDS
REWETS
REWIRE
REWORD
REWORK
REZZES
RHAPHAE
RHAPHE
RHESUS
RHUSES
RIBBONS
RIBBONY
RICERS
RICHER
RICKER
RICRAC
RIDERS
RIDGER
RIGGING
RIGORS
RILLED
RILLES
RILLET
RIMAYE
RIMERS
RINDING
RINGTAW
RINKING
RINSING
RIOJAS
RIOTER
RIOTRY
RIPERS
RIPRAP
RISHIS
RISKER
RIVAGE
RIVERS
RIVERY
ROARIE
ROBBIN
ROLAGS
ROLFER
ROLLER
ROLLUP
ROMAJI
ROOSAS
ROTATE
ROUCOU
ROUSES
ROUSTS
ROWERS
RUBRIC
RULIER
RUPEES
SABBAT
SABHAS
SABLES
SABRAS
SABURRA
SADZAS
SAFROL
SAGGAR
SAGRADA
SAKIAS
SALADE
SALARY
SALEWD
SALOON
SALPID
SALTIE
SALVIA
SALWAR
SAMAAN
SAMBAS
SANGOMA
SANGRIA
SANPAN
SANSAS
SANTERA
SARDEL
SAREES
SASSED
SATEEN
SATORI
SAUCED
SAUCER
SAUGER
SAUGHY
SAULTS
SAUNAS
SAUREL
SAUTED
SAWLOG
SCAMEL
SCAPAS
SCARCE
SCARCER
SCATCH
SCEATS
SCHAVS
SCHWAG
SCLATE
SCLAVE
SCLERA
SCOLIA
SCOLLOP
SCOOCH
SCRABS
SCRAES
SCRAGS
SCRAMS
SCRAPS
SCRATS
SCRAWS
SCRAYS
SCREWS
SCROWS
SCUBAS
SCUTAL
SEABED
SEALED
SEALER
SEAMAN
SEAMED
SEAMER
SEARED
SEARER
SEATED
SEATER
SEAZED
SEBATE
SECERN
SEDATE
SEDGES
SEELED
SEELIE
SEELING
SEGARS
SELAHS
SELLES
SELVAS
SEMEED
SEMEIA
SENDING
SENSES
SENTING
SEPADS
SEPIUM
SERACS
SERAIL
SERAPE
SEREIN
SERGES
SEROUS
SEROWS
SERRED
SERVES
SESSES
SETOUS
SETTEE
SETTER
SEWARS
SHADUF
SHAIKH
SHAIRN
SHAMAN
SHAMAS
SHAWED
SHAWMS
SHAYAS
SHCHIS
SHEAFS
SHEARS
SHEATH
SHEKEL
SHELLED
SHELLER
SHENAI
SHEQEL
SHEWEL
SHIKARI
SHLEPS
SHNAPS
SHOATS
SHOLAS
SHOYUS
SHREWS
SHROWS
SHTCHI
SHTETL
SHUFTI
SHURAS
SIALIC
SIALID
SICCAN
SICHTS
SICKIE
SICKOS
SIDDHI
SIDERS
SIETHS
SIFREI
SIGHTS
SIGLAS
SIGLOI
SIGLUM
SILICA
SILKED
SILLER
SILOED
SILTED
SILVAN
SILVER
SILVEX
SIMARS
SIMIAN
SIMNEL
SIMPAI
SINDING
SINFUL
SINKING
SIROCS
SISSES
SISTAS
SISTING
SITARS
SITHES
SIVERS
SIXAIN
SIXERS
SIXMOS
SIXTEEN
SIXTES
SIXTHS
SIZARS
SIZERS
SKATOL
SKEARS
SKLATE
SKOLIA
SKOLING
SKULKS
SKYLAB
SKYLINE
SLEDGE
SLEIGH
SLOIDS
SLOSHY
SLUDGE
SLUDGY
SLUMPY
SLURPY
SLURVE
SLUTCH
SLYEST
SMALMY
SMARMY
SMEARS
SMEGMA
SMELLED
SMELLER
SNACKY
SNAKED
SNAKEY
SNARED
SNARKY
SNATCH
SNATHE
SNEBBE
SNECKS
SNOEKS
SNOKES
SNORES
SNORTS
SNUBBE
SNUBBY
SNUFFS
SNUFFY
SODIUM
SOFARS
SOGGING
SOKAHS
SOLACE
SOLAHS
SOLARS
SOLATE
SOLDES
SOLEIN
SOLEMN
SOLERA
SOLERS
SOLEUS
SOLGEL
SOLOES
SOLVES
SONARS
SOOLING
SORBUS
SORDINI
SORDINO
SORGOS
SORREL
SOURER
SOWARS
SOWCES
SOWERS
SOWNDS
SOWNES
SOWTHS
SOYLING
SPEAKS
SPEARS
SPEATS
SPEISE
SPELLED
SPELLER
SPLAKE
SPLASH
SPLATS
SPLAYS
SPLOGS
SPRAGS
SPRATS
SPRAYS
SPREWS
SQUAIL
SQUAME
SQUARE
SQUARK
SQUASH
SQUAWK
SQUEAL
STACTE
STARTER
STATED
STATER
STATES
STATIN
STATING
STATISM
STATOR
STAWED
STEADS
STEAKS
STEAMS
STEARS
STEDED
STELAR
STELLED
STOLEN
STOLON
STOTIN
STOTTS
STOTTY
STRADS
STRAES
STRAGS
STRAINT
STRAIT
STRAPS
STRASS
STRATH
STRAWS
STRAYS
STREWS
STROWS
STUPAS
STYLAR
STYLET
STYLING
STYLUS
SUAVER
SUBFEU
SUCCAH
SUDOKU
SUEDED
SUETTY
SUKKAH
SULCUS
SULFID
SULLEN
SUMMAE
SUMMAR
SUMMAT
SWEARD
SWEARY
SWEATY
SWEIRT
SWERVE
SYBOWS
SYLPHS
SYLPHY
SYLVAS
SYLVIN
SYMARS
SYNCING
SYNDED
SYNDIC
SYNDING
SYRAHS
TAATAS
TABLAS
TABLET
TACTIC
TALAKS
TALAQS
TALARS
TALKIE
TALLIS
TAMMAR
TANTARA
TAPETI
TAPPAS
TAPPIT
TARCEL
TARRAS
TARSEL
TASLET
TATARS
TATLER
TATTED
TATTER
TATTOW
TAUBES
TAUHOU
TAUPES
TAUTED
TAUTER
TAUTIT
TAUTOG
TAWTIE
TAZZAS
TEACUP
TEADES
TEAMED
TEAMER
TEARED
TEARER
TEASED
TEASER
TEASERS
TEASES
TEAZED
TEAZES
TEDDED
TEDDER
TEDDIE
TEDIUM
TEFLON
TEKKIE
TELARY
TELIAL
TELLUS
TELNET
TELOME
TELSON
TENAIL
TENDING
TENPINS
TENSING
TENSONS
TENTIE
TEPEES
TERCET
TERMINI
TERPINE
TERRINE
TERROIR
TESTING
TETHER
TETTIX
TEWART
TEXTING
THALIS
THAWED
THAWER
THESES
THETAS
THETHER
THETIC
THOLING
THOLOI
THOUING
THRASH
THUSES
THWACK
THWART
TIBIAE
TIBIAS
TICKET
TICTAC
TICTOC
TIDBIT
TIETAC
TIFOSI
TIGGING
TIGHTEN
TIGHTS
TIGNON
TILDES
TILERS
TILERY
TILLED
TILLER
TILTED
TILTER
TILTHS
TIMPANI
TINCAL
TINDAL
TINDING
TINEAL
TINFUL
TINKING
TIPTOP
TIRADE
TIRAGE
TIRRITS
TISWAS
TITHING
TITMICE
TMESES
TOASTS
TOETOES
TOGGING
TOKOMAK
TOLARS
TOLEDO
TOLSEL
TOLTER
TOMPOT
TONEME
TONKING
TOOLBAG
TOOLBAR
TOOLIE
TOOLING
TOOTED
TOOTER
TOOTHS
TOOTHY
TOOTSY
TOPLINE
TORTAS
TORTIE
TOTTIE
TOUPEE
TOURER
TOUSES
TOWAGE
TOWARD
TOWNIE
TRAGUS
TRAMEL
TRAPAN
TRAVEL
TRISHAW
TROLLOP
TRUSTS
TRYOUT
TSADIS
TUATHS
TULIPS
TURNER
TURNON
TUSSAC
TUSSAH
TUSSAR
TUTTIS
TWEAKS
TWEAKY
TWYERE
TYSTIE
TYSTIES
TZETZES
UGLIED
UGLIER
UGLIES
UGLIFY
ULLAGE
ULNARE
ULTIMO
ULYIES
ULZIES
UMAMIS
UMBREL
UMBRIL
UMPIES
UMPIRE
UMRAHS
UNAGED
UNARMS
UNAXED
UNBEAR
UNBEDS
UNBIAS
UNBITT
UNBORE
UNBRED
UNCIAE
UNCOER
UNCOES
UNCOIL
UNCOPE
UNCORD
UNCORK
UNDEAF
UNDEAR
UNDECK
UNDIES
UNDOCK
UNDOER
UNDOES
UNDREW
UNFIRM
UNFITS
UNFIXT
UNFORM
UNGEAR
UNGETS
UNGIRD
UNGIRT
UNGODS
UNGORD
UNGOWN
UNGYVE
UNHEAD
UNHEWN
UNHIVE
UNKEPT
UNKISS
UNLEAD
UNLESS
UNLICH
UNLIDS
UNLIKE
UNLIME
UNLIVE
UNLOAD
UNLOCK
UNLORD
UNLOST
UNLOVE
UNMESH
UNMIRY
UNMIXT
UNMOWN
UNOWED
UNPEGS
UNPICK
UNPRAY
UNREAD
UNREDY
UNREST
UNRIGS
UNRIPE
UNRIPS
UNROBE
UNROPE
UNROVE
UNSEAM
UNSEAT
UNSEWN
UNSEWS
UNSEXY
UNSHED
UNSHOD
UNSHOE
UNSHOT
UNSOFT
UNSOWN
UNSPAR
UNSPED
UNSTEP
UNSTOP
UNSTOW
UNTEAM
UNTIDY
UNTIED
UNTIES
UNTOMB
UNTROD
UNUSED
UNVEIL
UNVEXT
UNWARE
UNWARY
UNYOKE
UNZIPS
UPBLEW
UPBLOW
UPBOIL
UPCAST
UPCOIL
UPDART
UPDATE
UPDIVE
UPFLOW
UPGAZE
UPGIRD
UPGIRT
UPHAUD
UPLEAN
UPLIFT
UPLOCK
UPMADE
UPMAKE
UPRATE
UPRISE
UPRIST
UPSIDE
UPSIZE
UPSTIR
UPTAKE
UPTAKS
UPTICK
UPTIED
UPTIES
UPTIME
UPTOSS
UPTOWN
URACHI
URACIL
URANIC
URARIS
UREASE
UREMIC
URESES
URETIC
USAGES
USURED
VAKASS
VANMAN
VARVEL
VAUNCE
VAUNTS
VAUNTY
VAUTED
VAUTES
VEALED
VEALER
VEALES
VEEJAY
VEENAS
VEGGED
VEGGES
VEGGIE
VEGGING
VELARS
VELLON
VELLUM
VELLUS
VELOCE
VENDING
VENDIS
VENTING
VERREL
VERREY
VERRINE
VERSINE
VERSUS
VESPINE
VESSEL
VETTED
VETTER
VIATOR
VIBRIO
VICARS
VICARY
VICTIM
VIDAME
VIEWERS
VIFDAS
VIGIAS
VILEST
VINEAL
VINTING
VIRAGO
VIRGAE
VIRGAS
VIRION
VIROID
VISAED
VISAGE
VISARD
VISCID
VISION
VITRAUX
VITRIC
VIVACE
VIVAED
VIVARY
VIVATS
VIZARD
VOLAGE
VOLARY
VOLVAE
VOLVAS
VOLVED
VOLVES
VORAGO
VOUDOU
WACKED
WACKER
WACKES
WACKOS
WADDER
WADERS
WADGES
WADIES
WADSET
WAEFUL
WAFERS
WAFERY
WAFFED
WAFTED
WAFTER
WAGERS
WAGGED
WAGGER
WAKERS
WAKIKI
WANGAN
WANGUN
WAPPED
WAPPER
WARBOT
WARDOG
WARIER
WARKED
WARMAN
WARMED
WARMTH
WARPED
WARRED
WARREY
WARTED
WASHED
WASHER
WASTED
WASTER
WASTRY
WATERS
WATERY
WATTER
WAULED
WAULKS
WAVERS
WAVERY
WAVEYS
WAVIER
WAVIES
WAXERS
WAXIER
WAZIRS
WAZZED
WAZZES
WEAKER
WEARED
WEAVED
WEAVER
WEAVES
WEDGED
WEEDING
WEEPING
WEETEN
WEETING
WEEWEE
WELKIN
WELLIE
WHEEZE
WHERRY
WIDGIE
WILDER
WILTED
WINDUP
WIRERS
WISEST
WOEFUL
WOODED
WOODENS
WOODING
WOOFING
WOOLEN
WOOSEL
WOOSES
WURLIE
XYLOMA
YABBAS
YACCAS
YAKKAS
YAKOWS
YAMALKA
YANQUI
YARNER
YAUPED
YAUPER
YAWLED
YEELINS
YELLOW
YEMMER
YESSED
YESSES
YETTIE
YILLED
YOBBOS
YODLING
YORLING
YPLAST
YTTRIA
YUCCAS
ZAFFAR
ZEBRINE
ZENDIK
ZIGGING
ZIGZAG
ZIKURAT
ZIMBIS
ZINCIC
ZINCING
ZINKING
ZIRAMS
ZOCCOS
ZONKING
ZONOID
ZOOEAE
ZOOEAS
ZOOLOGY
ZORROS
ZOUAVE
ZOYSIAS
ZUPPAS
ZUZZIM
