9
23
27
33
7
37
27
31
35
13
9
9
13
9
27
15
27
29
9
31
31
41
27
13
25
23
15
23
11
27
29
41
9
39
29
27
15
9
41
7
9
7
7
35
31
17
17
9
19
13
17
11
11
19
7
33
21
29
27
35
23
9
21
23
15
43
29
27
23
1
25
21
27
19
19
35
9
31
29
29
23
17
25
27
13
25
23
15
27
17
11
21
29
31
9
29
1
23
25
23
35
7
25
13
33
31
27
29
17
13
35
23
9
15
29
13
7
9
27
31
29
7
29
33
25
23
43
1
25
27
23
25
19
35
35
35
23
31
7
23
27
29
7
39
33
5
21
31
25
31
27
45
23
29
11
13
27
29
23
15
21
31
23
37
27
25
35
7
9
39
15
35
31
37
35
17
31
31
13
29
29
29
15
25
21
27
11
27
7
25
11
35
35
29
11
21
25
23
9
23
23
31
31
19
23
13
21
37
27
29
21
13
19
31
31
25
23
27
37
33
9
37
25
21
27
25
9
17
25
15
31
21
29
29
29
25
15
11
31
25
25
31
21
5
31
29
29
25
41
11
13
45
29
13
15
21
27
17
25
29
29
33
23
29
29
9
25
15
13
33
17
25
21
21
27
35
35
7
11
9
33
19
11
27
21
31
33
33
21
27
17
17
33
19
15
13
19
9
31
9
11
23
15
33
7
27
11
31
9
25
21
23
27
33
9
9
33
25
15
33
27
27
33
21
15
15
41
25
17
25
31
27
29
11
33
23
29
9
13
17
39
5
27
43
23
27
3
23
31
13
27
25
31
5
29
35
19
27
21
43
17
13
37
13
13
23
23
15
23
23
33
27
25
11
13
27
31
37
19
9
25
23
25
21
29
23
11
21
27
7
19
11
15
9
27
29
29
27
23
27
31
27
19
23
29
29
25
25
33
25
31
9
31
15
29
9
27
7
7
27
27
25
17
5
15
11
19
23
21
7
11
17
23
43
27
29
35
29
29
21
7
21
21
21
9
9
31
23
35
19
13
11
11
31
23
9
15
33
31
29
17
39
17
7
23
9
25
29
23
29
11
7
9
17
37
21
25
27
7
13
7
33
29
31
7
29
35
29
31
29
17
31
35
21
27
23
39
37
29
27
21
13
23
31
13
43
11
5
37
13
15
31
19
37
17
19
7
31
33
29
15
9
21
27
23
29
13
23
21
13
21
33
33
11
29
11
29
37
33
11
21
25
21
19
25
31
29
23
9
35
9
11
13
35
19
19
9
31
9
25
35
15
11
9
23
11
11
33
23
9
29
37
21
25
31
39
27
29
13
5
17
11
21
25
5
31
13
31
11
17
21
31
33
31
35
41
9
23
25
25
29
37
9
37
21
27
9
7
21
13
29
33
23
9
21
7
31
27
27
29
9
15
9
27
29
31
9
11
7
23
31
27
29
23
11
11
7
9
23
19
11
27
25
25
13
29
29
7
11
27
1
23
31
29
31
25
17
17
11
19
37
17
11
21
31
9
13
9
13
35
21
27
5
31
23
29
25
7
17
19
25
15
9
27
31
7
9
21
35
13
15
25
31
5
27
11
23
7
17
17
11
31
31
31
9
31
33
25
11
33
7
29
29
9
25
11
9
11
25
31
15
27
27
25
29
7
27
33
27
23
27
33
13
11
31
21
1
23
17
11
15
13
17
29
7
39
7
1
19
25
29
25
33
27
33
7
9
27
27
45
7
11
9
27
25
13
27
23
21
33
31
11
29
27
17
35
21
25
33
47
17
29
25
19
21
25
29
9
31
23
27
31
33
15
25
35
21
25
31
23
29
25
17
25
7
25
11
17
23
9
23
7
33
31
9
25
25
29
25
27
23
25
29
23
13
39
31
41
13
7
23
7
25
27
21
25
27
25
19
25
31
25
21
23
11
11
25
9
21
21
11
25
9
27
17
35
25
25
25
11
25
29
25
17
29
23
35
21
41
9
15
31
7
23
13
9
35
21
25
23
17
25
9
19
19
29
27
33
1
19
25
23
19
35
31
35
27
25
17
17
15
29
1
29
23
31
37
33
33
5
23
7
11
25
27
27
9
31
25
21
35
31
37
33
23
27
9
9
7
29
11
21
7
5
37
23
5
27
17
21
7
29
29
5
35
15
35
11
25
25
9
15
27
3
27
23
29
17
33
21
17
9
19
5
29
27
1
27
39
25
17
23
7
33
29
29
31
23
31
37
21
25
9
19
21
9
31
21
31
25
25
9
31
31
19
21
11
15
11
29
