1411
AAHING
ABBESS
ABIGAIL
ABLATE
ABRADE
ABSITS
ABTHANE
ACCEDE
ACCESS
ACCITE
ACHENE
ACHIEVE
ACHIRAL
ACICULA
ACINIC
ACMITE
ACTABLE
ACUTELY
ADDERS
ADDING
ADDIOS
ADDUCE
ADMITS
AEDINE
AEGISES
AERIALS
AESCES
AFFAIRE
AFFEAR
AFFICHE
AFFYDE
AGGADIC
AIDFUL
AIDMAN
AIDMEN
AIKIDO
AIRERS
AIRMAIL
AKEAKES
AKEDAHS
AKENIAL
ALBIZIA
ALCADES
ALCAICS
ALDEAS
ALEGAR
ALEPINE
ALEWIFE
ALEXINE
ALIBLE
ALIDADE
ALINING
ALISMA
ALIYOS
ALLEGER
ALLEGES
ALLIAK
ALLICIN
ALLIUM
ALLUVIA
ALMEHS
ALONELY
ALREADY
ALSIKES
ALTEZZA
ALVEOLI
AMAUTI
AMBITTY
AMEBAE
AMENTA
AMIABLE
AMIABLY
AMIDINE
AMILDAR
AMISES
AMRITA
AMYLASE
AMYLENE
ANADEM
ANANKE
ANEATH
ANERLY
ANETHOL
ANILINS
ANISES
ANNEXE
ANTITAX
APHESES
APIECE
APISHLY
APLASIA
APNEAL
APPAREL
APPEACH
APPEAR
APPELS
ARCADE
ARCADIA
ARCHAEA
ARCHERY
AREADS
AREARS
ARENITE
ARETTS
ARGALI
ARGYLE
ARIPPLE
ARISES
ARISTA
ARKITE
ARREAR
ARRETS
ARRIDE
ARRISES
ARTISTS
ASSAGAI
ASTABLE
ASTATKI
ASTRIDE
ATINGLE
ATISHOO
ATRESIA
ATRIAL
ATTENTS
ATTESTS
ATTICS
ATTIRES
AUBADE
AUGITE
AUTISTS
AVAILE
AVANTI
AVISES
AWLESS
AXINITE
AXISES
AXLIKE
AZERTY
AZOTIZE
BABELS
BACCATE
BAFFLE
BAGGAGE
BAINITE
BAISAS
BALEEN
BALISES
BALKILY
BALLIER
BALLIES
BALMILY
BASTIDE
BASTILE
BATISTE
BATTIER
BATTIES
BEADLE
BEAMILY
BEARER
BEASTS
BEDBATH
BEDELS
BEDERAL
BEDIDE
BEDRAL
BEDYDE
BEERIER
BEHALF
BEHAVE
BELAHS
BELAMY
BELATE
BELAYS
BELDAM
BELIKE
BELIVE
BEMEDAL
BENDAY
BEPITY
BERETTA
BERTHE
BESIDE
BETAKE
BETIDE
BETTIES
BHISTI
BIASES
BIBLESS
BIFTAH
BILEVEL
BILLIES
BISHES
BISTATE
BITTIER
BITTIES
BLEAKY
BLEARY
BLEEDS
BLITHE
BODILY
BOLETE
BOTHOLE
BRAYER
BREADTH
BREADY
BREATH
BREATHE
BREATHY
BRIARY
BRIDAL
BULBEL
BULBIL
CADAGI
CADEAU
CAFILA
CALCES
CALCIFY
CALCULI
CALESA
CALICHE
CALICLE
CALIMA
CALIPEE
CANTHIC
CAPITA
CARRELL
CASITA
CATENAE
CATTIER
CATTIES
CEASES
CECITY
CELIAC
CERRIAL
CETANE
CHADRI
CHASES
CHEAPLY
CHEBEC
CHESILS
CHETHS
CHIANTI
CHICHA
CHICHI
CHIEFLY
CHIGGA
CHINCHY
CHISELS
CHITALS
CHITTY
CICADAS
CICELY
CIDERY
CILICES
CIRCAR
CIRRATE
CLARITY
CLICHE
CLINIC
CLOTHE
COAITA
COCOTTE
CODETTA
CRAYER
CREATE
CRECHE
CREDAL
CREEDAL
CYANIN
CYANINE
CYESES
CYESIS
CYLICES
CYTASES
DADDING
DEASOIL
DENARII
DEUTZIA
DIPPIER
DITSIER
DITZIER
DIVIDER
DIVIDES
DIVVIER
DIVVIES
DIZZIER
DIZZIES
DOLLISH
DOWDILY
DOYLEYS
DRIBBLY
DRIZZLY
DRUIDRY
DULLISH
DWINDLE
EAGERLY
EARLESS
EARLIER
EASELS
EATCHES
ECHIDNA
ECLAIR
ECTASES
ECTHYMA
EDIBLE
EDICTS
EDIFICE
EDITING
EDITION
EELING
EFFERE
EFFETE
EGALITE
EGGERY
EIDERS
EIGHTH
EIGHTHS
EIGHTY
ELDERLY
ELDRESS
ELEGIES
ELEGISE
ELEGIZE
ELFISH
ELFLIKE
ELICHE
ELMIER
ELUATE
ELVISH
EMAILS
EMBALM
EMERITA
EMETINE
EMEUTE
EMLETS
EMPATHY
ENCINA
ENCINAL
ENDITE
ENDIVE
ENDLEAF
ENGAGE
ENGAGEE
ENGINE
ENLACE
ENLEVE
ENLINK
ENNUYE
ENSEAL
ENSHELL
ENTAILS
ENTASES
ENTHRAL
ENTITY
ENTWINE
ENWHEEL
EONIAN
EPAXIAL
ERASES
ESPADA
ESPADAS
ESTEEM
ESTRAY
ETALAGE
ETAMINE
ETERNE
ETHANAL
ETHANE
ETHENES
ETHICAL
ETHOSES
ETHOXY
ETRIERS
ETTINS
EXCITE
EXEDRA
EXISTS
EYASES
EYEBAR
EYEBEAM
EYELASH
EYELETS
EYEWEAR
FACETE
FACTICE
FADABLE
FADDLE
FAECAL
FAINTY
FAJITA
FALSELY
FANNELL
FASTIES
FASTISH
FATSIAS
FATTIER
FATTIES
FAVELA
FEARER
FEASES
FEASTS
FECIAL
FEDERAL
FELAFEL
FELICIA
FELIDS
FELINE
FERIAE
FERIAL
FERITY
FESTALS
FETIAL
FIFTEEN
FIFTIES
FILLIES
FINELY
FIPPLE
FIREFLY
FISHES
FISSATE
FISSLE
FIZZLE
FLAILS
FLEADH
FLECHE
FLEDGY
FLEECH
FLUIDLY
FLYLEAF
FREITY
FRETTY
FRIARY
FULFIL
GABBLE
GAHNITE
GALEAE
GALENA
GALLEIN
GALLEYS
GALLIER
GALLIES
GAMETE
GANTING
GEALING
GEECHEE
GEEING
GEISHA
GEITING
GELATE
GENIAL
GETABLE
GETAWAY
GETTING
GEWGAW
GHESSE
GIDDAY
GIGGING
GIGGITS
GIGOLO
GILDING
GILGAIS
GILLIES
GILPEY
GINGALL
GIRLIER
GITTING
GLAIRY
GLEAMY
GLEEDS
GLEETY
GLEGLY
GLISSE
GLITCHY
GLUTEAL
GRADELY
GRAITH
GRAYER
GRIDDLE
GRITTY
GYRATE
HEDERAS
HEDGING
HELLING
HELLION
HELLOVA
HELLUVA
HENNISH
HEREDES
HERNIAL
HIDABLE
HIDLING
HIDLINS
HILLERS
HILLOAS
HINGING
HISSERS
HOELIKE
HOSTELS
HYGIENE
ICKILY
IDEALS
IDEATUM
IDENTS
IDIOTS
IDLING
IFFILY
IGGING
ILLIPE
ILLUME
ILLUPI
IMAMATE
IMBALM
IMBATHE
IMMANE
IMPALA
INANELY
INANGA
INANITY
INDUNA
INFANTE
INHIBIN
INLACE
INLAYS
INLETS
INNAGE
INNERLY
INSHELL
INTERN
INTHRAL
INTIME
INTIRE
INUTILE
INVADE
INWITH
IODIDE
IODIDS
IPECAC
IRIDAL
ISABEL
ISSEIS
ISTANA
ISTHMI
ITALICS
JABBLE
JELLABA
JESSIES
JETTIER
JETTIES
JIGAJIG
JIGGLE
JIGGLY
JIHADI
JIMJAM
JOLTILY
KAFILA
KAIKAIS
KAINITE
KAMELA
KAMILA
KEKSYE
KEKSYES
KEYPAL
KEYWAY
KHADIS
KHEDAS
KHEDIVA
KHETHS
KIBBLE
KILLDEE
KILLIES
KINDLY
KISHES
KISHKE
KITTIES
KLEAGLE
KULAKI
KYLIKES
LABIAL
LABNEH
LACETS
LACTASE
LACTEAL
LACTEAN
LADDERY
LAIKAS
LALIQUE
LAMEDH
LANDER
LANDES
LAPIDES
LARIATS
LASKETS
LASTAGE
LATERAL
LATEXES
LATHEES
LATINAS
LATRINE
LATTICE
LAUDER
LAUREL
LAVAGE
LAWLESS
LAYDEEZ
LAZYISH
LEACHY
LEADMAN
LEADOFF
LEAKILY
LECCIES
LEDDEN
LEECHES
LEEING
LEEWAY
LEFTISH
LEGALS
LEGGIER
LEGGIES
LEGITS
LEGLESS
LEGLETS
LEIDGER
LEMMAS
LENDER
LENGTH
LESSEES
LESULA
LETCHES
LETHEES
LETTUCE
LEUDES
LEVIER
LEVIES
LEWDER
LEWDLY
LEZZAS
LEZZIES
LIANES
LIASSIC
LIBLABS
LIBRATE
LICHTS
LIDGER
LIDLESS
LIENEES
LIGHTS
LIGULA
LIGULE
LIMBATE
LIMIER
LIMINA
LIMITS
LIMMAS
LINENS
LINENY
LINGLE
LINIER
LINISH
LIPEMIA
LIPIDE
LIPIDES
LIQUATE
LIROTH
LITCHIS
LITERAL
LITTERY
LIVEDO
LIVIDER
LIVIER
LIXIVIA
LOBTAIL
LOCALE
LOCHIAL
LOGGIA
LOLIGO
LOREAL
LUNULE
LURIDER
LUTEAL
LYCHEES
LYNAGE
LYSINS
MABELA
MADAMES
MALMSEY
MAMEYES
MAMMEES
MANAIA
MANILA
MANLILY
MANTEEL
MARLIER
MATTIES
MAXIMA
MAZEDLY
MEASES
MEATHE
MEDFLY
MEDIAL
MEDIAN
MEDIAS
MELENA
MENIAL
MERRIER
MESELS
MESIAL
METAGE
METAMER
METHYL
MICELL
MICHAEL
MIDDAY
MIDPAY
MIDSTS
MIDWAY
MIGGLE
MILAGE
MILLIER
MILLIES
MILSEY
MIMICAL
MIRLIER
MISHITS
MISHMI
MISHMIS
MISLIES
MISTALS
MISTILY
MIZMAZE
MIZZLE
MIZZLY
MODIOLI
MOIETY
MYALISM
MYASES
MYASIS
MYCELE
MYSIDS
MYTHIER
MYTHISE
MYTHIZE
NAIVETY
NAKEDLY
NARDINE
NARRATE
NASTIES
NATTIER
NEAFFE
NEARER
NERINE
NETTIER
NETTIES
NIBBLE
NIBBLY
NICELY
NICETY
NICTATE
NIDATE
NIDIFY
NIFTILY
NIGGLE
NIGGLY
NINETY
NIPPLE
NIRLIER
NISHES
NITRYL
NITTIER
NONANE
NONETTO
NUDELY
NYASES
NYLGHAI
OATMEAL
OCTADIC
ODONATE
ODORATE
OILERY
OLEINE
ONLINE
OOZILY
OPIATE
ORARIA
ORDERER
OSSIAS
OSTOSES
OSTOSIS
OTALGIA
OTOLITH
OUTDUEL
OUTYELL
OXHIDE
OYESES
PADDLE
PAIDLE
PAINTY
PAISAS
PAKIHI
PALEAE
PALKEE
PALLIER
PALLIES
PANTILE
PANTINE
PAPAIN
PAPERER
PAPYRI
PARDALE
PARTIER
PASELA
PASTELS
PASTIES
PASTILS
PATERAE
PATRIAL
PATTIES
PEASES
PEBBLY
PEDLARY
PEDWAY
PEEPUL
PEERIER
PEEWEE
PELTAS
PENIAL
PENILL
PEPITA
PEPPERY
PEPSIS
PEPTIDS
PERITI
PERRIER
PETTIER
PETTIES
PHASES
PHASIS
PHENATE
PHENYL
PHOOEY
PIAFFE
PIAZZA
PIAZZE
PICCATA
PIETIES
PIFFLE
PIKAKE
PILLIES
PINEAL
PINETA
PINNATE
PIPAGE
PIPLESS
PISHES
PITARAH
PITUITA
PIZZLE
PLAINLY
PLIABLE
PLISSE
PLUTEAL
POEPOL
POTHOLE
PRAYER
PREDRY
PRELATE
PREPILL
PRETTY
PYRITE
QUETHE
QUIDDLE
RABBLE
RABIDLY
RADDLE
RADIAN
RADICLE
RAFFLE
RAGGLE
RALLIES
RAMMLE
RAPIDLY
RASSLE
RAZZLE
REACHER
READDS
REAMIER
REARLY
REASTS
REBILL
RECYCLE
REDBAY
REDDER
REDEAL
REDEFY
REDENY
REDIAL
REDIAS
REENTRY
REESTY
REFEEL
REFILL
REFIRE
REHASH
RELATE
RELAXER
RELAYS
RELEVE
RELINE
RELIVE
REMEDY
RENDER
REORDER
REPAPER
RERISE
REROLL
RESIDE
RESIDS
RETABLE
RETAILS
RETAKE
RETAPE
RETARDS
RETEAM
RETIAL
RETIREE
RETIRER
RETIRES
RETOTAL
RETRIES
REVERE
REVERER
REVIVE
REVIVER
REWIRE
RIBIBE
RICHER
RICRAC
RIDERS
RIDGEL
RIDLEYS
RIFELY
RIFFLE
RIPELY
RIPPLE
RIPPLY
RIPRAP
RITARDS
RUDDER
RUDELY
RUDERY
RUTTIER
SACCATE
SADDLE
SAHIBAH
SAHIBAS
SAIKEIS
SAILERS
SAINTS
SAKIEHS
SALAMIS
SALINA
SALIVA
SALLIER
SALPAE
SALPIDS
SALSIFY
SALTERS
SAMADHI
SAMIEL
SAMIELS
SAMITI
SAMLETS
SAPPLE
SARDELS
SATIETY
SATIRES
SATISFY
SAVEYS
SCAITH
SCALADE
SCYTHES
SEARER
SEAWALL
SEDERS
SEETHE
SEICHE
SEIDELS
SEISMAL
SEITENS
SELAHS
SELFIES
SELKIES
SENITI
SEPIAS
SEPTETS
SERAILS
SERIAL
SERRATI
SESAMES
SETTERS
SEXILY
SEXTETS
SHADER
SHAIKH
SHARER
SHEATHE
SHEATHS
SHEAVE
SHEESH
SHEETY
SHEIKH
SHEIKHA
SHEILA
SHEKELS
SHEQELS
SHEWELS
SHIBAH
SHIBAHS
SHIFTS
SHIKSA
SHINESS
SHIRRA
SHIRRS
SHIRTS
SHISHA
SHISOS
SHISTS
SHITTY
SHIVAH
SHIVAHS
SHLEPPY
SHLEPS
SIBYLS
SIDDHAS
SIENITE
SIENTS
SIETHS
SIFFLE
SILAGE
SILANE
SILENI
SILICA
SILICIC
SILLIER
SIMILE
SIPPLE
SIRDARS
SISSOO
SITARS
SITTERS
SIWASH
SIXTHLY
SIZZLE
SKAITH
SKIDDY
SKYSAIL
SLAVEYS
SLAVISH
SLEAZY
SLEECH
SLEETY
SLEIGHS
SMEATH
SMIDDY
SMITHS
SNEATH
SNITTY
SOLELY
SOLIDS
SPAITS
SPEALS
SPEEDS
SPEILS
SPEISS
SPIALS
SPIELS
SPITTY
SPLITS
STABILE
STAGILY
STAIGS
STAINS
STAIRS
STAITHE
STAITHS
STALELY
STAMMEL
STANNEL
STAPPLE
STARERS
STAYNE
STAYRE
STEDDE
STEDDES
STEDDS
STEDDY
STEEPY
STEERY
STEINS
STEMME
STEMMY
STEPPE
STHENIA
STIEVE
STIFFY
STITHY
STREETS
STRETTI
STYLIER
STYLITE
SUDATE
SUEDES
SUETTY
SWEALS
SWEDES
SYBBES
SYLVAE
SYNESES
SYNESIS
TABRERE
TABULI
TACKLE
TAEDIUM
TAFIAS
TAGLIKE
TAGLINE
TAGMEME
TAHINI
TAIGAS
TAIHOA
TAILFAN
TAILFIN
TAIPAN
TAIRAS
TALENTS
TALKER
TALLETS
TALLITS
TALPAE
TALWEG
TAMALE
TANDEM
TANGLE
TANNAGE
TANSIES
TANTIVY
TAPETA
TARAIRE
TARDIES
TARSIER
TARTANE
TARTILY
TARTINE
TASSELL
TASSELY
TASTERS
TASTILY
TEAPOY
TEARERS
TEEPEES
TEEVEES
TEGULA
TEKKIES
TELARY
TELEDU
TELESM
TELLENS
TELLERS
TELNETS
TELOME
TEMENE
TENDER
TENDON
TENNIES
TENTHLY
TEPALS
TEPHRA
TEREDO
TERMLY
TERNARY
TERRAE
TERREEN
TERRIES
TERTIAN
TERTIAS
TESTACY
TESTATA
TESTIFY
THEEKS
THEFTS
THENCE
THERME
THETAS
THIAZOL
THIGHS
THIOLS
THIONYL
THIRDS
THIRLS
THIRSTS
THRAVE
THRIDS
THRISTS
THULIUM
TIBIAS
TICALS
TICHIER
TICKEY
TICKLY
TICTACS
TIDBITS
TIDDLE
TIDERIP
TIEING
TIELESS
TIETACK
TIETACS
TIGERLY
TILAKS
TILERY
TILING
TILLING
TILTING
TIMBALE
TINAJA
TINEAL
TINGLY
TINIER
TINIES
TINILY
TINKLY
TINNIER
TINNIES
TINNING
TINSEY
TIPPEES
TIPPIER
TIPULA
TIRASSE
TISANES
TISSUEY
TITELY
TITERS
TITIAN
TITUPY
TIYINS
TIZZIES
TMESIS
TOADISH
TOENAIL
TOESHOE
TOGGLE
TOISES
TOLEDO
TOLUOLE
TONETTE
TONTINE
TOODLE
TOOLIES
TOPPLE
TORERO
TORTILE
TOULADI
TOYISH
TRENAIL
TRENDY
TRIABLE
TRIADIC
TRIARCH
TRIBAL
TRIENE
TRINAL
TRIVIAL
TROELY
TUBULE
TUMIDLY
TUMULI
TUSSEH
TUSSLE
TUTEES
TWEEDS
TWEENY
TWITCHY
TYIYNS
TYLERS
TYPABLE
TYPICAL
TYPISTS
TZADDI
TZETSE
UBIETY
UGLILY
UNDATE
UNEATH
UNHEAL
UNLINE
UNTIDY
UPDATE
UPHEAP
UTILISE
UTILIZE
VAIVODE
VAKEEL
VALIDER
VALISES
VALLEYS
VALVES
VALVULE
VAPIDLY
VASSAIL
VEDUTA
VEDUTE
VEEJAY
VEEPEE
VEILIER
VELATE
VENIAL
VENINE
VERILY
VERITY
VESSAIL
VESTALS
VETIVER
VIDUAL
VIEWLY
VIHARA
VILLAIN
VILLANY
VINEAL
VIRILE
VISILE
VISIVE
VIVACE
VIVARIA
VIVDAS
VIVELY
WABBLE
WADABLE
WADDLE
WAFFLE
WAGGLE
WAIWODE
WALISES
WALLEYE
WALLEYS
WALLIER
WALLIES
WAPITI
WARTIER
WASSAIL
WASTELS
WATTAGE
WATTAPE
WAYBILL
WAYWODE
WEALTHS
WEARER
WEARILY
WEDELN
WEDELS
WEIRDLY
WETTIES
WHEARE
WHEATY
WHEECH
WHEESH
WHIRLY
WHIRRA
WIBBLE
WIFELY
WIGGLE
WIGGLY
WIGWAG
WILLEYS
WILLIES
WINDILY
WINNLE
WISELY
WISHES
WITTIER
WOTTETH
WRAITH
WREATH
WREATHE
WREATHY
WRETHE
XENIAL
XYLIDIN
YABBER
YAFFLE
YAGGER
YAKKER
YAMMER
YAPPER
YEADING
YECCHS
YECHIER
YINDIES
YIPPIES
YODELS
YTTRIAS
ZABETA
ZAIDIES
ZENANA
ZENITH
ZIBETH
ZIGZAG
ZINNIA
ZIZANIA
ZOOEAE
ZOOEAL
ZYMITE
