8.828311250245166
3.280797258091847
8.53669311899915
6.537560035880591
8.233245987916812
4.731835801611429
7.917255374340716
1.710535476247161
7.5879504311358765
6.301789566563627
7.244498607900747
2.65473389503782
6.885999743167014
4.566520735710902
6.511479522810168
2.691940497230954
9.136988908940754
0.5728650542330861
8.880894768732508
0.4838852437668917
8.60909065927061
7.874282354201877
8.320132372266936
0.060086839522686564
8.012402007578155
0.8253956576865995
7.684083031778979
7.275416264444022
7.33313135807791
1.521335595759997
6.957241781109222
3.7974505640148486
6.553808987557522
5.314750273635567
9.16652922427772
7.3070382940759835
8.936982791965862
0.9787389487030248
8.687865274619092
1.2120925181924642
8.416663805986596
0.14904330449395242
8.120444866996426
4.5578842869134695
7.795771381094419
7.628977660641675
7.438602041743414
3.554201069089806
7.044168963547638
2.344134403990987
6.606828898715204
1.0661881090525966
9.197989520203954
2.618899686857566
8.997905551684894
8.612289025575121
8.775237197892238
7.455945913643656
8.526127256448023
0.5380440515382572
8.2458662144295
1.6440752936125258
7.928674977853884
5.706898215003543
7.567428901780425
4.152416900137165
7.153307228158598
5.619758122257439
6.675347866002322
1.475333885100483
9.231940846277414
5.77430077631635
9.065021953379802
7.5066627431902715
8.873638488712345
2.677672371211594
8.652346338997187
4.070873974220171
8.394157847685648
6.204125153028497
8.09005123876851
5.710264370965498
7.728319692448788
2.564522317045718
7.293708816214085
0.0965944401086456
6.766275646172792
3.2309332011134337
9.26897770883106
4.403258947867453
9.139838437225151
0.4097540450711269
8.985911571263472
8.498020612312645
8.79999544045695
0.6913527321573454
8.572302503978648
4.163738594668151
8.289459699813321
4.997417388293415
7.9331248103113605
2.4181993540822946
7.478078085225431
5.08103126348384
6.889600003801349
5.385193827570551
9.088031307234509
7.927362917601166
8.802476816245544
3.192590557540881
8.521871457807705
0.06091492844518365
8.246089370264443
7.547957726466618
7.975008853443312
4.6898833181894055
7.7085122016893655
5.839558198274329
7.44648554465506
2.19836859060515
7.188818695444295
6.283141753299783
6.9354050057306855
4.319661834038394
9.10941273890773
2.8070924380933517
8.840160348750373
0.5654509545013813
8.570907958593018
3.1134669081329713
8.30165556843566
0.701331670652401
8.032403178278305
3.1906529488390527
7.763150788120947
6.616016201706913
7.493898397963592
0.19901952100762865
7.224646007806234
1.6092460643171322
6.955393617648875
0.36982012308766166
9.129008038264827
0.2766992052575472
8.87527402943761
4.625991203882156
8.61736467545349
2.4854038683201596
8.35517845482178
8.000581696918575
8.088610634530935
5.946752910726697
7.817553147850385
0.10015313646949031
7.541894466859684
0.4490865093183176
7.26151946945912
6.650350510642765
6.976309300603888
6.756771771428999
9.148726843595279
4.5663449951457284
8.911172290375799
3.029029530647393
8.66562734031089
0.2699984851149312
8.41169396310976
7.785852474653883
8.148948402780086
2.7033825506410105
7.876939197289285
0.6752699798746435
7.595185028266028
4.9462177742382565
7.303172385308336
2.4565809305464423
7.000353028038876
0.43361432032591063
9.169445217206832
3.4017445454708515
8.94950083516061
4.0832932621982305
8.718014412763196
3.0526448960704755
8.47408759098054
7.932418615319651
8.216731794687366
7.2548552789789875
7.944857597758827
2.46585476184429
7.657262719812811
5.628138132021721
7.3526184725924555
3.9354115684584663
7.0294544498649705
0.7733023928670126
9.191794047415858
6.739392275796122
8.991544075464763
7.359022433152762
8.776487058925754
1.951703084726163
8.54499847983959
1.116708081788453
8.295226103838615
4.398548266356338
8.025053256794171
5.11463107064469
7.732055797473171
4.8519552615327335
7.413451693972208
2.3158125216890912
7.066041926897044
2.823429833642467
9.216359093661634
0.91747122536034
9.038581127014572
7.394183217304536
8.84312803402993
6.094656286539412
8.627397007646557
2.994956972640983
8.388303386050465
7.757536414742501
8.12218073459455
0.2599526719906011
7.824659489529239
1.354989311664767
7.490519630503505
1.9326160642182315
7.113511929425213
5.9075909867752046
9.243765264472527
6.969811189899569
9.092051153403489
1.0771613042889046
8.92039309423285
8.728286046590997
8.724933863164805
3.7483099447612673
8.500902777645024
5.376905852903533
8.242381642127153
0.028259660769058392
7.942010534635126
0.028136777334577978
7.590618544410791
1.317850172573949
7.1767610924198495
0.7038770882723409
9.274729258829895
7.883631392248478
9.1536716509071
0.4128229777575825
9.011317177883999
3.2841413196432496
8.842264248284785
8.167711712929188
8.639505298690363
3.3036806422909564
8.393932413804551
1.816211385799386
8.093695240138873
0.8882000280647837
7.723369625329166
4.117614101305515
7.262884529606885
0.05865132158388375
9.15071739430228
4.8641876897507075
8.925898029334657
6.07936171632136
8.704144008866251
2.516183935215671
8.485393958054065
7.136526025439539
8.269588100123318
0.9463841630934743
8.056668205903165
7.205542441729442
7.8465775452045525
2.3024748815151175
7.639260839965324
6.1108577818630545
7.434664219090968
0.3183974540140212
9.164072133650832
2.337255425433399
8.949479138236576
2.7645035059488823
8.73488614282232
6.322810955343016
8.520293147408067
0.40608495358117447
8.30570015199381
2.589926733550493
8.091107156579557
6.038041132098818
7.876514161165301
3.5535749117752005
7.661921165751047
1.851780161356051
7.447328170336793
2.670208709281045
9.176686255441021
5.364292390356694
8.972047959809476
0.007607315042903573
8.764698696070639
1.3331867707878027
8.554585624606041
7.555672582667302
8.341654573484824
7.5458448682347425
8.125849998360982
5.201913183044641
7.907114941014314
2.1456798352959288
7.68539098648601
5.01129348097823
7.460618218757896
0.8095491478757553
9.18975295645513
6.056008883951087
8.995729342209328
5.1640499179995905
8.79639068896092
3.369465805141323
8.591522955857707
1.6656434766197354
8.380901026393172
5.623218821162029
8.164288034009857
6.866399729659657
7.941434642520304
5.673229552425652
7.712078278182307
5.025838714838737
7.47594231004233
2.28303432379933
9.203894766923987
6.260111981067872
9.021703643808335
7.8677944203328485
8.831628423628468
3.752377170871316
8.633168838144956
1.2238610022012413
8.425784273295495
7.350518641026556
8.20889001533142
4.4611969271945116
7.981853122091991
1.569082485123526
7.743987881255419
5.206040549984201
7.494550813576673
0.059512639909229614
9.21963147092492
6.072341326114677
9.05102000393571
2.0151922665688478
8.871984930962256
7.072914990188713
8.681586388357143
0.6343304671279993
8.478778592855923
2.434729360231247
8.262396420413424
0.46792636857210224
8.031140209888775
4.532422192548203
7.783558557993013
3.9083649355290593
7.518028842190642
0.14665119110517866
9.237509932600013
2.6369343771158382
9.084835548154535
4.328760187608262
8.919271936581447
2.073466735809778
8.739248065407466
8.458503165794825
8.542959479655483
2.1710981221136545
8.328330537821731
4.8564811177426375
8.092970457242954
0.9179150029805181
7.834122182383451
6.999970679406946
7.548602940074821
4.753292477782654
9.25817108488409
3.720530209623561
9.124552884277124
1.9232622929480092
8.975753913031074
1.1576250935447914
8.809332526767555
7.482240745530202
8.62238566768073
6.208784612218989
8.411457505146393
3.6305038324704015
8.172430300512499
1.4903087590320023
7.900394205557751
7.0530240494216425
7.589492133105809
6.620360345442796
9.282403992675762
6.89769744038766
9.171942818299929
5.035922827789129
9.044356994875425
0.72543620837436
8.896037370271737
0.007582337004780615
8.722528030581326
0.1020015659034581
8.518327296571368
5.558271750480594
8.276644150146243
8.186259649583295
7.989100778134496
7.208369230456162
7.645370119096313
5.029207808654704
9.21036485315788
7.935167687774993
9.043771892753156
0.10418691717931627
8.878860803419823
8.312812754594711
8.715606633738208
0.028739048149093227
8.553984913728957
5.5617202471749465
8.39397164359514
6.5276547449765685
8.235543282768052
6.058301238755382
8.078676739247731
1.0975287431786698
7.923349359229266
1.1645173731006233
9.217752507859224
6.173998391656335
9.056839886653366
3.853076591001529
8.895927265447506
8.70681195610009
8.735014644241646
5.30351863741801
8.574102023035783
3.4823509605341596
8.413189401829925
7.967612802328316
8.252276780624062
1.1965898171190656
8.091364159418205
7.0655190207741665
7.930451538212346
3.4121921869666387
9.224938958366177
7.750733263342434
9.06967772396746
5.401161020299098
8.912858964202218
5.405999200350835
8.754459794499654
8.382459375410528
8.594456897945767
2.668349297757566
8.432826515609415
7.449702513987894
8.269544436627454
6.343893014063892
8.104585988042544
5.706048145989426
7.937926024387055
2.326291431707479
9.232602166054157
5.395633669762793
9.083502662488696
8.986772059768358
8.931274439740717
3.325486932829648
8.775821754184934
8.495935652765294
8.61704513660484
2.1257656056153413
8.454841223724182
0.7916839371019859
8.289102581464215
2.93453946823155
8.11971751950706
7.862094008893272
7.946569896724148
4.2553479435870285
9.241150875228989
0.7479672459411986
9.099086584942834
1.0938434676325453
8.9522537315123
2.475172427268167
8.800420613758396
1.068399928769205
8.643341452081915
6.989193694627241
8.4807554188029
4.42853182399347
8.312385597953947
4.522485567974134
8.137937869360407
2.8853177538802783
7.957099711470887
7.536830738661809
9.250976585739632
5.8968048719801915
9.117200775257304
7.367059698816107
8.97692062213629
3.047552408197741
8.829683945369286
7.229834345896197
8.675000191871339
0.1028897844205856
8.512336857052478
5.976734584796562
8.341115563006138
1.8013398403790042
8.160707762132263
0.9349575335878415
7.970430031112587
5.695197638829635
9.262534987080226
2.6469294651510813
9.138769481396572
6.992070451898989
9.006659026911375
8.621788256722729
8.865415478733777
0.10332396861230053
8.714162846871204
6.295008998203362
8.551926914760239
2.3675289129768124
8.37762363705516
1.2838182753450662
8.190046178704643
2.373928630045623
7.987850442616569
2.33039040158
9.276400131482584
3.830718199710203
9.164981186009003
0.49460332265379936
9.043283365106568
3.054485569558761
8.910023998700822
6.618172891447692
8.763739993737154
8.011566896290784
8.60276199338561
1.043389779150859
8.425184960490208
1.2842222796436125
8.228834718942679
2.1174377762177317
8.011229929945905
0.10115268534012722
9.293318514831528
3.9321799833973947
9.197405944755344
5.747368599037309
9.08922700941862
7.036899863866948
8.966787196799476
5.2062976572781885
8.827748039468444
2.9663865928359874
8.669369309127806
0.6312053582904438
8.48844208342377
3.132897677456631
8.281211349884813
3.159024815007992
8.043286631649458
5.216954947148606
9.267862377549417
0.061924009023691995
9.157800447371272
3.2118054599414876
9.048472056888611
3.7549959651050746
8.939870017522868
7.419552170682092
8.831987232319308
4.048412207382298
8.724816694533029
3.077736644360537
8.618351486240032
8.161442967553311
8.512584776972984
0.7984198042082833
8.407509822381105
0.007582834580936004
9.271110612449952
0.028955555962081436
9.163556095834817
5.553682406121293
9.056001579219684
5.972903788324597
8.94844706260455
2.3877100663426947
8.840892545989416
8.183510229652283
8.73333802937428
1.697343441358409
8.62578351275915
6.887730935936479
8.518228996144018
2.5624227755273106
8.41067447952888
4.581922459454544
9.274363569655812
2.6560153243371563
9.169358020588508
2.0489296041000413
9.063641553480235
3.085045271425667
8.957207152794197
7.242774096173022
8.850047714551161
7.627605299954955
8.742156045019835
3.8233682580193897
8.633524859385806
1.3239621318145451
8.524146780398826
4.729982335415707
8.41401433699786
0.4784128050589197
9.277935486859057
0.21443576915547657
9.175771703263516
8.296186284928519
9.072144232327995
2.41324592904249
8.967022761654754
2.484518841480244
8.860376189553188
3.963444345526635
8.75217260146291
7.915591433865157
8.642379245621497
3.232603683970984
8.530962507952275
4.823209620027671
8.41788788614651
8.150464573069295
9.282046503208727
7.995878202612685
9.183206918781304
2.631699274921197
9.082073377335828
3.8602990723654353
8.978569923762551
7.545220017775793
8.872617512564169
4.532355712568676
8.76413386782512
0.06129593748587692
8.653033336578552
8.561165465596426
8.539226735261078
6.275236138675349
8.422621188931345
4.408203734413816
9.28693423700284
8.395815710475246
9.192116945836679
1.2876604648521908
9.094067528793603
7.543557725860184
8.992632030604568
2.8673759274086983
8.887647766031328
3.68661006417108
8.778942787486683
4.764647359488289
8.666335319894188
8.574245120833398
8.549633160827295
2.475533256904774
8.42863304385631
8.250000107801169
9.292898542215442
8.599090931428165
9.203083065999278
8.41769538379182
9.108958334944683
3.6716296358826512
9.010244749380867
0.7361312379721959
8.906641999582481
6.05890718136565
8.797827478769262
3.368620648830106
8.683454576984195
0.6402290381555537
8.56315084733582
1.6673549404986516
8.436516035518098
8.078647102631894
9.300339497884995
3.5473130568386364
9.216889885970623
5.379713595863045
9.127881034732972
7.3725231899634975
9.032837360956716
4.4051939226081736
8.931239233403794
8.453982010326804
8.822518921398398
8.445570971818213
8.706056188354452
0.5609228827278734
8.581173501136712
6.571826729432924
8.447130823929497
5.040946524148033
9.30980112102871
2.265060378458002
9.23461410295631
5.779181615640549
9.152407502141335
2.900402671937557
9.062406320582014
2.7763352651976305
8.963748702518751
3.316570008070975
8.855476659099093
0.27308715161276087
8.736525872564656
5.2822603415624965
8.605714495782028
3.9321833616115773
8.461730855854228
5.5833447872653785
9.323816641835213
4.951379613646278
9.269149868096214
6.306575441525028
9.21466392225055
6.663220456510249
9.160357924312777
1.2874333069848691
9.106230999866563
1.7527764330300926
9.052282280022029
6.163706891146703
8.998510901373503
0.028861582934113672
8.944916005957653
3.7165421571457076
8.891496741211947
1.4446686288855806
9.324623842151926
5.846145251615398
9.27058255523877
3.5425131062482933
9.21654126832561
2.4474949220701143
9.162499981412454
3.0186847062252227
9.108458694499296
4.843687218559684
9.054417407586135
5.1055964474151665
9.000376120672978
0.4937037014826906
8.94633483375982
8.851250192871248
8.892293546846664
0.10387529477590485
9.325455954780328
7.238124748408641
9.272064313483764
0.42257182888946865
9.218489297697461
6.174823698152373
9.164729994216245
8.96958510243651
9.110785484065612
6.2989702680272535
9.056654842459283
5.202937283987134
9.002337138756404
8.523709224243209
8.947831436418452
8.662516759176984
8.893136792965715
7.853838880849777
9.326397338836019
5.9464677086975435
9.273746414761012
2.8529509268124085
9.220708334178338
3.8193596792320195
9.167279021920999
3.1168426826484867
9.113454349540199
7.561494305732971
9.059230134516701
7.709901430925521
9.004602139459767
2.305557196932889
8.949566071293571
2.483466404833065
8.894117580430837
7.382185937922876
9.327516418228477
7.637254862712667
9.2757535582784
2.459772133503059
9.223366186816449
4.310909551460062
9.17034373024738
8.291439952749917
9.116675399062803
0.21332750707631476
9.062350183016749
3.6630114061058756
9.007356846190635
0.573010219613552
8.951683921945117
6.287146486639508
8.89531970775626
1.5368381754711726
9.328894889972727
8.732194080842914
9.27823620159346
7.003857562300349
9.226667423507113
2.156017070461399
9.1741663025266
5.167910955830145
9.120709954393863
1.9442743677668572
9.066274844931462
3.9528666879853342
9.010836770634269
7.668804116810717
8.954370838685177
4.194418626311432
8.896851446378408
7.289665006074579
9.330642848525432
3.0656059907256608
9.28139849172826
1.7765539813962108
9.230891484792457
7.853467888420234
9.179079761805003
3.606013396096747
9.125919709223192
7.862170796685749
9.071366108273113
1.8404689680034458
9.015372075276169
2.6875096348419696
8.957888999833187
1.8236314748247002
8.898866480793423
6.156169744164343
9.332914348048206
5.053786909373622
9.285527541324557
6.018024684624982
9.23643335074892
2.8400880217225497
9.185557164609033
0.21370838548365245
9.132820973262845
0.8301951428669833
9.078143218739198
5.306895293693607
9.021438638067057
7.0040755348005295
8.962618100090241
6.0064654693129365
8.901588435515576
6.914284656770478
9.335926948913357
7.742445268315603
9.291030486661857
2.755551149472117
9.243855400301255
5.496338294831572
9.194274779416862
0.27782264197249507
9.142154809607419
8.65420608343955
9.08735442110723
8.408620020258022
9.029724920929208
2.5925685872280115
8.969109607819453
2.106011661252587
8.905343369285763
5.874781152133837
8.382775904792476
0.33620248520738594
7.654568175985001
4.8505152319818405
6.978610245169543
4.58610979174673
6.349543722632065
4.11699531850745
5.762707961739907
1.794318171260647
5.214032037132813
0.36120792320238204
4.69994577518451
2.1874079676152873
4.217306123862764
3.601919582268667
3.763335930032688
0.22806158814503186
8.496217191995283
3.515268045032271
7.845610887138353
6.827251976729848
7.216503156673212
4.185583039365675
6.607863322007161
0.34932890216354706
6.018724190814947
5.8903106716261595
5.4481773702819245
2.8468792070404936
4.895368975945155
2.7267794350261454
4.359495699278586
2.532696791574516
3.8398012008531683
2.842119549371393
8.586036503407255
6.623984140097317
8.002651647384276
7.22085651654885
7.419266791361296
0.045528993133656104
6.835881935338314
2.929717141541788
6.252497079315334
1.17087072102929
5.669112223292353
0.7942363674235926
5.085727367269376
5.031693132371943
4.50234251124639
2.7461131673627444
3.9189576552234175
3.060033886421528
8.665410106456706
0.6905063329982207
8.14587603800308
4.154503819356816
7.610107566794188
7.196190276077694
7.057350357737888
5.1418732878041515
6.486804215185438
0.04375115654695194
5.897619710813191
4.6892575778645575
5.288894528499846
2.2859957469170364
4.659669500305629
2.3815686366309574
4.008924305169059
3.9247357523317774
8.739057783391234
3.1162301256317573
8.282643845849233
2.149549006447333
7.797801940498814
6.3480683977201355
7.281867214181682
2.9881782813991733
6.731845296143071
5.702096000652018
6.144362919984424
0.10426952664236855
