245858957
410851651
996580719
19185636
83418054
102636543
225088096
97577107
34920633
148083147
161534324
484800422
79843342
286270497
292482481
437768703
319360127
296911916
997351243
149850386
173366172
108443475
584838959
292737860
300114672
461535996
36170096
63856533
65917940
124057669
136624431
42320386
56362278
387027166
8200846
111511829
89628083
176132855
392234571
121881630
11485596
974684023
109460072
891745368
278655619
519615551
786531407
82829721
315858068
587100244
212820489
191897960
792850425
49059178
44635597
75324870
363572113
18958963
126121608
91384630
198602198
163795386
235781000
457056781
140304624
45162148
84209090
236854566
630479462
216137260
57745372
116139722
68734508
955463767
18085107
198890522
190453687
293730581
65459176
5444539
74441577
163121862
511358203
72085076
184163367
96540972
350449982
37669905
101997759
232840781
168797914
494382812
67014471
216232149
195500547
286433117
40852134
165182333
167151086
102528084
151934671
140452743
178426692
22060599
304600630
167978292
94891813
78677977
31995645
292097335
225760164
121839759
52341821
527615147
896625649
208235147
182325697
171082406
943641510
292987856
95616247
91594841
280398988
327458698
286146459
60510546
296630451
82469115
954151935
522507228
762401154
193500535
210480111
180824206
350453446
574553655
129987360
136246361
17653048
58935843
97368696
347901388
30195895
395407921
119432788
143957315
109973887
46031517
111933999
155147855
893868239
318207350
38891493
326441855
147868344
889360338
297825403
422874940
112039158
59315925
168616169
38019854
141800717
124984499
656376604
460113299
35133677
212564974
212822335
113289715
36556885
9135037
53117653
982895077
712861985
142015762
27733631
618264438
54739922
364885254
231116850
264550177
52181775
46359518
163163208
140501623
154849844
818117396
69529076
981930347
440147528
301813889
75622538
125795916
452297179
971801003
126628818
373468707
287639670
707668737
318206693
399891596
973454990
47071459
473182881
13856082
77800251
249833790
969355170
248411405
187014473
238733481
261424735
75114581
297924932
332376181
291666554
65411394
677974417
49769548
181473920
195362691
123000384
179982350
879642229
235270932
503160874
593073522
16254340
164351155
212216386
505480632
181704396
330429830
413681575
4738954
133003968
867407644
139130969
48833408
28304056
261103284
64861103
60321500
193102582
964708591
149046046
59609256
231156478
359286154
876406242
9634066
68795081
216050915
93211441
142570990
45765337
390553325
89725916
746970796
159464345
265754006
855675060
609020303
487170859
20783332
364242171
122589384
112147466
41480601
844366728
598328231
352716191
25775598
291785850
361770358
77019318
69004227
156126847
101158462
307223926
296851002
193138926
77386577
315540664
333000322
72265552
666068880
170389224
172820347
510475016
558129414
175474218
243399136
385603780
84313185
58019278
174426279
51840113
159308021
59076167
37731244
317508278
124335373
21987459
128873962
26502319
246425724
79552429
103562369
294985759
472204235
27272872
76235818
70075462
137742005
574878226
64171476
182557631
138962145
45299187
81279488
20820537
246067401
148863754
45048552
227773693
96644461
63031766
200693725
917131441
663896811
460026657
99992794
548506912
189736255
163217561
390216964
109174155
102247995
196129050
249890315
10107961
170667126
783597935
103372040
687588008
103505621
464582586
45067697
135408654
115050994
121818845
288866137
37643791
306924232
256872906
159593575
1341053
497997396
133547793
156433722
443984435
38373807
189845647
762097182
737919510
152909972
90558401
165695623
68398981
725736223
140028300
107144657
707164739
399471607
205086057
105646200
238722167
71310587
85944377
101338067
159768325
139657141
172148886
183359078
31206046
194612527
648912063
169208572
174375918
480304481
167866373
185765319
187485163
865358508
189094355
785718614
944971169
409857468
85037791
643888161
276367416
219847893
329387097
115574744
273566961
190361525
189259629
382286421
125649244
148739487
147641392
849406994
969432762
132486337
486399331
186029132
246315693
188342530
151906663
470678250
101855714
520773287
227166844
392559856
230522885
670633041
924388303
62997700
937471243
206307018
53169618
3462520
474656005
46015288
489612464
42592514
191783099
399073465
148276829
37843729
168520656
3508049
154702483
412664228
208574391
162254813
1370438
224750675
38161568
181017854
26339771
152202983
228962289
31412343
38673791
152243469
956327304
416795787
73573143
441743031
639913292
11391086
301304201
133623888
180476785
302265622
32134834
505088214
217834100
20405587
149119134
93161641
316451225
101848131
145135141
189492703
42089300
124254368
313244039
116784822
183227328
455113966
154336164
175734772
28780699
7325942
212319793
3433543
386249461
117791615
219820099
96782846
465259644
37949408
206608511
276446266
74038757
46081082
148355430
53791909
49571142
481085951
64793100
76176609
186109453
39398231
142788977
187533677
364460597
58965388
253350895
142575759
572947765
37110410
428731339
26384971
697950026
165313536
192430089
155231944
899322274
149112050
156030886
232174816
61341964
308877117
581350121
141802788
128434511
179957838
51718340
145542528
67660247
591053807
68577843
133443430
303808361
56229276
87598509
142173250
6216824
72544891
244079403
794233794
300833618
119963320
214482758
201835473
935601834
782348905
199165913
292671609
193840318
162441246
688975586
224693807
190086878
132266677
21266638
247425185
194913486
8186941
35749565
134557705
201990419
9012184
150005036
678423250
150577098
230067027
50499294
37000339
488567501
20016954
6465129
135388670
172857471
820261421
116478211
93073060
111594996
96112669
906704035
425457483
150041990
164237771
117930690
8526909
112932995
297125529
154347008
257848878
299451642
274250399
6160223
71905887
496096159
269986623
220771713
7477723
798948487
261088273
176163662
71334041
214397968
36470362
497717951
423256667
233916766
669519185
437454351
144712533
121119647
123842225
348408618
41312893
52413655
159461935
155633742
163680989
157668786
228350496
328487463
1744228
39517067
121152770
441967899
101125174
407625919
265469341
168852956
275100945
252056247
12000436
302672354
90108494
852854339
512560687
247590240
113662963
130124512
78667323
48243013
239481700
254983527
786096869
670399374
127669540
107494041
56083223
35882484
215022030
199983741
110259886
225885623
304220654
855425311
136032991
211136243
283225014
129169334
131374798
466983614
260164238
167038243
612260239
76866537
125605868
35668823
329025213
16465911
49601849
92349872
41031554
331568945
132065877
135825989
476859521
305363492
39909270
28005001
23490524
28177696
69203170
217660498
435259469
53306524
146308965
26948069
415523268
16785924
266856571
271123416
130560418
66454693
165380689
116518195
137314156
129133656
136699220
571541777
100623532
704938533
477290369
255476000
20638115
38425109
611704410
439896420
130196137
51681958
149657785
337753714
265592844
985662671
885433673
644397994
295385789
22614152
148276192
182035887
75232825
297203530
461817805
309195116
219814874
60765350
29140347
180659999
77556844
104940015
219948011
839084873
94251380
322728946
192963244
453829703
277590664
827413593
65896327
140296903
796497398
286878229
431724239
874871053
158780804
120387470
527282279
49162638
373736065
158446812
121068950
186943820
891261775
469852316
152675214
136838185
46514094
201880474
423341811
20094059
37193875
199878783
615025156
594168341
299535134
39230007
110797349
966840588
896508807
171823679
179247263
591201897
34404428
67867028
179466332
176737703
145696866
589164642
431318839
247246571
106647378
135156072
147601928
303307439
34792564
119900175
165872617
774818320
104181372
4739405
99843249
46017846
111796282
51178242
440465783
108301754
209361003
751596395
220221668
321116171
761533669
52722556
165847167
520908914
311145184
588563138
249165824
562910302
31913581
228242472
23078655
110120237
55887723
60807648
71346008
48610260
438802582
867418915
150585823
61955736
110221690
928269264
23910784
42059011
13408225
120490408
115903771
447180077
260525528
172760554
813483024
2228146
26579027
350872883
375769080
69684974
396723638
487994299
191209746
72905275
76421996
56493166
40078563
123167034
301462821
622997633
173231381
73265786
722469763
306824032
198961187
156839791
186930172
824782295
29279649
7662841
215305650
28670265
162131282
101678469
80914557
140782956
83887515
143023955
151080481
185131810
141225383
276998560
2553561
571364449
61553803
164940843
137572822
20987261
477058661
870119840
539951080
120525930
34332714
169567326
21470831
375613165
145160141
173009647
158313813
8370706
231271904
984548690
952572574
966354409
242662544
185577146
78244546
284459249
401779369
119309734
146872745
49763028
955853556
104014119
103746179
130161684
95654163
112792593
86907897
73632812
52030495
600681082
151193057
97786305
194953037
151663939
81615591
116100924
289808212
61094013
233161554
9650646
203172873
112796608
162456892
214693223
160144803
156855999
203767803
312237966
510475554
229288101
921171402
651856741
145274101
591044341
915322446
360132829
669494489
207339664
144706659
23646580
119711141
345802592
416659915
195449378
368928560
159905242
66260087
22345321
544566734
138806930
498538731
72349828
559726188
65038708
973318337
408854564
514697381
855314871
509554095
922957423
529077708
547019804
372042152
15242399
101223352
174871499
105682990
287259897
104418526
20473715
169264779
144088807
645763279
160646295
36272549
501492917
184141353
90671267
295216000
165531053
366611195
147723416
135652894
173709774
678154362
68468503
175964845
52979200
230439680
167454937
118021281
100216154
298833042
166701681
225938141
180654405
83400171
92210384
319541114
