1.109057666449632
0.09803918307912896
0.963778161599341
0.032043198420726116
0.8446205013289425
0.3716250205218883
3.1295257606853344
2.2351461116513107
2.593096433815229
1.346344978698185
2.170140302810283
1.6740995258311466
1.8480543409809869
0.9100939233695895
1.5932198218714626
1.0898034416750206
1.3776580229409399
1.1893225795607105
1.185185829528587
0.6769816617143947
1.0040187621637422
0.7611520162994243
0.8575198175522538
0.13717458220691592
3.1846487973285367
1.4878261582060333
2.6728353647334613
2.1308216241114657
2.2628966478993684
1.174066568394169
1.9529879314566623
0.7771640516059262
1.6979295247366983
0.5237128331174947
1.4751218051733923
0.9855696623684096
1.269425948155798
0.31596786343803074
1.0668932023659852
0.5254712843404314
0.8710397722980256
0.12898471801754274
3.2369322181699243
0.04017327359838063
2.751130529799597
1.7992042906261352
2.363000392507031
1.1156441183777837
2.0653527399741884
0.31607595048192616
1.8118460278841408
0.47887137981885664
1.5832634526222438
0.6717040202191615
1.3651271972509917
0.5781484244737212
1.141829132713887
0.882385736536774
0.899844067623903
0.5916676035061155
3.2886877484679164
2.619096764361384
2.831197914642349
2.4466822302742752
2.47163605543371
1.584583533656573
2.188710495264803
2.156472272324015
1.9394190830749185
0.05131563531544714
1.7068683191919458
1.562967395530491
1.4768163402018606
0.007484247639547803
1.2317264722578911
0.6467465183827326
0.950314363191012
0.7427545571582845
3.34117303440651
0.7753407820647213
2.9155729193888638
0.9907296814265383
2.590691971085712
0.4781538851057521
2.3264167993278817
0.9965894141380969
2.0850094430614816
1.2189029746173632
1.8510173005433166
1.606297067786397
1.6098243705772903
0.03328117334594127
1.3412627989508519
0.9494377406170684
1.0163791529612045
0.9761219180001854
3.3952358971480763
0.22408130577642815
3.0078578855507754
0.09075044297189905
2.7223027608482866
1.2616077990222072
2.482012874957234
0.3431712203968136
2.253462375537327
1.4070459101036286
2.021683386442691
0.869513949184697
1.7707827598797454
1.688092309021057
1.4767561272527159
0.37708044476267144
1.1014065115254663
0.23305359685961902
3.451541018296652
0.42766933733623347
3.1095684381031488
0.6359585378567738
2.8688446924760944
0.13876666625044276
2.6594733380032975
0.5859581639434088
2.4504607362192123
0.25214257241570426
2.2261753195700846
0.4114404923441173
1.9681352692798497
1.1973058784065764
1.6466133218648311
0.9852969673128396
1.2112177157295339
0.4207114895649857
3.5106695319217636
2.658550767903627
3.2217557924305398
2.896915006659172
3.0329983862118537
1.6897324389984734
2.8633943779241156
1.063045761061141
2.6828227256590846
2.540105136170302
2.473570695960161
0.15331151511788477
2.2127134063777287
1.4951801846330426
1.8619724272018754
0.7256954077744826
1.3540896978992238
0.4306758719725101
3.181814759553048
0.4759736019087919
2.6829447783281424
2.6437604417760907
2.287015509831805
0.6390298476417002
1.9688089470692907
1.943089191059812
1.709826467981415
1.0949402881620691
1.496422855485604
0.7618276295493565
1.318467411739813
1.225438567873745
1.1683830041045473
0.016195263433475215
1.0404557411861612
0.6889107264524272
3.2280785165217
0.1537072005914002
2.749911127648841
0.493811224112223
2.359203942501023
0.9100474408415602
2.037175027139416
0.017375524582647905
1.769372999657708
0.022874268558943367
1.5446507851832556
1.2989999719199834
1.3543832195769574
0.5595426384812083
1.1918712843006558
0.09177592636843479
1.05188888273116
0.7190552717482865
3.26886386077837
2.5607208723610997
2.810832326572986
1.612422886043844
2.426760987635973
0.35329821260655514
2.1027876688812634
0.5780048855286366
1.8302079827542417
0.4528068423139442
1.5993647756649667
0.45081954742703845
1.3944669810445045
1.074332603651458
1.216110954282012
0.819764353702833
1.0638330215678946
1.0517505674378766
3.3083943670863
0.5352798685784785
2.8715636201353627
0.031436431539909826
2.49588515848765
0.9359803052579743
2.1739281825470824
1.7865764387970096
1.9075171780588671
0.5569595070780351
1.6738168930490906
0.5453579707170864
1.456941764153733
1.3456791066031155
1.2496970220941805
1.040386234958226
1.077507409247426
0.3579376781791419
3.3483553457338244
0.08249577323220958
2.9346293311114247
0.8446876216913788
2.5695173674158758
0.4001059654643484
2.2597849629795785
0.24365242625873051
2.0007204036213193
0.26201060680741683
1.7647621561895264
0.7668271464195628
1.5370425373928636
1.372966863287143
1.3074414149810156
1.1260520047183782
1.0939340194556002
0.062312939487457086
3.3897372774461116
0.8174637753239109
3.0016868271903734
1.3727382847661396
2.650770997542671
2.3730452281281433
2.361367266295535
0.16434178428291446
2.1111770376134023
1.6525714826979665
1.8743207974506038
0.8923880818170478
1.6362046864510207
1.3392010917794268
1.3843618978521155
1.2356490090543026
1.1192254877866665
0.18830875754039855
3.433277438522161
0.024731084503988754
3.074125651759333
0.8904609876009815
2.7454384018968803
2.2021450181610094
2.480443580321629
0.7559929019639728
2.2421190945196416
1.4792501305406152
2.006615702742219
0.7575727777651151
1.7587319466826359
0.36592231383956086
1.4830901169249153
0.32054946152598385
1.1697484821626896
0.06235641508287637
3.4796183105649163
0.032120801383166864
3.1532914225119093
0.677185148733523
2.856121066986036
0.22347955726817315
2.619956571072761
0.08598276881158284
2.3980303022553517
0.17135276334816663
2.1673163792245083
0.3657253444543773
1.9108812969216977
1.085985071664429
1.6092148382458218
1.0630888934082439
1.2427269944101362
0.20009230373575182
3.529380306041517
0.6006417610442245
3.2405978575959704
2.413733133046442
2.9849313283938006
1.5029633168871896
2.783820482314164
2.180653981308609
2.584668351876476
0.17176532666260513
2.3637995758786925
0.3507469741087945
2.1010407190262876
0.27756898377183603
1.770801456096696
0.5594610068177399
1.3418406164077554
0.6561093569616627
3.291691716299578
2.8790995446244825
2.85978353421846
0.31685593554450175
2.5027019333704383
0.9519234484871908
2.2051204495286205
0.9782604564781119
1.9551083322486464
1.8028827447149451
1.743351206287561
1.4162130516079556
1.5625525284559822
1.0509585546562077
1.406974083743275
0.4852887252955296
1.272083270555719
0.9319846087587877
3.323668725660955
0.5681491656305422
2.9078285421517425
0.40854546730987185
2.556286322090207
1.2393790626036925
2.2574512319652795
2.0724338360455103
2.0019576357252635
0.5888516620002493
1.7822297251603474
0.1839946020997929
1.5921308547269604
0.23216351949775138
1.4266814344995788
0.34947545776253186
1.2818322225450336
0.8043378791023326
3.3525110757649506
2.178984912552939
2.9522404803346554
0.21830810709407267
2.6069498445361132
0.5046863607639143
2.3079594938089496
0.9222647625221949
2.048026573880131
1.5621849368056804
1.8211064149520162
0.7158693610306113
1.6221527168102376
1.0238824841788765
1.4469504541328915
1.1168221029543774
1.2919763199786072
0.7493209219861132
3.3810629758953663
1.6846852251539168
2.997200557978517
1.0273966236377943
2.65933087731863
0.8020820106180224
2.361219508160035
2.195398414665658
2.09750358781956
1.4838667758648914
1.8635715180258252
1.033993858247789
1.6554586911573903
0.06125449317557674
1.4697572062919946
0.0510560123037771
1.3035377847937362
0.13813571954924164
3.41053292709414
2.454119893857536
3.044626801813635
2.670004135289071
2.7157491875981714
1.3171292892773954
2.419737266720311
1.8415187133106707
2.1529021161361817
1.2360852797711654
1.9119766133417389
0.7979791553674853
1.6940671664670113
0.1256800249956851
1.496614604880964
1.203255078738513
1.3173539346183074
0.0020086793210793985
3.4417009959639007
2.890367130334365
3.09588592919636
1.6074120602997901
2.7780273126425925
1.9629359856765909
2.485668365999829
1.8469492760021433
2.217280526526551
1.2021480006493412
1.974019394073962
0.08331566847070793
1.7457368646051443
1.3808902104315637
1.5293534783188074
0.2507366994992588
1.3344138322933219
0.8739616164445714
3.4752123281700076
0.018340420462225282
3.15221914777481
1.5825718085051879
2.8479608111896813
0.19362341709974196
2.561331671542166
0.0020552343805100293
2.300165088758159
1.1381508389350445
2.0592195395781903
0.7031807056796122
1.8219265326003806
0.7279209354848284
1.5809725955260934
0.022321596543219968
1.356022396919883
0.8826739172984457
3.511686917974579
2.0034994716704144
3.2149114306193134
0.20124980947677962
2.9275231946676765
0.5163034654094254
2.6527488499898997
0.004568675305087311
2.4068011299680983
0.8756519923953494
2.1700648198137564
0.45048171001377124
1.9244169184595337
0.8673438773081377
1.6592098554355883
0.3743910682756715
1.385101225621646
0.3324426922449284
3.5517747102549837
0.2481782677979485
3.285386666022905
3.1224923060316954
3.0189986217908373
2.1272672552691603
2.767075536552672
1.9927637257439992
2.5409264104051665
0.24461130874457382
2.311150662598977
0.00203661955812251
2.057999412241256
0.47931560512770055
1.7667444199423272
0.31257934463595305
1.436764740474941
0.004415001592615653
3.3981642613806313
2.757476567489209
3.03860514009446
0.02463708051792679
2.7293912849237634
1.1045162415976923
2.462226842053398
1.916234208695312
2.2302860533754294
1.751540466131987
2.0279450709109335
2.0013164753125854
1.8505629166638462
1.4750433975642894
1.694302675748427
0.3044239556708628
1.555985594612753
0.012017165704929056
3.4187022391635384
3.198879320096241
3.0705784808430447
1.3029764571140827
2.7662555525581016
1.2805041413223544
2.499357283293202
1.4100612479320338
2.2644876318488634
1.078526895239531
2.0570784412593253
0.06508420201482723
1.8732605196358785
0.03741402887259415
1.709754571808907
1.2222048260325908
1.5637790054660359
1.1277285898085139
3.4376467605684358
2.225527069427267
3.100621784156523
0.012735544977687141
2.8015005625820955
1.4665792482177507
2.5354356623538568
2.499102830836658
2.298222527256195
1.2587097655916182
2.0862148342766202
0.04631532554646878
1.8962506614984962
0.3196374345250943
1.7255881450344877
1.5096456143236328
1.5718494560595646
0.007830265273974124
3.4567998419720016
1.2845525187145004
3.1315226100794753
0.2616956622430937
2.83835155083308
2.7530799339168395
2.573751391994704
0.24452916959431636
2.334582847550985
0.8220494682475188
2.1180593675812145
1.177108856904789
1.9217083981727834
0.8343566980612804
1.7433367070894876
0.9851639893420012
1.5809993720438675
0.27722504529956504
3.4769897023183374
0.2923323311973265
3.1646538601117244
0.9238511590353164
2.8785175712670217
1.7951851166032977
2.61618259963171
0.5525793096175446
2.375469356892795
1.7505479365038026
2.1543978234418955
1.66133776677683
1.9511700339356572
0.1893381188527088
1.7641540078870706
1.0350571274660418
1.59186901413586
1.1436217991539972
3.498809541365757
0.7025016648436573
3.201079907449774
0.024644181849660107
2.923427278000725
0.35851208129113843
2.664412437666206
0.07874262855082748
2.4226965389619055
2.2493602096350553
2.1970345321547384
0.41589013785082507
1.986268993138295
0.6429184382151858
1.789324327090399
1.5366920476334274
1.6052013268447025
0.6543603498009389
3.522802320595316
0.024917514183528056
3.2418419130026876
0.002078636801106093
2.9745617266481865
0.012633619724467415
2.7202760054116313
0.002064788155099251
2.4783315608055734
0.8389915280804976
2.2481063494196736
2.0893708930686223
2.0290081069941595
1.9735787223527819
1.820473037069239
0.4879155233903587
1.621964552225501
1.0399493916082898
3.549535392461385
0.004668699328798098
3.2880821316295137
2.080583868961451
3.033613900390944
1.339615156129395
2.7859462068471705
0.6110475959458519
2.5448990389043287
1.5971697824169366
2.310296766332602
2.109415426958801
2.081968044748187
1.1624217174526326
1.8597457214834163
1.110261531829666
1.6434667433119303
0.7533374924726406
3.5796436856379206
0.7716611563399667
3.341124616788809
0.24258228736683485
3.1026055479396746
2.608855180708863
2.8640864790905507
0.24608752266200895
2.6255674102414233
1.7335844525208106
2.388389820661006
0.023558096034642872
2.151583649545546
1.6600106347698924
1.9107449106159438
0.4719488059879602
1.67149113484491
1.3481188081486568
3.5030222577168635
0.5826047788492694
3.222037510626393
1.4273877383920528
2.9709191596220137
1.4614820412585967
2.7459501789385268
0.8885348193379885
2.543908028380137
2.507677977280513
2.361997358580002
0.14274505062248322
2.1977918594197283
0.5355597608778351
2.0491840294074546
0.6928342716022806
1.9143418030805126
1.40196289761289
3.514686506132345
0.3896674521989061
3.240829742402031
2.3066592197359057
2.9933073242503783
0.004642952020621038
2.7692134724201978
0.16433214735312252
2.565978001404109
0.3675766033932968
2.3813274874883152
0.356343630754699
2.213250834090786
0.3652895357993797
2.0599687535528055
1.2097686576446405
1.919906734927078
1.4053683957779293
3.525688006650954
0.157411771830839
3.258788334652343
3.053395036450099
3.0149718462850794
0.1515386493219637
2.7919944648116815
1.32367512153154
2.5878357684951014
2.074635671581186
2.4006770924370726
1.3358404392235346
2.2288816914345495
1.2880927736634429
2.0709767794925256
0.4333272210712886
1.9256372772167394
0.41773982857466097
3.53704977101211
3.023948320305297
3.2775669784621133
5.237221116329849E-4
3.037899602254579
0.41590064800423043
2.816385044343142
0.012649250949323232
2.6115006089561152
0.436122044933553
2.4218521636107733
1.6579717533861649
2.2461636686278785
1.5541907065791225
2.083267512824308
1.244892922226882
1.9320955972377512
1.436913791070726
3.5492876172239693
3.31685296890965
3.298047415017689
1.3240003807575187
3.0632119447479846
0.34562237340447677
2.8436348337254813
1.5914700142253437
2.6382481512555307
0.22890239446533478
2.446057342192958
2.307769891122711
2.266136464692302
1.4170769775350287
2.0976237152663417
0.18087573374576138
1.9397172251325827
1.3921562300021888
3.5628126802393414
0.17471041562041023
3.320973201109938
0.024799515228751012
3.0919061004231905
1.047539565893521
2.8749115772009874
0.7805594748960294
2.6693263982620605
1.5455592035128838
2.474522131669821
2.2280939529527597
2.2899034582563393
0.8905146181183623
2.1149065580705972
1.2828052222131223
1.9489975687157166
0.28945000907825236
3.5780372085405023
0.5551604626450857
3.347122379126027
1.3723158305459187
3.1250663079091368
1.345378237754007
2.911529487323836
0.031638177484536456
2.706184461890059
1.2803367924642206
2.5087154410365535
0.008084234489213138
2.3188179231289983
2.0275848652843127
2.136198330410638
1.2092508438414251
1.960573654569365
0.3432538869648667
3.5954227753156047
1.4851096751022936
3.377392417490995
0.0046592339962785445
3.163976869213549
1.67385241845132
2.955083030207799
1.7030387542377277
2.750619484358081
0.00812216176267544
2.5504964727324975
1.2508697108897344
2.3546258669904603
1.8581744742744775
2.162921143168937
1.6636532739044831
1.975297355842434
0.03020505705499854
3.6155135903035642
0.2951381689759689
3.412864426120075
1.4233473624799267
3.210215261936579
2.5039592979289047
3.0075660977530845
0.6977087880587991
2.804916933569597
0.3932818265858664
2.602267769386108
1.526770534684971
2.3996186052026065
0.16989001629137768
2.1969694410191103
1.224135203537399
1.994320276835623
1.9675091755664482
3.6074446000137286
2.2652453934191232
3.4120478913097996
0.11020844374536765
3.2306844188778667
1.8065479073265056
3.0621805676328036
0.2824636764227746
2.905466978228147
1.222576252917304
2.7595691327930707
0.03167759984676444
2.623598784270591
0.5373472453034438
2.496746155396313
0.039272020922635154
2.378272839647264
1.6057354709325966
3.612703542459787
0.06088005096515303
3.4208084673866344
0.08357613892192184
3.241465683588764
1.473702030765244
3.073741364708085
1.8207884547512823
2.916773738248305
0.364486247000662
2.7697675627312153
0.8027122753353328
2.6319890159761323
1.5400503445182556
2.5027609651459923
1.643315726019479
2.381458591200209
1.638705990929748
3.617775580703819
0.0410922487166232
3.4293281052939344
0.2923496418507723
3.2520351534507785
0.8764877699405655
3.0851637169448898
0.03204815589546328
2.9280295885452903
1.910343753193815
2.7799942032502756
0.6876297392947084
2.6404616743373746
2.3750723800109546
2.5088760128958043
1.9155933742965106
2.3847185201239958
0.031129200926703238
3.6231283118577675
2.169462193589199
3.4383915789799344
1.0484402200185725
3.263367848115961
0.10910241462639281
3.0975051578796995
2.130067033734309
2.9402825491445572
1.1945890345475938
2.7912084078896653
0.7458253441174509
2.649818890953968
2.3450693226776362
2.515676430841718
1.4198498537855668
2.388368315889264
2.3551880344568934
3.629023234771344
0.194079953671352
3.4484550056768946
3.115817271260344
3.2760526483894665
0.42915236504414267
3.1114291740842717
2.496963647462797
2.9542152438210465
1.3778112653848247
2.804058418830401
0.5789238113991857
2.6606224401044525
2.165289751377765
2.5235865362409884
1.5532135552314745
2.3926447585247157
0.4001043964004145
3.635691468972624
3.2183963280900656
3.459935565069677
0.36207636733689075
3.290646032331008
2.825907298927202
3.127582486708344
2.507437756147266
2.970512898206618
0.8943463757116543
2.819213326325965
1.1250027024605327
2.6734676630897294
1.5199738091364994
2.5330673834610415
0.1452246557878123
2.3978113029556454
0.05717335380475763
3.6433837334403663
1.285943437979519
3.473296776327752
2.917233327737904
3.3077802592331755
2.4881159430711213
3.146715413585131
2.9987903489054144
2.9899862663813037
2.231673948602242
2.8374795815293954
0.06917990775556504
2.689084802285464
1.7380408980262985
2.5446939947713796
0.10348840455716513
2.4042017925532457
0.7375653058312048
3.652397091526076
1.6412711918526242
3.4890969383247725
0.07156742233086355
3.328228696129452
0.032234937162909816
3.1697591670046528
1.3614941814992036
3.013655549661868
1.5421335562398166
2.859885435326401
0.09279141847288042
2.708416803642164
0.87368795249398
2.559218018613926
0.3873800164824859
2.412257824586842
0.9003799720393229
3.663097013264645
0.17589509758341926
3.5080312720422384
0.8018846477477837
3.35296553081983
2.562250066144223
3.1978997895974146
2.943772019769673
3.042834048374999
1.1016073841120608
2.8877683071525873
2.28155886698881
2.7327025659301754
5.222439492609254E-4
2.5776368247077706
0.07910116034858738
2.422571083485348
0.7384633748219027
3.712275862373465
1.1364401813043692
3.610269131862001
2.2668226631638184
3.5119785407153534
3.3973671223512527
3.4172473695787478
0.38635328286105075
3.3259258739125883
1.714677173219025
3.237870970455334
2.835514964786209
3.1529459375901965
0.9304858224544361
3.071020129016124
0.0182663117514954
2.9919687001476074
0.44070151496212695
3.713614663377399
1.9562313563660076
3.612573653862425
0.7511593861769956
3.5149076203337124
0.3175599152158144
3.4204895617496174
0.018418784774160812
3.3291973875119387
1.3379435509122084
3.2409137304572706
1.1243174192550267
3.1555257667142413
0.32917021058537
3.072925042186405
2.838055676249077
2.9930073054286686
0.1075191574495058
3.714935244197637
0.5972182757875117
3.61485580389747
1.821170918242796
