261
ADAGIOS
AGATOID
AGELESS
AGNAMED
AGNIZES
AGOUTIS
AMALGAM
ANATTOS
ANGARIA
ANHINGA
ANOETIC
ANOSMIC
ANTIGEN
APTOTES
ASCONCE
ATTONCE
ATTONED
AUTOMEN
AVENGES
BAGGITS
BASIONS
BEMOANS
BESINGS
BETTONG
BOATMEN
CAMOGIE
CANNONS
CANTIONS
COESITE
COGENCE
COIGNES
COMETIC
COMSATS
CONGESTS
CONNATE
COTINGA
DEMAGOG
DEMOTED
DESIGNS
DISTOME
DOGEDOM
DOMINIE
DOSAGES
EAGLETS
ECOTONE
EMIGREE
ENDOGEN
ENGRAMS
ENSIGNS
ENTERON
ENTOTIC
ENTOZOA
EPIGONE
EPINAOI
EPITOME
EROTEMA
ESSOYNE
ESTOILE
ETHIONS
GABIONS
GAITERS
GALLISE
GALLOON
GALLOONS
GAMBOES
GAMETAL
GASTRIN
GELATES
GENTILE
GIBBETS
GILGAIS
GILLETS
GINGERS
GINZOES
GLEEMEN
GLEENIE
GOBBETS
GODDAMN
GOLLANS
GORGERS
GOZZANS
GRANGER
GREATEN
GREATER
GREENER
GREENIE
HEIGHTS
HEMAGOG
HOMININ
IGNATIA
IMAGISM
IMPINGE
INDIGEN
INGENUS
INTRONS
ISODOSE
ISOLOGS
ISOTOPE
JETSONS
JIGAJOG
KOKANEE
LANOLIN
LESIONS
LESSONS
LIGASES
LINALOL
LOMENTA
MAINORS
MALIGNS
MAMELON
MAMELONS
MARGOSA
MARRONS
MASONIC
MATZOON
MELANGE
MELTAGE
MEMOIRS
MEROMES
MERSION
METAZOA
METOPON
MINNOWS
MISGAGE
MISTICO
MOBSMEN
MOGGANS
MOISTEN
MOLOSSI
MONAXON
MONDAIN
MONETHS
MONGERS
MONIALS
MONILIA
MONISMS
MONOSES
MONTERO
MORGANS
MORIONS
MUNTINGS
MYOTOME
NIAGARA
NIDINGS
NIGHTIE
NILGAIS
NIMIOUS
NOMINAL
NOMISMS
NONANES
NONUSES
NOSINGS
NOVATES
OBSIGNS
OCICATS
OCTANES
OCTETTS
OESTRIN
OGDOADS
OGRISMS
OHMAGES
OILLETS
OLEATES
OMELETS
OMENTAL
OMMATEA
ONAGERS
ONBEATS
ONCOGEN
OPSONIN
ORARION
ORGANON
ORIGANE
ORIGANS
OSSEOUS
OUTGUNS
OUTNAME
OUTSEEN
OUTSUNG
PASSION
PIEINGS
POINTES
POMPOON
POSTMEN
RAGSTONE
REASONS
REMOTER
RESIGNS
RINGMEN
RISOTTO
RONIONS
ROOTERS
RORTERS
ROSEATE
ROTTERS
SALTATO
SAMSHOO
SANGHAS
SANIOUS
SANTONS
SARANGI
SHOOTIE
SIEGERS
SILAGES
SIMOOMS
SINKAGE
SINOPIA
SINOPIE
SIRGANG
SISSOOS
SKIINGS
SMALTOS
SMIDGES
SNIGGED
SNIGGER
SNOODED
SOAKAGE
SOCCAGE
SOCIATE
SOLATIA
SOLIONS
SOMITAL
SOMITIC
SONANCE
SONDAGE
SONTAGS
SOPITES
SORITES
SOROSES
STAGGIE
STANOLS
STELLIO
STEPMOM
STEREOS
STOOPES
STOOZES
STRETTO
SYNAGOG
SYNGAMY
SYNTAGM
SYNTONE
THENAGE
TIMOLOL
TOCCATA
TOENAIL
TOGATED
TONEARM
TONEMIC
TOOTSIE
TORTONI
TOSTONE
TOTEMIC
TOUSTIE
TRITONE
TSIGANE
TWOSOME
USTIONS
VANTAGE
WANTAGE
WEASONS
WINGMEN
