2325
ABSEYS
ACKNEW
ACOCK
ACTIVE
ACTURE
ADAWED
ADNEXA
AEDES
AGOGE
ALECKS
ALKENE
ALKIES
ALKYLS
ALPINE
AMPULE
ANAGEN
ANKLED
ANKLES
ANNEXE
ANTICK
APACE
APAGE
APEDOM
APERCU
APNEIC
APPOSE
APTOTE
ARCKED
ARETES
ARTSIE
ASHKEY
ASKERS
ASPICK
ASPINE
ASPIRE
ASSETS
ASTONE
ASTUTE
AWOKEN
AXISES
AXLIKE
BADDER
BADGED
BAFFED
BAGGED
BAGGER
BAKING
BALDIE
BALEEN
BALISE
BALLED
BALLER
BAMMED
BAMMER
BANGLE
BANNED
BANNER
BARDIE
BARITE
BARMIE
BAROCK
BARQUE
BARRED
BARREL
BARREN
BARRES
BARYTE
BASEEJ
BASHES
BASQUE
BASSED
BASSER
BAZZED
BAZZES
BECOME
BEDDED
BEEDIE
BEETED
BEFORE
BEGONE
BEHOVE
BEIGNE
BELIKE
BELIVE
BELOVE
BELTED
BELTER
BEMBEX
BEMIRE
BEMUSE
BEPUFF
BERAKE
BERIME
BERTHE
BESES
BESETS
BESIDE
BESTED
BESTIE
BETELS
BETHEL
BETING
BETOIL
BETONS
BETONY
BETRIM
BETROD
BETTED
BETTER
BHAGEE
BHAJEE
BIBBLE
BICKIE
BIDETS
BIFLEX
BIMBLE
BINMEN
BIPEDS
BIRDER
BIRKIE
BIRLER
BISHES
BLEACH
BLEAKS
BLEAKY
BLEARS
BLEARY
BLENNY
BLOOK
BLUETS
BOBBLE
BOCCE
BODGED
BODIED
BOKKEN
BOLETI
BONNE
BOOBIE
BOOKSY
BOOTED
BORDER
BOSHES
BOSIES
BOTHIE
BOUFFE
BOULLE
BOWETS
BOYKIE
BREACH
BREADS
BREADY
BREAKS
BREAMS
BREARE
BREEKS
BREKKY
BRETON
BRIBEE
BRIDIE
BROOK
BRUTER
BRUXED
BRUXES
BUBBIE
BUBBLE
BUCKIE
BUCKLE
BUDGED
BUFFE
BUMBLE
BUNKIE
BUNSEN
BUPKIS
BURBLE
BURETS
BURGER
BURIER
BURKER
BURLER
BURNER
BUSHES
BUSIES
BUTANE
BUTENE
BYTALK
CABBED
CABRIE
CADEES
CADETS
CADGED
CAECUM
CAIQUE
CAJOLE
CAKING
CALLED
CALLER
CALQUE
CAMISE
CAMMED
CAMOTE
CANDIE
CANDLE
CANGLE
CANGUE
CANNED
CANNEL
CANNER
CAPERS
CARDER
CARDIE
CAREEN
CARETS
CARIBE
CARNIE
CARREL
CARVER
CASEIC
CASHES
CASQUE
CAUDLE
CAYUSE
CEDED
CENDRE
CENTER
CENTRE
CEPAGE
CERISE
CERTES
CERTIE
CERULE
CERUSE
CERVIX
CESSES
CESURE
CETYLS
CHACED
CHACES
CHACKS
CHEEK
CHEEKS
CHEEKY
CHEFFY
CHELPS
CHEMMY
CHENIX
CHERRY
CHIACK
CHICLE
CHIRRE
CHOOK
CHUKKA
CHYACK
CILICE
CIPHER
CIRCLE
CITOLE
CIVETS
CLACKS
CLEANS
CLEARS
CLEAVE
CLEEK
CLEEKS
CLICHE
CLOCHE
COBWEB
COIFFE
COMAKE
COMETH
COMETS
CONCHE
CONINE
CONMEN
CONNE
CONVEX
COOERS
COOEYS
COOTER
COPENS
COPERS
COPIED
COPIER
COPIES
COPSED
COPSES
CORDER
CORKER
CORNER
CORTEX
COSECS
COSHES
COSIES
COTISE
COTYLE
COTYPE
COUCHE
COVETS
COYOTE
CRACKS
CRACKY
CRATER
CREACH
CREAGH
CREAKS
CREAKY
CREAMS
CREAMY
CREASE
CREASY
CREEK
CREEKS
CREEKY
CRESSY
CRETIN
CROCHE
CROOK
CROSSE
CROUPE
CRUETS
CRUXES
CUISSE
CULETS
CUPELS
CUPMEN
CURARE
CURBER
CURETS
CURLER
CURSER
CUSECS
CUSHES
CYPHER
CYPRES
CYTASE
CYTODE
DABBER
DACITE
DACKED
DAEING
DAEMON
DAGGER
DALETH
DALLES
DAMMER
DANGLE
DAPHNE
DARGLE
DARKED
DARNER
DARRES
DARTRE
DASHES
DEBILE
DEBONE
DECILE
DECIME
DECOKE
DEDANS
DEFIED
DEFILE
DEFINE
DEFLEX
DEFTER
DEFUSE
DEFUZE
DEGAGE
DEICED
DEKKO
DELICE
DELIME
DELUGE
DELVED
DEMISE
DEMOED
DEMURE
DENGUE
DENIED
DENTEL
DEPEND
DEPLOY
DEPUTE
DERIVE
DERNED
DESINE
DESIRE
DESSES
DESYNE
DETENU
DETERS
DETICK
DETOUR
DEUCED
DEVICE
DEVISE
DEVORE
DIADEM
DICKIE
DICKTY
DIDDLE
DIEOFF
DIETED
DIKDIK
DILDOE
DINDLE
DINGED
DINKIE
DIPPED
DIRLED
DISCED
DISHED
DISHES
DISMES
DISUSE
DITONE
DIVIDE
DODDLE
DOGLEG
DOILED
DONGED
DONNE
DOOCED
DOODLE
DOOKED
DOOMED
DOORED
DOPERS
DOPIER
DOPPED
DORMER
DORPER
DORSER
DOSHES
DOTAGE
DOUSED
DOWNED
DOWSED
DOYLEY
DRAGEE
DRAWEE
DREADS
DREAMS
DREAMY
DREARE
DREGGY
DREKKY
DRESSY
DRONED
DROOK
DROVED
DRUDGE
DUCKIE
DUDDIE
DUDEEN
DUELLI
DUELLO
DUETED
DUMBED
DUNGED
DUPERS
DUPERY
DUPPED
DURNED
DUSHED
DUSHES
DUVETS
DWELLS
DWINED
EBBING
EBOOKS
ECARTE
ECBOLE
ECESIS
ECHOED
ECHOER
ECHOES
ECHOEY
ECLOSE
ECTOPY
ECURIE
EDDISH
EDGERS
EDGIER
EDIBLE
EDILES
EDUCES
EERIER
EFFACE
EFFEIR
EFFERE
EFFIGY
EFFING
EGGARS
EGGERS
EGGERY
EGRESS
EGRETS
EIDERS
EIRACK
EISELL
ELAINS
ELANDS
ELDERS
ELEVEN
ELICHE
ELIDES
ELITES
ELMIER
ELOGES
ELTCHI
ELUATE
ELUDER
ELUDES
ELUTED
ELUTES
ELVERS
EMAILS
EMBACE
EMBALE
EMBALM
EMBANK
EMBARK
EMBASE
EMBEDS
EMBERS
EMBOSS
EMBRUE
EMCEED
EMCEES
EMEERS
EMESIS
EMIGRE
EMLETS
EMMERS
EMMESH
EMMEWS
EMOTED
EMOTER
EMOTES
EMOVED
EMOVES
EMPARL
EMPIRE
EMPUSE
EMULED
EMULES
EMULGE
EMUNGE
EMURED
EMURES
EMYDES
ENAMOR
ENARCH
ENARMS
ENCAGE
ENCASE
ENCAVE
ENCODE
ENCORE
ENDERS
ENDEWS
ENDING
ENDIVE
ENDOSS
ENDUES
ENDURE
ENEWED
ENFACE
ENFIRE
ENGOBE
ENGORE
ENISLE
ENLACE
ENMESH
ENMEWS
ENMOVE
ENNAGE
ENNOGS
ENNUIS
ENRACE
ENRAGE
ENRING
ENROBE
ENROLL
ENSATE
ENSERF
ENSILE
ENSUED
ENSURE
ENTAIL
ENTICE
ENTIRE
ENTOIL
ENTOMB
ENURED
ENURES
ENURNS
ENVIED
ENVIER
ENVIES
ENWIND
ENZYME
EOSINE
EQUATE
EQUINE
ERGATE
ERMINE
ERNING
ERODES
ERRAND
ERRING
ESCARS
ESCHEW
ESKARS
ESNECY
ESPIED
ESPIER
ESSOIN
ESTATE
ESTERS
ESTOCS
ESTRIN
ESTROS
ESTRUM
ESTRUS
EUCHRE
EUGHEN
EUMUNG
EUNUCH
EUPADS
EURIPI
EVENED
EVENER
EVILER
EVINCE
EVITED
EVITES
EVOKED
EVOKER
EVOKES
EVOLUE
EVULSE
EVZONE
EWFTES
EWGHEN
EXAMEN
EXCEED
EXCELS
EXCESS
EXCITE
EXFILS
EXODIC
EXODUS
EXOMIS
EXONIC
EXONYM
EXOTIC
EXPAND
EXPATS
EXPIRY
EXPUGN
EXTASY
EXTEND
EXTERN
EXTINE
EXTOLD
EXTOLS
EXULTS
EXURBS
EYRIES
EZINES
FABBER
FACETS
FACILE
FADGED
FAGGED
FAIBLE
FAKEER
FAKING
FAKIRS
FALLEN
FALLER
FALSIE
FAMINE
FANGLE
FANNED
FANNEL
FANNER
FARCER
FARCIE
FARMER
FARRED
FARREN
FASCES
FASHES
FAVOSE
FEEBLE
FEERIE
FELINE
FELTED
FELTER
FERER
FERINE
FERLIE
FERULE
FESCUE
FESSES
FESTER
FETICH
FETING
FETISH
FETORS
FETTED
FETTER
FETTLE
FEUTRE
FEWTER
FICKLE
FIDGED
FILETS
FILLE
FINITE
FIRMER
FISHES
FITCHE
FLEADH
FLEAMS
FLEEK
FLEEKS
FLETCH
FLIXED
FLIXES
FLOTEL
FLUXED
FLUXES
FOETID
FOETUS
FOLKIE
FOOTED
FOOTER
FORCER
FORFEX
FORGER
FORKER
FORMER
FOSSE
FOUETS
FRATER
FREAKS
FREAKY
FRUTEX
FUDGED
FUMETS
FURDER
FUREUR
FURLER
FURORE
FUTILE
GABBED
GABBER
GADDER
GAFFED
GAFFER
GAFFES
GAIETY
GALLED
GALLEY
GALORE
GAMBLE
GAMINE
GAMMED
GAMMER
GAMMES
GAMONE
GANNED
GAPERS
GARBLE
GARNER
GAROTE
GARRED
GARRES
GARVIE
GASHES
GASSED
GASSER
GAUCHE
GAUCIE
GAUFRE
GAWSIE
GEITED
GENOME
GENTES
GENTLE
GESSES
GETTER
GIDGEE
GIGGLE
GILETS
GIMME
GINGLE
GIPSEN
GIRDER
GIRNER
GLEAMS
GLEAMY
GLEANS
GLEAVE
GLEEK
GLEEKS
GLISSE
GNEISS
GODETS
GOETIC
GOGGLE
GOOGLE
GOPHER
GOPIKS
GORIER
GOSSE
GRAKLE
GRATER
GREASE
GREASY
GREAVE
GREEK
GREGOS
GREMMY
GRIFFE
GRILLE
GUGGLE
GUIMPE
GUINEP
GULETS
GUNMEN
GURGLE
GUSHES
GUSLES
GUTSES
HABILE
HADDEN
HAEING
HAEMIC
HAEMIN
HAGGED
HAIDUK
HAIQUE
HAJJES
HAKEA
HAKEEM
HAKIMS
HALIDE
HALITE
HAMBLE
HAMMED
HAMMER
HAMOSE
HANDLE
HAPTEN
HAPUKA
HAPUKU
HARDER
HAREEM
HARMER
HASSEL
HATPEG
HAUYNE
HEEZIE
HEFTED
HEFTER
HEISHI
HENNIN
HENTED
HETERO
HETING
HETMEN
HETTIE
HICKIE
HOCKLE
HOMME
HONKIE
HOOEYS
HOOPOE
HOOTED
HOOTER
HOPERS
HORNER
HUCKLE
HUNKIE
HURLER
HYGGE
HYPATE
HYPERS
HYPOED
ICEBOX
ICKILY
IDEALS
IGNITE
IMBREX
IMMESH
IMMEWS
IMPELS
IMPEND
IMPLED
INCISE
INCITE
INDITE
INDUED
INLETS
INNERS
INSIDE
INTAKE
INTEND
INTIME
INTINE
INTIRE
INTUSE
INVITE
INWICK
IODINE
IODISE
IODIZE
IOLITE
IONISE
IONIZE
IONONE
IRATER
IRKING
ISOLEX
ISSEIS
IXTLES
JABBED
JABBER
JAGGED
JAGGER
JAMBOK
JAMMED
JAMMER
JANGLE
JANNEY
JAPERS
JAPERY
JARRED
JARVIE
JASEYS
JASIES
JATAKA
JAUNCE
JAUNSE
JAZZED
JAZZER
JAZZES
JEELIE
JERQUE
JESSES
JESTED
JESTER
JETONS
JETSOM
JETSON
JETTED
JINNE
JINXED
JINXES
JIRRE
JOSHES
JUDGED
JUNKIE
JYNXES
KHADIS
KHAKIS
KHALIF
KHANUM
KHARIF
KHAZIS
KHILIM
KIANGS
KIAUGH
KIBBEH
KIBBES
KIBBIS
KICKUP
KIDDER
KIDDOS
KIDVID
KIKUYU
KILIMS
KILLED
KILLER
KILTIE
KIMMER
KINASE
KINDED
KININS
KIRRIS
KIRTLE
KISANS
KISHKE
KISSED
KISSEL
KISSER
KITERS
KITSCH
KITTLY
KITTUL
KITULS
KLANGS
KLICKS
KLOOCH
KLOOFS
KNARLS
KNARLY
KNAURS
KNEADS
KNICKS
KNOCKS
KNOSPS
KNOWNS
KOBOLD
KOKAMS
KOKIRI
KOLHOZ
KOLKOZ
KONDOS
KOOKUM
KOORIS
KORARI
KOSMOS
KOTARE
KOTUKU
KOUROI
KOUROS
KRANGS
KRISES
KRONEN
KRONOR
KROONI
KROONS
KRUNKS
KUDLIK
KUDZUS
KULTUR
KUMISS
KUMMEL
KUNKUR
KURRES
KURUSH
KYANGS
KYNDED
LACETS
LACUNE
LADDER
LAGGED
LAGGEN
LAGGER
LAGUNE
LAKING
LAKINS
LAKISH
LAMBIE
LAMMED
LAMMER
LANGUE
LANNER
LANOSE
LAPELS
LAPSES
LARDER
LAREES
LARGER
LARINE
LASERS
LASHES
LASQUE
LATEEN
LAUNCE
LAVEER
LAWINE
LECHWE
LEEARS
LEFTER
LEFTIE
LEGUME
LESES
LESSEE
LESSES
LESTED
LETHEE
LETHES
LETTED
LETTER
LETTRE
LIGGE
LINDEN
LINGEL
LIONEL
LOANEE
LOCALE
LODGED
LOOEYS
LOOTED
LOOTEN
LOOTER
LOPERS
LORNER
LOSELS
LUCKIE
LUETIC
LUMME
LUNETS
LUNULE
LURKER
LUSHES
LUTEUM
LYNXES
MACULE
MADDEN
MADDER
MAELID
MAERLS
MAGGED
MAIGRE
MAKING
MAKUTA
MALGRE
MALICE
MALINE
MALLED
MALLEI
MAMEES
MANCHE
MANGLE
MANNED
MANNER
MANQUE
MANURE
MARBLE
MARINE
MARQUE
MARRED
MARVER
MASCLE
MASERS
MASHES
MASHIE
MASQUE
MASSED
MATOKE
MAUGRE
MEETER
MEETLY
MEKKA
MELIKS
MELTED
MELTER
MENYIE
MERER
MESES
MESSES
MESTER
METEOR
METERS
METHOD
METHOS
METHYL
METICS
METIER
METIFS
METING
METOLS
METRED
METRES
METRIC
METROS
METTLE
MICKLE
MIKADO
MILLE
MINXES
MIRKER
MISUSE
MNEMIC
MOCOCK
MOCUCK
MODGED
MOIETY
MONEME
MONETH
MOOTED
MOOTER
MOPEDS
MOPERS
MOPERY
MOPIER
MOSHES
MOTILE
MOTIVE
MOUSSE
MUCKLE
MUDGED
MUKTUK
MURDER
MURKER
MURRE
MUSEUM
MUSHES
MUSKIE
MUSKLE
MUSSE
MUTASE
MUTINE
NABBED
NABBER
NAEVUS
NAFFED
NAFFER
NAGGED
NAGGER
NANITE
NANKIN
NAPERY
NASUTE
NEBULE
NEEDLE
NEPETA
NESSES
NESTED
NESTER
NESTLE
NETFUL
NETHER
NETTED
NETTER
NETTIE
NETTLE
NEUTER
NEWBIE
NEWSIE
NICETY
NICKLE
NIELLO
NIENTE
NIKABS
NIKAHS
NIKAUS
NISEIS
NISHES
NISSE
NOCAKE
NOETIC
NONKIN
NOSHES
NOSIES
NOTICE
NUDGED
NUDNIK
NURSER
OAKUMS
OARIER
OBEAHS
OBJETS
OBTUSE
OCEANS
OCELLI
OCHONE
OCTANE
OCTAVE
ODEONS
OEUVRE
OFFEND
OFFERS
OLLERS
ONCOME
ONYXES
OODLES
OOFIER
OOSIER
OOZIER
OPEPE
OPERON
OPHITE
OPINED
OPINES
OREADS
ORGONE
ORIFEX
ORIOLE
ORYXES
OSMOLE
OSPREY
OSSEIN
OUPHES
OURIER
OUTAGE
OUTASK
OUTBYE
OUTLIE
OUTVIE
OWLETS
OWRIER
OXHERD
OXIDES
OXIMES
OXYGEN
OXYMEL
PADDLE
PADOUK
PAIDLE
PAIGLE
PAIOCK
PAJOCK
PAKIHI
PAKORA
PALMIE
PANICK
PANISK
PARDIE
PAROLE
PATIKI
PATINE
PATTED
PATTEN
PATTER
PATTES
PAUNCE
PAVISE
PAVONE
PAWNCE
PEATS
PEATY
PEDATE
PELITE
PENNA
PEREA
PEROXY
PESTS
PETER
PETERS
PETTED
PETTER
PETTLE
PEWITS
PEYOTE
PEYOTL
PHIZES
PHLOEM
PHONED
PHONER
PHONES
PHONEY
PHYSED
PIGMEN
PILFER
PILULE
PINCER
PINDER
PINGED
PINGER
PIONED
PIONER
PIONEY
PIOYES
PIPERS
PIPETS
PIQUED
PIQUES
PIRATE
PISHED
PISHER
PLEATS
PLEXOR
PLEXUS
PLINKS
PLINKY
PLISKY
PLONKS
PLONKY
PLOOK
PLOUKS
PLOUKY
PLOVER
PLOWED
PLOWER
PLOYED
PLOYES
PLUCKS
PLUCKY
PLUMED
PLUMES
PLUNKS
PLUNKY
PLUSED
PODGES
PODLEY
POGGE
POGIES
POISED
POISER
POLDER
POLIES
POLJES
POLLEX
POMBES
PONCED
PONCES
PONCEY
PONDER
PONGED
PONIED
PONIES
POOED
POOKS
POORER
POPERY
POPSIE
PORAES
PORGED
PORGES
POSHED
POSHER
POSIER
POSSE
POTTLE
POUDER
POUFED
POULES
POURED
POWDER
POWNEY
POWRED
POWRES
POYSED
PRICED
PRICES
PRICEY
PRICKS
PRICKY
PRIDES
PRIMED
PRIMES
PRINKS
PRISED
PRIZED
PRIZES
PROBED
PROBES
PROKER
PROLED
PROLEG
PROLES
PRONES
PRONKS
PROSED
PROVED
PROVEN
PROVES
PRUDES
PRUNED
PRUNES
PRUNEY
PRYSED
PUDGES
PUDSEY
PULIER
PULSED
PULSER
PULVER
PUMIES
PUNCED
PUNCES
PUNIER
PURGED
PURGES
PURLED
PURSED
PURSEW
PURVEY
PUSHED
PUSHER
PUSLED
PUSLEY
PUTELI
PUTTIE
PUTURE
PYONER
QUEACH
QUEANS
QUEASY
QUEAZY
QUELLS
QUETCH
QUIETS
QUINIE
QUOKKA
RACKER
RADOME
RAGEES
RAGGED
RAKEES
RAKERS
RAKERY
RAKING
RAKISH
RAMBLE
RAMEES
RAMETS
RAMMED
RAMMEL
RAMOSE
RANDIE
RANEES
RANKER
RAPERS
RAPIER
RAPINE
RASHES
RASHIE
RATEEN
RATITE
RAUCLE
RAUNGE
RAVINE
RAZEED
RAZEES
RAZZED
RAZZES
REBUKE
RECHIE
RECODE
RECULE
RECUSE
REDDED
REDED
REDONE
REDUCE
REFILE
REFINE
REFLEX
REFLUX
REFUGE
REFUSE
REGIME
REGIVE
REGLUE
REHOME
REINKS
REIVER
RELIDE
RELIER
RELINE
RELIVE
RELUME
REMAKE
REMBLE
REMISE
REMOVE
RENDER
RENNIN
RENTED
RENTES
REPAVE
REPINS
REPLOW
REPLUM
REPOLL
REPOUR
REPUGN
REPUTE
RERAIL
RESCUE
RESES
RESETS
RESHOE
RESIDE
RESILE
RESIZE
RESOLE
RESTED
RESTEM
RESUME
RETEMS
RETIED
RETIES
RETOLD
RETOUR
RETTED
RETUND
REURGE
REVILE
REVISE
REVOKE
REWAKE
REWOKE
REWOVE
REZONE
RHEBOK
RHYMER
RIBIBE
RICHER
RICKLE
RIDGED
RIDGER
RIFLER
RILLE
RINGER
RINSER
RIPELY
RIPENS
RIPPER
RISERS
RIVETS
ROARED
ROGUER
ROKIER
ROLFER
RONNE
RONZER
ROOFER
ROOMER
ROOSER
ROOTED
ROPIER
RORTER
ROSETY
ROSIER
ROSIES
ROTCHE
ROUSER
ROZETS
RUBIER
RUCKLE
RUFFE
RUINER
RULIER
RUNKLE
RUSHER
RUSHES
RUSSE
RUSTRE
RUTILE
RYMME
SABBED
SABERS
SABINE
SACQUE
SADDEN
SADDER
SAETER
SAFETY
SAGGED
SAGGER
SAHEBS
SAIQUE
SAKAIS
SALINE
SALUTE
SAMEKS
SAMITE
SAMMED
SANDEK
SANKOS
SAPEGO
SAREES
SARMIE
SARNIE
SARODE
SASERS
SATEEN
SAULGE
SAULIE
SAVERS
SAVEYS
SAVINE
SAVVEY
SAWERS
SAYEDS
SAYERS
SCHLEP
SCOLEX
SCONES
SCORES
SCRAES
SCRIES
SCRYER
SCULKS
SCULLE
SCUSES
SECURE
SEDGES
SEDILE
SEDUCE
SEELIE
SEGUES
SEICHE
SEINES
SEITEN
SEIZES
SELFIE
SELVES
SEMBLE
SEMIES
SENILE
SENTED
SEPIUM
SEPOYS
SEPSES
SERER
SERGES
SERIES
SERINE
SERVES
SESAME
SESHES
SESSED
SESSES
SETONS
SETOUS
SETTER
SETTLE
SHEAFY
SHEAVE
SHEETS
SHEIKS
SHELLY
SHERRY
SHINES
SHINNE
SHIRES
SHIRKS
SHIVES
SHLEPS
SHMOES
SHNOOK
SHOCKS
SHOOK
SHORES
SHOVES
SHREIK
SHTICK
SHTUCK
SHUCKS
SHULES
SICKIE
SICKLE
SIDLED
SIDLES
SIKSIK
SILKIE
SILVEX
SINGES
SITREP
SKEED
SKEEF
SKEEN
SKEER
SKINKS
SKIOES
SKIVED
SKIVER
SKIVES
SKOLED
SKOOSH
SKRIED
SKRIES
SKRIKS
SKRONK
SKULKS
SKUNKS
SKYBOX
SKYFED
SKYIER
SKYMEN
SKYRED
SKYRES
SLEAVE
SLEAZE
SLEAZO
SLEAZY
SLEEK
SLEEKY
SLEEPS
SLEETS
SLICES
SLICKS
SLIDES
SLIMES
SLINKS
SLIVES
SLUSES
SMEARY
SMEEK
SMEIKS
SMELLY
SMERKS
SMILES
SMIRKS
SMOCKS
SMOKIE
SMORES
SNASTE
SNEAKS
SNEAKY
SNECKS
SNELLY
SNICKS
SNIDES
SNOOK
SNORES
SNOWKS
SNUBBE
SOCLES
SOLDES
SOLGEL
SOLVES
SONCES
SONDES
SONNE
SONSES
SONSIE
SOOLES
SOOTED
SORDES
SORNER
SOUCES
SOUSES
SOWCES
SOWLES
SOWNES
SOWSES
SOYLES
SPAKE
SPARKE
SPARSE
SPATES
SPECKY
SPICED
SPICER
SPICEY
SPIDER
SPIELS
SPIERS
SPILED
SPINED
SPINEL
SPIRED
SPIREM
SPITES
SPLICE
SPLINE
SPLORE
SPONGE
SPOOK
SPOOKY
SPORED
SPREDS
SPREWS
SPRITE
SPRUCE
SPRUIK
SPUERS
SPULYE
SPUMED
SPUNGE
SPUNKY
SPURGE
SPURNE
STACKS
STADES
STAGES
STALES
STALKS
STANES
STANKS
STARES
STARKS
STAVES
STEDDY
STEEPS
STEEPY
STEILS
STEINS
STELLA
STEMMA
STEMMY
STENDS
STENOS
STERNS
STIFLE
STIGME
STINGE
STOBIE
STODGE
STOEPS
STOGIE
STOOGE
STOOZE
STORGE
STOURE
STOWRE
STREEK
STREEL
STREPS
STRESS
STRICK
STRIDE
STRIFE
STRINE
STRIVE
STROBE
STRODE
STROVE
STRUCK
STYLIE
STYMIE
STYTE
SUBDEB
SUCKLE
SUCRES
SUDSES
SUETES
SUNKEN
SUNKIE
SUPERB
SURETY
SURFER
SURGER
SURGES
SUTILE
SVELTE
SWEARD
SWEARY
SWEEPS
SWEETS
SWILES
SWINES
SWINKS
SWIRES
SWIVES
SYBBE
SYBOES
SYPHER
TACKED
TACKER
TACKEY
TAEING
TAKEUP
TAKHIS
TAKIER
TAKING
TAKINS
TAKKY
TALKED
TALKER
TANKED
TANKER
TASERS
TASKED
TASKER
TCHICK
TEADE
TEASE
TEAZE
TECTUM
TEDDER
TEETER
TELLEN
TELLER
TENETS
TENNER
TENNES
TENTED
TENTER
TENTHS
TENTIE
TERETE
TESTED
TESTER
TESTON
TETTER
TEXES
THEAVE
THEEKS
THETES
THICKO
THICKS
THICKY
THINKS
THIVEL
THOLED
THOLES
THOUED
THOWEL
THROED
THROES
THUNKS
THYMES
TICHES
TICKED
TICKEN
TICKER
TICKEY
TICKLE
TIDIED
TIEPIN
TIKIED
TILDES
TIMBER
TINDER
TINGED
TINGES
TINKED
TINKER
TINKLE
TINSEL
TINSEY
TIRLED
TIROES
TITELY
TITERS
TITTED
TITTER
TOBIES
TOCHER
TOCKED
TODDED
TODGER
TODIES
TOGUES
TOILED
TOILER
TOILES
TOKENS
TOKERS
TOLSEY
TOLZEY
TOMBED
TONGED
TONGER
TONIER
TONIES
TONKED
TONKER
TOPEKS
TOQUES
TORERO
TORIES
TORSEL
TOSHED
TOSHER
TOSSES
TOTEMS
TOTERS
TOTTED
TOTTER
TOUKED
TOURED
TOUSED
TOUSER
TOUZED
TOUZES
TOWIER
TOWIES
TOWSED
TOWSER
TOWZED
TOWZES
TOYMEN
TOZIES
TREPID
TRESSY
TRIBES
TRICED
TRICES
TRICKS
TRICKY
TRIKES
TRIMER
TRINED
TRINES
TROCKS
TRODES
TROKED
TROKES
TRONES
TRONKS
TROVER
TROVES
TROWED
TROWEL
TRUCED
TRUCES
TRUCKS
TRUFFE
TRUNKS
TRYKES
TSORES
TUCKED
TUCKER
TUILES
TUILLE
TUNIER
TUPEKS
TURFED
TURFEN
TURKEY
TURMES
TURNED
TURVES
TUSHED
TUSKED
TUSKER
TUSSES
TUTEES
TUTSES
TUTTED
TWEETS
TWEEZE
TWICER
TWINED
TWINER
TWINES
TWINKS
TWINKY
TWIRED
TWIRES
TWOFER
TYROES
UBIETY
UDDERS
UMPIES
UNCAKE
UNCOCK
UNCOPE
UNCUTE
UNDECK
UNDYED
UNEASE
UNEASY
UNGETS
UNHOOK
UNHUSK
UNISEX
UNKISS
UNMAKE
UNPEGS
UNPOPE
UNPURE
UNRAKE
UNRIPE
UNROPE
UNRUDE
UNRULE
UNSEXY
UNSURE
UNTACK
UNTAME
UNTILE
UNTRUE
UNTUCK
UNTUNE
UPBLEW
UPBORE
UPCOME
UPDIVE
UPDOVE
UPDREW
UPGOES
UPGONE
UPGREW
UPHOVE
UPHROE
UPLINK
UPLOCK
UPPILE
UPRISE
UPROSE
UPSIDE
UPSIZE
UPVOTE
URAEUS
UREASE
URETER
URETIC
VADOSE
VAGGED
VAGILE
VAHINE
VAKEEL
VAKILS
VALETS
VALINE
VALISE
VALLEY
VAMOSE
VANMEN
VANNED
VANNER
VAPERS
VARIER
VAUNCE
VELOCE
VELURE
VENDUE
VENIRE
VENOSE
VENTED
VENTER
VENTRE
VENULE
VERNIX
VERTED
VERTUE
VESTED
VETCHY
VETOED
VETOER
VETOES
VETTED
VETTER
VIPERS
VIRGER
VISITE
VISIVE
VISNES
VOLETS
VORTEX
VOTEEN
VOTIVE
WADDER
WAEFUL
WAFFED
WAGGED
WAGGER
WAHINE
WAKING
WALISE
WALLED
WALLER
WALLEY
WAMBLE
WANDLE
WANGLE
WANNED
WANNEL
WANNER
WARBLE
WARDER
WARIER
WARMER
WARNER
WARRED
WARREN
WARREY
WARSLE
WASHES
WAZZED
WAZZES
WEDDED
WEDGIE
WEENIE
WEETE
WEETED
WEETEN
WEETER
WEFTED
WEFTES
WELTED
WELTER
WESTED
WESTER
WESTIE
WETHER
WETTED
WETTER
WETTIE
WHEALS
WHEARE
WHEECH
WHEESH
WHELPS
WHERRY
WINKLE
WIPERS
WISHES
WOOERS
WORKER
WORMER
WORSER
WREAKS
WRETCH
WRITER
XEBEC
XEROX
YABBER
YAFFED
YAGGER
YAKOWS
YAMMER
YAPOCK
YARDER
YARELY
YARNER
YARRED
YENTES
YESES
YESSES
YESTER
YETTIE
YIKKER
YODLED
YOKKED
YORKER
YORKIE
YOWLEY
YUKKED
YUNXES
ZAFFER
ZAGGED
ZAMBUK
ZEPHYR
ZESTED
ZESTER
ZIBETH
ZIBETS
ZIZZLE
ZOETIC
ZYMOME
