194
ABSENCE
ADENINE
AETHERS
ANNULAR
ANTBEAR
APTNESS
AUTEURS
AUXESIS
AXSEEDS
BASKETS
BASNETS
BEGINNE
BELONGS
BENZENE
BENZINE
BESEECH
BESINGS
BEYONDS
BUNRAKU
BUSINGS
CAERULE
CAHOUNS
CASKETS
CASUIST
CLERICS
DAUNERS
DEADEYE
DEGOUTS
DEMONRY
DEVOLVE
DIEOFFS
DISEASE
DISGEST
DISGUST
ECTATIC
EDENTAL
ELSHINS
EQUINIA
FANFARE
FATNESS
FELONRY
FITNESS
FLEXURE
GASHEST
GASKETS
GEEGAWS
HASLETS
HEBONAS
HEEHAWS
HENBANE
HETAERA
HYENINE
KAUPAPA
KEIRENS
KISMETS
LASKETS
LAURYLS
LESULAS
LISENTE
LUGEING
MEDUSAS
METIERS
MIMETIC
MISCUTS
MISEASE
MUSANGS
MUSINGS
MUTINED
NAARTJE
NASCENT
NATHEMO
NEEDFUL
NETBALL
NUTGALL
NUTRIAS
OBEISMS
OBSCURE
OCCLUDE
OMERTAS
OUTBARS
OUTBULK
OUTCALL
OUTFALL
OUTJETS
OUTJUMP
OUTKILL
OUTLETS
OUTMANS
OUTNAME
OUTPART
OUTRACE
OUTRAGE
OUTRANG
OUTRANK
OUTRAVE
OUTRIDE
OUTRING
OUTWARS
OUTWILL
OUTWINS
OVERSOW
OVERTAX
OVERTIP
OVERTLY
PATNESS
PEANUTS
PEEPBOS
PETHERS
PETRARY
PETRELS
PIERIDS
PIPETTE
PLEOPOD
PLEXURE
PULQUES
QUANGOS
QUERIST
RANULAS
RATEENS
REARMED
REBOANT
REBOUND
REBREED
RECLINE
RECRATE
RECURES
REDBIRD
REDLINE
REDRIES
REDWARE
REFEREE
REFOUND
REFRIED
REFRIES
REGRATE
REGREDE
REINDEX
REINKED
REMORID
REMORSE
RENAILS
RENEGES
RENEWAL
RENKEST
RENOWNS
REPOINT
REPOURS
REPUGNS
REPURES
REQUINS
RERACKS
RERAILS
REREMAI
RETENES
RETRATE
RETRIES
RETUNES
REUNITE
REURGES
REUSING
REVEURS
REWOUND
REWRITE
RHIZINE
RIGOURS
RINGENT
RIPIENI
ROSIERE
RUINATE
RUMNESS
RUNLESS
RUNWAYS
SCRIENE
SCROWLE
SCROYLE
SERIEMA
SERPENT
SHROUDS
STRETTE
SURCULI
SYRETTE
THEATRE
THEORBO
UPSPEAK
UPSWUNG
VALETAS
VALUTAS
WESANDS
WETHERS
WINESOP
WISEASS
WISKETS
WITNESS
ZABETAS
