1675
ABAMPS
ABANDS
ABATIS
ABELES
ABLEISM
ABYSMS
ACCEDE
ACCENDS
ACCITE
ACETIC
ACINIC
ADAPTS
ADDUCE
ADEPTS
ADHANS
ADIEUS
ADJIGO
ADMASS
ADOBES
ADORNS
ADUSTS
AFFIES
AFFINE
AFFYDE
AGAMAS
AGAMIS
AGAPEIC
AGASTS
AGEDLY
AGGADAS
AGGADIC
AGGADOT
AGGIES
AGISMS
AGLOOS
AGORAE
AGOROT
AGUTIS
AKENES
ALAMOS
ALANDS
ALANIN
ALCADE
ALEYES
ALGINS
ALLICE
ALLIES
ALLIUMS
ALLUDE
ALMAHS
AMATES
AMAZES
AMBANS
AMBITS
AMEBAN
AMEBAS
AMELIA
AMENDS
AMENTA
AMICUS
AMIDOL
AMINIC
AMINOS
AMMANS
AMMONS
AMNION
AMNIOS
AMORAL
AMTMAN
AMTRAC
AMTRAK
AMUSIA
AMUSIC
ANANAS
ANANDA
ANELES
ANEMIC
ANGELS
ANGINA
ANGINAL
ANGINAS
ANGSTS
ANILIN
ANIMAS
ANIMIS
ANIONS
ANNONA
ANTIAIR
ANTING
ANURIA
APEXES
APIECE
APNEAS
APORIA
APPENDS
APPERIL
APPROS
APSARAS
ARCADE
ARCANA
ARCHAIC
ARCING
AREACH
ARECAS
AREDES
ARENAS
ARENES
AREPAS
ARETES
ARETTS
ARGALIS
ARGILS
ARGOLS
ARGONS
ARGOTS
ARGULI
ARGYLL
ARISTA
ARKING
ARLING
AROBAS
AROHAS
AROIDS
ARRACKS
ARRAIGN
ARRAYS
ARRIVE
ARRIVES
ARROBA
ARROCES
ARROWS
ARROZES
ARSHIN
ARUANA
ASHING
ASHRAM
ASKING
ASMEAR
ASPIRIN
ASPROS
ASSUROR
ASTHMA
ASWING
ATAATAS
ATAMAN
ATAXIA
ATAXIAS
ATHEISM
ATHIRST
ATMANS
ATTENDS
ATTESTS
AUBADE
AUDADS
AUGUST
AUMILS
AUREUS
AUTISTS
AVENIR
AVRUGA
AWMRIE
AYAYAS
BABESIA
BABIES
BABOOS
BADMAN
BAGASS
BAGELS
BAIZAS
BAKKIE
BALISE
BAMBOO
BANIAS
BAOBAB
BAOBABS
BARDES
BARFIS
BARMAN
BARMEN
BARRAS
BARRAT
BARRES
BEARES
BEASTS
BEBOPS
BEFITS
BEGUMS
BEKISS
BEMADS
BEMOIL
BEMUDS
BETING
BETTOR
BEWIGS
BEZILS
BLAISE
BLEEDS
BLOOIE
BLOOMS
BOBBIN
BOBOLS
BOCCIE
BODLES
BOGEYS
BOMBOS
BONNIE
BOOBING
BOOKIE
BOORDE
BOOSTS
BOOTIE
BORDEL
BORDES
BORIDE
BORONS
BORROW
BOTTOM
BOWWOWS
BRAHMA
BRAIDS
BRAIRDS
BRANDS
BRASIL
BRASSY
BREAKS
BREAMS
BREDES
BREEKS
BREEZE
BREIDS
BREIST
BRENTS
BREVES
BRIBES
BRIDGE
BRILLO
BRINNY
BROADS
BRONDS
BROODS
BROOKS
BROOLS
BUBKIS
BULBEL
BUMBAG
BUMBOS
BUPPIE
BURDEN
BURFIS
BUROOS
BURROS
BURSES
BYROOMS
CABBIE
CACAOS
CADDIS
CADUACS
CAECAL
CAGING
CALAMAR
CALCIC
CAMANS
CANINE
CANNIE
CAPIAS
CAPRIC
CARAPS
CARATS
CARMAN
CARMEN
CARRAT
CARSES
CARSEY
CASSIS
CATTIE
CAUCUS
CELIAC
CELLAR
CENSUS
CEORLS
CERIAS
CHAISE
CHASMS
CHASSE
CHECKS
CHETHS
CHICHA
CHOCOS
CHOICE
CHOOMS
CHORIC
CHROMO
CHYMIC
CHYMICS
CLECHE
CLECKS
CLEPES
CLERIC
CLEVES
CLEVIS
COBRIC
COCCIC
COCCIDS
COCCOUS
COCOAS
COEDIT
COHEIR
COHOGS
COHOSH
COLLIE
COLOGS
COMEDO
COMING
COMMOS
COMOUS
CONINE
CONINS
CONNIE
COOKIE
COOLIE
COOMBE
COOTIE
CORMEL
CORODY
CORSES
CORSET
CORSEY
CORSOS
COTISE
COZZIE
CRAALS
CRACKA
CRAIGS
CRAMBE
CREAGH
CREAKS
CREAMS
CREEKS
CREELS
CREEPS
CREMES
CREMOR
CRENAS
CREPES
CREWES
CRIMPY
CRINGY
CROOKS
CROOLS
CROONS
CROWDS
CRYING
CTENES
CUDDEN
CUDDIN
CUEIST
CUMINS
CUNEUS
CUPRIC
CURSES
CURSUS
CUZZIE
CYCADS
CYCLIC
DABBAS
DAGABAS
DAMMAR
DANCES
DATUMS
DAUBES
DEATHS
DEBUTS
DECAFS
DECALS
DECANS
DECAYS
DECKOS
DECOYS
DECREW
DEEING
DEEJAY
DEEPLY
DEEWAN
DEFATS
DELAYS
DELFTS
DELPHS
DELTAS
DEMANS
DEMOBS
DEMONS
DENAYS
DEPOTS
DEPTHS
DERIGS
DERMIS
DEVONS
DEVOTS
DEWANS
DEWOOL
DHAMMA
DHOLES
DJIBBA
DJINNI
DJINNY
DOBROS
DOLCES
DOLOUR
DONAIR
DOOMILY
DOOMING
DOWLES
DRABBET
DRAFFS
DRAGNET
DRAYMEN
DROGUES
DROGUET
DROIDS
DROLLS
DROSSY
DRUIDS
DUBNIUM
DUEFUL
DUGONG
DULCES
DUMELA
DUNAMS
DUNCES
DUNLIN
DURBAR
DUREFUL
DUSTRAG
DUUMVIR
DWALES
DWALMS
DWAUMS
EARLAP
EARWAX
EBBING
EBOOKS
ECESIC
ECHIUM
ECURIE
EDUCTS
EFFACE
EFFENDI
EFFING
EGGCUP
EGISES
EJECTS
EJIDOS
ELECTS
ELLOPS
ENAMOR
ENDING
ENDRIN
ENNAGE
ENNEADS
ENNOGS
ENNUIS
ENNUYE
ENRAGE
ENRANK
ENZIAN
EONISM
EPOPTS
ERBIUM
ERENOW
ERINGO
ERMINE
ERNING
ERODES
ERRANT
ERUVIM
ESCOTS
ESKIES
ESPIES
ESPRIT
ESTOCS
ESTOPS
ESTRIN
ETTINS
EUMONG
EUOUAE
EURIPI
EVENTS
EVOVAE
EXCIDE
EXEATS
EXOMIS
FACIAS
FAECES
FAENAS
FAERIE
FAGINS
FALLALS
FAMING
FARADS
FARANG
FARDEL
FARDEN
FARROS
FARSES
FEARES
FEASTS
FENMAN
FEOFFS
FERIAS
FERVOR
FETING
FEUING
FEWMET
FEYING
FLAILS
FLEMIT
FLEXES
FLEXIS
FLOOIE
FOGEYS
FOLIOS
FOOTIE
FORMES
FORMOL
FORTIS
FRAENA
FRAUDS
FREAKS
FREETS
FREEZE
FREITS
FREMDS
FREONS
FRIDGE
FRILLY
FRINGY
FRIZZY
FROING
FRONDS
FROREN
FRYING
FUGIOS
FUGUES
FUMING
GADDIS
GAGMAN
GAIETY
GAIJIN
GALING
GAMAYS
GAMBIT
GAMBOS
GAMMAS
GAMUTS
GAPING
GARBAGY
GARBES
GARBOS
GARIAL
GARRANS
GARTHS
GARUDA
GASBAGS
GASIFY
GASTRAL
GATEAU
GATING
GAUMING
GAWSIE
GAZANGS
GAZING
GEEING
GEESTS
GEEZAH
GELADA
GEMONY
GENIES
GENIPS
GENIUS
GENNEL
GENNET
GENTES
GEODES
GEOIDS
GERMAN
GHESSE
GHETTO
GLAIKS
GLARES
GLASSY
GLIDES
GLOMUS
GLOSSA
GLOSSY
GLUING
GLUMPS
GLYCYL
GNARLS
GNAWING
GNOMIC
GNOMISH
GNOMIST
GOBOES
GODDEN
GODOWNS
GOLIAS
GOLOSH
GOMPAS
GOMUTI
GONGYOS
GONIFS
GOODIE
GOOILY
GOOLDS
GOORAL
GOOSES
GOPIKS
GORALS
GORGIAS
GORILY
GORSES
GOURAS
GOURDE
GOURDS
GOURDY
GRABBY
GRAFFS
GRAILS
GRAINS
GRAIPS
GRAMMA
GRAMPA
GRAMPY
GRANDS
GRANNY
GRAPPA
GRASTE
GRATIS
GRAVIS
GREBES
GRECES
GREMMY
GREVES
GREXES
GRIDES
GRIEFS
GRIESY
GRINGA
GRINGO
GROINS
GROSZE
GROSZY
GROTTO
GROTTY
GRRRLS
GRUBBY
GRUDGE
GRUELS
GRUFFS
GRUFFY
GRUMLY
GRUMPH
GRUMPY
GRUTTEN
GUARDS
GUIDES
GUITAR
GUMBOS
GUMMAS
GUMMIS
GUNNEN
GUQINS
GUYING
GYBING
GYMNIC
GYMPIE
GYNNEY
GYRONS
GYROUS
GYVING
HADDEN
HADITHS
HADJES
HAEMAL
HAEMIC
HAEMIN
HAGGADA
HAIRST
HAJJAH
HAJJAHS
HAKEAS
HALLAH
HALLAHS
HALLALS
HAMALS
HAMING
HARDEN
HARMAN
HARMEL
HEARES
HEARTH
HEARTS
HEASTS
HEATHS
HEJRAS
HELING
HELIOS
HELMET
HENRYS
HERBAR
HERMIT
HETING
HETMEN
HEUCHS
HEWING
HEXING
HEYING
HODADS
HODDEN
HODDIN
HOGENS
HOLESOM
HOMING
HOMMOS
HOOLIE
HOONING
HORDES
HORMES
HORSES
HORSEY
HORSIE
HORSON
HOTTIE
HOUMUS
HUBBUBS
HUDDEN
HUGEST
HUMBUG
HUMLIE
HUMMUS
HUMOUR
HUMPHS
HURDEN
HURRAS
HYDRAE
IATRIC
IBADAH
IBADAT
ICECAP
IDEALS
IDENTS
IDIOTS
IGAPOS
IGUANA
ILLIADS
IMBEDS
IMBODY
IMBOSS
IMIDIC
IMINES
IMMASK
IMMESH
IMMIES
IMMITS
INBENT
INCENT
INDABA
INGRAM
INGRUM
INKOSI
INMOST
INORBS
INSHIP
INSTAR
INSTIL
INTRON
INTROS
INVENT
IODIDE
IODISE
IODISM
IODOUS
IREFUL
IRIDIC
ISOLOG
ISTANA
IXORAS
JACAMAR
JAGHIR
JARRAH
JEESLY
JEMIMA
JEWING
JOBBIE
JOMONS
JUDOGI
JUGUMS
JUMBIE
KAAMAS
KABIKIS
KAMELA
KARANGA
KARATS
KAROOS
KARSEY
KEBABS
KEBOBS
KEPPIT
KEVILS
KEYING
KHEDAH
KHETHS
KOOKING
KOOKUM
KOPEKS
KOPPIE
KOUMIS
KRAALS
KREEPS
KREWES
KROONS
KRUBIS
KRUNKS
KUGELS
KURRES
LABELS
LABILE
LABRAL
LAGENA
LAICAL
LAIKAS
LALANGS
LALLAN
LALLANS
LAMBIE
LAMEDS
LAMIAS
LAMING
LAPELS
LAPPIE
LARVAL
LASSIS
LEARES
LEARNS
LEASTS
LEGLEN
LEGLET
LEGLIN
LEMELS
LEPRAS
LEVELS
LEVINS
LOERIE
LOGICS
LOGINS
LOGION
LOLLOP
LOLLOPS
LOMING
LOOIES
LOOKIE
LOONIE
LOONING
LORGNON
LUGING
LURDEN
LUTISTS
LUTITE
LUVVIE
MAGIAN
NAEVES
NAMING
NANISM
NANKIN
NANKINS
NAPPIE
NARINE
NARRAS
NATANT
NAVARIN
NEOCON
NEPITS
NEURON
NEWING
NGATIS
NGOMAS
NKOSIS
NOMINA
NONKIN
NONKINS
NONMEN
NONRUN
NOOKIE
NOONING
NORMANS
NORSEL
NOWISE
NUMINA
NURSES
NUTMEG
OCCAMS
OCCIES
OCREAE
OCTROI
ODIOUS
ODORIZE
ODYLES
OFFENDS
OFFICE
OFFIES
OGHAMS
OGIVES
OLLIES
OMERTA
ONDINE
ONGOING
ONIONY
OOGAMY
OOLITE
OORALI
OOTIDS
OPCODE
OPERON
OPTIME
ORARIA
ORBING
ORCHIS
ORDINES
ORGANS
ORGIAC
ORGIAS
ORRAMEN
ORRICE
ORRICES
ORTHOS
OSMATE
OSMICS
OUSTITI
OUTRIG
OUTRIGS
OUTTROT
OXEYES
OYEZES
OZEKIS
OZZIES
PADLES
PADMAS
PAGING
PAGODA
PALAGI
PAMPAS
PAPADOM
PAPADUM
PAPAWS
PAPISM
PARANG
PAREVE
PARKIS
PARODOI
PARRAL
PARRAS
PARSEC
PARSES
PARTIS
PARVIS
PASHMS
PATAMAR
PATTIE
PAVISE
PEARES
PEARLS
PEEPES
PEGTOP
PEKINS
PELMET
PENMAN
PENNIA
PEPLOS
PEPLUS
PERDUS
PERILS
PERMIT
PERRON
PETRES
PEWITS
PHAEISM
PHASIS
PHENES
PHYSIS
PLASMS
PLEBES
PLEXES
PODIUMS
POEPOL
POGEYS
POGOES
POLIOS
POMELO
POOPING
POORTS
POPPIT
POROUS
POTPIE
POUSSE
POWWOWS
PRATTS
PRAXIS
PRECES
PREENS
PREEVE
PREIFE
PREIFS
PREMAN
PRENTS
PREONS
PREOPS
PREPAY
PREPPY
PRETOR
PREVES
PREWAR
PREXES
PREZES
PRIAPI
PRIMAL
PRIMLY
PRISMS
PRISMY
PROLLS
PROLOG
PROOFS
PROSIT
PROSOS
PROVISO
PRUSIK
PRYING
PSALMS
PSEUDO
PSORAS
PSYOPS
PTOSIS
PUDDEN
PUGILS
PULLUP
PULLUPS
PURSES
PURSEW
PUTTIE
PYEMIA
PYEMIC
PYOSIS
PYRENE
QUIPPU
QUIPUS
RABBIS
RABIES
RACHIS
RACIAL
RADIUMS
RADONS
RADULA
RAFFIA
RAHUIS
RAILES
RAINES
RAMENS
RAMETS
RAMIES
RAMSON
RANIDS
RANINE
RAPHIA
RAPHIAS
RAPHIS
RAPIDS
RARING
RATIOS
RATITE
RAVINS
RAWINS
RAZZIA
REBECS
REBELS
REBIDS
REBOZO
RECITS
RECOCK
REESTS
REFELS
REFITS
REFLAG
REGEAR
REGIFT
REGILT
REGINA
REGION
REHANG
REHUNG
REJIGS
REKEYS
REKING
RELATA
RELETS
RELICS
RENEWS
RENEYS
RENIGS
REOILS
REORGS
REPELS
REPINS
RERAIL
RERIGS
REROOF
RERUNS
RETRIM
REVELS
REVETS
REWEDS
REWETS
REWINS
RHIMES
RHINES
RHODIC
ROBINS
ROGUES
ROLAGS
RONEOS
ROOFIE
ROOKIE
ROOKISH
ROOMILY
ROOMING
ROOSAS
ROOSTS
ROOTSY
ROSBIF
ROSHIS
ROSILY
ROSINS
ROSINY
ROSITS
ROSOLIO
ROSTIS
ROUNDS
ROWIES
ROWNDS
ROZITS
RUANAS
RUBAIS
RUBIES
RUBINS
RUDIES
RUGRAT
RUMENS
RUNANGA
RUPIAS
RUSMAS
RUSSIA
RUSTIC
RUTINS
RYMMES
SABHAS
SACRUM
SADHUS
SADISTS
SAGELY
SAGOIN
SAGUIN
SAILOR
SAKAIS
SAKIAS
SAKTIS
SALAMI
SALPAS
SALSAS
SALTIE
SALVIAS
SAMANS
SAMBUR
SAMLOR
SANCAI
SANDHI
SANSAR
SANSAS
SANTIR
SAOLAS
SARING
SARNEY
SARODE
SARTOR
SASHING
SATAIS
SATANG
SAUBAS
SAULIE
SAUNAS
SAYIDS
SCALAR
SCENDS
SCENIC
SCHISM
SCHMOE
SCILLA
SCLIFF
SCLIMS
SCOUGS
SCRIMPS
SCRYDE
SCUMMY
SCURRIL
SDEINS
SEABAG
SEARAT
SEAWAN
SEAWAY
SECRET
SEESAW
SEGUES
SELLES
SEMMIT
SEPADS
SEPMAG
SERAIS
SERAPH
SERVAL
SHADES
SHAMBA
SHAMMY
SHARIA
SHAVIE
SHCHIS
SHEELS
SHEENS
SHEESH
SHEETS
SHEIKH
SHEIKS
SHEILA
SHELLS
SHELLY
SHENAI
SHENDS
SHERIA
SHERIF
SHERPA
SHEUGH
SHIBAH
SHIKAR
SHIKSA
SHINDY
SHINNY
SHIPPO
SHIRKS
SHIRTS
SHISHA
SHITTY
SHIVAH
SHODDY
SHOJIS
SHREDS
SHRILLS
SHRIMPS
SHROOMS
SHTCHI
SHTETL
SHYISH
SKANKS
SKEENS
SKEETS
SKEINS
SKELLS
SKELLY
SKELMS
SKIDDY
SKIDOO
SKILLY
SKINKS
SKINNY
SKIPPY
SKIRLS
SKIRTS
SKIVVY
SKLIFF
SKLIMS
SKRIMPS
SKULKS
SKUNKS
SLADES
SLAHAL
SLAIDS
SLANGS
SLEDGE
SLEEKS
SLEEPS
SLEETS
SLIMES
SLINGS
SLIPPY
SLITTY
SLOIDS
SLORMS
SLUMMY
SMALMS
SMARTY
SMEATH
SMEKES
SMELLS
SMELTS
SMERKS
SMOKIE
SMOOSH
SMOYLE
SMUDGE
SMUTTY
SNEADS
SNELLS
SNELLY
SNIFFY
SNIPPY
SNIRTS
SNITTY
SOAPIE
SODAIC
SODAIN
SOFTIE
SOLDES
SOLELY
SOLIDS
SOLOES
SOLOIST
SOMONI
SONDES
SOPHISM
SORBET
SORING
SORRAS
SOUTIE
SPADES
SPADOS
SPAHIS
SPAMMY
SPANGS
SPASMS
SPAVIE
SPECCY
SPEELS
SPEILS
SPEISS
SPELDS
SPELLS
SPENDS
SPERMS
SPEUGS
SPHEAR
SPIFFY
SPINAR
SPINNY
SPINOR
SPIRTS
SPITTY
SPIVVY
SPLIFF
SPLOGS
SPODDY
SPODES
SPREDS
SPRING
SPUDDY
SQUAMA
SQUIDS
SQUIFF
SQUILL
STADES
STAIGS
STANGS
STATES
STATIC
STATIN
STATOR
STATUA
STEADS
STEAMS
STEAMY
STEDDY
STEEKS
STEELS
STEEMS
STEENS
STEEPS
STEILS
STEINS
STELAI
STELLA
STELLS
STEMES
STEMMA
STEMME
STEMMY
STENDS
STENTS
STERES
STERIC
STERNA
STERNS
STEROL
STIFFY
STILLY
STILTS
STIMES
STINGE
STINGS
STINTS
STIRKS
STIRPS
STOATS
STOBIE
STOITS
STOMATA
STORMS
STOTIN
STOUTS
STRATHS
STRATUS
STRIDE
STRING
STRODE
STRUTS
STUNTS
STURDY
STYLIE
STYPSIS
STYTES
SUBADAR
SUETTY
SUGANS
SUINGS
SUITOR
SULCUS
SUMMIT
SUNKIE
SURBET
SURING
SURPASS
SURRAS
SURVEY
SWADDY
SWARDY
SWARMS
SWEELS
SWEEPS
SWEETS
SWELLS
SWERFS
SWINGE
SWINGS
SWIRLS
SYCOSIS
TAATAS
TAENIA
TAFIAS
TALARIA
TALLAT
TALLATS
TAMALS
TAMING
TAMINS
TANNIE
TAPETS
TARIFF
TARMAC
TARRAS
TARRES
TARSAL
TARSEL
TARSIA
TATAMI
TATAMIS
TATIES
TAUTIT
TAWTIE
TAXITE
TEAING
TECTUM
TEGUAS
TELLAR
TELLIN
TENANT
TENETS
TENIAS
TENONS
TETRIS
TEWING
THEBES
THETAS
THETCH
THEWES
THIEVE
THRENE
THRILL
THRISTS
THRUST
THRUSTS
TOLLIE
TOMTIT
TONITE
TOOLIE
TOONIE
TOOTING
TOROUS
TORRET
TORSEL
TORSES
TORSOS
TOSTADA
TOUTIE
TRACTS
TRANSIT
TRANTS
TRAUMA
TRAVIS
TREATS
TRECKS
TREENS
TREMOR
TREZES
TRIADS
TRILLO
TRIMLY
TRIODE
TRIPPY
TRITES
TROADS
TROATS
TROLLS
TROMPE
TROOPS
TROUTS
TRUING
TRULLS
TRUSTS
TRYING
TRYSTS
TSKING
TSOORIS
TSORES
TSORIS
TSOTSI
TSURIS
TUKTUS
TULSIS
TUMOUR
TURKIS
TURMES
TURRET
TUSSIS
TWAITE
TWEEDS
TWEEDY
TWISTY
UGALIS
UGLILY
ULAMAS
ULEXES
ULLAGE
ULMINS
ULOSIS
UMIACS
UMIAKS
UMIAQS
UMMAHS
UMMING
UNCINI
UNDINE
UNDOES
UNGETS
UNGUMS
UNIONS
UNKING
UNKISS
UNLIME
UNPENS
UNPINS
UNRENT
UNTINS
UNTRUE
UNWISE
UPPILE
UPREAR
UPTIME
URAEMIA
URAEMIC
URALIS
URENAS
URGING
URMANS
URNING
URPING
URTEXT
USURES
UTMOST
VALISE
VARANS
VAROOMS
VARSAL
VEGANS
VELVET
VENINS
VERDOY
VERLIG
VERMIL
VERMIN
VEXILS
VEXING
VOMITS
VOTIVE
WADMAL
WAFFIE
WAGING
WAIRSH
WALISE
WALLIE
WARDEN
WARMAN
WARMEN
WARRAN
WARRAY
WAWAING
WEXING
WHEUGH
WHIMMY
WHOSIS
WOODEN
WOOLIE
WOONING
WOOPIE
WORLDS
WORSEN
WORSES
WORSET
WREAKS
WRECKS
WROOTS
WRYING
XENIAS
XENONS
YABBIE
YAPPIE
YARAKS
YARRAN
YEARLY
YEARNS
YEASTS
YEOMEN
YEVING
YEXING
YODLES
YOGINI
YOGINS
YONNIE
YUMPIE
YUPPIE
ZADDIK
ZAMANS
ZAMIAS
ZANZAS
ZEBRAS
ZEBUBS
ZELOSO
ZERDAS
ZHOMOS
ZOMBIE
ZOONING
ZORROS
ZYGOSIS
