1247
ABASER
ABASES
ABATES
ABATIS
ABBESS
ABRINS
ACARUS
ACATER
ACATES
ACCITE
ACKNEW
ACKNOW
ACTING
ACTION
ACTUAL
ACUTES
ADDOOM
ADMASS
ADONIS
ADUSTS
AETHER
AFTOSA
AGATES
AGGADA
AGGROS
AGISTS
AGITAS
AGOGES
AGONES
AGRINS
AIRERS
AKATEA
ALANIN
ALATES
ALKYLS
ALLELS
ALLOBAR
ALLYLS
ALOINS
AMATES
AMATOL
AMAZON
ANGICO
ANGLOS
ANILIN
ANIMAS
ANISIC
ANNEAL
ANNUAL
ANNULS
ANODAL
ANOPIA
ANOXIA
ANTIFA
ANTLIA
ANTRAL
ANTRUM
ANYWAY
APPALLS
APPROS
ARABIN
ARAISE
ARAYSE
ARGALA
ARILLI
ARISTA
ARMADA
AROBAS
AROHAS
AROIDS
AROMAS
AROUSE
ARRISH
ASSETS
ASSIGN
ASTRAL
ASTRAY
ATAXIA
ATHROB
ATOCIA
ATOKAL
ATONAL
ATONED
ATONER
AUNTER
AUTEUR
AUTUMN
AVANTI
AVERSE
AWATOS
AWETOS
AXONES
AZOTES
AZOTHS
BABOON
BABOOS
BALLOT
BANCOS
BANDAS
BANIAS
BANTAM
BANYAS
BATOON
BATTAS
BEARER
BEATEN
BECKETS
BEENTO
BENETS
BENNES
BESEES
BESETS
BHAKTA
BHOOTS
BINITS
BIOTIC
BLANKS
BLATTS
BLOATS
BOARTS
BOATER
BOBBER
BOBBIN
BOINKS
BONCES
BONNES
BOOKER
BOOKSY
BOONER
BOORDS
BOOSTS
BOOTEE
BOSKER
BOTTES
BOUTON
BOWWOW
BRAAIS
BRANKY
BRENTS
BRONDS
BROOKS
BROTHS
BRUNTS
BUCKOS
BUCKRAS
BURTON
BUSBAR
CAKIER
CALCAR
CALLOP
CALLOW
CALTHA
CAMION
CANDOR
CANIER
CANNED
CANNEL
CANNIE
CANNON
CANTON
CANTUS
CANVAS
CAPTOR
CATCHY
CATCON
CATGUT
CATSUP
CAUCUS
CAUSES
CAUTER
CEDARED
CENDRE
CENSUS
CENTOS
CENTRIC
CENTRY
CERATES
CERISES
CERNES
CERUSES
CESTAS
CESURA
CHADAR
CHAETA
CHAFFS
CHAFTS
CHALAH
CHANAS
CHANGS
CHAPKA
CHARAS
CHARDS
CHARES
CHARMS
CHATTA
CHETHS
CHICAS
CHIKOR
CHINAS
CHINCH
CHINKS
CHINTS
CHIROS
CHOKER
CHOLLA
CHOOFS
CHOOMS
CHOOSE
CHOOSY
CHORAL
CHORDA
CHOREA
CHOREE
CHORIA
CHUKAR
CHUKOR
CHUNKS
CHURCH
CICEROS
CITERS
CITESS
CIVICS
CLANGS
CLAROS
CLASPT
CLAUTS
CLINKS
CLINTS
CLOACAE
CLOOPS
CLOSET
CLOTTY
CLUNKS
COALAS
COATEE
COATES
COATIS
COAXAL
COBIAS
COBZAS
COCCAL
COCCID
COCCYX
COCKPIT
COFFEE
COHOES
COHOGS
COINER
COITUS
COLOGS
COLTER
COLZAS
COMODO
COMOUS
COMPAS
COMTES
CONCHA
CONDOM
CONEYS
CONFIT
CONGEE
CONGES
CONGII
CONGOU
CONICS
CONIES
CONJEE
CONKED
CONNER
CONTES
CONTOS
CONTRA
CONVOY
COOEED
COOEES
COOEYS
COOLLY
COOMBS
COONTY
COOPTS
COOSEN
COOSER
COOSIN
COOZES
COPITA
COPRAH
COPSES
COPTER
CORTIN
COSMEA
COSSES
COSTER
COUGAN
COUNTS
COUPON
COURBS
COURES
COURSE
COURTS
COUTAS
COUTER
COUTHS
COWMAN
CRANED
CRANIA
CRANKS
CRASES
CRASIS
CRATCH
CRATED
CRATON
CRAVER
CRAYER
CREDOS
CREEKY
CRESTA
CRETIC
CRETINS
CRICKY
CRINES
CRISTA
CROOLS
CROOVE
CRORES
CROSSE
CROTAL
CROWER
CROZER
CRUDOS
CRUSTA
CRUSTY
CULTUS
CUNNER
CURSER
CUSHAT
CUTCHA
CUTEST
CYANIN
CYCASIN
CYSTIC
CZAPKA
DADBOD
DAINTS
DAMSON
DATCHA
DAUNTS
DAYNTS
DEADEN
DEADER
DEANED
DEANER
DEARED
DEARER
DECKOS
DECODER
DENETS
DENSER
DIACTS
DICTION
DIKTAT
DINICS
DITTOS
DOATER
DODDED
DODDER
DODKIN
DONEES
DONNED
DONNES
DOOLAN
DOSSED
DRAFTS
DROLLS
DRONES
DRONGO
DROOKS
DROUKS
ECLATS
EFFACER
EFFETE
EGENCE
EGESTS
EJECTS
ELANCE
ELATER
ELATES
ELECTS
EMOTER
ENARMS
ENERVE
ENIACS
ENOKIS
ENOSES
ENOSIS
ENSEWS
ENTICE
ENURES
EONIAN
EOTHEN
EPACTS
EPATER
ERASED
ERASER
ERICAS
ESNECY
ESTEEM
ESTOCS
ESTROS
ETRIER
ETTLES
EVENTER
EXACTS
EYASES
FAECES
FAENAS
FAGGOT
FAINTS
FALLAL
FANGAS
FANION
FANTAD
FATSOS
FAUNAS
FEARER
FESTAS
FICTION
FINNAN
FIORIN
FISTIC
FITNAS
FLANKS
FLASKS
FLOATS
FONTAL
FOSSOR
FRISKA
FRONDS
FROREN
FROSTY
FROTHS
FRUSTA
FUSTOC
GAITAS
GANJAS
GAUNTS
GECKOS
GENETS
GENROS
GIANTS
GINGKOS
GINKGO
GLOATS
GNARLS
GNATTY
GNOMON
GNOSES
GNOSIS
GOGGAS
GOORAL
GORING
GOSHTS
GOSSAN
GRAALS
GRAFTS
GREATEN
GREATER
GRONES
GROTTO
GROTTY
GRUNTS
GUSTOS
GYROCAR
HAERES
HAIKAI
HAINTS
HAJJAH
HAKEAS
HALLAH
HALLAL
HALLOT
HAMMAM
HANSAS
HAUNTS
HEARER
HEARSE
HEARTH
HEATHS
HENNER
HEREON
HOLLAS
HONKER
HOOKER
HOORAY
HOORDS
HORSON
HOTROD
ICKIER
ICONES
IDANTS
IDIOTIC
INANES
INANGA
INARMS
INDOOR
INDRIS
INRUNS
INSPAN
INSTAL
INTINE
IONISE
IRIDIC
IRITIS
IRKING
IROKOS
IRONES
ISSEIS
JANSKY
JAUNTS
JETSON
JINNIS
LEALER
LEANER
LEASER
LEETLE
LEKKER
LENTEN
LESSER
LESSOR
LINACS
LLAMAS
LOBOLO
LOCKNUT
LOLLER
LONGAN
LOOKER
LOORDS
LOOSEN
LOOTEN
LOTTES
LYSSAS
MADMAN
MADTOM
MAGGOT
MAINOR
MAISTS
MALLAM
MAMMAE
MAMMAL
MAMMEE
MANDOM
MANGAS
MANIAS
MANNAN
MANTAS
MANTIC
MANTUA
MATCHA
MATOKE
MATSAH
MEANER
MEROMES
MESNES
MIASMS
MICTION
MIMICS
MINIMS
MIOTIC
MOLLAS
MOMMAS
MOMOIR
MOONER
MOORVA
MOOTEST
MORRAS
MOTTES
MOUTAN
MOUTON
MUKTUK
MUSCAT
MYOMAS
NANDIN
NANISM
NANITE
NANKIN
NANOOK
NATION
NAUSEA
NAYSAY
NEARED
NEBECK
NEESED
NEKTON
NERINE
NESTED
NETTIE
NETTLE
NEUTER
NEWTON
NICKER
NINCOM
NINJAS
NISEIS
NITTIER
NITWITS
NODDED
NODOUS
NOESIS
NOETIC
NOISES
NOMISM
NONCES
NONFAN
NONKIN
NONMAN
NONTAX
NOONED
NOONER
NOOSES
NOSTOC
NOSTOS
NOTCHY
NOTHER
NOTION
NOUSES
NOYOUS
NUANCE
NUBUCK
NYASES
OAKIER
OAKIES
OAKUMS
OATIER
OBENTOS
OCTADS
OCTALS
OCTROI
OCULAR
ODDSMAN
ODONTIC
OGGINS
OILSKIN
OKAPIS
OMASUM
ONAGER
ONEYER
ONIRIC
ONUSES
ONYCHA
OOMIAC
OOTIDS
OPTICS
OPTION
ORANGS
ORATOR
ORBITA
ORBITS
ORGIAS
ORIGIN
ORISON
ORIXAS
OTARID
OTIOSE
OUCHTS
OUNCES
OUSTER
OUTBAR
OUTGUN
OUTMAN
OUTROS
OUTROW
OUTSAW
OUTSAY
OUTSEE
OUTSUM
OUTSUMS
OUTTOP
OUTWAR
OUTWON
OVATES
OYESSES
OYSTER
PAESAN
PAINTS
PAISAN
PANDAS
PANGAS
PANKOS
PANNES
PANNUS
PAWNOR
PEARST
PECTEN
PEEPES
PENNER
PENNES
PEREON
PESTOS
PHAROS
PICARAS
PIPITS
PLANKS
PLANTS
PLOATS
PLONKO
POMPON
PONCES
PONTAL
PONTIC
POORIS
POPPAS
POPPER
POSITS
POWWOW
PRAAMS
PRANKY
PRENTS
PRETOR
PRINTS
PROLLS
PROMPT
PRONES
PRONGS
PRONKS
PROPER
PROTON
PRUNTS
PRUNUS
PUNCTO
PUTOUT
QUANTS
RABBIS
RAFFIA
RAGGAS
RAKEES
RAKIJA
RANDOM
RANEES
RANGER
RANKES
RANULA
RAPPES
RATIOS
RATOON
RATTAN
RATTED
RATTLE
RATTLY
RAZZES
RAZZIA
READDS
REATAS
REATES
REBECK
RECCES
RECITE
RECITS
RECORKS
RECTAL
RECUSE
RECUTS
REDEAR
REEDER
REEFER
REELER
REESTS
REGEAR
REGORGE
REHEAR
REITER
REMORSE
RENDED
RENIES
RENNIN
RENTES
REPASS
RERAISE
RESAWS
RESAYS
RESCUE
RESEAL
RESEAU
RESEDA
RESEED
RESEES
RESETS
RESHOE
RESKEW
RESTED
RESTEM
RESTOS
RETEAM
RETINAE
RETOOL
RETROD
REWEAR
RHONES
RIATAS
RICHTS
RICTAL
RINSES
RIOJAS
ROADEO
ROARER
ROATED
ROATES
ROBBIN
RODDED
RODMAN
ROISTS
ROKIER
RONDOS
RONEOS
RONION
RONTES
RONYON
ROOSTS
RORIER
ROSCID
ROSCOE
ROSEAL
ROSHIS
ROSIES
ROSTED
ROUNCE
ROUNCY
ROUSTS
ROYSTS
RUBOUT
RUNNER
RUNNET
RUSMAS
RUSSET
RYOKAN
SADDOS
SAGGAR
SAIMIN
SALLAD
SANDEK
SANDER
SANGER
SANGHA
SANGHS
SANIES
SANITY
SANNIE
SANNUP
SANSAR
SANTIM
SANTIR
SANTON
SANTOS
SANTUR
SAPPAN
SATNAV
SCAILS
SCALAE
SCALAR
SCALDS
SCALES
SCALPS
SCAMPS
SCANTS
SCAPES
SCAPUS
SCATTS
SCATTY
SCAUDS
SCAUPS
SCENED
SCHROD
SCOPAE
SCORED
SCORES
SCOTCH
SCOUTS
SCOZZA
SCUFFS
SCULLS
SCURFS
SCUTAL
SCUTCH
SDAYNS
SEARCH
SEARER
SEASES
SEATED
SEBATE
SECKEL
SEDATE
SEGNOS
SEISES
SELLAE
SELLER
SENDED
SENECA
SENEGA
SENSIS
SEPSES
SEREIN
SERINS
SERRAE
SEXTOS
SHAKER
SHANNY
SHARER
SHEATH
SHEESH
SHIKAR
SHIRKS
SHIRRA
SHOALS
SHOLAS
SHORER
SHORTS
SHORTY
SHOTTS
SHTICK
SHTUCK
SHUCKS
SICKEN
SICKIE
SIENNA
SIERRA
SIFAKA
SIKSIK
SIMIAN
SINDON
SIRENS
SISKIN
SISTAS
SKANKY
SKATOL
SKEGGS
SKELLS
SKIBOB
SKIDOO
SKIFFS
SKILLS
SKINKS
SKLATE
SKOLIA
SKULLS
SKUNKS
SLAHAL
SLAKER
SLARTS
SLEEKS
SLICKS
SLOKEN
SMAAKS
SMARTS
SMARTY
SMEEKS
SMERKS
SMIRKS
SNAKES
SNARER
SNIRTS
SNITCH
SNORED
SNORES
SNORTY
SOAKEN
SOAKER
SOARES
SOCIAL
SOCLES
SODDEN
SONDES
SONNES
SONSES
SONTAG
SOOKED
SOONER
SORDOR
SOSSED
SOTTED
SOUCAR
SOUCES
SOURCE
SOWCAR
SOWCES
SPAINS
SPARER
SPARTH
SPARTS
SPASMS
SPAWNS
SPECKS
SPENCE
SPENSE
SPERSE
SPICKS
SPINTO
SPIRIC
SPOKEN
SPORTS
SPORTY
STADIA
STAGER
STAGGY
STAITH
STAKER
STALER
STALKY
STANED
STANZE
STARES
STATUA
STAYER
STEALE
STEDDE
STEDDS
STEEDS
STEEKS
STEELS
STEEMS
STEEPS
STELAR
STELLA
STELLS
STEMMA
STEMME
STEPPE
STEROL
STEWER
STEYER
STIFFS
STILLS
STOCKS
STOEPS
STOITS
STOLES
STOMPS
STOPES
STOUPS
STOUTH
STOUTS
STOVES
STOWPS
STUFFS
STULLS
STUPOR
STYLAR
SUCKEN
SUMMAT
SUNGAR
SUNHAT
SUNKEN
SUNRAY
SUNTAN
SUTTAS
SVARAJ
SWAINS
SWANKY
SWANNY
SWARAJ
SWARTH
SWARTY
SYNCHS
SYNTAN
SYRENS
TAATAS
TABBIS
TABLAS
TAFIAS
TAIGAS
TAINTS
TAISCH
TALLIS
TALLOT
TALMAS
TALPAS
TAMBAC
TANGAS
TANGOS
TANNOY
TANTOS
TAONGA
TAPPAS
TATOUS
TATTOW
TAUNTS
TAURIC
TAUTER
TAZZAS
TEASED
TEASEL
TEATED
TECHNOS
TECTAL
TEDDER
TEEMER
TEENED
TEENER
TEERED
TELCOS
TELLEN
TELLER
TENESI
TENIAE
TENOUR
TENSER
TENSON
TENTED
TENTHS
TENUTOS
TEOPAN
TEREDOS
TERETES
TERNAL
THANAH
THEEKS
THENCE
THERES
THETAS
THOLOS
THONGS
THRENES
THRENOS
TICTAC
TIETAC
TIFFIN
TINCAL
TINIES
TINMAN
TIPCAT
TIRITIS
TITANIA
TITBITS
TITTIE
TITTIES
TOASTY
TOAZES
TOCKED
TOLSEL
TOMPON
TONGAS
TONGER
TONICS
TONIER
TONNAG
TONNES
TONSOR
TOOLER
TOOMER
TOOMEST
TOONIE
TOORIE
TOOTER
TOPICS
TOPMAN
TOSHER
TOSHES
TOTHER
TOUTON
TOWMON
TOXICS
TOYMAN
TRAGIC
TRAITS
TRASHY
TRATTS
TREMOR
TRICKY
TRIGON
TRIGOS
TRINAL
TRIPOS
TRISTE
TRODES
TROGON
TROJAN
TROLLY
TROMPS
TROPES
TROTHS
TROTYL
TROUTS
TROUTY
TROVER
TROVES
TROWTH
TRUGOS
TRUSTY
TRYSTE
TSOTSI
TSUBAS
TSUBOS
TUATUA
TUCHUN
TUMOUR
TUNICS
TUPUNAS
TURNER
TUSKAR
TUSSAR
TUSSER
TUTANIA
TWEETS
TWERKS
TWONESS
UNARMS
UNMOOR
UNSAYS
UNSPUN
UNSTOP
UNSTOW
UNTUCK
UNTUNE
URANIC
URARES
URARIS
UTMOST
VANDAS
VAUNTS
VERSTES
VESTAS
VIATIC
VIRION
VISITS
VISTAS
VISTOS
VOLVAS
WAISTS
WANION
WATCHA
WEAKEN
WEAKON
WEANER
WEARER
WEEKES
WHATAS
WHOOTS
WRECKER
WRONGS
XEROXES
XYSTOS
YAKKAS
YAKKER
YONKER
YTTRIA
YTTRIC
ZAIKAI
ZANJAS
ZANZAS
ZINNIA
