3505
ABASES
ACKERS
ADDEEM
ADEEMS
AFFEER
AGENES
AMEERS
ANATTA
ANKERS
ANKLES
ANNUAL
APOLOG
ARENAS
ARENES
AWARER
AZALEA
BABBLY
BABOOL
BABOOS
BACCAE
BACCOS
BACHED
BACKRA
BADASS
BADDER
BADGED
BADGER
BADMAN
BAFFED
BAGASS
BAGFUL
BAGGED
BAGGER
BAGMAN
BAGUET
BAILED
BAILEE
BAILER
BAILEY
BAILLI
BAILOR
BAITED
BAITER
BAIZED
BAMMED
BAMMER
BANDIT
BANDOG
BARBIE
BARBOT
BARBUT
BARDIE
BARFED
BARFUL
BARGED
BARISH
BARITE
BARKAN
BARKER
BARLEY
BARLOW
BARMAN
BARMIE
BARQUE
BARRED
BARRET
BARTER
BARYTA
BARYTE
BASICS
BASILS
BASKED
BASKET
BASNET
BASSED
BASSER
BASSET
BASTIS
BASTOS
BATBOY
BATHED
BATHER
BATIKS
BATLER
BATMAN
BATOON
BATTED
BATTER
BAULKY
BAWLED
BAWLER
BAWLEY
BAWTIE
BAXTER
BAYMAN
BAYTED
BAZZED
BEACON
BEARES
BEDDER
BEDRID
BEDUIN
BEDUST
BEDYED
BEECHY
BEFOAM
BEFOOL
BEFRET
BEGGED
BEGUIN
BEHOOF
BEIGER
BEMIST
BEMUSE
BENDAY
BENDER
BENGAS
BENJES
BENNET
BENNIS
BENUMB
BERMED
BEROBS
BERRET
BERTHA
BESPED
BESTED
BETCHA
BETISE
BETRAY
BETTAS
BETTED
BETTER
BETTOR
BEWRAP
BEWRAY
BEZOAR
BHARAL
BHINDI
BHISTI
BHOOTS
BIALYS
BIASED
BIAXAL
BICKERS
BIDDEN
BIFACE
BIFFOS
BIFLEX
BIGWIG
BIKIES
BINDIS
BINGOS
BINIOU
BINMEN
BINOCS
BIONTS
BIOTIN
BIRLED
BISOMS
BITONAL
BITTEN
BIZONAL
BIZZOS
BLACKS
BLAISE
BLANKY
BLIMPS
BLITES
BLOBBY
BLOOKS
BLORES
BLUDES
BLUFFS
BLUIDS
BLUMES
BLURTS
BLYPES
BOBBIN
BOCAGE
BOCCIA
BOCCIS
BODEGAS
BOEUFS
BOGLED
BOILED
BOILER
BOINGS
BOINKS
BONDMAN
BONGOS
BONHAM
BONITA
BONNES
BOOBIE
BOOBIES
BOODIE
BOOGIE
BOOLED
BOORDE
BOORDS
BOOSTED
BOOSTER
BOOTEES
BOOTHS
BOOTIE
BOOZES
BORAGE
BORATE
BORDEL
BOSOMY
BOSSED
BOSSER
BOSSET
BOSTON
BOUNDS
BOUTON
BOVATE
BOWLED
BOWLEG
BOWLER
BOWSAW
BOWSIE
BRAKES
BRAVAS
BRAZAS
BRAZEN
BRECCIA
BRECHAN
BREDES
BREGMA
BREIDS
BREVES
BREVIS
BREWIS
BRIBEES
BRILLO
BRILLS
BRINER
BRINGS
BRINKS
BRITTS
BROILS
BROKERY
BROLGA
BROLLY
BROMOS
BRONCO
BRONCS
BRONDS
BROODS
BROOMS
BRUNTS
BUBBAS
BUCKERS
BUCKETS
BUDDHA
BUFFOS
BUGGAN
BUGLED
BUGLER
BUGLET
BUKSHI
BUNCOS
BUNDHS
BUNDTS
BUNDUS
BUNGEES
BUNJEES
BUNNIA
BURHEL
BURLED
BURLEY
BUROOS
BURROS
BURSAE
BURSAR
BUSHEL
BUSSED
BUSTIS
BUTLED
BUTLER
BUTUTS
BUTYLS
BYELAW
BYRLED
BYSSAL
CABBED
CABLED
CABLER
CABLET
CABMAN
CABRIE
CADDIS
CADGED
CADGER
CADUAC
CAFTAN
CAGIER
CAGOUL
CAHIER
CAIMAC
CAIMAN
CAIQUE
CAMASH
CAMASS
CAMBER
CAMBIA
CAMLET
CAMMED
CAMOTE
CAMPED
CAMPER
CANCHA
CANDOR
CANNOT
CANOPY
CANTHI
CANTIC
CANTOR
CAPCOM
CAPFUL
CAPISH
CAPITA
CAPLET
CAPOTE
CAPPED
CAPPER
CAPTAN
CAPULS
CARDAN
CARDER
CARDIA
CARDIE
CARFUL
CARIBE
CARIED
CARLOT
CARMAN
CARNAL
CAROLS
CARPED
CARPER
CARPET
CARTED
CARTER
CARVED
CARVER
CASCOS
CASHOO
CASITA
CASKED
CASKET
CASSIA
CASUAL
CATCHT
CATCHY
CATNAP
CATTED
CAUDEX
CAUMED
CAUSAL
CAUTER
CAVASS
CAVIER
CAVILS
CAYMAN
CEAZES
CEDULA
CEMBRA
CENSED
CENSER
CENSOR
CENTAI
CENTAS
CENTER
CENTRA
CERISE
CERMET
CEROCS
CERRIS
CERUSE
CESSED
CESSER
CESTAS
CHACKS
CHACOS
CHALAH
CHALKS
CHANGA
CHANGE
CHAPKA
CHARAS
CHARKA
CHASED
CHASER
CHATON
CHAUFF
CHAYAS
CHEBECS
CHEKAS
CHELAS
CHEMOS
CHENIX
CHERTS
CHICAS
CHIGGA
CHILLS
CHILLY
CHINAR
CHINGS
CHINKS
CHINKY
CHINOS
CHINTS
CHIRLS
CHIRRS
CHOCCY
CHOILS
CHOKERS
CHOKEYS
CHOLER
CHOLLA
CHOOFS
CHOOMS
CHOTTS
CHUFFS
CHUKKA
CHUNKS
CHUNKY
CHUPPA
CHURLS
CHURRS
CIBOLS
CIELED
CIMIER
CIPPUS
CIRCAR
CIRRUS
CISTIC
CISTUS
CITIED
CITRIN
CLANKY
CLASSY
CLATCH
CLAUSE
CLICKS
CLIFFS
CLIFTS
CLIMBS
CLIMES
CLIPES
CLOCKS
CLOFFS
CLOMPS
CLONIC
CLOTES
CLOTHS
CLOUDS
CLOURS
CLOUTS
CLOVES
CLOVIS
CLOYES
CLOZES
CLUCKS
CLUCKY
CLUMPS
CLYPES
COACTS
COALAS
COAXAL
COCCUS
CODEIAS
COILED
COILER
COMADE
COMATE
COMICS
COMMIS
COMPEL
CONCHO
CONDOS
CONFAB
CONGEES
CONGII
CONGOS
CONIMA
CONJEES
CONMEN
CONNES
CONOID
CONSOL
CONTOS
CONTRA
CONVOS
COOCHES
COOKERY
COOLED
COOLER
COOLLY
COOMBE
COOMBS
COOPTS
COORIE
COOTIE
COOZES
COPPRA
CORBEL
CORDON
CORMEL
CORNEA
CORNUA
CORNUS
COSMOS
COSSET
COSTUS
COTTUS
COULEE
COUNTS
COUPON
COWAGE
COWLED
CRACKA
CRACKS
CRAKES
CRANIA
CRARES
CRATON
CRAVEN
CRAYON
CREACH
CREACHS
CREAKY
CREDOS
CREMES
CREMOR
CREPES
CREWES
CREWMAN
CRINAL
CRUNKS
CRUSIE
CUBAGE
CUBICS
CUDDEN
CUDGEL
CUMULI
CUNITS
CURATE
CURLED
CURLEW
CURPEL
CURRAN
CURSOR
CUSPIS
CUSSED
CUSSER
CUSTOS
CUTLER
CUTOUT
CYANIC
CYMOLS
CZAPKA
DABBED
DABBER
DACITE
DACTYL
DADOED
DAEMON
DAFFED
DAFTER
DAFTIE
DAGGED
DAGGER
DAGOBA
DAHLIA
DAHOON
DAINES
DAKOIT
DAMMED
DAMMER
DAMPED
DAMPER
DAPPED
DAPPER
DARKER
DARRED
DARTED
DARTER
DARTRE
DASHED
DASHIS
DATCHA
DATIVE
DATTOS
DATURA
DAUBED
DAUBER
DAURED
DAUTED
DAUTIE
DAWISH
DAWTED
DAWTIE
DAYBED
DAYLIT
DEACON
DEALER
DEARED
DEARES
DEARIE
DEASIL
DEAVED
DEAVES
DEAWED
DEAWIE
DEBOSH
DEBTEE
DEBUDS
DECKOS
DECOCT
DECREE
DECREW
DEEPLY
DEFFER
DEFIER
DEFOAM
DEFRAG
DEFRAY
DEFTER
DEFUSE
DEGGED
DEGREE
DEGUST
DEHORN
DEICER
DEIFER
DEIFIC
DEIXIS
DEKKOS
DEMISE
DEMIST
DENIER
DENIES
DENNET
DENSER
DENTEX
DEODAR
DEPOSE
DERHAM
DERRIS
DERROS
DESIST
DETORT
DEUTON
DEVISE
DEWIER
DEWOOL
DEXTER
DHABAS
DHOLLS
DHOORA
DHURRA
DIALED
DIAMIN
DIAXON
DIAZIN
DIBBED
DICIER
DICKERS
DICKEYS
DIDIES
DIESEL
DIGGED
DIGONAL
DIMMED
DINGOS
DINGUS
DINKIE
DINKLY
DINKUM
DIOBOL
DIOXIN
DIPLEX
DIPPED
DIRNDL
DISCOS
DISCUS
DISPEL
DITTED
DITTOS
DIURNAL
DJIBBA
DOBBED
DOBLON
DOBSON
DOCKERS
DOCKETS
DODOES
DOFFED
DOGATE
DOGGED
DOGNAP
DOGREL
DOINGS
DONNAS
DONNES
DONUTS
DOOBIE
DOOCES
DOODAH
DOODIES
DOOFUS
DOOLAN
DOOLEE
DOOZIE
DOPPED
DORADO
DORRED
DOSSAL
DOSSER
DOTAGE
DOTTED
DRAGON
DRAKES
DRAMAS
DREADS
DRENCH
DRILLS
DRINKS
DRIVEL
DROIDS
DROILS
DROLLS
DROLLY
DROMOS
DRONER
DRONGO
DROOBS
DROOGS
DROOPS
DRUIDS
DRUNKS
DRUPEL
DUBBED
DUBBOS
DUCKERS
DUELER
DUFFED
DUIKERS
DUOMOS
DUPLET
DUPLEX
DUPPED
DUSKEN
DUSTUP
DUYKERS
DWALMS
DWELLS
DYINGS
DYSURY
EAGRES
EARNER
EASIED
EASIER
EASIES
EASTED
EASTER
EATCHE
EATHLY
ECARTE
ECHOED
ECHOER
ECHOEY
ECHOIC
ECONUT
EDDIES
EDDISH
EDDOES
EDEMAS
EDGIER
EECHES
EEJITS
EGGIER
EGGNOG
EGOISM
EGOIST
EITHER
ELANCE
ELANDS
ELAPSE
ELATED
ELATER
ELEVEN
ELIDES
ELITES
ELOGES
ELOPES
ELUDES
ELUTES
EMBASE
EMBOSS
EMBOST
EMBUSY
EMDASH
EMERSE
EMODIN
EMOTED
EMOTER
EMOVED
EMPTED
EMPUSE
EMURED
ENCAGE
ENCAMP
ENCAVE
ENDART
ENDRIN
ENEMAS
ENERVE
ENEWED
ENFACE
ENFREE
ENGLUT
ENJAMB
ENJOIN
ENNOGS
ENNUIS
ENNUYE
ENOKIS
ENOLIC
ENRACE
ENRAGE
ENRAPT
ENSIGN
ENSUED
ENTAME
ENTREE
EONISM
EOTHEN
EPACTS
EPIGON
EPIMER
EPONYM
EPOPEE
EPRISE
EPUISE
ERASER
ERINGO
ERINUS
EROTEMA
ERUVIN
ERVILS
ERYNGO
ESCHEW
ESCORT
ESCROL
ESCROW
ESCUDO
ESPIED
ESPIER
ESPIES
ESPOIR
ESPRIT
ESSOIN
ESTRIN
ESTRUM
ETAMIN
ETCHED
ETCHER
ETHION
ETHNIC
ETHNOS
ETHYLS
ETYMON
EUGHEN
EUPHON
EUPNEA
EUPNEIC
EUROKY
EVILLY
EVITED
EVOKES
EVOLVE
EVULSE
EWGHEN
EXACTS
EXALTS
EXCISE
EXCRETA
EXCUSE
EXFILS
EXINES
EXITED
EXODOI
EXODOS
EXOGEN
EXONIC
EXONYM
EXOPOD
EXPOSE
EXPUGN
EXTASY
EXTOLS
EXTORT
EXTREMA
EYEFUL
EZINES
FABBER
FABLED
FABLER
FABLET
FADGED
FADIER
FAERIE
FAGGED
FAIKES
FAILED
FAINES
FAINLY
FAIRED
FAJITA
FAMISH
FANBOY
FANDOM
FANSUB
FANTOD
FANTOM
FARCED
FARCER
FARCIE
FARMED
FARMER
FARRED
FARROS
FARTED
FASCIA
FASCIS
FASTEN
FATHER
FATTED
FATTER
FAUCET
FAULTY
FAUNAE
FAUNAL
FAUTED
FAVISM
FAYNES
FEAGUE
FEALED
FEARES
FEAZES
FECULA
FEDORA
FEEBLY
FEERIN
FEIJOA
FEMMES
FEMORA
FENCED
FENCER
FENCES
FENDER
FENMAN
FENMEN
FENNEC
FERBAM
FERRET
FERRIC
FERRUM
FERULA
FERVOR
FESSED
FESTAL
FESTAS
FESTER
FETISH
FETTAS
FETTED
FETTER
FEWMET
FEWTER
FEZZED
FEZZES
FIANCE
FIBRIN
FIERES
FINITO
FIORIN
FIRKIN
FISTIC
FIXATE
FIZZEN
FLACKS
FLAKED
FLAKER
FLAKES
FLAKEY
FLAMEN
FLATLY
FLAVAS
FLAXEN
FLENSE
FLIMPS
FLIRTS
FLITES
FLITTS
FLIXES
FLORIN
FLOTEL
FLOTES
FLOURS
FLOUTS
FLUFFS
FLUFFY
FLUGEL
FLUIDS
FLUMES
FLUMPS
FLUORS
FLURRS
FLUTES
FLUXES
FLUYTS
FLYPES
FLYTES
FODGEL
FOEMAN
FOETUS
FOGDOG
FOILED
FOISON
FONDUS
FOODIE
FOOLED
FOOTIE
FORAGE
FORHOO
FORREN
FOSSED
FOULED
FOULER
FOULLY
FOUNDS
FOUNTS
FOWLED
FOWLER
FOYLED
FRACAS
FRAPPE
FREAKY
FREITS
FREMDS
FRENCH
FRENUM
FRENZY
FRILLS
FRILLY
FRISKA
FRITTS
FRONDS
FRONTS
FUCKERS
FUELED
FUELER
FUEROS
FUGLED
FUGUED
FUMAGE
FUMULI
FUNDIS
FUNDUS
FUNGOS
FUNGUS
FURLED
FUROLS
FURORS
FUSSED
FUSSER
FUZILS
FYNBOS
GABBED
GABBER
GABLED
GABLET
GABOON
GACHED
GACHER
GADDER
GADDIS
GADGIE
GADMAN
GAFFED
GAFFER
GAINLY
GAINST
GAITED
GAITER
GAMASH
GAMBET
GAMBIA
GAMBOL
GAMIER
GAMMED
GAMMER
GANGUE
GANOID
GANTRY
GAOLED
GAOLER
GAPIER
GAPPED
GAPPER
GARBED
GARISH
GARJAN
GARLIC
GAROTE
GARRED
GARRET
GARTER
GARUDA
GARVEY
GARVIE
GASKET
GASKIN
GASLIT
GASMEN
GASSED
GASSER
GATHER
GATVOL
GAUCHE
GAUCIE
GAUFER
GAUFRE
GAUMED
GAUPED
GAUPER
GAWPED
GAWPER
GAZIER
GAZOON
GEALED
GEARES
GECKOS
GEDDIT
GEITED
GEMMED
GENDER
GENIES
GENNED
GENNET
GENOAS
GENRES
GENTES
GENTOO
GERLES
GERMED
GERMIN
GESSED
GESTES
GETOUT
GETTER
GEWGAW
GHAZAL
GHOULS
GHYLLS
GIBLET
GIBLIS
GIDGEES
GIMLET
GINKGO
GINZOS
GIPPOS
GIRKIN
GISMOS
GIZZEN
GLADLY
GLAIKS
GLASSY
GLAZEN
GLIDES
GLIFFS
GLIFTS
GLIMES
GLISSE
GLOBES
GLOBIN
GLOBUS
GLOGGS
GLOMUS
GLOSSA
GLOUTS
GLOVES
GLOZES
GLUMES
GLUMPS
GLUTES
GLYCIN
GLYPHS
GNATTY
GNAWED
GNAWER
GNOMON
GOBLET
GODDEN
GODSON
GOGGAS
GONGYO
GONIFF
GONIFS
GONOPH
GONZOS
GOODIE
GOODLY
GOOFUS
GOOILY
GOOLDS
GOOLEY
GOORIE
GOOSIER
GOSHTS
GOSPEL
GOSSED
GOTTEN
GOUJON
GOWLED
GOZZAN
GRABEN
GRADIN
GRAMAS
GRAMME
GRANDE
GRATIN
GRAVEN
GREBES
GREBOS
GRECES
GRECIAN
GREVES
GREXES
GRIFFS
GRILLS
GRINDS
GRINGAS
GROGGY
GROOFS
GROOMS
GROSZE
GROVEL
GROWLS
GRUFFS
GRUNTS
GRYSIE
GUAVAS
GUEREZA
GUILED
GUILER
GUINEA
GUMMIS
GUNMEN
GUNYAH
GURJUN
GURLED
GURLET
GUSSET
GUSTOS
GUYLED
GUYLER
GYPPOS
GYRATE
GYTTJA
HABOOB
HAEMIN
HAFFET
HAFTED
HAFTER
HAGGED
HAGGIS
HAGLET
HAICKS
HAILED
HAILER
HAINCH
HAIQUE
HAIRED
HAIRST
HAJJIS
HAKAMS
HAMLET
HAMMAL
HAMMED
HAMMER
HAMPER
HAMZAH
HANGRY
HANGUP
HANKIE
HANSOM
HAPPED
HAPPIS
HARASS
HARDER
HARISH
HARLED
HARLOT
HARMAN
HARMED
HARMER
HARPED
HARPER
HASTEN
HATFUL
HATPEG
HATRED
HATTED
HATTER
HAULED
HAULER
HAULMY
HAUNCH
HAUTER
HAWMED
HAYIER
HAZIER
HEALED
HEALEE
HEALER
HEARES
HEARIE
HEARSE
HEARSY
HEARTH
HEATHS
HEAUME
HEAVES
HECTIC
HEDGED
HEDGER
HEFTED
HEFTER
HEGIRA
HEIFER
HEIRED
HEISHI
HEJIRA
HEMMED
HEMMER
HENGES
HENLEY
HENNED
HENNER
HENTED
HEPCAT
HEPPER
HEPTAD
HERBAR
HERBED
HERDER
HERIED
HERMAI
HERNIA
HEROIN
HERYED
HESPED
HEUCHS
HEUGHS
HEXOSE
HEYDAY
HEYDEY
HIATAL
HICKEST
HICKEYS
HIDAGE
HIDDEN
HINNIE
HIPPEN
HIPPOS
HIPPUS
HIRAGE
HISPID
HISSED
HISSER
HOBJOB
HOBNOB
HOBOED
HOCKERS
HOCKEYS
HODDEN
HOMAGE
HONCHO
HONGIS
HONOUR
HOODIE
HOOLEY
HOORDS
HOOVES
HOPPUS
HORKEYS
HORSIE
HORSON
HORSTE
HOSTEL
HOTPOT
HOUFFS
HOUGHS
HOUMUS
HOUNDS
HOWFFS
HOWKERS
HOWLED
HOWLER
HOWLET
HUDDEN
HUDUDS
HUIPIL
HUMATE
HUMPHS
HURLED
HURLEY
HUSSAR
HYENIC
HYMNAL
HYPATE
IBEXES
ICEMAN
IDYLLS
IMAUMS
IMIDIC
IMMIXES
IMMURE
IMPAVE
IMPLED
IMPLEX
INANES
INANGA
INARCH
INCISOR
INCUBI
INDIAS
INFALLS
INFILLS
INHAUL
INHUMAN
INNERLY
INOCULA
INSHIP
INSIDE
INSPOS
INSTIL
INTACT
INTORT
INULAS
INWALLS
INWITS
IODATE
IODISE
IODISER
IREFUL
IRENIC
IRIDIAN
IRIDIC
IRITIC
IRITIS
IRONER
ISCHIA
ISOLEX
ISTHMI
ISTLES
JABBED
JABBER
JACKAL
JADISH
JAGGED
JAGGER
JAILED
JAILER
JAILOR
JAMBED
JAMBER
JAMBUL
JAMMED
JAMMER
JAMPAN
JAPPED
JARFUL
JARPED
JARRED
JARULS
JARVEY
JARVIE
JASPIS
JAUPED
JAZZED
JAZZER
JEEZLY
JEFFED
JENNET
JERBOA
JERRID
JESSED
JESTED
JESTER
JETTED
JETWAY
JHALAS
JHATKA
JIMJAM
JIVIER
JOCKEYS
JOINTS
JOOKERY
JOSSER
JOULED
JOURNAL
JOWLED
JOWLER
JUBATE
JUGATE
JUGLET
JUNCOS
JUNCUS
JUNTOS
JURORS
KACCHA
KAFFIR
KAISER
KAIZEN
KAKURO
KANAKA
KANTEN
KAOLIN
KAROSS
KARROO
KARSEY
KARYON
KASHER
KATION
KEDDAH
KEYPAD
KHIMAR
KHODJA
KHOUMS
KHURTA
KIANGS
KIBBEH
KIBITZ
KIBOSH
KIDDER
KIDULT
KIGHTS
KIMBOS
KIMCHI
KIMMER
KINDER
KINGED
KINRED
KIPPAH
KIPPAS
KIPPED
KIPPEN
KIPPER
KISHES
KISHKA
KISMAT
KISSES
KITBAG
KITSETS
KITTED
KITTEN
KITULS
KLATCH
KLAXON
KLUGES
KNAGGY
KNARRY
KNICKS
KNIGHT
KNITCH
KNOCKS
KNOUTS
KOCHIA
KOKRAS
KOMBUS
KOOKIER
KOPPAS
KOSSES
KOTARES
KOULAN
KOUMIS
KOUMYS
KOWHAI
KRANGS
KRATER
KRILLS
KRONER
KRUBIS
KRUNKS
KUCHEN
KUMARAS
KURUSH
KUTCHA
KYANGS
KYBOSH
KYNDES
KYOGEN
LACHES
LADIES
LAIKAS
LANATE
LAPJES
LARGES
LARKER
LASHED
LASHER
LASTED
LASTER
LATHES
LATTES
LAZIES
LAZOES
LEADEN
LEADER
LEAFED
LEAMED
LEAPED
LEAPER
LEARED
LEAVED
LEAVEN
LEAVER
LECTIN
LEDGED
LEDUMS
LEGION
LEGIST
LEGITS
LEIPOA
LEMURS
LENGTH
LENIFY
LENITY
LENTIC
LENTOR
LENVOY
LEPTIN
LEPTON
LESBOS
LESULA
LETHEE
LETOUT
LETUPS
LEUCIN
LEUCON
LEUKON
LEWDLY
LEXICA
LIBATE
LIBIDO
LIBKEN
LIDGER
LIEDER
LIEFER
LIEFLY
LIEGER
LIEVER
LIFTED
LIFTER
LIGASE
LIGATE
LIMAIL
LIMBEC
LIMBED
LIMBER
LIMPED
LIMPER
LIMPET
LINACS
LINAGE
LINDEN
LINGUA
LINIER
LINNED
LINNET
LINNEY
LINTOL
LIONEL
LIPASE
LITHED
LITHER
LIVYER
LIZARD
LOBATE
LOBOLA
LOCATE
LOCOES
LODGED
LODGER
LOFTED
LOFTER
LOGGAT
LOGIER
LOGOUT
LOITER
LONGES
LORATE
LOSLYF
LOTHER
LOUDER
LOUPED
LOURED
LOUTED
LOUVER
LOVAGE
LOVIER
LOWPED
LOWTED
LUCKEN
LUCUMO
LUMBER
LUMPED
LUMPER
LUNARS
LUNATE
LUNGES
LUNIES
LUSHES
LUXATE
LUXURY
LYNAGE
LYNXES
LYRATE
LYSATE
MACHAN
MACHER
MACLED
MACOYA
MADDER
MAFTED
MAGGED
MAGIAN
MAGISM
MAGLEV
MAGNES
MAGNUM
MAGPIE
MAGUEY
MAIDAN
MAIGRE
MAIHEM
MAILED
MAILER
MAILLS
MAINLY
MAKARS
MAMMIE
MAMMON
MANDIR
MANDOM
MANIOC
MANITO
MANITU
MANTIC
MANTID
MANULS
MAPPED
MAPPER
MARISH
MARKER
MARLED
MARMOT
MAROON
MARQUE
MARRED
MARRIS
MARRUM
MARTED
MARVER
MASHUA
MASKED
MASKEG
MASKER
MASSED
MATCHA
MATIER
MATLOW
MATOKE
MATTED
MATTER
MATURE
MAUGER
MAUGRE
MAULED
MAULER
MAULVI
MAUVER
MAWGER
MAXIXE
MAYHEM
MAZIER
MEAGRE
MEALED
MEALER
MEARES
MEATHE
MEAWES
MECCAS
MEDIAD
MEDLES
MEDUSA
MEEKLY
MEETLY
MEHNDI
MENDER
MENGED
MENGES
MENSCH
MENSED
MENTUM
MEOUED
MEOWED
MERCAT
MERCER
MERGED
MERGEE
MERGER
MERISM
MERLES
MESCAL
MESHED
MESHES
MESIAL
MESSAN
MESSED
MESTER
METICA
METIER
METRED
MEZZES
MEZZOS
MGANGA
MHORRS
MICATE
MICKEYS
MIDDEN
MIDLEG
MIEVES
MIHIED
MIKADOS
MIKVAS
MINBAR
MINIFY
MINIMA
MINIMS
MINNIE
MINNOW
MINORS
MIRAGE
MIRKEST
MISFIT
MISHIT
MISKAL
MISKEN
MISSAL
MISSAW
MISSAY
MISSED
MISSET
MISUST
MITIER
MITTEN
MIURUS
MIXIER
MIZZEN
MOBLED
MOCKERS
MOGGAN
MOGULS
MOILED
MOILER
MOKSHA
MOMMAS
MONDOS
MONGOS
MONKERY
MONODY
MONTHS
MOOLED
MOOLEY
MOOLIS
MOOVES
MORION
MORNAY
MORRIS
MOSSED
MOSSER
MOTION
MOTLEY
MOUNDS
MOUNTS
MOUSIE
MOUTON
MOYLED
MUCATE
MUCHEL
MUCKERS
MUCLUC
MUNGOS
MUNSHI
MUNTUS
MURAGE
MURKEST
MURLED
MURREN
MURRHA
MURRIS
MUSICS
MUSITS
MUSKIE
MUSROL
MUSSED
MUSTHS
MUTISM
MYALLS
MYOMAS
MYRRHS
MYSIDS
MYSOST
MZUNGU
NACHES
NACHOS
NACRED
NACRES
NADIRS
NADORS
NAEVUS
NAGARI
NAGORS
NAIFER
NAILED
NAILER
NAIRUS
NAIVER
NAIVES
NANDIN
NANDOO
NANDUS
NAPPES
NAPRON
NARCOS
NARDOO
NASARD
NASION
NASUTE
NATION
NATRON
NAUNTS
NAVAID
NAVIES
NAZIRS
NEANIC
NERDIC
NEUMIC
NEVOID
NEWSED
NGAIOS
NGATIS
NICADS
NICHES
NICISH
NICKED
NICKER
NINCOMS
NINCUMS
NIOBIC
NIQABS
NITRES
NITRIC
NITRID
NITRIL
NIZAMS
NOCKED
NOCKET
NOCTUAS
NODICAL
NOINTS
NOMADS
NONMEN
NOOSED
NOOSER
NOPALES
NORITE
NORSEL
NORTHER
NOSTOS
NOSTRO
NOTICE
NOVATED
NOVICE
NOWAYS
NOYAUS
NUDGES
NUDIES
NUDZHED
NUGGAR
NUNCIOS
NUPTIAL
NURDIER
NURSER
NUTLET
NUTRIAS
NYANZA
NYMPHAL
OAFISH
OARIER
OATIER
OCCIES
OCCULT
OCCURS
OCELOT
OCICAT
OCTAVE
OCTYLS
ODEUMS
ODOURED
OECIST
OFFENDS
OFFICE
OFFIES
OGDOAD
OHMAGE
OKAYED
OLDIES
OLINGO
OLIVES
OMELET
OMERTA
ONAGER
ONAGRI
ONFALLS
OOCYST
OODLES
OPENEST
OPIATE
ORANGE
ORATOR
ORCHEL
ORDINAL
OREXIS
ORFRAY
ORIBIS
ORNATER
ORRAMEN
ORRICE
ORTHOS
ORTOLAN
OSMICS
OSMIUM
OSSIFY
OSTLER
OTIOSE
OTITIC
OTITIS
OUTAGE
OUTGUN
OUTJUT
OUTLED
OUTLER
OUTPUT
OUTROS
OUTRUN
OUTSAT
OUTSEEN
OUTSIT
OUTTOP
OVEREGG
OVERMAN
OVERRAN
OVIBOS
OXALIS
OXEYES
OXGATE
OXYMEL
OYEZES
OZZIES
PABLUM
PACIER
PADDER
PADNAG
PAEDOS
PAGODA
PAIRED
PANDIT
PANFRY
PANNUS
PANTRY
PARDIE
PARGED
PARGET
PARIAN
PARISH
PARKER
PARLED
PARLEY
PAROLS
PARORE
PARRAL
PARRED
PARTAN
PARTED
PARTER
PARURE
PASCAL
PASHKA
PASHMS
PASKHA
PASSED
PASSER
PASTIS
PATHED
PATOOT
PATROL
PATTED
PATTEE
PATTER
PATZER
PAUSAL
PAWNEE
PEACES
PEAGES
PEALED
PEARCE
PEARES
PEARLS
PEARST
PEASEN
PEAZES
PECHED
PECTIC
PECTIN
PEDDER
PEDWAY
PEEWIT
PEGGED
PEGHED
PEINCT
PEIZED
PEKOES
PENCES
PENIES
PENMAN
PENMEN
PENNAE
PENNAL
PENNED
PENNER
PENNIS
PENSUM
PENTAD
PERCED
PERFAY
PERFET
PERFIN
PERISH
PERMED
PERNIO
PERNOD
PERTER
PERUSE
PERVED
PESTER
PETHER
PETNAP
PETTED
PETTER
PETTIS
PEWTER
PHASED
PHASER
PHENIC
PHENIX
PHENOM
PHONAL
PHOTOS
PHRENSY
PHYLLO
PIAFFE
PIANIC
PIAZZE
PICKERS
PICKETS
PICKIN
PICNIC
PICRIC
PICULS
PIDGIN
PIECES
PIEMAN
PIERTS
PIGLET
PIGNUS
PINANGS
PINGOS
PINKIE
PINKLY
PINNAL
PINNAS
PINNIE
PINOTS
PINTOS
PIOLET
PIPKIN
PIRATE
PISCOS
PISSED
PISSER
PISTOL
PITIED
PITIER
PITOTS
PITTEN
PLACKS
PLAGAL
PLATEN
PLAYAS
PLAZAS
PLISSE
PLONKO
PLOOKS
PLOYES
PLUFFS
PLUMBS
PLUMES
PLUOTS
PLUTON
PLUTOS
POAKES
POCKETS
PODLEY
PODSOL
POGOED
POGOER
POINDS
POINTS
POISON
POMACE
POMADE
PONGEES
PONGOS
PONZUS
POOGYE
POOLED
POOLER
POORIS
POORLY
POORTS
POOVES
POPPAS
POPULAR
POSHOS
POSITS
POSSED
POSSER
POSSET
POSTIL
POSTOP
POTAGE
POTION
POTSIE
POUFFS
POULPS
POUNDS
POWNDS
POYNTS
POYSON
PRANCE
PRECES
PRECIS
PREIFS
PRELAW
PREMAN
PREMIA
PRENEED
PRETEXT
PRETOR
PREVES
PREXES
PREZES
PRILLS
PRIMPS
PRINKS
PRINTS
PROLED
PROLEG
PROLLS
PROLLY
PROMOS
PRONER
PRONGS
PRONKS
PRONTO
PROOFS
PROULS
PROWLS
PRUNER
PRUNTS
PSYCHS
PSYOPS
PTERIA
PTISAN
PUCKERS
PUDDEN
PUGILS
PUKATEA
PUNCTA
PUNJIS
PUNTEES
PUNTOS
PUPILAR
PURLED
PURSUE
PUSHUP
PUSSER
PUTOUT
PUTTEN
PYCNIC
PYEMIA
QAPIKS
QASIDA
QAWWAL
QINDAR
QINTAR
QUAKES
QUALMS
QUANTA
QUELEA
QUELLS
QUEMES
QUENCH
QUIFFS
QUILLS
QUINOA
QUINOS
QUINTA
QUINTS
QUOKKA
QUOLLS
QUONKS
RABBET
RABBIS
RACHET
RACIER
RACISM
RACIST
RACOON
RADDER
RADGER
RADIAN
RADISH
RADOME
RAFTED
RAFTER
RAGGED
RAGGEE
RAGMAN
RAIDER
RAILED
RAILLY
RAINES
RAITED
RAMJET
RAMMED
RAMMER
RAMPED
RAMPER
RAMROD
RAMTIL
RANCHO
RANCID
RANCOR
RANDOM
RANSOM
RAPHIA
RAPIER
RAPIST
RAPPED
RAPPEE
RAPPER
RASCAL
RASHER
RASPER
RASTER
RASURE
RATHER
RATITE
RATOON
RATTED
RATTER
RAVIER
RAVISH
RAWISH
RAYLED
RAYLET
RAYNES
RAZZED
READDS
READER
README
REAGIN
REALIA
REAMER
REAMES
REAPER
REATES
REAVER
REAVES
REBBES
REBILL
REBOOT
RECCED
RECCES
RECCOS
RECHEW
RECKAN
RECOAT
RECOIN
RECURS
RECUSE
REDBAY
REDBUD
REDCAP
REDDER
REDFIN
REDOWA
REDRAW
REDYED
REECHO
REECHY
REEDIT
REEMIT
REFFED
REFFOS
REFILL
REFOOT
REFUSE
REGGOS
REGION
REGNUM
REGULA
REGURS
REIVED
REJOIN
REMISE
REMUDA
RENGAS
RENIED
RENIES
RENNED
RENNET
RENTED
RENTES
REPOLL
REPOSE
REPOST
REPPED
REPUGN
REPUMP
REQUIN
RESHES
RESIST
RESTED
RESTEM
RETIED
RETOOL
RETTED
RETUSE
REVIED
REVIEW
REVISE
REVVED
REWRAP
REZZES
RHANJA
RHEMES
RHEUMS
RHEXES
RHEXIS
RHINAL
RHINOS
RIATAS
RIBBER
RIBLET
RICKERS
RICKETS
RICKEYS
RICRAC
RIDDEN
RIDDER
RIDGEL
RIDLEY
RIEVERS
RIEVES
RIFLED
RIGGER
RIGLIN
RIGOLL
RIGOLS
RIGORS
RIMAYE
RIMMER
RINGMAN
RIPPER
RIPRAP
RISHIS
RITTER
RIVAGE
RIVLIN
RIZZER
ROBBER
ROCKERS
ROCKERY
ROCKETS
ROEMERS
ROILED
ROMAGE
ROMCOM
RONDOS
ROOFIE
ROOKERY
ROOMIE
ROOSER
ROOSTED
ROSHIS
ROSITS
ROSTIS
ROTOLI
ROTTAN
ROTTEN
ROTTER
ROUCOU
ROUNDS
ROWNDS
ROZZER
RUBACE
RUBBER
RUDDER
RUGATE
RUGGER
RUINGS
RUMDUM
RUMINAL
RUMMER
RUMORS
RUNOFF
RUNWAY
RUSCUS
RUSSET
RUTTER
RYOKAN
SABKHA
SABLED
SABLER
SACRAL
SADDEN
SADISM
SADIST
SAICKS
SAIDST
SAILED
SAILER
SAIMIN
SAKKOI
SAMBAL
SAMBAR
SAMLET
SAMOSA
SANCAI
SANCTA
SANGAR
SANGHA
SANGHS
SANGOS
SANIES
SANPAN
SANTON
SANTOS
SARDAR
SASHAY
SASHES
SATRAP
SAXIST
SCALAE
SCALDS
SCALLS
SCALLY
SCALPS
SCANTY
SCAPAS
SCAPES
SCARCE
SCARES
SCENED
SCENIC
SCHISM
SCHIST
SCILLA
SCOFFS
SCOLDS
SCOLIA
SCONCE
SCOOBY
SCOOGS
SCOOPS
SCOOTS
SCORIA
SCOTIA
SCOZZA
SCRORP
SCROTA
SCUFFS
SCULLS
SCULPS
SCUTUM
SEABAG
SEADOG
SEAHOG
SEAMES
SEARAT
SEARCE
SEARCH
SEAWAY
SEAZES
SECTOR
SEDGES
SEEMLY
SEETHE
SEGGAR
SEGHOL
SEGUES
SEIDEL
SEIKER
SEIZAS
SEIZES
SEIZOR
SEMIES
SENDUP
SENGIS
SENHOR
SENIOR
SENORS
SENRYU
SENSOR
SENSUM
SENTRY
SEPIAS
SEPIUM
SEPTIC
SEPTUM
SEQUEL
SERGES
SERIES
SERIPH
SEROMA
SERVES
SESTON
SETOSE
SETOUT
SETTEE
SEXFID
SEXPOT
SHADES
SHALLI
SHALMS
SHAMAS
SHAMES
SHANDY
SHANTI
SHANTY
SHAPES
SHARES
SHASTA
SHAVES
SHAYAS
SHEAVE
SHEIKS
SHEILA
SHELTA
SHENAI
SHIBAH
SHIKRA
SHIKSE
SHILLS
SHIRRA
SHIRRS
SHIVAH
SHOLAS
SHOORA
SHOOTS
SHOTTS
SHOULD
SICKEE
SICKEN
SICKOS
SIDDHA
SIDDUR
SIDLED
SIGLAS
SIGLOS
SIGNAL
SIMCHA
SIMPAI
SIMPLY
SIRRAS
SIRREE
SKAILS
SKAITH
SKALDS
SKARTH
SKARTS
SKELUM
SKEOES
SKIDDY
SKILLY
SKIMOS
SKIMPS
SKIMPY
SKIPPY
SKIRLS
SKIRTS
SKITCH
SKITED
SKIVED
SKIVER
SKIVVY
SKOLED
SKOLLY
SKORTS
SKRIED
SKRIKE
SKRIMP
SKRUMP
SKRYER
SKUNKY
SKURRY
SKYBOX
SKYFED
SKYIER
SKYRED
SKYTED
SKYWAY
SLICES
SLICKS
SLIDES
SLIMES
SLIPES
SLIVES
SLOKEN
SLOPES
SLOSHY
SLUSHY
SLYPES
SMAAKS
SMALLS
SMALTS
SMAZES
SMEGMA
SMEIKS
SMERKS
SMIRRS
SMOKES
SMOKOS
SMOLTS
SMOOCH
SMOORS
SMOOTH
SMOOTS
SMUGLY
SNAFUS
SNAGGY
SNAILS
SNAPPY
SNARFS
SNARLS
SNASTE
SNATHS
SNAZZY
SNOKED
SNOODS
SNOOLS
SNOOPS
SNOOTS
SNUBBE
SOARES
SOAVES
SODAIN
SOFFIT
SOFTLY
SOKAHS
SOKOLS
SOOGEE
SOOGEED
SOOGIE
SOOJEY
SOOKED
SOOMED
SOONER
SOOPED
SOOTED
SOOTHE
SOOTHS
SORDOR
SORGOS
SORRAS
SORREL
SOURLY
SOWFFS
SPACES
SPADES
SPAHEE
SPALDS
SPALLS
SPALTS
SPARES
SPATES
SPECKS
SPERRE
SPIFFS
SPIKES
SPILLS
SPINAL
SPINKS
SPIRIC
SPIRIT
SPOILT
SPOKEN
SPOKES
SPOOFS
SPOOFY
SPOOMS
SPOORS
SPOOTS
SPRAIN
SPRUSH
SPUNKS
SPUTUM
SQUISH
STACTE
STADDA
STADES
STAGES
STALKO
STALKY
STALLS
STANCE
STANCH
STANOL
STANZE
STANZO
STAPES
STARES
STATED
STATER
STATTO
STAVES
STEARE
STEDDE
STEDDS
STELLA
STEMME
STEPPE
STIFFS
STIGMA
STILBS
STILLS
STINKS
STIRRA
STOITS
STOKES
STOMIA
STONKS
STOOPS
STOORS
STOTTS
STOUSH
STOUTS
STRAIN
STRAKE
STRASS
STRAWN
STRIGA
STROMA
STRUMA
STRUTS
STUDLY
STUFFS
STULLS
STULMS
STURTS
STYLEE
STYLOS
STYLUS
SUBDUE
SUBTLY
SUCCES
SUCCOR
SUCCOS
SUCCOT
SUCKEN
SUFFIX
SUKKAH
SUMMAE
SUMMAS
SUMMIT
SUNDAE
SUNKIE
SUPAWN
SURRAS
SUTTAS
SUTTEE
SWAGES
SWALLY
SWANKY
SWASHY
SWILLS
SWINKS
SWIRLY
SWOOPS
SWOOPY
SYBBES
SYNGAS
TABBED
TABBIS
TABLAS
TABLED
TABRET
TABUED
TACTIC
TAGGED
TAGGEE
TAGGER
TAGUAN
TAIHOA
TAILED
TAILER
TAILOR
TAIPAN
TAIVER
TAMBER
TAMPAN
TAMPED
TAMPER
TANIST
TANNIC
TANNOY
TANTRA
TAONGA
TAPIST
TAPPED
TAPPER
TAPPET
TAPPIT
TAPUED
TARGED
TARGET
TARNAL
TAROKS
TARPAN
TARRED
TARSAL
TARTLY
TARZAN
TASARS
TASKED
TASKER
TASSET
TATTIE
TATTOO
TAUPIE
TAUTLY
TAUTOG
TAWIER
TAWPIE
TAWTIE
TAXIED
TAXMAN
TAXOLS
TEADES
TEAPOT
TEASEL
TEAZES
TECHED
TEDDER
TEDIER
TEGULA
TEIIDS
TEMPED
TEMPEH
TEMPER
TEMPTS
TENDER
TENGES
TENIAE
TENIAS
TENNER
TENNIS
TENNOS
TENREC
TENSED
TENSER
TENSON
TENSOR
TENTHS
TENUES
TEPHRA
TERBIA
TERMED
TERMER
TERMOR
TERRAS
TERRET
TERRIT
TERTIA
TESLAS
TETRAD
TETRAS
TEWITS
THALIS
THANAH
THATCH
THEBES
THEICS
THEIRS
THEMES
THEOWS
THERES
THERIAN
THERMS
THEWES
THILLS
THINGS
THINKS
THIOLS
THIRLS
THIRST
THIVEL
THOFTS
THOLED
THONGS
THOWEL
THOWLS
THRAVE
THREEPS
THRILL
THRIST
THRUST
THULIA
THUNKS
THURLS
TIARAS
TICKERS
TICKETS
TICKEYS
TICTAC
TIDIER
TIDILY
TIGHTS
TINKLY
TINMEN
TINNIE
TIPPET
TIRADE
TIRAGE
TIRLED
TITBIT
TITIAN
TITOKI
TITULAR
TITULI
TOGROG
TOILED
TOILER
TOINGS
TOISON
TOMATO
TOMPON
TONDOS
TONGMAN
TONICS
TONNES
TOOLED
TOOLER
TOORIE
TORPOR
TORRET
TORTAS
TOSSED
TOSSEN
TOSSER
TOWAGE
TOWMON
TRAGAL
TRANCE
TRANTS
TREATS
TREATY
TREIFA
TREMOR
TRENCH
TRENDY
TRENTAL
TREPAN
TREVETS
TREVIS
TREYFA
TREZES
TRIAGE
TRILLO
TRILLS
TRINAL
TRIOLS
TRIVIA
TROADE
TROGGS
TROLLS
TROLLY
TRONCS
TRONKS
TROOPS
TROUTS
TROWEL
TRULLS
TRUNKS
TSORIS
TSUBOS
TSURIS
TUATHS
TUBAGE
TUBIST
TUCHUN
TUCKERS
TUCKETS
TUFFET
TUMULI
TUNDRA
TUNICA
TUNICS
TUNKETS
TURKEYS
TURRET
TUSSAC
TUSSAH
TUSSAL
TUSSAR
TUSSEH
TUSSER
TUTTIS
TWEAKY
TWENTY
TWERPS
TWIBIL
TWILLS
TWILLY
TWILTS
TWINKS
TWINKY
TWIRLS
TYPIST
UGALIS
UHURUS
ULAMAS
ULEMAS
ULICES
ULICON
ULTION
ULYIES
ULZIES
UMBONAL
UMBREL
UNAGED
UNAKIN
UNAWED
UNAXED
UNCHIC
UNCIAL
UNCLED
UNCLEW
UNCOIL
UNCOILS
UNCOWL
UNCOWLS
UNCUFF
UNCURL
UNFURL
UNGLUE
UNGUIS
UNGUMS
UNHAPPY
UNHOOKS
UNISON
UNITAL
UNMARRY
UNOPEN
UNPROP
UNSHUT
UNSOUL
UNSPUN
UNSUIT
UNSURE
UNUSED
UNVAIL
UNVEILS
UNWOMAN
UPBLEW
UPDATE
UPFILL
UPGAZE
UPHILL
UPMADE
UPPROP
UPRATE
UPROLL
URALIS
URANIA
URARES
UREDIA
UREDOS
UREMIA
URETHAN
URINAL
URSIDS
URUBUS
UVULAE
VAGGED
VAGUED
VAGUER
VAILED
VAINLY
VAKASS
VAKILS
VAMPED
VAMPER
VANITY
VARIED
VARIER
VARLET
VARSAL
VATFUL
VATMAN
VATTED
VATTER
VAULTY
VAUTED
VAWTED
VEALED
VEALER
VEDUTA
VEGGED
VEGGES
VEGIER
VENDER
VENGED
VENGER
VENGES
VENOSE
VENTED
VENTER
VENUES
VERDET
VERDIN
VERGED
VERGER
VERIER
VERISM
VERIST
VERMIN
VERNIX
VERREY
VERTED
VERTEX
VESPAS
VESPER
VESTAL
VESTAS
VESTED
VETOED
VETOER
VETTED
VETTER
VIBIER
VIDAME
VINIFY
VINOUS
VINYLS
VIOLER
VIOLET
VIOLIN
VIRGIN
VISCID
VISCIN
VISCUS
VISORS
VISTOS
VIZIED
VIZIER
VOSTRO
VOUDON
VOUDOU
VOYAGE
VROOMS
VYINGS
WACKES
WADDER
WADMOL
WAFFED
WAFTED
WAFTER
WAGGED
WAGGER
WAIFED
WAILED
WAILER
WAIRED
WAIRSH
WAIRUA
WAITED
WAITER
WAIVED
WAIVER
WAMMUL
WAMMUS
WAPPED
WAPPER
WARDER
WARIER
WARMAN
WARMED
WARMER
WARPED
WARPER
WARRED
WARREY
WARTED
WASHEN
WATCHA
WATTER
WAULED
WAURED
WAURST
WAVIER
WAXIER
WAZZED
WEAPON
WEASEL
WEAVES
WEBBED
WEBCAM
WEBFED
WEDDER
WEDGED
WEEKLY
WEFTED
WEIRED
WEIZED
WENGES
WERRIS
WESTED
WESTER
WETHER
WETTED
WETTER
WHATAS
WHATEN
WHATSO
WHEFTS
WHELKY
WHERES
WHEUGH
WHIFFS
WHILED
WHILLY
WHILST
WHIRLS
WHIRRA
WHIRRS
WHITTAW
WHOLLY
WHOMSO
WHOOFS
WHOOPS
WHOOTS
WHORLS
WICCAN
WICKEDS
WICKERS
WICKETS
WIDOWS
WIGLET
WIGWAG
WIKIUP
WINDAC
WINESAP
WINGMAN
WINNOW
WIPPEN
WIRILY
WISSED
WITHIN
WIZIER
WIZZEN
WOALDS
WOEFUL
WOMERAS
WONGIS
WONKERY
WOODIE
WOOLDS
WOOLED
WOOLEN
WOOLER
WOOLLY
WOOPIE
WOOSHED
WOUNDS
WRENCH
WRINGS
WRONGS
WROOTS
WURLEY
WURZEL
WUSHUS
XENIAS
XEROMA
XYSTOS
XYSTUS
YABBER
YAFFED
YAGGER
YAMMER
YANKEE
YANKIE
YANQUI
YAPOKS
YAPPED
YAPPER
YARDER
YARPHA
YARRED
YATTER
YAUPED
YAUPER
YAUTIA
YAWIER
YAWLED
YAWPED
YAWPER
YEARLY
YECCHS
YEMMER
YENNED
YENTAS
YENTES
YESSED
YESTER
YFERES
YICKERS
YITTEN
YNAMBU
YODLER
YOUNGS
YOUPON
YOWLED
YOWLER
YUCKERS
ZAFFER
ZAGGED
ZAIDEH
ZAKATS
ZAPPED
ZAPPER
ZARIBA
ZEATIN
ZEBUBS
ZECHIN
ZERIBA
ZEROED
ZESTED
ZESTER
ZEUGMA
ZHOMOS
ZIGZAG
ZINCOS
ZINNIA
ZIPPOS
ZLOTYS
ZOECIA
ZONOID
ZONULAS
ZOOIDS
ZORILS
ZOUAVE
ZOUNDS
